当前时间：2017-06-17 18:21:05,内容:当前任务执行时间：2017-06-17 18:21:05,任务计划开始执行时间：2017-06-17 17:00:00
当前时间：2017-06-17 18:21:05,内容:执行这个,任务执行时间：2017-06-17 17:00:00
当前时间：2017-06-17 18:21:05,内容:任务开始执行
当前时间：2017-06-17 18:21:05,内容:当前赠送积分数值:0.1

当前时间：2017-06-17 18:22:33,内容:当前任务执行时间：2017-06-17 18:22:33,任务计划开始执行时间：2017-06-17 17:00:00
当前时间：2017-06-17 18:22:33,内容:执行这个,任务执行时间：2017-06-17 17:00:00
当前时间：2017-06-17 18:22:33,内容:任务开始执行
当前时间：2017-06-17 18:22:33,内容:当前赠送积分数值:0.1

当前时间：2017-06-17 18:22:53,内容:当前任务执行时间：2017-06-17 18:22:53,任务计划开始执行时间：2017-06-17 17:00:00
当前时间：2017-06-17 18:22:53,内容:执行这个,任务执行时间：2017-06-17 17:00:00
当前时间：2017-06-17 18:22:53,内容:任务开始执行
当前时间：2017-06-17 18:22:59,内容:当前任务执行时间：2017-06-17 18:22:59,任务计划开始执行时间：2017-06-17 17:00:00
当前时间：2017-06-17 18:22:59,内容:执行这个,任务执行时间：2017-06-17 17:00:00
当前时间：2017-06-17 18:22:59,内容:任务开始执行
当前时间：2017-06-17 18:23:06,内容:当前任务执行时间：2017-06-17 18:23:06,任务计划开始执行时间：2017-06-17 17:00:00
当前时间：2017-06-17 18:23:06,内容:执行这个,任务执行时间：2017-06-17 17:00:00
当前时间：2017-06-17 18:23:06,内容:任务开始执行
当前时间：2017-06-17 18:23:16,内容:当前任务执行时间：2017-06-17 18:23:16,任务计划开始执行时间：2017-06-17 17:00:00
当前时间：2017-06-17 18:23:16,内容:执行这个,任务执行时间：2017-06-17 17:00:00
当前时间：2017-06-17 18:23:16,内容:任务开始执行
当前时间：2017-06-17 18:23:24,内容:当前任务执行时间：2017-06-17 18:23:24,任务计划开始执行时间：2017-06-17 17:00:00
当前时间：2017-06-17 18:23:24,内容:执行这个,任务执行时间：2017-06-17 17:00:00
当前时间：2017-06-17 18:23:24,内容:任务开始执行
当前时间：2017-06-17 18:23:52,内容:当前任务执行时间：2017-06-17 18:23:52,任务计划开始执行时间：2017-06-17 17:00:00
当前时间：2017-06-17 18:23:52,内容:执行这个,任务执行时间：2017-06-17 17:00:00
当前时间：2017-06-17 18:23:52,内容:任务开始执行
当前时间：2017-06-17 18:23:57,内容:当前任务执行时间：2017-06-17 18:23:57,任务计划开始执行时间：2017-06-17 17:00:00
当前时间：2017-06-17 18:23:57,内容:执行这个,任务执行时间：2017-06-17 17:00:00
当前时间：2017-06-17 18:23:57,内容:任务开始执行
当前时间：2017-06-17 18:23:57,内容:当前赠送积分数值:0.1

当前时间：2017-06-17 18:24:04,内容:当前任务执行时间：2017-06-17 18:24:04,任务计划开始执行时间：2017-06-17 17:00:00
当前时间：2017-06-17 18:24:04,内容:执行这个,任务执行时间：2017-06-17 17:00:00
当前时间：2017-06-17 18:24:04,内容:任务开始执行
当前时间：2017-06-17 18:24:04,内容:当前赠送积分数值:0.1

当前时间：2017-06-17 18:24:12,内容:当前任务执行时间：2017-06-17 18:24:12,任务计划开始执行时间：2017-06-17 17:00:00
当前时间：2017-06-17 18:24:12,内容:执行这个,任务执行时间：2017-06-17 17:00:00
当前时间：2017-06-17 18:24:12,内容:任务开始执行
当前时间：2017-06-17 18:24:12,内容:当前赠送积分数值:0.1

当前时间：2017-06-17 18:24:44,内容:当前任务执行时间：2017-06-17 18:24:44,任务计划开始执行时间：2017-06-17 17:00:00
当前时间：2017-06-17 18:24:44,内容:执行这个,任务执行时间：2017-06-17 17:00:00
当前时间：2017-06-17 18:24:44,内容:任务开始执行
当前时间：2017-06-17 18:24:44,内容:当前赠送积分数值:0.1

当前时间：2017-06-17 18:25:22,内容:当前任务执行时间：2017-06-17 18:25:22,任务计划开始执行时间：2017-06-17 17:00:00
当前时间：2017-06-17 18:25:22,内容:执行这个,任务执行时间：2017-06-17 17:00:00
当前时间：2017-06-17 18:25:22,内容:任务开始执行
当前时间：2017-06-17 18:25:22,内容:当前赠送积分数值:0.1

当前时间：2017-06-17 18:25:22,内容:每分红权赠送:0.1会员195,赠送2017-06-17的积分，数量0.3分红积分数量0.15,养老积分数量0,互助基金数量:0

当前时间：2017-06-17 18:25:22,内容:每分红权赠送:0.1会员199,赠送2017-06-17的积分，数量0.4分红积分数量0.2,养老积分数量0,互助基金数量:0

当前时间：2017-06-17 18:25:22,内容:每分红权赠送:0.1会员200,赠送2017-06-17的积分，数量0.9分红积分数量0.45,养老积分数量0,互助基金数量:0

当前时间：2017-06-17 18:25:22,内容:每分红权赠送:1会员206,赠送2017-06-17的积分，数量177分红积分数量88.5,养老积分数量0,互助基金数量:0

当前时间：2017-06-17 18:25:22,内容:每分红权赠送:1会员207,赠送2017-06-17的积分，数量512分红积分数量256,养老积分数量0,互助基金数量:0

当前时间：2017-06-17 18:25:22,内容:每分红权赠送:0.1会员208,赠送2017-06-17的积分，数量0.4分红积分数量0.2,养老积分数量0,互助基金数量:0

当前时间：2017-06-17 18:25:22,内容:每分红权赠送:0.1会员209,赠送2017-06-17的积分，数量2.9分红积分数量1.45,养老积分数量0,互助基金数量:0

当前时间：2017-06-17 18:25:22,内容:每分红权赠送:0.1会员211,赠送2017-06-17的积分，数量1分红积分数量0.5,养老积分数量0,互助基金数量:0

当前时间：2017-06-17 18:25:22,内容:每分红权赠送:0.1会员212,赠送2017-06-17的积分，数量12.5分红积分数量6.25,养老积分数量0,互助基金数量:0

当前时间：2017-06-17 18:25:22,内容:每分红权赠送:0.1会员214,赠送2017-06-17的积分，数量0.5分红积分数量0.25,养老积分数量0,互助基金数量:0

当前时间：2017-06-17 18:25:22,内容:每分红权赠送:0.1会员216,赠送2017-06-17的积分，数量2.2分红积分数量1.1,养老积分数量0,互助基金数量:0

当前时间：2017-06-17 18:25:22,内容:每分红权赠送:0.1会员217,赠送2017-06-17的积分，数量0.2分红积分数量0.1,养老积分数量0,互助基金数量:0

当前时间：2017-06-17 18:25:22,内容:每分红权赠送:0.1会员218,赠送2017-06-17的积分，数量0.6分红积分数量0.3,养老积分数量0,互助基金数量:0

当前时间：2017-06-17 18:25:22,内容:每分红权赠送:0.1会员219,赠送2017-06-17的积分，数量8.6分红积分数量4.3,养老积分数量0,互助基金数量:0

当前时间：2017-06-17 18:25:22,内容:每分红权赠送:0.1会员220,赠送2017-06-17的积分，数量0.7分红积分数量0.35,养老积分数量0,互助基金数量:0

当前时间：2017-06-17 18:25:22,内容:每分红权赠送:0.1会员221,赠送2017-06-17的积分，数量17.7分红积分数量8.85,养老积分数量0,互助基金数量:0

当前时间：2017-06-17 18:25:22,内容:每分红权赠送:0.1会员222,赠送2017-06-17的积分，数量0.3分红积分数量0.15,养老积分数量0,互助基金数量:0

当前时间：2017-06-17 18:25:22,内容:每分红权赠送:1会员223,赠送2017-06-17的积分，数量86分红积分数量43,养老积分数量0,互助基金数量:0

当前时间：2017-06-17 18:25:22,内容:每分红权赠送:0.1会员224,赠送2017-06-17的积分，数量8.7分红积分数量4.35,养老积分数量0,互助基金数量:0

当前时间：2017-06-17 18:25:22,内容:每分红权赠送:0.1会员225,赠送2017-06-17的积分，数量0.3分红积分数量0.15,养老积分数量0,互助基金数量:0

当前时间：2017-06-17 18:25:22,内容:每分红权赠送:0.1会员226,赠送2017-06-17的积分，数量0.4分红积分数量0.2,养老积分数量0,互助基金数量:0

当前时间：2017-06-17 18:25:22,内容:每分红权赠送:0.1会员227,赠送2017-06-17的积分，数量0.3分红积分数量0.15,养老积分数量0,互助基金数量:0

当前时间：2017-06-17 18:25:22,内容:每分红权赠送:0.1会员228,赠送2017-06-17的积分，数量8.4分红积分数量4.2,养老积分数量0,互助基金数量:0

当前时间：2017-06-17 18:25:22,内容:每分红权赠送:0.1会员229,赠送2017-06-17的积分，数量6.4分红积分数量3.2,养老积分数量0,互助基金数量:0

当前时间：2017-06-17 18:25:22,内容:每分红权赠送:0.1会员230,赠送2017-06-17的积分，数量4分红积分数量2,养老积分数量0,互助基金数量:0

当前时间：2017-06-17 18:25:22,内容:每分红权赠送:0.1会员231,赠送2017-06-17的积分，数量0.9分红积分数量0.45,养老积分数量0,互助基金数量:0

当前时间：2017-06-17 18:25:22,内容:每分红权赠送:0.1会员233,赠送2017-06-17的积分，数量0.5分红积分数量0.25,养老积分数量0,互助基金数量:0

当前时间：2017-06-17 18:25:22,内容:每分红权赠送:0.1会员234,赠送2017-06-17的积分，数量0.2分红积分数量0.1,养老积分数量0,互助基金数量:0

当前时间：2017-06-17 18:25:22,内容:每分红权赠送:0.1会员235,赠送2017-06-17的积分，数量0.1分红积分数量0.05,养老积分数量0,互助基金数量:0

当前时间：2017-06-17 18:25:22,内容:每分红权赠送:0.1会员236,赠送2017-06-17的积分，数量0.2分红积分数量0.1,养老积分数量0,互助基金数量:0

当前时间：2017-06-17 18:25:22,内容:每分红权赠送:0.1会员237,赠送2017-06-17的积分，数量4.2分红积分数量2.1,养老积分数量0,互助基金数量:0

当前时间：2017-06-17 18:25:22,内容:每分红权赠送:0.1会员239,赠送2017-06-17的积分，数量4.4分红积分数量2.2,养老积分数量0,互助基金数量:0

当前时间：2017-06-17 18:25:22,内容:每分红权赠送:0.1会员243,赠送2017-06-17的积分，数量0.2分红积分数量0.1,养老积分数量0,互助基金数量:0

当前时间：2017-06-17 18:25:22,内容:每分红权赠送:0.1会员244,赠送2017-06-17的积分，数量0.2分红积分数量0.1,养老积分数量0,互助基金数量:0

当前时间：2017-06-17 18:25:22,内容:每分红权赠送:0.1会员245,赠送2017-06-17的积分，数量0.2分红积分数量0.1,养老积分数量0,互助基金数量:0

当前时间：2017-06-17 18:25:22,内容:每分红权赠送:0.1会员246,赠送2017-06-17的积分，数量4.9分红积分数量2.45,养老积分数量0,互助基金数量:0

当前时间：2017-06-17 18:25:22,内容:每分红权赠送:0.1会员247,赠送2017-06-17的积分，数量0.2分红积分数量0.1,养老积分数量0,互助基金数量:0

当前时间：2017-06-17 18:25:22,内容:每分红权赠送:0.1会员248,赠送2017-06-17的积分，数量0.2分红积分数量0.1,养老积分数量0,互助基金数量:0

当前时间：2017-06-17 18:25:22,内容:每分红权赠送:0.1会员249,赠送2017-06-17的积分，数量0.1分红积分数量0.05,养老积分数量0,互助基金数量:0

当前时间：2017-06-17 18:25:22,内容:每分红权赠送:0.1会员250,赠送2017-06-17的积分，数量0.2分红积分数量0.1,养老积分数量0,互助基金数量:0

当前时间：2017-06-17 18:25:22,内容:每分红权赠送:0.1会员251,赠送2017-06-17的积分，数量0.2分红积分数量0.1,养老积分数量0,互助基金数量:0

当前时间：2017-06-17 18:25:22,内容:每分红权赠送:0.1会员252,赠送2017-06-17的积分，数量0.2分红积分数量0.1,养老积分数量0,互助基金数量:0

当前时间：2017-06-17 18:25:22,内容:每分红权赠送:0.1会员253,赠送2017-06-17的积分，数量0.2分红积分数量0.1,养老积分数量0,互助基金数量:0

当前时间：2017-06-17 18:25:22,内容:每分红权赠送:0.1会员254,赠送2017-06-17的积分，数量0.2分红积分数量0.1,养老积分数量0,互助基金数量:0

当前时间：2017-06-17 18:25:22,内容:每分红权赠送:0.1会员255,赠送2017-06-17的积分，数量0.2分红积分数量0.1,养老积分数量0,互助基金数量:0

当前时间：2017-06-17 18:25:22,内容:每分红权赠送:0.1会员256,赠送2017-06-17的积分，数量0.2分红积分数量0.1,养老积分数量0,互助基金数量:0

当前时间：2017-06-17 18:25:22,内容:每分红权赠送:0.1会员257,赠送2017-06-17的积分，数量0.2分红积分数量0.1,养老积分数量0,互助基金数量:0

当前时间：2017-06-17 18:25:22,内容:每分红权赠送:0.1会员258,赠送2017-06-17的积分，数量0.2分红积分数量0.1,养老积分数量0,互助基金数量:0

当前时间：2017-06-17 18:25:22,内容:每分红权赠送:0.1会员259,赠送2017-06-17的积分，数量0.1分红积分数量0.05,养老积分数量0,互助基金数量:0

当前时间：2017-06-17 18:25:22,内容:每分红权赠送:0.1会员260,赠送2017-06-17的积分，数量0.2分红积分数量0.1,养老积分数量0,互助基金数量:0

当前时间：2017-06-17 18:25:22,内容:每分红权赠送:0.1会员261,赠送2017-06-17的积分，数量0.2分红积分数量0.1,养老积分数量0,互助基金数量:0

当前时间：2017-06-17 18:25:22,内容:每分红权赠送:0.1会员262,赠送2017-06-17的积分，数量0.2分红积分数量0.1,养老积分数量0,互助基金数量:0

当前时间：2017-06-17 18:25:22,内容:每分红权赠送:0.1会员263,赠送2017-06-17的积分，数量0.2分红积分数量0.1,养老积分数量0,互助基金数量:0

当前时间：2017-06-17 18:25:22,内容:每分红权赠送:0.1会员264,赠送2017-06-17的积分，数量0.2分红积分数量0.1,养老积分数量0,互助基金数量:0

当前时间：2017-06-17 18:25:22,内容:每分红权赠送:0.1会员265,赠送2017-06-17的积分，数量0.2分红积分数量0.1,养老积分数量0,互助基金数量:0

当前时间：2017-06-17 18:25:22,内容:每分红权赠送:0.1会员266,赠送2017-06-17的积分，数量0.2分红积分数量0.1,养老积分数量0,互助基金数量:0

当前时间：2017-06-17 18:25:22,内容:每分红权赠送:0.1会员267,赠送2017-06-17的积分，数量0.2分红积分数量0.1,养老积分数量0,互助基金数量:0

当前时间：2017-06-17 18:25:22,内容:每分红权赠送:0.1会员268,赠送2017-06-17的积分，数量0.1分红积分数量0.05,养老积分数量0,互助基金数量:0

当前时间：2017-06-17 18:25:22,内容:每分红权赠送:0.1会员269,赠送2017-06-17的积分，数量0.2分红积分数量0.1,养老积分数量0,互助基金数量:0

当前时间：2017-06-17 18:25:22,内容:每分红权赠送:0.1会员270,赠送2017-06-17的积分，数量0.2分红积分数量0.1,养老积分数量0,互助基金数量:0

当前时间：2017-06-17 18:25:22,内容:每分红权赠送:0.1会员271,赠送2017-06-17的积分，数量0.2分红积分数量0.1,养老积分数量0,互助基金数量:0

当前时间：2017-06-17 18:25:22,内容:每分红权赠送:0.1会员272,赠送2017-06-17的积分，数量0.2分红积分数量0.1,养老积分数量0,互助基金数量:0

当前时间：2017-06-17 18:25:22,内容:每分红权赠送:0.1会员273,赠送2017-06-17的积分，数量0.2分红积分数量0.1,养老积分数量0,互助基金数量:0

当前时间：2017-06-17 18:25:22,内容:每分红权赠送:0.1会员274,赠送2017-06-17的积分，数量9.8分红积分数量4.9,养老积分数量0,互助基金数量:0

当前时间：2017-06-17 18:25:22,内容:每分红权赠送:0.1会员275,赠送2017-06-17的积分，数量0.3分红积分数量0.15,养老积分数量0,互助基金数量:0

当前时间：2017-06-17 18:25:22,内容:每分红权赠送:0.1会员276,赠送2017-06-17的积分，数量0.2分红积分数量0.1,养老积分数量0,互助基金数量:0

当前时间：2017-06-17 18:25:22,内容:每分红权赠送:0.1会员278,赠送2017-06-17的积分，数量0.1分红积分数量0.05,养老积分数量0,互助基金数量:0

当前时间：2017-06-17 18:25:22,内容:每分红权赠送:0.1会员279,赠送2017-06-17的积分，数量8.4分红积分数量4.2,养老积分数量0,互助基金数量:0

当前时间：2017-06-17 18:25:22,内容:每分红权赠送:0.1会员280,赠送2017-06-17的积分，数量2分红积分数量1,养老积分数量0,互助基金数量:0

当前时间：2017-06-17 18:25:22,内容:每分红权赠送:0.1会员281,赠送2017-06-17的积分，数量0.4分红积分数量0.2,养老积分数量0,互助基金数量:0

当前时间：2017-06-17 18:25:22,内容:每分红权赠送:0.1会员282,赠送2017-06-17的积分，数量0.4分红积分数量0.2,养老积分数量0,互助基金数量:0

当前时间：2017-06-17 18:25:22,内容:每分红权赠送:0.1会员283,赠送2017-06-17的积分，数量8.4分红积分数量4.2,养老积分数量0,互助基金数量:0

当前时间：2017-06-17 18:25:22,内容:每分红权赠送:0.1会员284,赠送2017-06-17的积分，数量8.6分红积分数量4.3,养老积分数量0,互助基金数量:0

当前时间：2017-06-17 18:25:22,内容:每分红权赠送:0.1会员285,赠送2017-06-17的积分，数量9.4分红积分数量4.7,养老积分数量0,互助基金数量:0

当前时间：2017-06-17 18:25:22,内容:每分红权赠送:0.1会员286,赠送2017-06-17的积分，数量0.3分红积分数量0.15,养老积分数量0,互助基金数量:0

当前时间：2017-06-17 18:25:22,内容:每分红权赠送:0.1会员287,赠送2017-06-17的积分，数量0.2分红积分数量0.1,养老积分数量0,互助基金数量:0

当前时间：2017-06-17 18:25:22,内容:每分红权赠送:0.1会员289,赠送2017-06-17的积分，数量0.2分红积分数量0.1,养老积分数量0,互助基金数量:0

当前时间：2017-06-17 18:25:22,内容:每分红权赠送:1会员296,赠送2017-06-17的积分，数量138分红积分数量69,养老积分数量0,互助基金数量:0

当前时间：2017-06-17 18:25:22,内容:每分红权赠送:0.1会员297,赠送2017-06-17的积分，数量0.2分红积分数量0.1,养老积分数量0,互助基金数量:0

当前时间：2017-06-17 18:25:22,内容:每分红权赠送:0.1会员298,赠送2017-06-17的积分，数量8.6分红积分数量4.3,养老积分数量0,互助基金数量:0

当前时间：2017-06-17 18:25:22,内容:每分红权赠送:0.1会员301,赠送2017-06-17的积分，数量0.2分红积分数量0.1,养老积分数量0,互助基金数量:0

当前时间：2017-06-17 18:25:22,内容:每分红权赠送:0.1会员302,赠送2017-06-17的积分，数量0.1分红积分数量0.05,养老积分数量0,互助基金数量:0

当前时间：2017-06-17 18:25:22,内容:每分红权赠送:0.1会员304,赠送2017-06-17的积分，数量0.1分红积分数量0.05,养老积分数量0,互助基金数量:0

当前时间：2017-06-17 18:25:22,内容:每分红权赠送:0.1会员305,赠送2017-06-17的积分，数量0.2分红积分数量0.1,养老积分数量0,互助基金数量:0

当前时间：2017-06-17 18:25:22,内容:每分红权赠送:0.1会员307,赠送2017-06-17的积分，数量8.3分红积分数量4.15,养老积分数量0,互助基金数量:0

当前时间：2017-06-17 18:25:22,内容:每分红权赠送:0.1会员308,赠送2017-06-17的积分，数量85.2分红积分数量42.6,养老积分数量0,互助基金数量:0

当前时间：2017-06-17 18:25:22,内容:每分红权赠送:0.1会员311,赠送2017-06-17的积分，数量0.1分红积分数量0.05,养老积分数量0,互助基金数量:0

当前时间：2017-06-17 18:25:22,内容:每分红权赠送:0.1会员313,赠送2017-06-17的积分，数量0.5分红积分数量0.25,养老积分数量0,互助基金数量:0

当前时间：2017-06-17 18:25:22,内容:每分红权赠送:0.1会员314,赠送2017-06-17的积分，数量1分红积分数量0.5,养老积分数量0,互助基金数量:0

当前时间：2017-06-17 18:25:22,内容:每分红权赠送:0.1会员317,赠送2017-06-17的积分，数量0.2分红积分数量0.1,养老积分数量0,互助基金数量:0

当前时间：2017-06-17 18:25:22,内容:每分红权赠送:0.1会员319,赠送2017-06-17的积分，数量0.5分红积分数量0.25,养老积分数量0,互助基金数量:0

当前时间：2017-06-17 18:25:22,内容:每分红权赠送:0.1会员320,赠送2017-06-17的积分，数量0.6分红积分数量0.3,养老积分数量0,互助基金数量:0

当前时间：2017-06-17 18:25:22,内容:每分红权赠送:0.1会员321,赠送2017-06-17的积分，数量8.8分红积分数量4.4,养老积分数量0,互助基金数量:0

当前时间：2017-06-17 18:25:22,内容:每分红权赠送:0.1会员322,赠送2017-06-17的积分，数量3.7分红积分数量1.85,养老积分数量0,互助基金数量:0

当前时间：2017-06-17 18:25:22,内容:每分红权赠送:0.1会员326,赠送2017-06-17的积分，数量0.2分红积分数量0.1,养老积分数量0,互助基金数量:0

当前时间：2017-06-17 18:25:22,内容:每分红权赠送:0.1会员331,赠送2017-06-17的积分，数量5.4分红积分数量2.7,养老积分数量0,互助基金数量:0

当前时间：2017-06-17 18:25:22,内容:每分红权赠送:0.1会员332,赠送2017-06-17的积分，数量26.9分红积分数量13.45,养老积分数量0,互助基金数量:0

当前时间：2017-06-17 18:25:22,内容:每分红权赠送:0.1会员333,赠送2017-06-17的积分，数量0.1分红积分数量0.05,养老积分数量0,互助基金数量:0

当前时间：2017-06-17 18:25:22,内容:每分红权赠送:0.1会员334,赠送2017-06-17的积分，数量0.3分红积分数量0.15,养老积分数量0,互助基金数量:0

当前时间：2017-06-17 18:25:22,内容:每分红权赠送:0.1会员340,赠送2017-06-17的积分，数量49.7分红积分数量24.85,养老积分数量0,互助基金数量:0

当前时间：2017-06-17 18:25:22,内容:每分红权赠送:0.1会员343,赠送2017-06-17的积分，数量2.3分红积分数量1.15,养老积分数量0,互助基金数量:0

当前时间：2017-06-17 18:25:22,内容:每分红权赠送:1会员346,赠送2017-06-17的积分，数量31分红积分数量15.5,养老积分数量0,互助基金数量:0

当前时间：2017-06-17 18:25:22,内容:每分红权赠送:1会员347,赠送2017-06-17的积分，数量1分红积分数量0.5,养老积分数量0,互助基金数量:0

当前时间：2017-06-17 18:25:22,内容:每分红权赠送:0.1会员349,赠送2017-06-17的积分，数量1.2分红积分数量0.6,养老积分数量0,互助基金数量:0

当前时间：2017-06-17 18:25:22,内容:每分红权赠送:0.1会员350,赠送2017-06-17的积分，数量26.4分红积分数量13.2,养老积分数量0,互助基金数量:0

当前时间：2017-06-17 18:25:22,内容:每分红权赠送:0.1会员352,赠送2017-06-17的积分，数量0.2分红积分数量0.1,养老积分数量0,互助基金数量:0

当前时间：2017-06-17 18:25:22,内容:每分红权赠送:0.1会员354,赠送2017-06-17的积分，数量0.3分红积分数量0.15,养老积分数量0,互助基金数量:0

当前时间：2017-06-17 18:25:22,内容:每分红权赠送:0.1会员355,赠送2017-06-17的积分，数量0.1分红积分数量0.05,养老积分数量0,互助基金数量:0

当前时间：2017-06-17 18:25:22,内容:每分红权赠送:0.1会员356,赠送2017-06-17的积分，数量10.5分红积分数量5.25,养老积分数量0,互助基金数量:0

当前时间：2017-06-17 18:25:22,内容:每分红权赠送:0.1会员358,赠送2017-06-17的积分，数量1.4分红积分数量0.7,养老积分数量0,互助基金数量:0

当前时间：2017-06-17 18:25:22,内容:每分红权赠送:0.1会员359,赠送2017-06-17的积分，数量0.1分红积分数量0.05,养老积分数量0,互助基金数量:0

当前时间：2017-06-17 18:25:22,内容:每分红权赠送:0.1会员360,赠送2017-06-17的积分，数量0.1分红积分数量0.05,养老积分数量0,互助基金数量:0

当前时间：2017-06-17 18:25:22,内容:每分红权赠送:0.1会员362,赠送2017-06-17的积分，数量8.8分红积分数量4.4,养老积分数量0,互助基金数量:0

当前时间：2017-06-17 18:25:22,内容:每分红权赠送:0.1会员363,赠送2017-06-17的积分，数量0.1分红积分数量0.05,养老积分数量0,互助基金数量:0

当前时间：2017-06-17 18:25:22,内容:每分红权赠送:0.1会员364,赠送2017-06-17的积分，数量0.1分红积分数量0.05,养老积分数量0,互助基金数量:0

当前时间：2017-06-17 18:25:22,内容:每分红权赠送:0.1会员365,赠送2017-06-17的积分，数量0.2分红积分数量0.1,养老积分数量0,互助基金数量:0

当前时间：2017-06-17 18:25:22,内容:每分红权赠送:0.1会员367,赠送2017-06-17的积分，数量0.1分红积分数量0.05,养老积分数量0,互助基金数量:0

当前时间：2017-06-17 18:25:22,内容:每分红权赠送:0.1会员369,赠送2017-06-17的积分，数量8.2分红积分数量4.1,养老积分数量0,互助基金数量:0

当前时间：2017-06-17 18:25:22,内容:每分红权赠送:0.1会员370,赠送2017-06-17的积分，数量0.2分红积分数量0.1,养老积分数量0,互助基金数量:0

当前时间：2017-06-17 18:25:22,内容:每分红权赠送:0.1会员372,赠送2017-06-17的积分，数量9.4分红积分数量4.7,养老积分数量0,互助基金数量:0

当前时间：2017-06-17 18:25:22,内容:每分红权赠送:0.1会员373,赠送2017-06-17的积分，数量0.1分红积分数量0.05,养老积分数量0,互助基金数量:0

当前时间：2017-06-17 18:25:22,内容:每分红权赠送:0.1会员375,赠送2017-06-17的积分，数量8.6分红积分数量4.3,养老积分数量0,互助基金数量:0

当前时间：2017-06-17 18:25:22,内容:每分红权赠送:0.1会员376,赠送2017-06-17的积分，数量8.8分红积分数量4.4,养老积分数量0,互助基金数量:0

当前时间：2017-06-17 18:25:22,内容:每分红权赠送:0.1会员377,赠送2017-06-17的积分，数量0.4分红积分数量0.2,养老积分数量0,互助基金数量:0

当前时间：2017-06-17 18:25:22,内容:每分红权赠送:0.1会员378,赠送2017-06-17的积分，数量1.1分红积分数量0.55,养老积分数量0,互助基金数量:0

当前时间：2017-06-17 18:25:22,内容:每分红权赠送:0.1会员379,赠送2017-06-17的积分，数量0.1分红积分数量0.05,养老积分数量0,互助基金数量:0

当前时间：2017-06-17 18:25:22,内容:每分红权赠送:0.1会员382,赠送2017-06-17的积分，数量10.8分红积分数量5.4,养老积分数量0,互助基金数量:0

当前时间：2017-06-17 18:25:22,内容:每分红权赠送:0.1会员384,赠送2017-06-17的积分，数量0.1分红积分数量0.05,养老积分数量0,互助基金数量:0

当前时间：2017-06-17 18:25:22,内容:每分红权赠送:0.1会员385,赠送2017-06-17的积分，数量0.1分红积分数量0.05,养老积分数量0,互助基金数量:0

当前时间：2017-06-17 18:25:22,内容:每分红权赠送:0.1会员386,赠送2017-06-17的积分，数量9.6分红积分数量4.8,养老积分数量0,互助基金数量:0

当前时间：2017-06-17 18:25:22,内容:每分红权赠送:0.1会员387,赠送2017-06-17的积分，数量0.5分红积分数量0.25,养老积分数量0,互助基金数量:0

当前时间：2017-06-17 18:25:22,内容:每分红权赠送:0.1会员388,赠送2017-06-17的积分，数量3分红积分数量1.5,养老积分数量0,互助基金数量:0

当前时间：2017-06-17 18:25:22,内容:每分红权赠送:0.1会员389,赠送2017-06-17的积分，数量1.7分红积分数量0.85,养老积分数量0,互助基金数量:0

当前时间：2017-06-17 18:25:22,内容:每分红权赠送:0.1会员390,赠送2017-06-17的积分，数量5.8分红积分数量2.9,养老积分数量0,互助基金数量:0

当前时间：2017-06-17 18:25:22,内容:每分红权赠送:0.1会员392,赠送2017-06-17的积分，数量0.1分红积分数量0.05,养老积分数量0,互助基金数量:0

当前时间：2017-06-17 18:25:22,内容:每分红权赠送:0.1会员393,赠送2017-06-17的积分，数量0.1分红积分数量0.05,养老积分数量0,互助基金数量:0

当前时间：2017-06-17 18:25:22,内容:每分红权赠送:0.1会员394,赠送2017-06-17的积分，数量0.1分红积分数量0.05,养老积分数量0,互助基金数量:0

当前时间：2017-06-17 18:25:22,内容:每分红权赠送:0.1会员396,赠送2017-06-17的积分，数量0.8分红积分数量0.4,养老积分数量0,互助基金数量:0

当前时间：2017-06-17 18:25:22,内容:每分红权赠送:0.1会员397,赠送2017-06-17的积分，数量0.7分红积分数量0.35,养老积分数量0,互助基金数量:0

当前时间：2017-06-17 18:25:22,内容:每分红权赠送:0.1会员398,赠送2017-06-17的积分，数量3.6分红积分数量1.8,养老积分数量0,互助基金数量:0

当前时间：2017-06-17 18:25:22,内容:每分红权赠送:0.1会员399,赠送2017-06-17的积分，数量0.4分红积分数量0.2,养老积分数量0,互助基金数量:0

当前时间：2017-06-17 18:25:22,内容:每分红权赠送:0.1会员401,赠送2017-06-17的积分，数量8.9分红积分数量4.45,养老积分数量0,互助基金数量:0

当前时间：2017-06-17 18:25:22,内容:每分红权赠送:0.1会员402,赠送2017-06-17的积分，数量2.9分红积分数量1.45,养老积分数量0,互助基金数量:0

当前时间：2017-06-17 18:25:22,内容:每分红权赠送:0.1会员403,赠送2017-06-17的积分，数量2.4分红积分数量1.2,养老积分数量0,互助基金数量:0

当前时间：2017-06-17 18:25:22,内容:每分红权赠送:0.1会员404,赠送2017-06-17的积分，数量3.7分红积分数量1.85,养老积分数量0,互助基金数量:0

当前时间：2017-06-17 18:25:22,内容:每分红权赠送:0.1会员406,赠送2017-06-17的积分，数量0.1分红积分数量0.05,养老积分数量0,互助基金数量:0

当前时间：2017-06-17 18:25:22,内容:每分红权赠送:0.1会员407,赠送2017-06-17的积分，数量0.1分红积分数量0.05,养老积分数量0,互助基金数量:0

当前时间：2017-06-17 18:25:22,内容:每分红权赠送:0.1会员410,赠送2017-06-17的积分，数量0.1分红积分数量0.05,养老积分数量0,互助基金数量:0

当前时间：2017-06-17 18:25:22,内容:每分红权赠送:0.1会员412,赠送2017-06-17的积分，数量0.1分红积分数量0.05,养老积分数量0,互助基金数量:0

当前时间：2017-06-17 18:25:22,内容:每分红权赠送:0.1会员413,赠送2017-06-17的积分，数量0.1分红积分数量0.05,养老积分数量0,互助基金数量:0

当前时间：2017-06-17 18:25:22,内容:每分红权赠送:0.1会员415,赠送2017-06-17的积分，数量0.1分红积分数量0.05,养老积分数量0,互助基金数量:0

当前时间：2017-06-17 18:25:22,内容:每分红权赠送:0.1会员416,赠送2017-06-17的积分，数量0.1分红积分数量0.05,养老积分数量0,互助基金数量:0

当前时间：2017-06-17 18:25:22,内容:每分红权赠送:0.1会员417,赠送2017-06-17的积分，数量0.1分红积分数量0.05,养老积分数量0,互助基金数量:0

当前时间：2017-06-17 18:25:22,内容:每分红权赠送:0.1会员418,赠送2017-06-17的积分，数量0.1分红积分数量0.05,养老积分数量0,互助基金数量:0

当前时间：2017-06-17 18:25:22,内容:每分红权赠送:0.1会员419,赠送2017-06-17的积分，数量0.1分红积分数量0.05,养老积分数量0,互助基金数量:0

当前时间：2017-06-17 18:25:22,内容:每分红权赠送:0.1会员420,赠送2017-06-17的积分，数量0.1分红积分数量0.05,养老积分数量0,互助基金数量:0

当前时间：2017-06-17 18:25:22,内容:每分红权赠送:0.1会员421,赠送2017-06-17的积分，数量0.1分红积分数量0.05,养老积分数量0,互助基金数量:0

当前时间：2017-06-17 18:25:22,内容:每分红权赠送:0.1会员423,赠送2017-06-17的积分，数量0.1分红积分数量0.05,养老积分数量0,互助基金数量:0

当前时间：2017-06-17 18:25:22,内容:每分红权赠送:0.1会员424,赠送2017-06-17的积分，数量0.1分红积分数量0.05,养老积分数量0,互助基金数量:0

当前时间：2017-06-17 18:25:22,内容:每分红权赠送:0.1会员425,赠送2017-06-17的积分，数量0.1分红积分数量0.05,养老积分数量0,互助基金数量:0

当前时间：2017-06-17 18:25:22,内容:每分红权赠送:0.1会员426,赠送2017-06-17的积分，数量0.1分红积分数量0.05,养老积分数量0,互助基金数量:0

当前时间：2017-06-17 18:25:23,内容:每分红权赠送:0.1会员428,赠送2017-06-17的积分，数量0.1分红积分数量0.05,养老积分数量0,互助基金数量:0

当前时间：2017-06-17 18:25:23,内容:每分红权赠送:0.1会员429,赠送2017-06-17的积分，数量0.1分红积分数量0.05,养老积分数量0,互助基金数量:0

当前时间：2017-06-17 18:25:23,内容:每分红权赠送:0.1会员430,赠送2017-06-17的积分，数量36.4分红积分数量18.2,养老积分数量0,互助基金数量:0

当前时间：2017-06-17 18:25:23,内容:每分红权赠送:0.1会员431,赠送2017-06-17的积分，数量0.1分红积分数量0.05,养老积分数量0,互助基金数量:0

当前时间：2017-06-17 18:25:23,内容:每分红权赠送:0.1会员432,赠送2017-06-17的积分，数量0.1分红积分数量0.05,养老积分数量0,互助基金数量:0

当前时间：2017-06-17 18:25:23,内容:每分红权赠送:0.1会员433,赠送2017-06-17的积分，数量0.1分红积分数量0.05,养老积分数量0,互助基金数量:0

当前时间：2017-06-17 18:25:23,内容:每分红权赠送:0.1会员437,赠送2017-06-17的积分，数量9.3分红积分数量4.65,养老积分数量0,互助基金数量:0

当前时间：2017-06-17 18:25:23,内容:每分红权赠送:0.1会员439,赠送2017-06-17的积分，数量0.4分红积分数量0.2,养老积分数量0,互助基金数量:0

当前时间：2017-06-17 18:25:23,内容:每分红权赠送:0.1会员448,赠送2017-06-17的积分，数量0.1分红积分数量0.05,养老积分数量0,互助基金数量:0

当前时间：2017-06-17 18:25:23,内容:每分红权赠送:0.1会员449,赠送2017-06-17的积分，数量0.7分红积分数量0.35,养老积分数量0,互助基金数量:0

当前时间：2017-06-17 18:25:23,内容:每分红权赠送:0.1会员451,赠送2017-06-17的积分，数量0.1分红积分数量0.05,养老积分数量0,互助基金数量:0

当前时间：2017-06-17 18:25:23,内容:每分红权赠送:0.1会员452,赠送2017-06-17的积分，数量0.2分红积分数量0.1,养老积分数量0,互助基金数量:0

当前时间：2017-06-17 18:25:23,内容:每分红权赠送:0.1会员453,赠送2017-06-17的积分，数量0.1分红积分数量0.05,养老积分数量0,互助基金数量:0

当前时间：2017-06-17 18:25:23,内容:每分红权赠送:0.1会员454,赠送2017-06-17的积分，数量1分红积分数量0.5,养老积分数量0,互助基金数量:0

当前时间：2017-06-17 18:25:23,内容:每分红权赠送:0.1会员455,赠送2017-06-17的积分，数量0.1分红积分数量0.05,养老积分数量0,互助基金数量:0

当前时间：2017-06-17 18:25:23,内容:每分红权赠送:0.1会员458,赠送2017-06-17的积分，数量8.8分红积分数量4.4,养老积分数量0,互助基金数量:0

当前时间：2017-06-17 18:25:23,内容:每分红权赠送:0.1会员459,赠送2017-06-17的积分，数量3.6分红积分数量1.8,养老积分数量0,互助基金数量:0

当前时间：2017-06-17 18:25:23,内容:每分红权赠送:0.1会员462,赠送2017-06-17的积分，数量0.1分红积分数量0.05,养老积分数量0,互助基金数量:0

当前时间：2017-06-17 18:25:23,内容:每分红权赠送:0.1会员463,赠送2017-06-17的积分，数量6.6分红积分数量3.3,养老积分数量0,互助基金数量:0

当前时间：2017-06-17 18:25:23,内容:每分红权赠送:0.1会员466,赠送2017-06-17的积分，数量0.1分红积分数量0.05,养老积分数量0,互助基金数量:0

当前时间：2017-06-17 18:25:23,内容:每分红权赠送:0.1会员467,赠送2017-06-17的积分，数量0.6分红积分数量0.3,养老积分数量0,互助基金数量:0

当前时间：2017-06-17 18:25:23,内容:每分红权赠送:0.1会员468,赠送2017-06-17的积分，数量3.2分红积分数量1.6,养老积分数量0,互助基金数量:0

当前时间：2017-06-17 18:25:23,内容:每分红权赠送:0.1会员470,赠送2017-06-17的积分，数量1分红积分数量0.5,养老积分数量0,互助基金数量:0

当前时间：2017-06-17 18:25:23,内容:每分红权赠送:0.1会员472,赠送2017-06-17的积分，数量0.8分红积分数量0.4,养老积分数量0,互助基金数量:0

当前时间：2017-06-17 18:25:23,内容:每分红权赠送:0.1会员473,赠送2017-06-17的积分，数量0.3分红积分数量0.15,养老积分数量0,互助基金数量:0

当前时间：2017-06-17 18:25:23,内容:每分红权赠送:0.1会员476,赠送2017-06-17的积分，数量0.1分红积分数量0.05,养老积分数量0,互助基金数量:0

当前时间：2017-06-17 18:25:23,内容:每分红权赠送:0.1会员479,赠送2017-06-17的积分，数量0.1分红积分数量0.05,养老积分数量0,互助基金数量:0

当前时间：2017-06-17 18:25:23,内容:每分红权赠送:0.1会员480,赠送2017-06-17的积分，数量0.5分红积分数量0.25,养老积分数量0,互助基金数量:0

当前时间：2017-06-17 18:25:23,内容:每分红权赠送:0.1会员481,赠送2017-06-17的积分，数量0.1分红积分数量0.05,养老积分数量0,互助基金数量:0

当前时间：2017-06-17 18:25:23,内容:每分红权赠送:0.1会员484,赠送2017-06-17的积分，数量0.3分红积分数量0.15,养老积分数量0,互助基金数量:0

当前时间：2017-06-17 18:25:23,内容:每分红权赠送:0.1会员485,赠送2017-06-17的积分，数量0.1分红积分数量0.05,养老积分数量0,互助基金数量:0

当前时间：2017-06-17 18:25:23,内容:每分红权赠送:0.1会员487,赠送2017-06-17的积分，数量0.1分红积分数量0.05,养老积分数量0,互助基金数量:0

当前时间：2017-06-17 18:25:23,内容:每分红权赠送:0.1会员497,赠送2017-06-17的积分，数量4.5分红积分数量2.25,养老积分数量0,互助基金数量:0

当前时间：2017-06-17 18:25:23,内容:每分红权赠送:0.1会员504,赠送2017-06-17的积分，数量4.6分红积分数量2.3,养老积分数量0,互助基金数量:0

当前时间：2017-06-17 18:25:23,内容:每分红权赠送:0.1会员505,赠送2017-06-17的积分，数量0.1分红积分数量0.05,养老积分数量0,互助基金数量:0

当前时间：2017-06-17 18:25:23,内容:每分红权赠送:0.1会员508,赠送2017-06-17的积分，数量0.1分红积分数量0.05,养老积分数量0,互助基金数量:0

当前时间：2017-06-17 18:25:23,内容:每分红权赠送:0.1会员512,赠送2017-06-17的积分，数量1.1分红积分数量0.55,养老积分数量0,互助基金数量:0

当前时间：2017-06-17 18:25:23,内容:每分红权赠送:0.1会员513,赠送2017-06-17的积分，数量6.3分红积分数量3.15,养老积分数量0,互助基金数量:0

当前时间：2017-06-17 18:25:23,内容:每分红权赠送:0.1会员514,赠送2017-06-17的积分，数量0.4分红积分数量0.2,养老积分数量0,互助基金数量:0

当前时间：2017-06-17 18:25:23,内容:每分红权赠送:0.1会员517,赠送2017-06-17的积分，数量1.9分红积分数量0.95,养老积分数量0,互助基金数量:0

当前时间：2017-06-17 18:25:23,内容:日期2017-06-17任务执行完毕

