当前时间：2017-11-13 09:10:17,内容:当前任务执行时间：2017-11-13 09:10:17,任务计划开始执行时间：2017-11-12 17:00:00
当前时间：2017-11-13 09:10:17,内容:执行这个,任务执行时间：2017-11-12 17:00:00
当前时间：2017-11-13 09:10:17,内容:任务开始执行
当前时间：2017-11-13 09:10:17,内容:当前赠送积分数值:0.05

当前时间：2017-11-13 09:10:17,内容:会员195,赠送2017-11-13的积分，消费积分数量1.5消费分红积分数量2.35

当前时间：2017-11-13 09:10:17,内容:会员199,赠送2017-11-13的积分，消费积分数量4.14消费分红积分数量6.36

当前时间：2017-11-13 09:10:17,内容:会员200,赠送2017-11-13的积分，消费积分数量0消费分红积分数量0.45

当前时间：2017-11-13 09:10:17,内容:会员206,赠送2017-11-13的积分，消费积分数量66.9消费分红积分数量95.685

当前时间：2017-11-13 09:10:17,内容:会员207,赠送2017-11-13的积分，消费积分数量149.8消费分红积分数量224.835

当前时间：2017-11-13 09:10:17,内容:会员208,赠送2017-11-13的积分，消费积分数量0消费分红积分数量0.2

当前时间：2017-11-13 09:10:17,内容:会员209,赠送2017-11-13的积分，消费积分数量0消费分红积分数量1.35

当前时间：2017-11-13 09:10:17,内容:会员211,赠送2017-11-13的积分，消费积分数量0消费分红积分数量0.455

当前时间：2017-11-13 09:10:17,内容:会员212,赠送2017-11-13的积分，消费积分数量2.22消费分红积分数量9.41

当前时间：2017-11-13 09:10:17,内容:会员214,赠送2017-11-13的积分，消费积分数量0消费分红积分数量0.25

当前时间：2017-11-13 09:10:17,内容:会员216,赠送2017-11-13的积分，消费积分数量0消费分红积分数量0.99

当前时间：2017-11-13 09:10:17,内容:会员217,赠送2017-11-13的积分，消费积分数量0.3消费分红积分数量0.4

当前时间：2017-11-13 09:10:17,内容:会员218,赠送2017-11-13的积分，消费积分数量0消费分红积分数量0.3

当前时间：2017-11-13 09:10:17,内容:会员219,赠送2017-11-13的积分，消费积分数量-36消费分红积分数量-31.75

当前时间：2017-11-13 09:10:17,内容:会员220,赠送2017-11-13的积分，消费积分数量0消费分红积分数量0.35

当前时间：2017-11-13 09:10:17,内容:会员221,赠送2017-11-13的积分，消费积分数量15.06消费分红积分数量28.425

当前时间：2017-11-13 09:10:17,内容:会员222,赠送2017-11-13的积分，消费积分数量0消费分红积分数量0.15

当前时间：2017-11-13 09:10:17,内容:会员223,赠送2017-11-13的积分，消费积分数量21.76消费分红积分数量32.055

当前时间：2017-11-13 09:10:17,内容:会员224,赠送2017-11-13的积分，消费积分数量0消费分红积分数量3.9

当前时间：2017-11-13 09:10:17,内容:会员225,赠送2017-11-13的积分，消费积分数量0消费分红积分数量0.15

当前时间：2017-11-13 09:10:17,内容:会员226,赠送2017-11-13的积分，消费积分数量0消费分红积分数量0.2

当前时间：2017-11-13 09:10:17,内容:会员227,赠送2017-11-13的积分，消费积分数量0消费分红积分数量0.15

当前时间：2017-11-13 09:10:17,内容:会员228,赠送2017-11-13的积分，消费积分数量4.46消费分红积分数量10.91

当前时间：2017-11-13 09:10:17,内容:会员229,赠送2017-11-13的积分，消费积分数量3.72消费分红积分数量8.325

当前时间：2017-11-13 09:10:17,内容:会员230,赠送2017-11-13的积分，消费积分数量0.54消费分红积分数量2.81

当前时间：2017-11-13 09:10:17,内容:会员231,赠送2017-11-13的积分，消费积分数量0消费分红积分数量0.45

当前时间：2017-11-13 09:10:17,内容:会员232,赠送2017-11-13的积分，消费积分数量0消费分红积分数量0.2

当前时间：2017-11-13 09:10:17,内容:会员233,赠送2017-11-13的积分，消费积分数量0消费分红积分数量0.25

当前时间：2017-11-13 09:10:17,内容:会员234,赠送2017-11-13的积分，消费积分数量0消费分红积分数量0.1

当前时间：2017-11-13 09:10:17,内容:会员235,赠送2017-11-13的积分，消费积分数量0.1消费分红积分数量0.2

当前时间：2017-11-13 09:10:17,内容:会员236,赠送2017-11-13的积分，消费积分数量0消费分红积分数量0.1

当前时间：2017-11-13 09:10:17,内容:会员237,赠送2017-11-13的积分，消费积分数量0.06消费分红积分数量2.21

当前时间：2017-11-13 09:10:17,内容:会员239,赠送2017-11-13的积分，消费积分数量0.2消费分红积分数量2.81

当前时间：2017-11-13 09:10:17,内容:会员241,赠送2017-11-13的积分，消费积分数量0.3消费分红积分数量0.45

当前时间：2017-11-13 09:10:17,内容:会员242,赠送2017-11-13的积分，消费积分数量0.3消费分红积分数量0.45

当前时间：2017-11-13 09:10:17,内容:会员243,赠送2017-11-13的积分，消费积分数量0消费分红积分数量0.1

当前时间：2017-11-13 09:10:17,内容:会员244,赠送2017-11-13的积分，消费积分数量0消费分红积分数量0.1

当前时间：2017-11-13 09:10:17,内容:会员245,赠送2017-11-13的积分，消费积分数量0.1消费分红积分数量0.2

当前时间：2017-11-13 09:10:17,内容:会员246,赠送2017-11-13的积分，消费积分数量24.16消费分红积分数量34.71

当前时间：2017-11-13 09:10:17,内容:会员247,赠送2017-11-13的积分，消费积分数量0.1消费分红积分数量0.2

当前时间：2017-11-13 09:10:17,内容:会员248,赠送2017-11-13的积分，消费积分数量0消费分红积分数量0.1

当前时间：2017-11-13 09:10:17,内容:会员249,赠送2017-11-13的积分，消费积分数量0消费分红积分数量0.04

当前时间：2017-11-13 09:10:17,内容:会员250,赠送2017-11-13的积分，消费积分数量0.1消费分红积分数量0.2

当前时间：2017-11-13 09:10:17,内容:会员251,赠送2017-11-13的积分，消费积分数量0.1消费分红积分数量0.2

当前时间：2017-11-13 09:10:18,内容:会员252,赠送2017-11-13的积分，消费积分数量0消费分红积分数量0.1

当前时间：2017-11-13 09:10:18,内容:会员253,赠送2017-11-13的积分，消费积分数量0.1消费分红积分数量0.2

当前时间：2017-11-13 09:10:18,内容:会员254,赠送2017-11-13的积分，消费积分数量0.1消费分红积分数量0.2

当前时间：2017-11-13 09:10:18,内容:会员255,赠送2017-11-13的积分，消费积分数量0.1消费分红积分数量0.2

当前时间：2017-11-13 09:10:18,内容:会员256,赠送2017-11-13的积分，消费积分数量0消费分红积分数量0.1

当前时间：2017-11-13 09:10:18,内容:会员257,赠送2017-11-13的积分，消费积分数量0.1消费分红积分数量0.2

当前时间：2017-11-13 09:10:18,内容:会员258,赠送2017-11-13的积分，消费积分数量0消费分红积分数量0.1

当前时间：2017-11-13 09:10:18,内容:会员259,赠送2017-11-13的积分，消费积分数量0.06消费分红积分数量0.16

当前时间：2017-11-13 09:10:18,内容:会员260,赠送2017-11-13的积分，消费积分数量0消费分红积分数量0.1

当前时间：2017-11-13 09:10:18,内容:会员261,赠送2017-11-13的积分，消费积分数量0消费分红积分数量0.1

当前时间：2017-11-13 09:10:18,内容:会员262,赠送2017-11-13的积分，消费积分数量0.1消费分红积分数量0.2

当前时间：2017-11-13 09:10:18,内容:会员263,赠送2017-11-13的积分，消费积分数量0消费分红积分数量0.1

当前时间：2017-11-13 09:10:18,内容:会员264,赠送2017-11-13的积分，消费积分数量0.1消费分红积分数量0.2

当前时间：2017-11-13 09:10:18,内容:会员265,赠送2017-11-13的积分，消费积分数量0消费分红积分数量0.1

当前时间：2017-11-13 09:10:18,内容:会员266,赠送2017-11-13的积分，消费积分数量0消费分红积分数量0.1

当前时间：2017-11-13 09:10:18,内容:会员267,赠送2017-11-13的积分，消费积分数量0.1消费分红积分数量0.2

当前时间：2017-11-13 09:10:18,内容:会员268,赠送2017-11-13的积分，消费积分数量0消费分红积分数量0.05

当前时间：2017-11-13 09:10:18,内容:会员269,赠送2017-11-13的积分，消费积分数量0.1消费分红积分数量0.2

当前时间：2017-11-13 09:10:18,内容:会员270,赠送2017-11-13的积分，消费积分数量0消费分红积分数量0.1

当前时间：2017-11-13 09:10:18,内容:会员271,赠送2017-11-13的积分，消费积分数量0消费分红积分数量0.1

当前时间：2017-11-13 09:10:18,内容:会员272,赠送2017-11-13的积分，消费积分数量0.1消费分红积分数量0.2

当前时间：2017-11-13 09:10:18,内容:会员273,赠送2017-11-13的积分，消费积分数量0消费分红积分数量0.1

当前时间：2017-11-13 09:10:18,内容:会员274,赠送2017-11-13的积分，消费积分数量5.6消费分红积分数量10.05

当前时间：2017-11-13 09:10:18,内容:会员275,赠送2017-11-13的积分，消费积分数量0消费分红积分数量0.15

当前时间：2017-11-13 09:10:18,内容:会员276,赠送2017-11-13的积分，消费积分数量0.1消费分红积分数量0.2

当前时间：2017-11-13 09:10:18,内容:会员278,赠送2017-11-13的积分，消费积分数量0消费分红积分数量0.05

当前时间：2017-11-13 09:10:18,内容:会员279,赠送2017-11-13的积分，消费积分数量0.46消费分红积分数量4.91

当前时间：2017-11-13 09:10:18,内容:会员280,赠送2017-11-13的积分，消费积分数量0消费分红积分数量0.9

当前时间：2017-11-13 09:10:18,内容:会员281,赠送2017-11-13的积分，消费积分数量0消费分红积分数量0.2

当前时间：2017-11-13 09:10:18,内容:会员282,赠送2017-11-13的积分，消费积分数量0消费分红积分数量0.2

当前时间：2017-11-13 09:10:18,内容:会员283,赠送2017-11-13的积分，消费积分数量16.9消费分红积分数量25.15

当前时间：2017-11-13 09:10:18,内容:会员284,赠送2017-11-13的积分，消费积分数量-24消费分红积分数量-19.65

当前时间：2017-11-13 09:10:18,内容:会员285,赠送2017-11-13的积分，消费积分数量24.5消费分红积分数量38.45

当前时间：2017-11-13 09:10:18,内容:会员286,赠送2017-11-13的积分，消费积分数量0消费分红积分数量0.15

当前时间：2017-11-13 09:10:18,内容:会员287,赠送2017-11-13的积分，消费积分数量0消费分红积分数量0.1

当前时间：2017-11-13 09:10:18,内容:会员289,赠送2017-11-13的积分，消费积分数量0消费分红积分数量0.1

当前时间：2017-11-13 09:10:18,内容:会员292,赠送2017-11-13的积分，消费积分数量0.3消费分红积分数量0.45

当前时间：2017-11-13 09:10:18,内容:会员296,赠送2017-11-13的积分，消费积分数量61.6消费分红积分数量86.25

当前时间：2017-11-13 09:10:18,内容:会员297,赠送2017-11-13的积分，消费积分数量0消费分红积分数量0.1

当前时间：2017-11-13 09:10:18,内容:会员298,赠送2017-11-13的积分，消费积分数量2.76消费分红积分数量6.66

当前时间：2017-11-13 09:10:18,内容:会员300,赠送2017-11-13的积分，消费积分数量0消费分红积分数量2.89

当前时间：2017-11-13 09:10:18,内容:会员301,赠送2017-11-13的积分，消费积分数量0消费分红积分数量0.1

当前时间：2017-11-13 09:10:18,内容:会员302,赠送2017-11-13的积分，消费积分数量0消费分红积分数量0.05

当前时间：2017-11-13 09:10:18,内容:会员303,赠送2017-11-13的积分，消费积分数量0消费分红积分数量0.05

当前时间：2017-11-13 09:10:18,内容:会员304,赠送2017-11-13的积分，消费积分数量0.1消费分红积分数量0.2

当前时间：2017-11-13 09:10:18,内容:会员305,赠送2017-11-13的积分，消费积分数量0消费分红积分数量0.1

当前时间：2017-11-13 09:10:18,内容:会员306,赠送2017-11-13的积分，消费积分数量0消费分红积分数量0.3

当前时间：2017-11-13 09:10:18,内容:会员307,赠送2017-11-13的积分，消费积分数量0消费分红积分数量3.72

当前时间：2017-11-13 09:10:18,内容:会员308,赠送2017-11-13的积分，消费积分数量72.36消费分红积分数量145.01

当前时间：2017-11-13 09:10:18,内容:会员311,赠送2017-11-13的积分，消费积分数量0消费分红积分数量0.05

当前时间：2017-11-13 09:10:18,内容:会员312,赠送2017-11-13的积分，消费积分数量0消费分红积分数量0.8

当前时间：2017-11-13 09:10:18,内容:会员313,赠送2017-11-13的积分，消费积分数量0消费分红积分数量0.245

当前时间：2017-11-13 09:10:18,内容:会员314,赠送2017-11-13的积分，消费积分数量0消费分红积分数量0.455

当前时间：2017-11-13 09:10:18,内容:会员317,赠送2017-11-13的积分，消费积分数量0消费分红积分数量0.095

当前时间：2017-11-13 09:10:18,内容:会员319,赠送2017-11-13的积分，消费积分数量0消费分红积分数量0.23

当前时间：2017-11-13 09:10:18,内容:会员320,赠送2017-11-13的积分，消费积分数量0消费分红积分数量0.3

当前时间：2017-11-13 09:10:18,内容:会员321,赠送2017-11-13的积分，消费积分数量0消费分红积分数量3.91

当前时间：2017-11-13 09:10:18,内容:会员322,赠送2017-11-13的积分，消费积分数量3.46消费分红积分数量5.46

当前时间：2017-11-13 09:10:18,内容:会员326,赠送2017-11-13的积分，消费积分数量0消费分红积分数量0.095

当前时间：2017-11-13 09:10:18,内容:会员327,赠送2017-11-13的积分，消费积分数量2.34消费分红积分数量3.25

当前时间：2017-11-13 09:10:18,内容:会员331,赠送2017-11-13的积分，消费积分数量0消费分红积分数量2.5

当前时间：2017-11-13 09:10:18,内容:会员332,赠送2017-11-13的积分，消费积分数量30.4消费分红积分数量54.3

当前时间：2017-11-13 09:10:18,内容:会员333,赠送2017-11-13的积分，消费积分数量0消费分红积分数量0.05

当前时间：2017-11-13 09:10:18,内容:会员334,赠送2017-11-13的积分，消费积分数量0消费分红积分数量0.14

当前时间：2017-11-13 09:10:18,内容:会员340,赠送2017-11-13的积分，消费积分数量5.62消费分红积分数量31.525

当前时间：2017-11-13 09:10:18,内容:会员341,赠送2017-11-13的积分，消费积分数量0.3消费分红积分数量0.45

当前时间：2017-11-13 09:10:18,内容:会员343,赠送2017-11-13的积分，消费积分数量-96消费分红积分数量-94.8

当前时间：2017-11-13 09:10:18,内容:会员346,赠送2017-11-13的积分，消费积分数量2.86消费分红积分数量4.46

当前时间：2017-11-13 09:10:18,内容:会员347,赠送2017-11-13的积分，消费积分数量0.2消费分红积分数量0.3

当前时间：2017-11-13 09:10:18,内容:会员349,赠送2017-11-13的积分，消费积分数量-36消费分红积分数量-35.35

当前时间：2017-11-13 09:10:18,内容:会员350,赠送2017-11-13的积分，消费积分数量20.3消费分红积分数量44.5

当前时间：2017-11-13 09:10:19,内容:会员352,赠送2017-11-13的积分，消费积分数量0消费分红积分数量0.095

当前时间：2017-11-13 09:10:19,内容:会员354,赠送2017-11-13的积分，消费积分数量0消费分红积分数量0.14

当前时间：2017-11-13 09:10:19,内容:会员355,赠送2017-11-13的积分，消费积分数量0消费分红积分数量0.05

当前时间：2017-11-13 09:10:19,内容:会员356,赠送2017-11-13的积分，消费积分数量0.26消费分红积分数量5.735

当前时间：2017-11-13 09:10:19,内容:会员358,赠送2017-11-13的积分，消费积分数量1.06消费分红积分数量1.66

当前时间：2017-11-13 09:10:19,内容:会员359,赠送2017-11-13的积分，消费积分数量0消费分红积分数量0.05

当前时间：2017-11-13 09:10:19,内容:会员360,赠送2017-11-13的积分，消费积分数量0消费分红积分数量0.05

当前时间：2017-11-13 09:10:19,内容:会员362,赠送2017-11-13的积分，消费积分数量0消费分红积分数量4.13

当前时间：2017-11-13 09:10:19,内容:会员363,赠送2017-11-13的积分，消费积分数量0消费分红积分数量0.05

当前时间：2017-11-13 09:10:19,内容:会员364,赠送2017-11-13的积分，消费积分数量0消费分红积分数量0.05

当前时间：2017-11-13 09:10:19,内容:会员365,赠送2017-11-13的积分，消费积分数量0消费分红积分数量0.095

当前时间：2017-11-13 09:10:19,内容:会员367,赠送2017-11-13的积分，消费积分数量0消费分红积分数量0.05

当前时间：2017-11-13 09:10:19,内容:会员369,赠送2017-11-13的积分，消费积分数量0消费分红积分数量3.675

当前时间：2017-11-13 09:10:19,内容:会员370,赠送2017-11-13的积分，消费积分数量0消费分红积分数量0.095

当前时间：2017-11-13 09:10:19,内容:会员372,赠送2017-11-13的积分，消费积分数量39.58消费分红积分数量53.03

当前时间：2017-11-13 09:10:19,内容:会员373,赠送2017-11-13的积分，消费积分数量0消费分红积分数量0.05

当前时间：2017-11-13 09:10:19,内容:会员375,赠送2017-11-13的积分，消费积分数量0消费分红积分数量3.855

当前时间：2017-11-13 09:10:19,内容:会员376,赠送2017-11-13的积分，消费积分数量-120消费分红积分数量-115.65

当前时间：2017-11-13 09:10:19,内容:会员377,赠送2017-11-13的积分，消费积分数量1.26消费分红积分数量1.86

当前时间：2017-11-13 09:10:19,内容:会员378,赠送2017-11-13的积分，消费积分数量3.22消费分红积分数量4.87

当前时间：2017-11-13 09:10:19,内容:会员379,赠送2017-11-13的积分，消费积分数量0消费分红积分数量0.05

当前时间：2017-11-13 09:10:19,内容:会员381,赠送2017-11-13的积分，消费积分数量0消费分红积分数量0.1

当前时间：2017-11-13 09:10:19,内容:会员382,赠送2017-11-13的积分，消费积分数量0消费分红积分数量4.25

当前时间：2017-11-13 09:10:19,内容:会员384,赠送2017-11-13的积分，消费积分数量0消费分红积分数量0.05

当前时间：2017-11-13 09:10:19,内容:会员385,赠送2017-11-13的积分，消费积分数量0消费分红积分数量0.05

当前时间：2017-11-13 09:10:19,内容:会员386,赠送2017-11-13的积分，消费积分数量0消费分红积分数量4.345

当前时间：2017-11-13 09:10:19,内容:会员387,赠送2017-11-13的积分，消费积分数量0消费分红积分数量0.245

当前时间：2017-11-13 09:10:19,内容:会员388,赠送2017-11-13的积分，消费积分数量0消费分红积分数量1.385

当前时间：2017-11-13 09:10:19,内容:会员389,赠送2017-11-13的积分，消费积分数量0消费分红积分数量0.85

当前时间：2017-11-13 09:10:19,内容:会员390,赠送2017-11-13的积分，消费积分数量0.34消费分红积分数量3.285

当前时间：2017-11-13 09:10:19,内容:会员392,赠送2017-11-13的积分，消费积分数量0消费分红积分数量0.05

当前时间：2017-11-13 09:10:19,内容:会员393,赠送2017-11-13的积分，消费积分数量0.1消费分红积分数量0.2

当前时间：2017-11-13 09:10:19,内容:会员394,赠送2017-11-13的积分，消费积分数量0消费分红积分数量0.05

当前时间：2017-11-13 09:10:19,内容:会员396,赠送2017-11-13的积分，消费积分数量0消费分红积分数量0.375

当前时间：2017-11-13 09:10:19,内容:会员397,赠送2017-11-13的积分，消费积分数量0消费分红积分数量0.325

当前时间：2017-11-13 09:10:19,内容:会员398,赠送2017-11-13的积分，消费积分数量20.96消费分红积分数量30.96

当前时间：2017-11-13 09:10:19,内容:会员399,赠送2017-11-13的积分，消费积分数量-876消费分红积分数量-875.645

当前时间：2017-11-13 09:10:19,内容:会员401,赠送2017-11-13的积分，消费积分数量0消费分红积分数量4.31

当前时间：2017-11-13 09:10:19,内容:会员402,赠送2017-11-13的积分，消费积分数量0消费分红积分数量1.295

当前时间：2017-11-13 09:10:19,内容:会员403,赠送2017-11-13的积分，消费积分数量0.22消费分红积分数量1.725

当前时间：2017-11-13 09:10:19,内容:会员404,赠送2017-11-13的积分，消费积分数量0消费分红积分数量1.715

当前时间：2017-11-13 09:10:19,内容:会员406,赠送2017-11-13的积分，消费积分数量0消费分红积分数量0.05

当前时间：2017-11-13 09:10:19,内容:会员407,赠送2017-11-13的积分，消费积分数量0消费分红积分数量0.05

当前时间：2017-11-13 09:10:19,内容:会员410,赠送2017-11-13的积分，消费积分数量0消费分红积分数量0.05

当前时间：2017-11-13 09:10:19,内容:会员412,赠送2017-11-13的积分，消费积分数量0消费分红积分数量0.05

当前时间：2017-11-13 09:10:19,内容:会员413,赠送2017-11-13的积分，消费积分数量0消费分红积分数量0.05

当前时间：2017-11-13 09:10:19,内容:会员414,赠送2017-11-13的积分，消费积分数量0消费分红积分数量0.05

当前时间：2017-11-13 09:10:19,内容:会员415,赠送2017-11-13的积分，消费积分数量0消费分红积分数量0.05

当前时间：2017-11-13 09:10:19,内容:会员416,赠送2017-11-13的积分，消费积分数量0消费分红积分数量0.05

当前时间：2017-11-13 09:10:19,内容:会员417,赠送2017-11-13的积分，消费积分数量0消费分红积分数量0.05

当前时间：2017-11-13 09:10:19,内容:会员418,赠送2017-11-13的积分，消费积分数量0消费分红积分数量0.05

当前时间：2017-11-13 09:10:19,内容:会员419,赠送2017-11-13的积分，消费积分数量0消费分红积分数量0.05

当前时间：2017-11-13 09:10:19,内容:会员420,赠送2017-11-13的积分，消费积分数量0.08消费分红积分数量0.185

当前时间：2017-11-13 09:10:19,内容:会员421,赠送2017-11-13的积分，消费积分数量0消费分红积分数量0.05

当前时间：2017-11-13 09:10:19,内容:会员423,赠送2017-11-13的积分，消费积分数量0消费分红积分数量0.05

当前时间：2017-11-13 09:10:19,内容:会员424,赠送2017-11-13的积分，消费积分数量0.3消费分红积分数量0.45

当前时间：2017-11-13 09:10:19,内容:会员425,赠送2017-11-13的积分，消费积分数量0消费分红积分数量0.05

当前时间：2017-11-13 09:10:19,内容:会员426,赠送2017-11-13的积分，消费积分数量0消费分红积分数量0.05

当前时间：2017-11-13 09:10:19,内容:会员427,赠送2017-11-13的积分，消费积分数量0.04消费分红积分数量0.1

当前时间：2017-11-13 09:10:19,内容:会员428,赠送2017-11-13的积分，消费积分数量0消费分红积分数量0.05

当前时间：2017-11-13 09:10:19,内容:会员429,赠送2017-11-13的积分，消费积分数量0消费分红积分数量0.05

当前时间：2017-11-13 09:10:19,内容:会员430,赠送2017-11-13的积分，消费积分数量32.6消费分红积分数量61.785

当前时间：2017-11-13 09:10:19,内容:会员431,赠送2017-11-13的积分，消费积分数量0消费分红积分数量0.05

当前时间：2017-11-13 09:10:19,内容:会员432,赠送2017-11-13的积分，消费积分数量0消费分红积分数量0.05

当前时间：2017-11-13 09:10:19,内容:会员433,赠送2017-11-13的积分，消费积分数量0消费分红积分数量0.05

当前时间：2017-11-13 09:10:19,内容:会员436,赠送2017-11-13的积分，消费积分数量5.06消费分红积分数量6.76

当前时间：2017-11-13 09:10:19,内容:会员437,赠送2017-11-13的积分，消费积分数量7.86消费分红积分数量17.335

当前时间：2017-11-13 09:10:20,内容:会员439,赠送2017-11-13的积分，消费积分数量0.2消费分红积分数量0.5

当前时间：2017-11-13 09:10:20,内容:会员445,赠送2017-11-13的积分，消费积分数量0.12消费分红积分数量0.175

当前时间：2017-11-13 09:10:20,内容:会员446,赠送2017-11-13的积分，消费积分数量0消费分红积分数量0.05

当前时间：2017-11-13 09:10:20,内容:会员448,赠送2017-11-13的积分，消费积分数量0消费分红积分数量0.05

当前时间：2017-11-13 09:10:20,内容:会员449,赠送2017-11-13的积分，消费积分数量0消费分红积分数量0.335

当前时间：2017-11-13 09:10:20,内容:会员451,赠送2017-11-13的积分，消费积分数量0消费分红积分数量0.05

当前时间：2017-11-13 09:10:20,内容:会员452,赠送2017-11-13的积分，消费积分数量0.06消费分红积分数量0.21

当前时间：2017-11-13 09:10:20,内容:会员453,赠送2017-11-13的积分，消费积分数量0消费分红积分数量0.05

当前时间：2017-11-13 09:10:20,内容:会员454,赠送2017-11-13的积分，消费积分数量3.36消费分红积分数量4.925

当前时间：2017-11-13 09:10:20,内容:会员455,赠送2017-11-13的积分，消费积分数量0消费分红积分数量0.05

当前时间：2017-11-13 09:10:20,内容:会员458,赠送2017-11-13的积分，消费积分数量0.46消费分红积分数量5.46

当前时间：2017-11-13 09:10:20,内容:会员459,赠送2017-11-13的积分，消费积分数量12消费分红积分数量18.195

当前时间：2017-11-13 09:10:20,内容:会员461,赠送2017-11-13的积分，消费积分数量0消费分红积分数量3.59

当前时间：2017-11-13 09:10:20,内容:会员462,赠送2017-11-13的积分，消费积分数量0.1消费分红积分数量0.15

当前时间：2017-11-13 09:10:20,内容:会员463,赠送2017-11-13的积分，消费积分数量11.16消费分红积分数量14.36

当前时间：2017-11-13 09:10:20,内容:会员465,赠送2017-11-13的积分，消费积分数量0消费分红积分数量0.05

当前时间：2017-11-13 09:10:20,内容:会员466,赠送2017-11-13的积分，消费积分数量0消费分红积分数量0.05

当前时间：2017-11-13 09:10:20,内容:会员467,赠送2017-11-13的积分，消费积分数量-780消费分红积分数量-779.49

当前时间：2017-11-13 09:10:20,内容:会员468,赠送2017-11-13的积分，消费积分数量0消费分红积分数量1.57

当前时间：2017-11-13 09:10:20,内容:会员469,赠送2017-11-13的积分，消费积分数量0.3消费分红积分数量0.45

当前时间：2017-11-13 09:10:20,内容:会员470,赠送2017-11-13的积分，消费积分数量-48消费分红积分数量-47.395

当前时间：2017-11-13 09:10:20,内容:会员472,赠送2017-11-13的积分，消费积分数量-24消费分红积分数量-23.36

当前时间：2017-11-13 09:10:20,内容:会员473,赠送2017-11-13的积分，消费积分数量-780消费分红积分数量-779.585

当前时间：2017-11-13 09:10:20,内容:会员476,赠送2017-11-13的积分，消费积分数量0.08消费分红积分数量0.185

当前时间：2017-11-13 09:10:20,内容:会员479,赠送2017-11-13的积分，消费积分数量0消费分红积分数量0.05

当前时间：2017-11-13 09:10:20,内容:会员480,赠送2017-11-13的积分，消费积分数量0消费分红积分数量0.245

当前时间：2017-11-13 09:10:20,内容:会员481,赠送2017-11-13的积分，消费积分数量0消费分红积分数量0.05

当前时间：2017-11-13 09:10:20,内容:会员482,赠送2017-11-13的积分，消费积分数量-60消费分红积分数量-59.55

当前时间：2017-11-13 09:10:20,内容:会员484,赠送2017-11-13的积分，消费积分数量0消费分红积分数量0.15

当前时间：2017-11-13 09:10:20,内容:会员485,赠送2017-11-13的积分，消费积分数量0消费分红积分数量0.05

当前时间：2017-11-13 09:10:20,内容:会员487,赠送2017-11-13的积分，消费积分数量0.1消费分红积分数量0.2

当前时间：2017-11-13 09:10:20,内容:会员491,赠送2017-11-13的积分，消费积分数量0.3消费分红积分数量0.45

当前时间：2017-11-13 09:10:20,内容:会员493,赠送2017-11-13的积分，消费积分数量0消费分红积分数量0.05

当前时间：2017-11-13 09:10:20,内容:会员495,赠送2017-11-13的积分，消费积分数量0.3消费分红积分数量0.45

当前时间：2017-11-13 09:10:20,内容:会员497,赠送2017-11-13的积分，消费积分数量1.26消费分红积分数量3.41

当前时间：2017-11-13 09:10:20,内容:会员499,赠送2017-11-13的积分，消费积分数量0.6消费分红积分数量0.8

当前时间：2017-11-13 09:10:20,内容:会员500,赠送2017-11-13的积分，消费积分数量0.16消费分红积分数量0.21

当前时间：2017-11-13 09:10:20,内容:会员501,赠送2017-11-13的积分，消费积分数量0.16消费分红积分数量0.21

当前时间：2017-11-13 09:10:20,内容:会员502,赠送2017-11-13的积分，消费积分数量0.16消费分红积分数量0.21

当前时间：2017-11-13 09:10:20,内容:会员503,赠送2017-11-13的积分，消费积分数量0消费分红积分数量0.2

当前时间：2017-11-13 09:10:20,内容:会员504,赠送2017-11-13的积分，消费积分数量0消费分红积分数量2.255

当前时间：2017-11-13 09:10:20,内容:会员505,赠送2017-11-13的积分，消费积分数量0.16消费分红积分数量0.21

当前时间：2017-11-13 09:10:20,内容:会员506,赠送2017-11-13的积分，消费积分数量0.04消费分红积分数量0.1

当前时间：2017-11-13 09:10:20,内容:会员508,赠送2017-11-13的积分，消费积分数量0.1消费分红积分数量0.2

当前时间：2017-11-13 09:10:20,内容:会员512,赠送2017-11-13的积分，消费积分数量0消费分红积分数量0.54

当前时间：2017-11-13 09:10:20,内容:会员513,赠送2017-11-13的积分，消费积分数量7.36消费分红积分数量15.16

当前时间：2017-11-13 09:10:20,内容:会员514,赠送2017-11-13的积分，消费积分数量0消费分红积分数量0.2

当前时间：2017-11-13 09:10:20,内容:会员515,赠送2017-11-13的积分，消费积分数量0消费分红积分数量0.05

当前时间：2017-11-13 09:10:20,内容:会员517,赠送2017-11-13的积分，消费积分数量-240消费分红积分数量-239

当前时间：2017-11-13 09:10:20,内容:会员521,赠送2017-11-13的积分，消费积分数量4.56消费分红积分数量6.46

当前时间：2017-11-13 09:10:20,内容:会员522,赠送2017-11-13的积分，消费积分数量1.36消费分红积分数量2.11

当前时间：2017-11-13 09:10:20,内容:会员523,赠送2017-11-13的积分，消费积分数量0消费分红积分数量0.05

当前时间：2017-11-13 09:10:20,内容:会员525,赠送2017-11-13的积分，消费积分数量0消费分红积分数量0.05

当前时间：2017-11-13 09:10:20,内容:会员527,赠送2017-11-13的积分，消费积分数量0消费分红积分数量0.05

当前时间：2017-11-13 09:10:20,内容:会员529,赠送2017-11-13的积分，消费积分数量0消费分红积分数量0.05

当前时间：2017-11-13 09:10:20,内容:会员531,赠送2017-11-13的积分，消费积分数量0消费分红积分数量0.1

当前时间：2017-11-13 09:10:20,内容:会员534,赠送2017-11-13的积分，消费积分数量0.34消费分红积分数量0.8

当前时间：2017-11-13 09:10:20,内容:会员536,赠送2017-11-13的积分，消费积分数量2.38消费分红积分数量8.01

当前时间：2017-11-13 09:10:20,内容:会员537,赠送2017-11-13的积分，消费积分数量0消费分红积分数量0.2

当前时间：2017-11-13 09:10:20,内容:会员538,赠送2017-11-13的积分，消费积分数量0消费分红积分数量0.05

当前时间：2017-11-13 09:10:20,内容:会员539,赠送2017-11-13的积分，消费积分数量20.16消费分红积分数量32.96

当前时间：2017-11-13 09:10:20,内容:会员540,赠送2017-11-13的积分，消费积分数量0消费分红积分数量0.5

当前时间：2017-11-13 09:10:20,内容:会员541,赠送2017-11-13的积分，消费积分数量0消费分红积分数量4.75

当前时间：2017-11-13 09:10:20,内容:会员542,赠送2017-11-13的积分，消费积分数量0.16消费分红积分数量0.21

当前时间：2017-11-13 09:10:20,内容:会员543,赠送2017-11-13的积分，消费积分数量0.16消费分红积分数量0.21

当前时间：2017-11-13 09:10:21,内容:会员545,赠送2017-11-13的积分，消费积分数量0.16消费分红积分数量0.21

当前时间：2017-11-13 09:10:21,内容:会员546,赠送2017-11-13的积分，消费积分数量0.1消费分红积分数量0.15

当前时间：2017-11-13 09:10:21,内容:会员547,赠送2017-11-13的积分，消费积分数量0.1消费分红积分数量0.15

当前时间：2017-11-13 09:10:21,内容:会员548,赠送2017-11-13的积分，消费积分数量0.42消费分红积分数量0.575

当前时间：2017-11-13 09:10:21,内容:会员549,赠送2017-11-13的积分，消费积分数量0.1消费分红积分数量0.2

当前时间：2017-11-13 09:10:21,内容:会员550,赠送2017-11-13的积分，消费积分数量0.14消费分红积分数量0.325

当前时间：2017-11-13 09:10:21,内容:会员551,赠送2017-11-13的积分，消费积分数量0.1消费分红积分数量0.15

当前时间：2017-11-13 09:10:21,内容:会员552,赠送2017-11-13的积分，消费积分数量0.16消费分红积分数量0.21

当前时间：2017-11-13 09:10:21,内容:会员553,赠送2017-11-13的积分，消费积分数量-72消费分红积分数量-71.64

当前时间：2017-11-13 09:10:21,内容:会员554,赠送2017-11-13的积分，消费积分数量0.1消费分红积分数量0.15

当前时间：2017-11-13 09:10:21,内容:会员555,赠送2017-11-13的积分，消费积分数量0消费分红积分数量4.435

当前时间：2017-11-13 09:10:21,内容:会员558,赠送2017-11-13的积分，消费积分数量0.06消费分红积分数量10.21

当前时间：2017-11-13 09:10:21,内容:会员559,赠送2017-11-13的积分，消费积分数量-24消费分红积分数量-23.495

当前时间：2017-11-13 09:10:21,内容:会员562,赠送2017-11-13的积分，消费积分数量0.18消费分红积分数量0.235

当前时间：2017-11-13 09:10:21,内容:会员568,赠送2017-11-13的积分，消费积分数量0.1消费分红积分数量0.15

当前时间：2017-11-13 09:10:21,内容:会员571,赠送2017-11-13的积分，消费积分数量1.26消费分红积分数量1.96

当前时间：2017-11-13 09:10:21,内容:会员573,赠送2017-11-13的积分，消费积分数量0.16消费分红积分数量0.21

当前时间：2017-11-13 09:10:21,内容:会员574,赠送2017-11-13的积分，消费积分数量0消费分红积分数量1.295

当前时间：2017-11-13 09:10:21,内容:会员575,赠送2017-11-13的积分，消费积分数量0.04消费分红积分数量0.15

当前时间：2017-11-13 09:10:21,内容:会员576,赠送2017-11-13的积分，消费积分数量0.2消费分红积分数量0.3

当前时间：2017-11-13 09:10:21,内容:会员577,赠送2017-11-13的积分，消费积分数量0.1消费分红积分数量0.15

当前时间：2017-11-13 09:10:21,内容:会员578,赠送2017-11-13的积分，消费积分数量0.2消费分红积分数量0.3

当前时间：2017-11-13 09:10:21,内容:会员579,赠送2017-11-13的积分，消费积分数量0.2消费分红积分数量0.3

当前时间：2017-11-13 09:10:21,内容:会员580,赠送2017-11-13的积分，消费积分数量0.04消费分红积分数量0.11

当前时间：2017-11-13 09:10:21,内容:会员583,赠送2017-11-13的积分，消费积分数量0.1消费分红积分数量0.15

当前时间：2017-11-13 09:10:21,内容:会员584,赠送2017-11-13的积分，消费积分数量0.12消费分红积分数量0.175

当前时间：2017-11-13 09:10:21,内容:会员587,赠送2017-11-13的积分，消费积分数量0.12消费分红积分数量0.235

当前时间：2017-11-13 09:10:21,内容:会员588,赠送2017-11-13的积分，消费积分数量0.12消费分红积分数量0.175

当前时间：2017-11-13 09:10:21,内容:会员589,赠送2017-11-13的积分，消费积分数量0.04消费分红积分数量0.1

当前时间：2017-11-13 09:10:21,内容:会员590,赠送2017-11-13的积分，消费积分数量0.1消费分红积分数量0.15

当前时间：2017-11-13 09:10:21,内容:会员591,赠送2017-11-13的积分，消费积分数量0.1消费分红积分数量0.15

当前时间：2017-11-13 09:10:21,内容:会员592,赠送2017-11-13的积分，消费积分数量0.12消费分红积分数量0.175

当前时间：2017-11-13 09:10:21,内容:会员595,赠送2017-11-13的积分，消费积分数量0.42消费分红积分数量0.55

当前时间：2017-11-13 09:10:21,内容:会员600,赠送2017-11-13的积分，消费积分数量0.1消费分红积分数量0.15

当前时间：2017-11-13 09:10:21,内容:会员602,赠送2017-11-13的积分，消费积分数量0.1消费分红积分数量0.15

当前时间：2017-11-13 09:10:21,内容:会员605,赠送2017-11-13的积分，消费积分数量0.1消费分红积分数量0.15

当前时间：2017-11-13 09:10:21,内容:会员606,赠送2017-11-13的积分，消费积分数量0.04消费分红积分数量0.05

当前时间：2017-11-13 09:10:21,内容:会员608,赠送2017-11-13的积分，消费积分数量0.1消费分红积分数量0.15

当前时间：2017-11-13 09:10:21,内容:会员612,赠送2017-11-13的积分，消费积分数量0.2消费分红积分数量0.25

当前时间：2017-11-13 09:10:21,内容:会员613,赠送2017-11-13的积分，消费积分数量0.1消费分红积分数量0.15

当前时间：2017-11-13 09:10:21,内容:会员614,赠送2017-11-13的积分，消费积分数量0.2消费分红积分数量0.25

当前时间：2017-11-13 09:10:21,内容:会员615,赠送2017-11-13的积分，消费积分数量0.16消费分红积分数量0.21

当前时间：2017-11-13 09:10:21,内容:会员644,赠送2017-11-13的积分，消费积分数量0.16消费分红积分数量0.21

当前时间：2017-11-13 09:10:21,内容:会员647,赠送2017-11-13的积分，消费积分数量0.16消费分红积分数量0.21

当前时间：2017-11-13 09:10:21,内容:会员648,赠送2017-11-13的积分，消费积分数量0.16消费分红积分数量0.21

当前时间：2017-11-13 09:10:21,内容:会员652,赠送2017-11-13的积分，消费积分数量0.16消费分红积分数量0.21

当前时间：2017-11-13 09:10:21,内容:会员659,赠送2017-11-13的积分，消费积分数量0.3消费分红积分数量0.45

当前时间：2017-11-13 09:10:21,内容:会员666,赠送2017-11-13的积分，消费积分数量0.16消费分红积分数量0.21

当前时间：2017-11-13 09:10:21,内容:会员673,赠送2017-11-13的积分，消费积分数量0.1消费分红积分数量0.125

当前时间：2017-11-13 09:10:21,内容:会员675,赠送2017-11-13的积分，消费积分数量0.16消费分红积分数量0.21

当前时间：2017-11-13 09:10:21,内容:会员677,赠送2017-11-13的积分，消费积分数量0.16消费分红积分数量0.21

当前时间：2017-11-13 09:10:21,内容:会员685,赠送2017-11-13的积分，消费积分数量0.3消费分红积分数量0.45

当前时间：2017-11-13 09:10:21,内容:会员688,赠送2017-11-13的积分，消费积分数量0.3消费分红积分数量0.45

当前时间：2017-11-13 09:10:21,内容:会员689,赠送2017-11-13的积分，消费积分数量0.3消费分红积分数量0.45

当前时间：2017-11-13 09:10:21,内容:会员691,赠送2017-11-13的积分，消费积分数量0.3消费分红积分数量0.45

当前时间：2017-11-13 09:10:21,内容:会员695,赠送2017-11-13的积分，消费积分数量0.16消费分红积分数量0.21

当前时间：2017-11-13 09:10:21,内容:会员717,赠送2017-11-13的积分，消费积分数量0.8消费分红积分数量1.2

当前时间：2017-11-13 09:10:21,内容:会员720,赠送2017-11-13的积分，消费积分数量0.1消费分红积分数量0.15

当前时间：2017-11-13 09:10:21,内容:会员721,赠送2017-11-13的积分，消费积分数量0.1消费分红积分数量0.15

当前时间：2017-11-13 09:10:21,内容:会员723,赠送2017-11-13的积分，消费积分数量0.12消费分红积分数量0.175

当前时间：2017-11-13 09:10:21,内容:会员726,赠送2017-11-13的积分，消费积分数量0.1消费分红积分数量0.15

当前时间：2017-11-13 09:10:21,内容:会员727,赠送2017-11-13的积分，消费积分数量0.1消费分红积分数量0.15

当前时间：2017-11-13 09:10:21,内容:会员728,赠送2017-11-13的积分，消费积分数量0.1消费分红积分数量0.15

当前时间：2017-11-13 09:10:21,内容:会员729,赠送2017-11-13的积分，消费积分数量0.3消费分红积分数量0.45

当前时间：2017-11-13 09:10:21,内容:会员731,赠送2017-11-13的积分，消费积分数量0.04消费分红积分数量0.1

当前时间：2017-11-13 09:10:22,内容:会员733,赠送2017-11-13的积分，消费积分数量0.1消费分红积分数量0.15

当前时间：2017-11-13 09:10:22,内容:会员734,赠送2017-11-13的积分，消费积分数量0.12消费分红积分数量0.175

当前时间：2017-11-13 09:10:22,内容:会员736,赠送2017-11-13的积分，消费积分数量0.12消费分红积分数量0.175

当前时间：2017-11-13 09:10:22,内容:会员739,赠送2017-11-13的积分，消费积分数量0.4消费分红积分数量0.6

当前时间：2017-11-13 09:10:22,内容:会员740,赠送2017-11-13的积分，消费积分数量0.1消费分红积分数量0.15

当前时间：2017-11-13 09:10:22,内容:会员742,赠送2017-11-13的积分，消费积分数量0.1消费分红积分数量0.15

当前时间：2017-11-13 09:10:22,内容:会员743,赠送2017-11-13的积分，消费积分数量0.2消费分红积分数量0.3

当前时间：2017-11-13 09:10:22,内容:会员748,赠送2017-11-13的积分，消费积分数量0.02消费分红积分数量0.025

当前时间：2017-11-13 09:10:22,内容:会员753,赠送2017-11-13的积分，消费积分数量0.3消费分红积分数量0.45

当前时间：2017-11-13 09:10:22,内容:会员754,赠送2017-11-13的积分，消费积分数量0.3消费分红积分数量0.45

当前时间：2017-11-13 09:10:22,内容:会员755,赠送2017-11-13的积分，消费积分数量0.3消费分红积分数量0.45

当前时间：2017-11-13 09:10:22,内容:会员756,赠送2017-11-13的积分，消费积分数量0.3消费分红积分数量0.45

当前时间：2017-11-13 09:10:22,内容:会员757,赠送2017-11-13的积分，消费积分数量4.56消费分红积分数量6.96

当前时间：2017-11-13 09:10:22,内容:会员762,赠送2017-11-13的积分，消费积分数量0.2消费分红积分数量0.25

当前时间：2017-11-13 09:10:22,内容:会员771,赠送2017-11-13的积分，消费积分数量0.04消费分红积分数量0.05

当前时间：2017-11-13 09:10:22,内容:会员772,赠送2017-11-13的积分，消费积分数量0.02消费分红积分数量0.025

当前时间：2017-11-13 09:10:22,内容:会员773,赠送2017-11-13的积分，消费积分数量0.02消费分红积分数量0.025

当前时间：2017-11-13 09:10:22,内容:会员775,赠送2017-11-13的积分，消费积分数量0.02消费分红积分数量0.025

当前时间：2017-11-13 09:10:22,内容:会员776,赠送2017-11-13的积分，消费积分数量0.04消费分红积分数量0.05

当前时间：2017-11-13 09:10:22,内容:会员778,赠送2017-11-13的积分，消费积分数量0.16消费分红积分数量0.21

当前时间：2017-11-13 09:10:22,内容:会员779,赠送2017-11-13的积分，消费积分数量0.16消费分红积分数量0.21

当前时间：2017-11-13 09:10:22,内容:会员780,赠送2017-11-13的积分，消费积分数量0.16消费分红积分数量0.21

当前时间：2017-11-13 09:10:22,内容:会员781,赠送2017-11-13的积分，消费积分数量0.16消费分红积分数量0.21

当前时间：2017-11-13 09:10:22,内容:会员782,赠送2017-11-13的积分，消费积分数量0.16消费分红积分数量0.21

当前时间：2017-11-13 09:10:22,内容:会员783,赠送2017-11-13的积分，消费积分数量0.16消费分红积分数量0.21

当前时间：2017-11-13 09:10:22,内容:会员784,赠送2017-11-13的积分，消费积分数量0.16消费分红积分数量0.21

当前时间：2017-11-13 09:10:22,内容:会员785,赠送2017-11-13的积分，消费积分数量0.16消费分红积分数量0.21

当前时间：2017-11-13 09:10:22,内容:会员786,赠送2017-11-13的积分，消费积分数量0.16消费分红积分数量0.21

当前时间：2017-11-13 09:10:22,内容:会员787,赠送2017-11-13的积分，消费积分数量0.46消费分红积分数量0.61

当前时间：2017-11-13 09:10:22,内容:会员788,赠送2017-11-13的积分，消费积分数量0.16消费分红积分数量0.21

当前时间：2017-11-13 09:10:22,内容:会员789,赠送2017-11-13的积分，消费积分数量0.16消费分红积分数量0.21

当前时间：2017-11-13 09:10:22,内容:会员790,赠送2017-11-13的积分，消费积分数量0.16消费分红积分数量0.21

当前时间：2017-11-13 09:10:22,内容:会员791,赠送2017-11-13的积分，消费积分数量0.16消费分红积分数量0.21

当前时间：2017-11-13 09:10:22,内容:会员792,赠送2017-11-13的积分，消费积分数量7.8消费分红积分数量22.05

当前时间：2017-11-13 09:10:22,内容:会员793,赠送2017-11-13的积分，消费积分数量104.56消费分红积分数量138.81

当前时间：2017-11-13 09:10:22,内容:会员794,赠送2017-11-13的积分，消费积分数量0.46消费分红积分数量0.61

当前时间：2017-11-13 09:10:22,内容:会员795,赠送2017-11-13的积分，消费积分数量0.16消费分红积分数量0.21

当前时间：2017-11-13 09:10:22,内容:会员796,赠送2017-11-13的积分，消费积分数量0.16消费分红积分数量0.21

当前时间：2017-11-13 09:10:22,内容:会员797,赠送2017-11-13的积分，消费积分数量0.16消费分红积分数量0.21

当前时间：2017-11-13 09:10:22,内容:会员799,赠送2017-11-13的积分，消费积分数量0.16消费分红积分数量0.21

当前时间：2017-11-13 09:10:22,内容:会员800,赠送2017-11-13的积分，消费积分数量0.16消费分红积分数量0.21

当前时间：2017-11-13 09:10:22,内容:会员801,赠送2017-11-13的积分，消费积分数量0.16消费分红积分数量0.21

当前时间：2017-11-13 09:10:22,内容:会员802,赠送2017-11-13的积分，消费积分数量0.16消费分红积分数量0.21

当前时间：2017-11-13 09:10:22,内容:会员803,赠送2017-11-13的积分，消费积分数量0.16消费分红积分数量0.21

当前时间：2017-11-13 09:10:22,内容:会员804,赠送2017-11-13的积分，消费积分数量0.56消费分红积分数量0.76

当前时间：2017-11-13 09:10:22,内容:会员806,赠送2017-11-13的积分，消费积分数量0.3消费分红积分数量0.4

当前时间：2017-11-13 09:10:22,内容:会员807,赠送2017-11-13的积分，消费积分数量0.02消费分红积分数量0.025

当前时间：2017-11-13 09:10:22,内容:会员808,赠送2017-11-13的积分，消费积分数量0.02消费分红积分数量0.025

当前时间：2017-11-13 09:10:22,内容:会员812,赠送2017-11-13的积分，消费积分数量0.02消费分红积分数量0.025

当前时间：2017-11-13 09:10:22,内容:会员813,赠送2017-11-13的积分，消费积分数量0.02消费分红积分数量0.025

当前时间：2017-11-13 09:10:22,内容:会员814,赠送2017-11-13的积分，消费积分数量0.16消费分红积分数量0.21

当前时间：2017-11-13 09:10:22,内容:会员815,赠送2017-11-13的积分，消费积分数量0.16消费分红积分数量0.21

当前时间：2017-11-13 09:10:22,内容:会员816,赠送2017-11-13的积分，消费积分数量0.16消费分红积分数量0.21

当前时间：2017-11-13 09:10:22,内容:会员817,赠送2017-11-13的积分，消费积分数量0.16消费分红积分数量0.21

当前时间：2017-11-13 09:10:22,内容:会员818,赠送2017-11-13的积分，消费积分数量0.3消费分红积分数量0.4

当前时间：2017-11-13 09:10:22,内容:会员819,赠送2017-11-13的积分，消费积分数量0.16消费分红积分数量0.21

当前时间：2017-11-13 09:10:22,内容:会员820,赠送2017-11-13的积分，消费积分数量0.16消费分红积分数量0.21

当前时间：2017-11-13 09:10:22,内容:会员821,赠送2017-11-13的积分，消费积分数量0.16消费分红积分数量0.21

当前时间：2017-11-13 09:10:22,内容:会员823,赠送2017-11-13的积分，消费积分数量0.16消费分红积分数量0.21

当前时间：2017-11-13 09:10:22,内容:会员824,赠送2017-11-13的积分，消费积分数量0.16消费分红积分数量0.21

当前时间：2017-11-13 09:10:22,内容:会员825,赠送2017-11-13的积分，消费积分数量0.16消费分红积分数量0.21

当前时间：2017-11-13 09:10:22,内容:会员826,赠送2017-11-13的积分，消费积分数量0.16消费分红积分数量0.21

当前时间：2017-11-13 09:10:22,内容:会员827,赠送2017-11-13的积分，消费积分数量0.16消费分红积分数量0.21

当前时间：2017-11-13 09:10:22,内容:会员828,赠送2017-11-13的积分，消费积分数量0.16消费分红积分数量0.21

当前时间：2017-11-13 09:10:22,内容:会员829,赠送2017-11-13的积分，消费积分数量0.16消费分红积分数量0.21

当前时间：2017-11-13 09:10:23,内容:会员836,赠送2017-11-13的积分，消费积分数量0.2消费分红积分数量0.25

当前时间：2017-11-13 09:10:23,内容:会员841,赠送2017-11-13的积分，消费积分数量0.2消费分红积分数量0.25

当前时间：2017-11-13 09:10:23,内容:会员843,赠送2017-11-13的积分，消费积分数量0.2消费分红积分数量0.25

当前时间：2017-11-13 09:10:23,内容:会员844,赠送2017-11-13的积分，消费积分数量0.2消费分红积分数量0.25

当前时间：2017-11-13 09:10:23,内容:会员845,赠送2017-11-13的积分，消费积分数量0.2消费分红积分数量0.25

当前时间：2017-11-13 09:10:23,内容:会员846,赠送2017-11-13的积分，消费积分数量0.2消费分红积分数量0.25

当前时间：2017-11-13 09:10:23,内容:会员847,赠送2017-11-13的积分，消费积分数量1.5消费分红积分数量1.95

当前时间：2017-11-13 09:10:23,内容:会员848,赠送2017-11-13的积分，消费积分数量0.2消费分红积分数量0.25

当前时间：2017-11-13 09:10:23,内容:会员851,赠送2017-11-13的积分，消费积分数量0.76消费分红积分数量1.36

当前时间：2017-11-13 09:10:23,内容:日期2017-11-13任务执行完毕

当前时间：2017-11-13 09:13:28,内容:当前任务执行时间：2017-11-13 09:13:28,任务计划开始执行时间：2017-11-12 17:00:00
当前时间：2017-11-13 09:13:28,内容:执行这个,任务执行时间：2017-11-12 17:00:00
当前时间：2017-11-13 09:13:28,内容:任务开始执行
当前时间：2017-11-13 09:13:28,内容:当前赠送积分数值:0.05

当前时间：2017-11-13 09:13:28,内容:会员195,赠送2017-11-13的积分，消费积分数量1.5消费分红积分数量2.35

当前时间：2017-11-13 09:13:28,内容:会员199,赠送2017-11-13的积分，消费积分数量4.14消费分红积分数量6.36

当前时间：2017-11-13 09:13:28,内容:会员200,赠送2017-11-13的积分，消费积分数量0消费分红积分数量0.45

当前时间：2017-11-13 09:13:28,内容:会员206,赠送2017-11-13的积分，消费积分数量66.9消费分红积分数量95.685

当前时间：2017-11-13 09:13:28,内容:会员207,赠送2017-11-13的积分，消费积分数量149.8消费分红积分数量224.835

当前时间：2017-11-13 09:13:28,内容:会员208,赠送2017-11-13的积分，消费积分数量0消费分红积分数量0.2

当前时间：2017-11-13 09:13:28,内容:会员209,赠送2017-11-13的积分，消费积分数量0消费分红积分数量1.35

当前时间：2017-11-13 09:13:28,内容:会员211,赠送2017-11-13的积分，消费积分数量0消费分红积分数量0.455

当前时间：2017-11-13 09:13:28,内容:会员212,赠送2017-11-13的积分，消费积分数量2.22消费分红积分数量9.41

当前时间：2017-11-13 09:13:28,内容:会员214,赠送2017-11-13的积分，消费积分数量0消费分红积分数量0.25

当前时间：2017-11-13 09:13:28,内容:会员216,赠送2017-11-13的积分，消费积分数量0消费分红积分数量0.99

当前时间：2017-11-13 09:13:28,内容:会员217,赠送2017-11-13的积分，消费积分数量0.3消费分红积分数量0.4

当前时间：2017-11-13 09:13:28,内容:会员218,赠送2017-11-13的积分，消费积分数量0消费分红积分数量0.3

当前时间：2017-11-13 09:13:28,内容:会员219,赠送2017-11-13的积分，消费积分数量-36消费分红积分数量-31.75

当前时间：2017-11-13 09:13:28,内容:会员220,赠送2017-11-13的积分，消费积分数量0消费分红积分数量0.35

当前时间：2017-11-13 09:13:28,内容:会员221,赠送2017-11-13的积分，消费积分数量15.06消费分红积分数量28.425

当前时间：2017-11-13 09:13:28,内容:会员222,赠送2017-11-13的积分，消费积分数量0消费分红积分数量0.15

当前时间：2017-11-13 09:13:28,内容:会员223,赠送2017-11-13的积分，消费积分数量21.76消费分红积分数量32.055

当前时间：2017-11-13 09:13:28,内容:会员224,赠送2017-11-13的积分，消费积分数量0消费分红积分数量3.9

当前时间：2017-11-13 09:13:28,内容:会员225,赠送2017-11-13的积分，消费积分数量0消费分红积分数量0.15

当前时间：2017-11-13 09:13:28,内容:会员226,赠送2017-11-13的积分，消费积分数量0消费分红积分数量0.2

当前时间：2017-11-13 09:13:28,内容:会员227,赠送2017-11-13的积分，消费积分数量0消费分红积分数量0.15

当前时间：2017-11-13 09:13:28,内容:会员228,赠送2017-11-13的积分，消费积分数量4.46消费分红积分数量10.91

当前时间：2017-11-13 09:13:28,内容:会员229,赠送2017-11-13的积分，消费积分数量3.72消费分红积分数量8.325

当前时间：2017-11-13 09:13:28,内容:会员230,赠送2017-11-13的积分，消费积分数量0.54消费分红积分数量2.81

当前时间：2017-11-13 09:13:28,内容:会员231,赠送2017-11-13的积分，消费积分数量0消费分红积分数量0.45

当前时间：2017-11-13 09:13:28,内容:会员232,赠送2017-11-13的积分，消费积分数量0消费分红积分数量0.2

当前时间：2017-11-13 09:13:28,内容:会员233,赠送2017-11-13的积分，消费积分数量0消费分红积分数量0.25

当前时间：2017-11-13 09:13:28,内容:会员234,赠送2017-11-13的积分，消费积分数量0消费分红积分数量0.1

当前时间：2017-11-13 09:13:28,内容:会员235,赠送2017-11-13的积分，消费积分数量0.1消费分红积分数量0.2

当前时间：2017-11-13 09:13:28,内容:会员236,赠送2017-11-13的积分，消费积分数量0消费分红积分数量0.1

当前时间：2017-11-13 09:13:28,内容:会员237,赠送2017-11-13的积分，消费积分数量0.06消费分红积分数量2.21

当前时间：2017-11-13 09:13:28,内容:会员239,赠送2017-11-13的积分，消费积分数量0.2消费分红积分数量2.81

当前时间：2017-11-13 09:13:28,内容:会员241,赠送2017-11-13的积分，消费积分数量0.3消费分红积分数量0.45

当前时间：2017-11-13 09:13:28,内容:会员242,赠送2017-11-13的积分，消费积分数量0.3消费分红积分数量0.45

当前时间：2017-11-13 09:13:28,内容:会员243,赠送2017-11-13的积分，消费积分数量0消费分红积分数量0.1

当前时间：2017-11-13 09:13:28,内容:会员244,赠送2017-11-13的积分，消费积分数量0消费分红积分数量0.1

当前时间：2017-11-13 09:13:28,内容:会员245,赠送2017-11-13的积分，消费积分数量0.1消费分红积分数量0.2

当前时间：2017-11-13 09:13:28,内容:会员246,赠送2017-11-13的积分，消费积分数量24.16消费分红积分数量34.71

当前时间：2017-11-13 09:13:28,内容:会员247,赠送2017-11-13的积分，消费积分数量0.1消费分红积分数量0.2

当前时间：2017-11-13 09:13:28,内容:会员248,赠送2017-11-13的积分，消费积分数量0消费分红积分数量0.1

当前时间：2017-11-13 09:13:28,内容:会员249,赠送2017-11-13的积分，消费积分数量0消费分红积分数量0.04

当前时间：2017-11-13 09:13:28,内容:会员250,赠送2017-11-13的积分，消费积分数量0.1消费分红积分数量0.2

当前时间：2017-11-13 09:13:28,内容:会员251,赠送2017-11-13的积分，消费积分数量0.1消费分红积分数量0.2

当前时间：2017-11-13 09:13:28,内容:会员252,赠送2017-11-13的积分，消费积分数量0消费分红积分数量0.1

当前时间：2017-11-13 09:13:28,内容:会员253,赠送2017-11-13的积分，消费积分数量0.1消费分红积分数量0.2

当前时间：2017-11-13 09:13:28,内容:会员254,赠送2017-11-13的积分，消费积分数量0.1消费分红积分数量0.2

当前时间：2017-11-13 09:13:28,内容:会员255,赠送2017-11-13的积分，消费积分数量0.1消费分红积分数量0.2

当前时间：2017-11-13 09:13:28,内容:会员256,赠送2017-11-13的积分，消费积分数量0消费分红积分数量0.1

当前时间：2017-11-13 09:13:28,内容:会员257,赠送2017-11-13的积分，消费积分数量0.1消费分红积分数量0.2

当前时间：2017-11-13 09:13:28,内容:会员258,赠送2017-11-13的积分，消费积分数量0消费分红积分数量0.1

当前时间：2017-11-13 09:13:28,内容:会员259,赠送2017-11-13的积分，消费积分数量0.06消费分红积分数量0.16

当前时间：2017-11-13 09:13:28,内容:会员260,赠送2017-11-13的积分，消费积分数量0消费分红积分数量0.1

当前时间：2017-11-13 09:13:28,内容:会员261,赠送2017-11-13的积分，消费积分数量0消费分红积分数量0.1

当前时间：2017-11-13 09:13:28,内容:会员262,赠送2017-11-13的积分，消费积分数量0.1消费分红积分数量0.2

当前时间：2017-11-13 09:13:28,内容:会员263,赠送2017-11-13的积分，消费积分数量0消费分红积分数量0.1

当前时间：2017-11-13 09:13:28,内容:会员264,赠送2017-11-13的积分，消费积分数量0.1消费分红积分数量0.2

当前时间：2017-11-13 09:13:28,内容:会员265,赠送2017-11-13的积分，消费积分数量0消费分红积分数量0.1

当前时间：2017-11-13 09:13:28,内容:会员266,赠送2017-11-13的积分，消费积分数量0消费分红积分数量0.1

当前时间：2017-11-13 09:13:28,内容:会员267,赠送2017-11-13的积分，消费积分数量0.1消费分红积分数量0.2

当前时间：2017-11-13 09:13:28,内容:会员268,赠送2017-11-13的积分，消费积分数量0消费分红积分数量0.05

当前时间：2017-11-13 09:13:28,内容:会员269,赠送2017-11-13的积分，消费积分数量0.1消费分红积分数量0.2

当前时间：2017-11-13 09:13:28,内容:会员270,赠送2017-11-13的积分，消费积分数量0消费分红积分数量0.1

当前时间：2017-11-13 09:13:28,内容:会员271,赠送2017-11-13的积分，消费积分数量0消费分红积分数量0.1

当前时间：2017-11-13 09:13:28,内容:会员272,赠送2017-11-13的积分，消费积分数量0.1消费分红积分数量0.2

当前时间：2017-11-13 09:13:28,内容:会员273,赠送2017-11-13的积分，消费积分数量0消费分红积分数量0.1

当前时间：2017-11-13 09:13:28,内容:会员274,赠送2017-11-13的积分，消费积分数量5.6消费分红积分数量10.05

当前时间：2017-11-13 09:13:28,内容:会员275,赠送2017-11-13的积分，消费积分数量0消费分红积分数量0.15

当前时间：2017-11-13 09:13:28,内容:会员276,赠送2017-11-13的积分，消费积分数量0.1消费分红积分数量0.2

当前时间：2017-11-13 09:13:28,内容:会员278,赠送2017-11-13的积分，消费积分数量0消费分红积分数量0.05

当前时间：2017-11-13 09:13:28,内容:会员279,赠送2017-11-13的积分，消费积分数量0.46消费分红积分数量4.91

当前时间：2017-11-13 09:13:28,内容:会员280,赠送2017-11-13的积分，消费积分数量0消费分红积分数量0.9

当前时间：2017-11-13 09:13:28,内容:会员281,赠送2017-11-13的积分，消费积分数量0消费分红积分数量0.2

当前时间：2017-11-13 09:13:28,内容:会员282,赠送2017-11-13的积分，消费积分数量0消费分红积分数量0.2

当前时间：2017-11-13 09:13:28,内容:会员283,赠送2017-11-13的积分，消费积分数量16.9消费分红积分数量25.15

当前时间：2017-11-13 09:13:28,内容:会员284,赠送2017-11-13的积分，消费积分数量-24消费分红积分数量-19.65

当前时间：2017-11-13 09:13:28,内容:会员285,赠送2017-11-13的积分，消费积分数量24.5消费分红积分数量38.45

当前时间：2017-11-13 09:13:28,内容:会员286,赠送2017-11-13的积分，消费积分数量0消费分红积分数量0.15

当前时间：2017-11-13 09:13:28,内容:会员287,赠送2017-11-13的积分，消费积分数量0消费分红积分数量0.1

当前时间：2017-11-13 09:13:29,内容:会员289,赠送2017-11-13的积分，消费积分数量0消费分红积分数量0.1

当前时间：2017-11-13 09:13:29,内容:会员292,赠送2017-11-13的积分，消费积分数量0.3消费分红积分数量0.45

当前时间：2017-11-13 09:13:29,内容:会员296,赠送2017-11-13的积分，消费积分数量61.6消费分红积分数量86.25

当前时间：2017-11-13 09:13:29,内容:会员297,赠送2017-11-13的积分，消费积分数量0消费分红积分数量0.1

当前时间：2017-11-13 09:13:29,内容:会员298,赠送2017-11-13的积分，消费积分数量2.76消费分红积分数量6.66

当前时间：2017-11-13 09:13:29,内容:会员300,赠送2017-11-13的积分，消费积分数量0消费分红积分数量2.89

当前时间：2017-11-13 09:13:29,内容:会员301,赠送2017-11-13的积分，消费积分数量0消费分红积分数量0.1

当前时间：2017-11-13 09:13:29,内容:会员302,赠送2017-11-13的积分，消费积分数量0消费分红积分数量0.05

当前时间：2017-11-13 09:13:29,内容:会员303,赠送2017-11-13的积分，消费积分数量0消费分红积分数量0.05

当前时间：2017-11-13 09:13:29,内容:会员304,赠送2017-11-13的积分，消费积分数量0.1消费分红积分数量0.2

当前时间：2017-11-13 09:13:29,内容:会员305,赠送2017-11-13的积分，消费积分数量0消费分红积分数量0.1

当前时间：2017-11-13 09:13:29,内容:会员306,赠送2017-11-13的积分，消费积分数量0消费分红积分数量0.3

当前时间：2017-11-13 09:13:29,内容:会员307,赠送2017-11-13的积分，消费积分数量0消费分红积分数量3.72

当前时间：2017-11-13 09:13:29,内容:会员308,赠送2017-11-13的积分，消费积分数量72.36消费分红积分数量145.01

当前时间：2017-11-13 09:13:29,内容:会员311,赠送2017-11-13的积分，消费积分数量0消费分红积分数量0.05

当前时间：2017-11-13 09:13:29,内容:会员312,赠送2017-11-13的积分，消费积分数量0消费分红积分数量0.8

当前时间：2017-11-13 09:13:29,内容:会员313,赠送2017-11-13的积分，消费积分数量0消费分红积分数量0.245

当前时间：2017-11-13 09:13:29,内容:会员314,赠送2017-11-13的积分，消费积分数量0消费分红积分数量0.455

当前时间：2017-11-13 09:13:29,内容:会员317,赠送2017-11-13的积分，消费积分数量0消费分红积分数量0.095

当前时间：2017-11-13 09:13:29,内容:会员319,赠送2017-11-13的积分，消费积分数量0消费分红积分数量0.23

当前时间：2017-11-13 09:13:29,内容:会员320,赠送2017-11-13的积分，消费积分数量0消费分红积分数量0.3

当前时间：2017-11-13 09:13:29,内容:会员321,赠送2017-11-13的积分，消费积分数量0消费分红积分数量3.91

当前时间：2017-11-13 09:13:29,内容:会员322,赠送2017-11-13的积分，消费积分数量3.46消费分红积分数量5.46

当前时间：2017-11-13 09:13:29,内容:会员326,赠送2017-11-13的积分，消费积分数量0消费分红积分数量0.095

当前时间：2017-11-13 09:13:29,内容:会员327,赠送2017-11-13的积分，消费积分数量2.34消费分红积分数量3.25

当前时间：2017-11-13 09:13:29,内容:会员331,赠送2017-11-13的积分，消费积分数量0消费分红积分数量2.5

当前时间：2017-11-13 09:13:29,内容:会员332,赠送2017-11-13的积分，消费积分数量30.4消费分红积分数量54.3

当前时间：2017-11-13 09:13:29,内容:会员333,赠送2017-11-13的积分，消费积分数量0消费分红积分数量0.05

当前时间：2017-11-13 09:13:29,内容:会员334,赠送2017-11-13的积分，消费积分数量0消费分红积分数量0.14

当前时间：2017-11-13 09:13:29,内容:会员340,赠送2017-11-13的积分，消费积分数量5.62消费分红积分数量31.525

当前时间：2017-11-13 09:13:29,内容:会员341,赠送2017-11-13的积分，消费积分数量0.3消费分红积分数量0.45

当前时间：2017-11-13 09:13:29,内容:会员343,赠送2017-11-13的积分，消费积分数量-96消费分红积分数量-94.8

当前时间：2017-11-13 09:13:29,内容:会员346,赠送2017-11-13的积分，消费积分数量2.86消费分红积分数量4.46

当前时间：2017-11-13 09:13:29,内容:会员347,赠送2017-11-13的积分，消费积分数量0.2消费分红积分数量0.3

当前时间：2017-11-13 09:13:29,内容:会员349,赠送2017-11-13的积分，消费积分数量-36消费分红积分数量-35.35

当前时间：2017-11-13 09:13:29,内容:会员350,赠送2017-11-13的积分，消费积分数量20.3消费分红积分数量44.5

当前时间：2017-11-13 09:13:29,内容:会员352,赠送2017-11-13的积分，消费积分数量0消费分红积分数量0.095

当前时间：2017-11-13 09:13:29,内容:会员354,赠送2017-11-13的积分，消费积分数量0消费分红积分数量0.14

当前时间：2017-11-13 09:13:29,内容:会员355,赠送2017-11-13的积分，消费积分数量0消费分红积分数量0.05

当前时间：2017-11-13 09:13:29,内容:会员356,赠送2017-11-13的积分，消费积分数量0.26消费分红积分数量5.735

当前时间：2017-11-13 09:13:29,内容:会员358,赠送2017-11-13的积分，消费积分数量1.06消费分红积分数量1.66

当前时间：2017-11-13 09:13:29,内容:会员359,赠送2017-11-13的积分，消费积分数量0消费分红积分数量0.05

当前时间：2017-11-13 09:13:29,内容:会员360,赠送2017-11-13的积分，消费积分数量0消费分红积分数量0.05

当前时间：2017-11-13 09:13:29,内容:会员362,赠送2017-11-13的积分，消费积分数量0消费分红积分数量4.13

当前时间：2017-11-13 09:13:29,内容:会员363,赠送2017-11-13的积分，消费积分数量0消费分红积分数量0.05

当前时间：2017-11-13 09:13:29,内容:会员364,赠送2017-11-13的积分，消费积分数量0消费分红积分数量0.05

当前时间：2017-11-13 09:13:29,内容:会员365,赠送2017-11-13的积分，消费积分数量0消费分红积分数量0.095

当前时间：2017-11-13 09:13:29,内容:会员367,赠送2017-11-13的积分，消费积分数量0消费分红积分数量0.05

当前时间：2017-11-13 09:13:29,内容:会员369,赠送2017-11-13的积分，消费积分数量0消费分红积分数量3.675

当前时间：2017-11-13 09:13:29,内容:会员370,赠送2017-11-13的积分，消费积分数量0消费分红积分数量0.095

当前时间：2017-11-13 09:13:29,内容:会员372,赠送2017-11-13的积分，消费积分数量39.58消费分红积分数量53.03

当前时间：2017-11-13 09:13:29,内容:会员373,赠送2017-11-13的积分，消费积分数量0消费分红积分数量0.05

当前时间：2017-11-13 09:13:29,内容:会员375,赠送2017-11-13的积分，消费积分数量0消费分红积分数量3.855

当前时间：2017-11-13 09:13:29,内容:会员376,赠送2017-11-13的积分，消费积分数量-120消费分红积分数量-115.65

当前时间：2017-11-13 09:13:29,内容:会员377,赠送2017-11-13的积分，消费积分数量1.26消费分红积分数量1.86

当前时间：2017-11-13 09:13:29,内容:会员378,赠送2017-11-13的积分，消费积分数量3.22消费分红积分数量4.87

当前时间：2017-11-13 09:13:29,内容:会员379,赠送2017-11-13的积分，消费积分数量0消费分红积分数量0.05

当前时间：2017-11-13 09:13:29,内容:会员381,赠送2017-11-13的积分，消费积分数量0消费分红积分数量0.1

当前时间：2017-11-13 09:13:29,内容:会员382,赠送2017-11-13的积分，消费积分数量0消费分红积分数量4.25

当前时间：2017-11-13 09:13:29,内容:会员384,赠送2017-11-13的积分，消费积分数量0消费分红积分数量0.05

当前时间：2017-11-13 09:13:29,内容:会员385,赠送2017-11-13的积分，消费积分数量0消费分红积分数量0.05

当前时间：2017-11-13 09:13:29,内容:会员386,赠送2017-11-13的积分，消费积分数量0消费分红积分数量4.345

当前时间：2017-11-13 09:13:29,内容:会员387,赠送2017-11-13的积分，消费积分数量0消费分红积分数量0.245

当前时间：2017-11-13 09:13:29,内容:会员388,赠送2017-11-13的积分，消费积分数量0消费分红积分数量1.385

当前时间：2017-11-13 09:13:29,内容:会员389,赠送2017-11-13的积分，消费积分数量0消费分红积分数量0.85

当前时间：2017-11-13 09:13:29,内容:会员390,赠送2017-11-13的积分，消费积分数量0.34消费分红积分数量3.285

当前时间：2017-11-13 09:13:29,内容:会员392,赠送2017-11-13的积分，消费积分数量0消费分红积分数量0.05

当前时间：2017-11-13 09:13:29,内容:会员393,赠送2017-11-13的积分，消费积分数量0.1消费分红积分数量0.2

当前时间：2017-11-13 09:13:29,内容:会员394,赠送2017-11-13的积分，消费积分数量0消费分红积分数量0.05

当前时间：2017-11-13 09:13:29,内容:会员396,赠送2017-11-13的积分，消费积分数量0消费分红积分数量0.375

当前时间：2017-11-13 09:13:29,内容:会员397,赠送2017-11-13的积分，消费积分数量0消费分红积分数量0.325

当前时间：2017-11-13 09:13:29,内容:会员398,赠送2017-11-13的积分，消费积分数量20.96消费分红积分数量30.96

当前时间：2017-11-13 09:13:29,内容:会员399,赠送2017-11-13的积分，消费积分数量-876消费分红积分数量-875.645

当前时间：2017-11-13 09:13:29,内容:会员401,赠送2017-11-13的积分，消费积分数量0消费分红积分数量4.31

当前时间：2017-11-13 09:13:29,内容:会员402,赠送2017-11-13的积分，消费积分数量0消费分红积分数量1.295

当前时间：2017-11-13 09:13:29,内容:会员403,赠送2017-11-13的积分，消费积分数量0.22消费分红积分数量1.725

当前时间：2017-11-13 09:13:29,内容:会员404,赠送2017-11-13的积分，消费积分数量0消费分红积分数量1.715

当前时间：2017-11-13 09:13:29,内容:会员406,赠送2017-11-13的积分，消费积分数量0消费分红积分数量0.05

当前时间：2017-11-13 09:13:29,内容:会员407,赠送2017-11-13的积分，消费积分数量0消费分红积分数量0.05

当前时间：2017-11-13 09:13:29,内容:会员410,赠送2017-11-13的积分，消费积分数量0消费分红积分数量0.05

当前时间：2017-11-13 09:13:29,内容:会员412,赠送2017-11-13的积分，消费积分数量0消费分红积分数量0.05

当前时间：2017-11-13 09:13:29,内容:会员413,赠送2017-11-13的积分，消费积分数量0消费分红积分数量0.05

当前时间：2017-11-13 09:13:29,内容:会员414,赠送2017-11-13的积分，消费积分数量0消费分红积分数量0.05

当前时间：2017-11-13 09:13:29,内容:会员415,赠送2017-11-13的积分，消费积分数量0消费分红积分数量0.05

当前时间：2017-11-13 09:13:29,内容:会员416,赠送2017-11-13的积分，消费积分数量0消费分红积分数量0.05

当前时间：2017-11-13 09:13:29,内容:会员417,赠送2017-11-13的积分，消费积分数量0消费分红积分数量0.05

当前时间：2017-11-13 09:13:29,内容:会员418,赠送2017-11-13的积分，消费积分数量0消费分红积分数量0.05

当前时间：2017-11-13 09:13:29,内容:会员419,赠送2017-11-13的积分，消费积分数量0消费分红积分数量0.05

当前时间：2017-11-13 09:13:29,内容:会员420,赠送2017-11-13的积分，消费积分数量0.08消费分红积分数量0.185

当前时间：2017-11-13 09:13:29,内容:会员421,赠送2017-11-13的积分，消费积分数量0消费分红积分数量0.05

当前时间：2017-11-13 09:13:29,内容:会员423,赠送2017-11-13的积分，消费积分数量0消费分红积分数量0.05

当前时间：2017-11-13 09:13:29,内容:会员424,赠送2017-11-13的积分，消费积分数量0.3消费分红积分数量0.45

当前时间：2017-11-13 09:13:29,内容:会员425,赠送2017-11-13的积分，消费积分数量0消费分红积分数量0.05

当前时间：2017-11-13 09:13:29,内容:会员426,赠送2017-11-13的积分，消费积分数量0消费分红积分数量0.05

当前时间：2017-11-13 09:13:29,内容:会员427,赠送2017-11-13的积分，消费积分数量0.04消费分红积分数量0.1

当前时间：2017-11-13 09:13:29,内容:会员428,赠送2017-11-13的积分，消费积分数量0消费分红积分数量0.05

当前时间：2017-11-13 09:13:29,内容:会员429,赠送2017-11-13的积分，消费积分数量0消费分红积分数量0.05

当前时间：2017-11-13 09:13:29,内容:会员430,赠送2017-11-13的积分，消费积分数量32.6消费分红积分数量61.785

当前时间：2017-11-13 09:13:29,内容:会员431,赠送2017-11-13的积分，消费积分数量0消费分红积分数量0.05

当前时间：2017-11-13 09:13:29,内容:会员432,赠送2017-11-13的积分，消费积分数量0消费分红积分数量0.05

当前时间：2017-11-13 09:13:29,内容:会员433,赠送2017-11-13的积分，消费积分数量0消费分红积分数量0.05

当前时间：2017-11-13 09:13:29,内容:会员436,赠送2017-11-13的积分，消费积分数量5.06消费分红积分数量6.76

当前时间：2017-11-13 09:13:29,内容:会员437,赠送2017-11-13的积分，消费积分数量7.86消费分红积分数量17.335

当前时间：2017-11-13 09:13:29,内容:会员439,赠送2017-11-13的积分，消费积分数量0.2消费分红积分数量0.5

当前时间：2017-11-13 09:13:29,内容:会员445,赠送2017-11-13的积分，消费积分数量0.12消费分红积分数量0.175

当前时间：2017-11-13 09:13:29,内容:会员446,赠送2017-11-13的积分，消费积分数量0消费分红积分数量0.05

当前时间：2017-11-13 09:13:29,内容:会员448,赠送2017-11-13的积分，消费积分数量0消费分红积分数量0.05

当前时间：2017-11-13 09:13:29,内容:会员449,赠送2017-11-13的积分，消费积分数量0消费分红积分数量0.335

当前时间：2017-11-13 09:13:29,内容:会员451,赠送2017-11-13的积分，消费积分数量0消费分红积分数量0.05

当前时间：2017-11-13 09:13:29,内容:会员452,赠送2017-11-13的积分，消费积分数量0.06消费分红积分数量0.21

当前时间：2017-11-13 09:13:29,内容:会员453,赠送2017-11-13的积分，消费积分数量0消费分红积分数量0.05

当前时间：2017-11-13 09:13:29,内容:会员454,赠送2017-11-13的积分，消费积分数量3.36消费分红积分数量4.925

当前时间：2017-11-13 09:13:29,内容:会员455,赠送2017-11-13的积分，消费积分数量0消费分红积分数量0.05

当前时间：2017-11-13 09:13:29,内容:会员458,赠送2017-11-13的积分，消费积分数量0.46消费分红积分数量5.46

当前时间：2017-11-13 09:13:29,内容:会员459,赠送2017-11-13的积分，消费积分数量12消费分红积分数量18.195

当前时间：2017-11-13 09:13:29,内容:会员461,赠送2017-11-13的积分，消费积分数量0消费分红积分数量3.59

当前时间：2017-11-13 09:13:29,内容:会员462,赠送2017-11-13的积分，消费积分数量0.1消费分红积分数量0.15

当前时间：2017-11-13 09:13:29,内容:会员463,赠送2017-11-13的积分，消费积分数量11.16消费分红积分数量14.36

当前时间：2017-11-13 09:13:29,内容:会员465,赠送2017-11-13的积分，消费积分数量0消费分红积分数量0.05

当前时间：2017-11-13 09:13:29,内容:会员466,赠送2017-11-13的积分，消费积分数量0消费分红积分数量0.05

当前时间：2017-11-13 09:13:29,内容:会员467,赠送2017-11-13的积分，消费积分数量-780消费分红积分数量-779.49

当前时间：2017-11-13 09:13:29,内容:会员468,赠送2017-11-13的积分，消费积分数量0消费分红积分数量1.57

当前时间：2017-11-13 09:13:29,内容:会员469,赠送2017-11-13的积分，消费积分数量0.3消费分红积分数量0.45

当前时间：2017-11-13 09:13:29,内容:会员470,赠送2017-11-13的积分，消费积分数量-48消费分红积分数量-47.395

当前时间：2017-11-13 09:13:29,内容:会员472,赠送2017-11-13的积分，消费积分数量-24消费分红积分数量-23.36

当前时间：2017-11-13 09:13:29,内容:会员473,赠送2017-11-13的积分，消费积分数量-780消费分红积分数量-779.585

当前时间：2017-11-13 09:13:29,内容:会员476,赠送2017-11-13的积分，消费积分数量0.08消费分红积分数量0.185

当前时间：2017-11-13 09:13:29,内容:会员479,赠送2017-11-13的积分，消费积分数量0消费分红积分数量0.05

当前时间：2017-11-13 09:13:29,内容:会员480,赠送2017-11-13的积分，消费积分数量0消费分红积分数量0.245

当前时间：2017-11-13 09:13:29,内容:会员481,赠送2017-11-13的积分，消费积分数量0消费分红积分数量0.05

当前时间：2017-11-13 09:13:29,内容:会员482,赠送2017-11-13的积分，消费积分数量-60消费分红积分数量-59.55

当前时间：2017-11-13 09:13:29,内容:会员484,赠送2017-11-13的积分，消费积分数量0消费分红积分数量0.15

当前时间：2017-11-13 09:13:29,内容:会员485,赠送2017-11-13的积分，消费积分数量0消费分红积分数量0.05

当前时间：2017-11-13 09:13:29,内容:会员487,赠送2017-11-13的积分，消费积分数量0.1消费分红积分数量0.2

当前时间：2017-11-13 09:13:29,内容:会员491,赠送2017-11-13的积分，消费积分数量0.3消费分红积分数量0.45

当前时间：2017-11-13 09:13:29,内容:会员493,赠送2017-11-13的积分，消费积分数量0消费分红积分数量0.05

当前时间：2017-11-13 09:13:29,内容:会员495,赠送2017-11-13的积分，消费积分数量0.3消费分红积分数量0.45

当前时间：2017-11-13 09:13:30,内容:会员497,赠送2017-11-13的积分，消费积分数量1.26消费分红积分数量3.41

当前时间：2017-11-13 09:13:30,内容:会员499,赠送2017-11-13的积分，消费积分数量0.6消费分红积分数量0.8

当前时间：2017-11-13 09:13:30,内容:会员500,赠送2017-11-13的积分，消费积分数量0.16消费分红积分数量0.21

当前时间：2017-11-13 09:13:30,内容:会员501,赠送2017-11-13的积分，消费积分数量0.16消费分红积分数量0.21

当前时间：2017-11-13 09:13:30,内容:会员502,赠送2017-11-13的积分，消费积分数量0.16消费分红积分数量0.21

当前时间：2017-11-13 09:13:30,内容:会员503,赠送2017-11-13的积分，消费积分数量0消费分红积分数量0.2

当前时间：2017-11-13 09:13:30,内容:会员504,赠送2017-11-13的积分，消费积分数量0消费分红积分数量2.255

当前时间：2017-11-13 09:13:30,内容:会员505,赠送2017-11-13的积分，消费积分数量0.16消费分红积分数量0.21

当前时间：2017-11-13 09:13:30,内容:会员506,赠送2017-11-13的积分，消费积分数量0.04消费分红积分数量0.1

当前时间：2017-11-13 09:13:30,内容:会员508,赠送2017-11-13的积分，消费积分数量0.1消费分红积分数量0.2

当前时间：2017-11-13 09:13:30,内容:会员512,赠送2017-11-13的积分，消费积分数量0消费分红积分数量0.54

当前时间：2017-11-13 09:13:30,内容:会员513,赠送2017-11-13的积分，消费积分数量7.36消费分红积分数量15.16

当前时间：2017-11-13 09:13:30,内容:会员514,赠送2017-11-13的积分，消费积分数量0消费分红积分数量0.2

当前时间：2017-11-13 09:13:30,内容:会员515,赠送2017-11-13的积分，消费积分数量0消费分红积分数量0.05

当前时间：2017-11-13 09:13:30,内容:会员517,赠送2017-11-13的积分，消费积分数量-240消费分红积分数量-239

当前时间：2017-11-13 09:13:30,内容:会员521,赠送2017-11-13的积分，消费积分数量4.56消费分红积分数量6.46

当前时间：2017-11-13 09:13:30,内容:会员522,赠送2017-11-13的积分，消费积分数量1.36消费分红积分数量2.11

当前时间：2017-11-13 09:13:30,内容:会员523,赠送2017-11-13的积分，消费积分数量0消费分红积分数量0.05

当前时间：2017-11-13 09:13:30,内容:会员525,赠送2017-11-13的积分，消费积分数量0消费分红积分数量0.05

当前时间：2017-11-13 09:13:30,内容:会员527,赠送2017-11-13的积分，消费积分数量0消费分红积分数量0.05

当前时间：2017-11-13 09:13:30,内容:会员529,赠送2017-11-13的积分，消费积分数量0消费分红积分数量0.05

当前时间：2017-11-13 09:13:30,内容:会员531,赠送2017-11-13的积分，消费积分数量0消费分红积分数量0.1

当前时间：2017-11-13 09:13:30,内容:会员534,赠送2017-11-13的积分，消费积分数量0.34消费分红积分数量0.8

当前时间：2017-11-13 09:13:30,内容:会员536,赠送2017-11-13的积分，消费积分数量2.38消费分红积分数量8.01

当前时间：2017-11-13 09:13:30,内容:会员537,赠送2017-11-13的积分，消费积分数量0消费分红积分数量0.2

当前时间：2017-11-13 09:13:30,内容:会员538,赠送2017-11-13的积分，消费积分数量0消费分红积分数量0.05

当前时间：2017-11-13 09:13:30,内容:会员539,赠送2017-11-13的积分，消费积分数量20.16消费分红积分数量32.96

当前时间：2017-11-13 09:13:30,内容:会员540,赠送2017-11-13的积分，消费积分数量0消费分红积分数量0.5

当前时间：2017-11-13 09:13:30,内容:会员541,赠送2017-11-13的积分，消费积分数量0消费分红积分数量4.75

当前时间：2017-11-13 09:13:30,内容:会员542,赠送2017-11-13的积分，消费积分数量0.16消费分红积分数量0.21

当前时间：2017-11-13 09:13:30,内容:会员543,赠送2017-11-13的积分，消费积分数量0.16消费分红积分数量0.21

当前时间：2017-11-13 09:13:30,内容:会员545,赠送2017-11-13的积分，消费积分数量0.16消费分红积分数量0.21

当前时间：2017-11-13 09:13:30,内容:会员546,赠送2017-11-13的积分，消费积分数量0.1消费分红积分数量0.15

当前时间：2017-11-13 09:13:30,内容:会员547,赠送2017-11-13的积分，消费积分数量0.1消费分红积分数量0.15

当前时间：2017-11-13 09:13:30,内容:会员548,赠送2017-11-13的积分，消费积分数量0.42消费分红积分数量0.575

当前时间：2017-11-13 09:13:30,内容:会员549,赠送2017-11-13的积分，消费积分数量0.1消费分红积分数量0.2

当前时间：2017-11-13 09:13:30,内容:会员550,赠送2017-11-13的积分，消费积分数量0.14消费分红积分数量0.325

当前时间：2017-11-13 09:13:30,内容:会员551,赠送2017-11-13的积分，消费积分数量0.1消费分红积分数量0.15

当前时间：2017-11-13 09:13:30,内容:会员552,赠送2017-11-13的积分，消费积分数量0.16消费分红积分数量0.21

当前时间：2017-11-13 09:13:30,内容:会员553,赠送2017-11-13的积分，消费积分数量-72消费分红积分数量-71.64

当前时间：2017-11-13 09:13:30,内容:会员554,赠送2017-11-13的积分，消费积分数量0.1消费分红积分数量0.15

当前时间：2017-11-13 09:13:30,内容:会员555,赠送2017-11-13的积分，消费积分数量0消费分红积分数量4.435

当前时间：2017-11-13 09:13:30,内容:会员558,赠送2017-11-13的积分，消费积分数量0.06消费分红积分数量10.21

当前时间：2017-11-13 09:13:30,内容:会员559,赠送2017-11-13的积分，消费积分数量-24消费分红积分数量-23.495

当前时间：2017-11-13 09:13:30,内容:会员562,赠送2017-11-13的积分，消费积分数量0.18消费分红积分数量0.235

当前时间：2017-11-13 09:13:30,内容:会员568,赠送2017-11-13的积分，消费积分数量0.1消费分红积分数量0.15

当前时间：2017-11-13 09:13:30,内容:会员571,赠送2017-11-13的积分，消费积分数量1.26消费分红积分数量1.96

当前时间：2017-11-13 09:13:30,内容:会员573,赠送2017-11-13的积分，消费积分数量0.16消费分红积分数量0.21

当前时间：2017-11-13 09:13:30,内容:会员574,赠送2017-11-13的积分，消费积分数量0消费分红积分数量1.295

当前时间：2017-11-13 09:13:30,内容:会员575,赠送2017-11-13的积分，消费积分数量0.04消费分红积分数量0.15

当前时间：2017-11-13 09:13:30,内容:会员576,赠送2017-11-13的积分，消费积分数量0.2消费分红积分数量0.3

当前时间：2017-11-13 09:13:30,内容:会员577,赠送2017-11-13的积分，消费积分数量0.1消费分红积分数量0.15

当前时间：2017-11-13 09:13:30,内容:会员578,赠送2017-11-13的积分，消费积分数量0.2消费分红积分数量0.3

当前时间：2017-11-13 09:13:30,内容:会员579,赠送2017-11-13的积分，消费积分数量0.2消费分红积分数量0.3

当前时间：2017-11-13 09:13:30,内容:会员580,赠送2017-11-13的积分，消费积分数量0.04消费分红积分数量0.11

当前时间：2017-11-13 09:13:30,内容:会员583,赠送2017-11-13的积分，消费积分数量0.1消费分红积分数量0.15

当前时间：2017-11-13 09:13:30,内容:会员584,赠送2017-11-13的积分，消费积分数量0.12消费分红积分数量0.175

当前时间：2017-11-13 09:13:30,内容:会员587,赠送2017-11-13的积分，消费积分数量0.12消费分红积分数量0.235

当前时间：2017-11-13 09:13:30,内容:会员588,赠送2017-11-13的积分，消费积分数量0.12消费分红积分数量0.175

当前时间：2017-11-13 09:13:30,内容:会员589,赠送2017-11-13的积分，消费积分数量0.04消费分红积分数量0.1

当前时间：2017-11-13 09:13:30,内容:会员590,赠送2017-11-13的积分，消费积分数量0.1消费分红积分数量0.15

当前时间：2017-11-13 09:13:30,内容:会员591,赠送2017-11-13的积分，消费积分数量0.1消费分红积分数量0.15

当前时间：2017-11-13 09:13:30,内容:会员592,赠送2017-11-13的积分，消费积分数量0.12消费分红积分数量0.175

当前时间：2017-11-13 09:13:30,内容:会员595,赠送2017-11-13的积分，消费积分数量0.42消费分红积分数量0.55

当前时间：2017-11-13 09:13:30,内容:会员600,赠送2017-11-13的积分，消费积分数量0.1消费分红积分数量0.15

当前时间：2017-11-13 09:13:30,内容:会员602,赠送2017-11-13的积分，消费积分数量0.1消费分红积分数量0.15

当前时间：2017-11-13 09:13:30,内容:会员605,赠送2017-11-13的积分，消费积分数量0.1消费分红积分数量0.15

当前时间：2017-11-13 09:13:30,内容:会员606,赠送2017-11-13的积分，消费积分数量0.04消费分红积分数量0.05

当前时间：2017-11-13 09:13:30,内容:会员608,赠送2017-11-13的积分，消费积分数量0.1消费分红积分数量0.15

当前时间：2017-11-13 09:13:30,内容:会员612,赠送2017-11-13的积分，消费积分数量0.2消费分红积分数量0.25

当前时间：2017-11-13 09:13:30,内容:会员613,赠送2017-11-13的积分，消费积分数量0.1消费分红积分数量0.15

当前时间：2017-11-13 09:13:30,内容:会员614,赠送2017-11-13的积分，消费积分数量0.2消费分红积分数量0.25

当前时间：2017-11-13 09:13:30,内容:会员615,赠送2017-11-13的积分，消费积分数量0.16消费分红积分数量0.21

当前时间：2017-11-13 09:13:30,内容:会员644,赠送2017-11-13的积分，消费积分数量0.16消费分红积分数量0.21

当前时间：2017-11-13 09:13:30,内容:会员647,赠送2017-11-13的积分，消费积分数量0.16消费分红积分数量0.21

当前时间：2017-11-13 09:13:30,内容:会员648,赠送2017-11-13的积分，消费积分数量0.16消费分红积分数量0.21

当前时间：2017-11-13 09:13:30,内容:会员652,赠送2017-11-13的积分，消费积分数量0.16消费分红积分数量0.21

当前时间：2017-11-13 09:13:30,内容:会员659,赠送2017-11-13的积分，消费积分数量0.3消费分红积分数量0.45

当前时间：2017-11-13 09:13:30,内容:会员666,赠送2017-11-13的积分，消费积分数量0.16消费分红积分数量0.21

当前时间：2017-11-13 09:13:30,内容:会员673,赠送2017-11-13的积分，消费积分数量0.1消费分红积分数量0.125

当前时间：2017-11-13 09:13:30,内容:会员675,赠送2017-11-13的积分，消费积分数量0.16消费分红积分数量0.21

当前时间：2017-11-13 09:13:30,内容:会员677,赠送2017-11-13的积分，消费积分数量0.16消费分红积分数量0.21

当前时间：2017-11-13 09:13:30,内容:会员685,赠送2017-11-13的积分，消费积分数量0.3消费分红积分数量0.45

当前时间：2017-11-13 09:13:30,内容:会员688,赠送2017-11-13的积分，消费积分数量0.3消费分红积分数量0.45

当前时间：2017-11-13 09:13:30,内容:会员689,赠送2017-11-13的积分，消费积分数量0.3消费分红积分数量0.45

当前时间：2017-11-13 09:13:30,内容:会员691,赠送2017-11-13的积分，消费积分数量0.3消费分红积分数量0.45

当前时间：2017-11-13 09:13:30,内容:会员695,赠送2017-11-13的积分，消费积分数量0.16消费分红积分数量0.21

当前时间：2017-11-13 09:13:30,内容:会员717,赠送2017-11-13的积分，消费积分数量0.8消费分红积分数量1.2

当前时间：2017-11-13 09:13:30,内容:会员720,赠送2017-11-13的积分，消费积分数量0.1消费分红积分数量0.15

当前时间：2017-11-13 09:13:30,内容:会员721,赠送2017-11-13的积分，消费积分数量0.1消费分红积分数量0.15

当前时间：2017-11-13 09:13:30,内容:会员723,赠送2017-11-13的积分，消费积分数量0.12消费分红积分数量0.175

当前时间：2017-11-13 09:13:30,内容:会员726,赠送2017-11-13的积分，消费积分数量0.1消费分红积分数量0.15

当前时间：2017-11-13 09:13:30,内容:会员727,赠送2017-11-13的积分，消费积分数量0.1消费分红积分数量0.15

当前时间：2017-11-13 09:13:30,内容:会员728,赠送2017-11-13的积分，消费积分数量0.1消费分红积分数量0.15

当前时间：2017-11-13 09:13:30,内容:会员729,赠送2017-11-13的积分，消费积分数量0.3消费分红积分数量0.45

当前时间：2017-11-13 09:13:30,内容:会员731,赠送2017-11-13的积分，消费积分数量0.04消费分红积分数量0.1

当前时间：2017-11-13 09:13:30,内容:会员733,赠送2017-11-13的积分，消费积分数量0.1消费分红积分数量0.15

当前时间：2017-11-13 09:13:30,内容:会员734,赠送2017-11-13的积分，消费积分数量0.12消费分红积分数量0.175

当前时间：2017-11-13 09:13:30,内容:会员736,赠送2017-11-13的积分，消费积分数量0.12消费分红积分数量0.175

当前时间：2017-11-13 09:13:30,内容:会员739,赠送2017-11-13的积分，消费积分数量0.4消费分红积分数量0.6

当前时间：2017-11-13 09:13:30,内容:会员740,赠送2017-11-13的积分，消费积分数量0.1消费分红积分数量0.15

当前时间：2017-11-13 09:13:30,内容:会员742,赠送2017-11-13的积分，消费积分数量0.1消费分红积分数量0.15

当前时间：2017-11-13 09:13:30,内容:会员743,赠送2017-11-13的积分，消费积分数量0.2消费分红积分数量0.3

当前时间：2017-11-13 09:13:30,内容:会员748,赠送2017-11-13的积分，消费积分数量0.02消费分红积分数量0.025

当前时间：2017-11-13 09:13:30,内容:会员753,赠送2017-11-13的积分，消费积分数量0.3消费分红积分数量0.45

当前时间：2017-11-13 09:13:30,内容:会员754,赠送2017-11-13的积分，消费积分数量0.3消费分红积分数量0.45

当前时间：2017-11-13 09:13:30,内容:会员755,赠送2017-11-13的积分，消费积分数量0.3消费分红积分数量0.45

当前时间：2017-11-13 09:13:30,内容:会员756,赠送2017-11-13的积分，消费积分数量0.3消费分红积分数量0.45

当前时间：2017-11-13 09:13:30,内容:会员757,赠送2017-11-13的积分，消费积分数量4.56消费分红积分数量6.96

当前时间：2017-11-13 09:13:30,内容:会员762,赠送2017-11-13的积分，消费积分数量0.2消费分红积分数量0.25

当前时间：2017-11-13 09:13:30,内容:会员771,赠送2017-11-13的积分，消费积分数量0.04消费分红积分数量0.05

当前时间：2017-11-13 09:13:30,内容:会员772,赠送2017-11-13的积分，消费积分数量0.02消费分红积分数量0.025

当前时间：2017-11-13 09:13:30,内容:会员773,赠送2017-11-13的积分，消费积分数量0.02消费分红积分数量0.025

当前时间：2017-11-13 09:13:30,内容:会员775,赠送2017-11-13的积分，消费积分数量0.02消费分红积分数量0.025

当前时间：2017-11-13 09:13:30,内容:会员776,赠送2017-11-13的积分，消费积分数量0.04消费分红积分数量0.05

当前时间：2017-11-13 09:13:30,内容:会员778,赠送2017-11-13的积分，消费积分数量0.16消费分红积分数量0.21

当前时间：2017-11-13 09:13:30,内容:会员779,赠送2017-11-13的积分，消费积分数量0.16消费分红积分数量0.21

当前时间：2017-11-13 09:13:30,内容:会员780,赠送2017-11-13的积分，消费积分数量0.16消费分红积分数量0.21

当前时间：2017-11-13 09:13:30,内容:会员781,赠送2017-11-13的积分，消费积分数量0.16消费分红积分数量0.21

当前时间：2017-11-13 09:13:30,内容:会员782,赠送2017-11-13的积分，消费积分数量0.16消费分红积分数量0.21

当前时间：2017-11-13 09:13:30,内容:会员783,赠送2017-11-13的积分，消费积分数量0.16消费分红积分数量0.21

当前时间：2017-11-13 09:13:30,内容:会员784,赠送2017-11-13的积分，消费积分数量0.16消费分红积分数量0.21

当前时间：2017-11-13 09:13:30,内容:会员785,赠送2017-11-13的积分，消费积分数量0.16消费分红积分数量0.21

当前时间：2017-11-13 09:13:30,内容:会员786,赠送2017-11-13的积分，消费积分数量0.16消费分红积分数量0.21

当前时间：2017-11-13 09:13:30,内容:会员787,赠送2017-11-13的积分，消费积分数量0.46消费分红积分数量0.61

当前时间：2017-11-13 09:13:30,内容:会员788,赠送2017-11-13的积分，消费积分数量0.16消费分红积分数量0.21

当前时间：2017-11-13 09:13:30,内容:会员789,赠送2017-11-13的积分，消费积分数量0.16消费分红积分数量0.21

当前时间：2017-11-13 09:13:30,内容:会员790,赠送2017-11-13的积分，消费积分数量0.16消费分红积分数量0.21

当前时间：2017-11-13 09:13:31,内容:会员791,赠送2017-11-13的积分，消费积分数量0.16消费分红积分数量0.21

当前时间：2017-11-13 09:13:31,内容:会员792,赠送2017-11-13的积分，消费积分数量7.8消费分红积分数量22.05

当前时间：2017-11-13 09:13:31,内容:会员793,赠送2017-11-13的积分，消费积分数量104.56消费分红积分数量138.81

当前时间：2017-11-13 09:13:31,内容:会员794,赠送2017-11-13的积分，消费积分数量0.46消费分红积分数量0.61

当前时间：2017-11-13 09:13:31,内容:会员795,赠送2017-11-13的积分，消费积分数量0.16消费分红积分数量0.21

当前时间：2017-11-13 09:13:31,内容:会员796,赠送2017-11-13的积分，消费积分数量0.16消费分红积分数量0.21

当前时间：2017-11-13 09:13:31,内容:会员797,赠送2017-11-13的积分，消费积分数量0.16消费分红积分数量0.21

当前时间：2017-11-13 09:13:31,内容:会员799,赠送2017-11-13的积分，消费积分数量0.16消费分红积分数量0.21

当前时间：2017-11-13 09:13:31,内容:会员800,赠送2017-11-13的积分，消费积分数量0.16消费分红积分数量0.21

当前时间：2017-11-13 09:13:31,内容:会员801,赠送2017-11-13的积分，消费积分数量0.16消费分红积分数量0.21

当前时间：2017-11-13 09:13:31,内容:会员802,赠送2017-11-13的积分，消费积分数量0.16消费分红积分数量0.21

当前时间：2017-11-13 09:13:31,内容:会员803,赠送2017-11-13的积分，消费积分数量0.16消费分红积分数量0.21

当前时间：2017-11-13 09:13:31,内容:会员804,赠送2017-11-13的积分，消费积分数量0.56消费分红积分数量0.76

当前时间：2017-11-13 09:13:31,内容:会员806,赠送2017-11-13的积分，消费积分数量0.3消费分红积分数量0.4

当前时间：2017-11-13 09:13:31,内容:会员807,赠送2017-11-13的积分，消费积分数量0.02消费分红积分数量0.025

当前时间：2017-11-13 09:13:31,内容:会员808,赠送2017-11-13的积分，消费积分数量0.02消费分红积分数量0.025

当前时间：2017-11-13 09:13:31,内容:会员812,赠送2017-11-13的积分，消费积分数量0.02消费分红积分数量0.025

当前时间：2017-11-13 09:13:31,内容:会员813,赠送2017-11-13的积分，消费积分数量0.02消费分红积分数量0.025

当前时间：2017-11-13 09:13:31,内容:会员814,赠送2017-11-13的积分，消费积分数量0.16消费分红积分数量0.21

当前时间：2017-11-13 09:13:31,内容:会员815,赠送2017-11-13的积分，消费积分数量0.16消费分红积分数量0.21

当前时间：2017-11-13 09:13:31,内容:会员816,赠送2017-11-13的积分，消费积分数量0.16消费分红积分数量0.21

当前时间：2017-11-13 09:13:31,内容:会员817,赠送2017-11-13的积分，消费积分数量0.16消费分红积分数量0.21

当前时间：2017-11-13 09:13:31,内容:会员818,赠送2017-11-13的积分，消费积分数量0.3消费分红积分数量0.4

当前时间：2017-11-13 09:13:31,内容:会员819,赠送2017-11-13的积分，消费积分数量0.16消费分红积分数量0.21

当前时间：2017-11-13 09:13:31,内容:会员820,赠送2017-11-13的积分，消费积分数量0.16消费分红积分数量0.21

当前时间：2017-11-13 09:13:31,内容:会员821,赠送2017-11-13的积分，消费积分数量0.16消费分红积分数量0.21

当前时间：2017-11-13 09:13:31,内容:会员823,赠送2017-11-13的积分，消费积分数量0.16消费分红积分数量0.21

当前时间：2017-11-13 09:13:31,内容:会员824,赠送2017-11-13的积分，消费积分数量0.16消费分红积分数量0.21

当前时间：2017-11-13 09:13:31,内容:会员825,赠送2017-11-13的积分，消费积分数量0.16消费分红积分数量0.21

当前时间：2017-11-13 09:13:31,内容:会员826,赠送2017-11-13的积分，消费积分数量0.16消费分红积分数量0.21

当前时间：2017-11-13 09:13:31,内容:会员827,赠送2017-11-13的积分，消费积分数量0.16消费分红积分数量0.21

当前时间：2017-11-13 09:13:31,内容:会员828,赠送2017-11-13的积分，消费积分数量0.16消费分红积分数量0.21

当前时间：2017-11-13 09:13:31,内容:会员829,赠送2017-11-13的积分，消费积分数量0.16消费分红积分数量0.21

当前时间：2017-11-13 09:13:31,内容:会员836,赠送2017-11-13的积分，消费积分数量0.2消费分红积分数量0.25

当前时间：2017-11-13 09:13:31,内容:会员841,赠送2017-11-13的积分，消费积分数量0.2消费分红积分数量0.25

当前时间：2017-11-13 09:13:31,内容:会员843,赠送2017-11-13的积分，消费积分数量0.2消费分红积分数量0.25

当前时间：2017-11-13 09:13:31,内容:会员844,赠送2017-11-13的积分，消费积分数量0.2消费分红积分数量0.25

当前时间：2017-11-13 09:13:31,内容:会员845,赠送2017-11-13的积分，消费积分数量0.2消费分红积分数量0.25

当前时间：2017-11-13 09:13:31,内容:会员846,赠送2017-11-13的积分，消费积分数量0.2消费分红积分数量0.25

当前时间：2017-11-13 09:13:31,内容:会员847,赠送2017-11-13的积分，消费积分数量1.5消费分红积分数量1.95

当前时间：2017-11-13 09:13:31,内容:会员848,赠送2017-11-13的积分，消费积分数量0.2消费分红积分数量0.25

当前时间：2017-11-13 09:13:31,内容:会员851,赠送2017-11-13的积分，消费积分数量0.76消费分红积分数量1.36

当前时间：2017-11-13 09:13:31,内容:日期2017-11-13任务执行完毕

