当前时间：2017-06-19 14:19:48,内容:当前任务执行时间：2017-06-19 14:19:48,任务计划开始执行时间：2017-06-19 17:00:00
当前时间：2017-06-19 14:19:48,内容:执行这个,任务执行时间：2017-06-19 17:00:00
当前时间：2017-06-19 14:19:48,内容:未到任务开始时间,任务执行时间：2017-06-19 17:00:00
当前时间：2017-06-19 14:20:24,内容:当前任务执行时间：2017-06-19 14:20:24,任务计划开始执行时间：2017-06-19 03:00:00
当前时间：2017-06-19 14:20:24,内容:执行这个,任务执行时间：2017-06-19 03:00:00
当前时间：2017-06-19 14:20:24,内容:任务开始执行
当前时间：2017-06-19 14:20:24,内容:当前赠送积分数值:0.6

当前时间：2017-06-19 14:20:49,内容:当前任务执行时间：2017-06-19 14:20:49,任务计划开始执行时间：2017-06-19 03:00:00
当前时间：2017-06-19 14:20:49,内容:执行这个,任务执行时间：2017-06-19 03:00:00
当前时间：2017-06-19 14:20:49,内容:任务开始执行
当前时间：2017-06-19 14:20:49,内容:当前赠送积分数值:0.6

当前时间：2017-06-19 14:20:51,内容:当前任务执行时间：2017-06-19 14:20:51,任务计划开始执行时间：2017-06-19 03:00:00
当前时间：2017-06-19 14:20:51,内容:执行这个,任务执行时间：2017-06-19 03:00:00
当前时间：2017-06-19 14:20:51,内容:任务开始执行
当前时间：2017-06-19 14:20:51,内容:当前赠送积分数值:0.6

当前时间：2017-06-19 14:21:09,内容:当前任务执行时间：2017-06-19 14:21:09,任务计划开始执行时间：2017-06-19 03:00:00
当前时间：2017-06-19 14:21:09,内容:执行这个,任务执行时间：2017-06-19 03:00:00
当前时间：2017-06-19 14:21:09,内容:任务开始执行
当前时间：2017-06-19 14:21:09,内容:当前赠送积分数值:0.6

当前时间：2017-06-19 14:21:23,内容:当前任务执行时间：2017-06-19 14:21:23,任务计划开始执行时间：2017-06-19 03:00:00
当前时间：2017-06-19 14:21:23,内容:执行这个,任务执行时间：2017-06-19 03:00:00
当前时间：2017-06-19 14:21:23,内容:任务开始执行
当前时间：2017-06-19 14:21:23,内容:当前赠送积分数值:0.6

当前时间：2017-06-19 14:21:55,内容:当前任务执行时间：2017-06-19 14:21:55,任务计划开始执行时间：2017-06-19 03:00:00
当前时间：2017-06-19 14:21:55,内容:执行这个,任务执行时间：2017-06-19 03:00:00
当前时间：2017-06-19 14:21:55,内容:任务开始执行
当前时间：2017-06-19 14:21:55,内容:当前赠送积分数值:0.6

当前时间：2017-06-19 14:22:28,内容:当前任务执行时间：2017-06-19 14:22:28,任务计划开始执行时间：2017-06-19 03:00:00
当前时间：2017-06-19 14:22:28,内容:执行这个,任务执行时间：2017-06-19 03:00:00
当前时间：2017-06-19 14:22:28,内容:任务开始执行
当前时间：2017-06-19 14:22:28,内容:当前赠送积分数值:0.6

当前时间：2017-06-19 14:22:28,内容:每分红权赠送:0.6会员195,赠送2017-06-19的积分，数量1.79分红积分数量0.895,养老积分数量0,互助基金数量:0

当前时间：2017-06-19 14:22:28,内容:每分红权赠送:1.6会员199,赠送2017-06-19的积分，数量6.4分红积分数量3.2,养老积分数量0,互助基金数量:0

当前时间：2017-06-19 14:22:28,内容:每分红权赠送:0.6会员200,赠送2017-06-19的积分，数量5.4分红积分数量2.7,养老积分数量0,互助基金数量:0

当前时间：2017-06-19 14:22:28,内容:每分红权赠送:1.6会员206,赠送2017-06-19的积分，数量281.6分红积分数量140.8,养老积分数量0,互助基金数量:0

当前时间：2017-06-19 14:22:28,内容:每分红权赠送:1.6会员207,赠送2017-06-19的积分，数量814.4分红积分数量407.2,养老积分数量0,互助基金数量:0

当前时间：2017-06-19 14:22:28,内容:每分红权赠送:0.6会员208,赠送2017-06-19的积分，数量2.4分红积分数量1.2,养老积分数量0,互助基金数量:0

当前时间：2017-06-19 14:22:28,内容:每分红权赠送:0.6会员209,赠送2017-06-19的积分，数量17.39分红积分数量8.695,养老积分数量0,互助基金数量:0

当前时间：2017-06-19 14:22:28,内容:每分红权赠送:0.6会员211,赠送2017-06-19的积分，数量6分红积分数量3,养老积分数量0,互助基金数量:0

当前时间：2017-06-19 14:22:28,内容:每分红权赠送:1.6会员212,赠送2017-06-19的积分，数量209.6分红积分数量104.8,养老积分数量0,互助基金数量:0

当前时间：2017-06-19 14:22:28,内容:每分红权赠送:0.6会员214,赠送2017-06-19的积分，数量3分红积分数量1.5,养老积分数量0,互助基金数量:0

当前时间：2017-06-19 14:22:28,内容:每分红权赠送:0.6会员216,赠送2017-06-19的积分，数量12.6分红积分数量6.3,养老积分数量0,互助基金数量:0

当前时间：2017-06-19 14:22:28,内容:每分红权赠送:0.6会员217,赠送2017-06-19的积分，数量1.2分红积分数量0.6,养老积分数量0,互助基金数量:0

当前时间：2017-06-19 14:22:28,内容:每分红权赠送:0.6会员218,赠送2017-06-19的积分，数量3.59分红积分数量1.795,养老积分数量0,互助基金数量:0

当前时间：2017-06-19 14:22:28,内容:每分红权赠送:0.6会员219,赠送2017-06-19的积分，数量51分红积分数量25.5,养老积分数量0,互助基金数量:0

当前时间：2017-06-19 14:22:28,内容:每分红权赠送:0.6会员220,赠送2017-06-19的积分，数量4.2分红积分数量2.1,养老积分数量0,互助基金数量:0

当前时间：2017-06-19 14:22:28,内容:每分红权赠送:0.6会员221,赠送2017-06-19的积分，数量105.6分红积分数量52.8,养老积分数量0,互助基金数量:0

当前时间：2017-06-19 14:22:28,内容:每分红权赠送:0.6会员222,赠送2017-06-19的积分，数量1.79分红积分数量0.895,养老积分数量0,互助基金数量:0

当前时间：2017-06-19 14:22:28,内容:每分红权赠送:1.6会员223,赠送2017-06-19的积分，数量136分红积分数量68,养老积分数量0,互助基金数量:0

当前时间：2017-06-19 14:22:28,内容:每分红权赠送:0.6会员224,赠送2017-06-19的积分，数量51.6分红积分数量25.8,养老积分数量0,互助基金数量:0

当前时间：2017-06-19 14:22:28,内容:每分红权赠送:0.6会员225,赠送2017-06-19的积分，数量1.79分红积分数量0.895,养老积分数量0,互助基金数量:0

当前时间：2017-06-19 14:22:28,内容:每分红权赠送:0.6会员226,赠送2017-06-19的积分，数量2.4分红积分数量1.2,养老积分数量0,互助基金数量:0

当前时间：2017-06-19 14:22:28,内容:每分红权赠送:0.6会员227,赠送2017-06-19的积分，数量1.79分红积分数量0.895,养老积分数量0,互助基金数量:0

当前时间：2017-06-19 14:22:28,内容:每分红权赠送:1.6会员228,赠送2017-06-19的积分，数量140.8分红积分数量70.4,养老积分数量0,互助基金数量:0

当前时间：2017-06-19 14:22:28,内容:每分红权赠送:0.6会员229,赠送2017-06-19的积分，数量38.4分红积分数量19.2,养老积分数量0,互助基金数量:0

当前时间：2017-06-19 14:22:28,内容:每分红权赠送:0.6会员230,赠送2017-06-19的积分，数量24分红积分数量12,养老积分数量0,互助基金数量:0

当前时间：2017-06-19 14:22:28,内容:每分红权赠送:0.6会员231,赠送2017-06-19的积分，数量5.4分红积分数量2.7,养老积分数量0,互助基金数量:0

当前时间：2017-06-19 14:22:28,内容:每分红权赠送:0.6会员233,赠送2017-06-19的积分，数量3分红积分数量1.5,养老积分数量0,互助基金数量:0

当前时间：2017-06-19 14:22:28,内容:每分红权赠送:0.6会员234,赠送2017-06-19的积分，数量1.2分红积分数量0.6,养老积分数量0,互助基金数量:0

当前时间：2017-06-19 14:22:28,内容:每分红权赠送:0.6会员235,赠送2017-06-19的积分，数量0.6分红积分数量0.3,养老积分数量0,互助基金数量:0

当前时间：2017-06-19 14:22:28,内容:每分红权赠送:0.6会员236,赠送2017-06-19的积分，数量1.2分红积分数量0.6,养老积分数量0,互助基金数量:0

当前时间：2017-06-19 14:22:28,内容:每分红权赠送:0.6会员237,赠送2017-06-19的积分，数量25.2分红积分数量12.6,养老积分数量0,互助基金数量:0

当前时间：2017-06-19 14:22:28,内容:每分红权赠送:1.6会员239,赠送2017-06-19的积分，数量78.4分红积分数量39.2,养老积分数量0,互助基金数量:0

当前时间：2017-06-19 14:22:29,内容:每分红权赠送:0.6会员243,赠送2017-06-19的积分，数量1.2分红积分数量0.6,养老积分数量0,互助基金数量:0

当前时间：2017-06-19 14:22:29,内容:每分红权赠送:0.6会员244,赠送2017-06-19的积分，数量1.2分红积分数量0.6,养老积分数量0,互助基金数量:0

当前时间：2017-06-19 14:22:29,内容:每分红权赠送:0.6会员245,赠送2017-06-19的积分，数量1.2分红积分数量0.6,养老积分数量0,互助基金数量:0

当前时间：2017-06-19 14:22:29,内容:每分红权赠送:1.6会员246,赠送2017-06-19的积分，数量78.4分红积分数量39.2,养老积分数量0,互助基金数量:0

当前时间：2017-06-19 14:22:29,内容:每分红权赠送:0.6会员247,赠送2017-06-19的积分，数量1.2分红积分数量0.6,养老积分数量0,互助基金数量:0

当前时间：2017-06-19 14:22:29,内容:每分红权赠送:0.6会员248,赠送2017-06-19的积分，数量1.2分红积分数量0.6,养老积分数量0,互助基金数量:0

当前时间：2017-06-19 14:22:29,内容:每分红权赠送:0.6会员249,赠送2017-06-19的积分，数量0.6分红积分数量0.3,养老积分数量0,互助基金数量:0

当前时间：2017-06-19 14:22:29,内容:每分红权赠送:1.6会员250,赠送2017-06-19的积分，数量3.2分红积分数量1.6,养老积分数量0,互助基金数量:0

当前时间：2017-06-19 14:22:29,内容:每分红权赠送:1.6会员251,赠送2017-06-19的积分，数量3.2分红积分数量1.6,养老积分数量0,互助基金数量:0

当前时间：2017-06-19 14:22:29,内容:每分红权赠送:0.6会员252,赠送2017-06-19的积分，数量1.2分红积分数量0.6,养老积分数量0,互助基金数量:0

当前时间：2017-06-19 14:22:29,内容:每分红权赠送:1.6会员253,赠送2017-06-19的积分，数量3.2分红积分数量1.6,养老积分数量0,互助基金数量:0

当前时间：2017-06-19 14:22:29,内容:每分红权赠送:0.6会员254,赠送2017-06-19的积分，数量1.2分红积分数量0.6,养老积分数量0,互助基金数量:0

当前时间：2017-06-19 14:22:29,内容:每分红权赠送:0.6会员255,赠送2017-06-19的积分，数量1.2分红积分数量0.6,养老积分数量0,互助基金数量:0

当前时间：2017-06-19 14:22:29,内容:每分红权赠送:0.6会员256,赠送2017-06-19的积分，数量1.2分红积分数量0.6,养老积分数量0,互助基金数量:0

当前时间：2017-06-19 14:22:29,内容:每分红权赠送:1.6会员257,赠送2017-06-19的积分，数量3.2分红积分数量1.6,养老积分数量0,互助基金数量:0

当前时间：2017-06-19 14:22:29,内容:每分红权赠送:0.6会员258,赠送2017-06-19的积分，数量1.2分红积分数量0.6,养老积分数量0,互助基金数量:0

当前时间：2017-06-19 14:22:29,内容:每分红权赠送:1.6会员259,赠送2017-06-19的积分，数量1.6分红积分数量0.8,养老积分数量0,互助基金数量:0

当前时间：2017-06-19 14:22:29,内容:每分红权赠送:0.6会员260,赠送2017-06-19的积分，数量1.2分红积分数量0.6,养老积分数量0,互助基金数量:0

当前时间：2017-06-19 14:22:29,内容:每分红权赠送:0.6会员261,赠送2017-06-19的积分，数量1.2分红积分数量0.6,养老积分数量0,互助基金数量:0

当前时间：2017-06-19 14:22:29,内容:每分红权赠送:0.6会员262,赠送2017-06-19的积分，数量1.2分红积分数量0.6,养老积分数量0,互助基金数量:0

当前时间：2017-06-19 14:22:29,内容:每分红权赠送:0.6会员263,赠送2017-06-19的积分，数量1.2分红积分数量0.6,养老积分数量0,互助基金数量:0

当前时间：2017-06-19 14:22:29,内容:每分红权赠送:0.6会员264,赠送2017-06-19的积分，数量1.2分红积分数量0.6,养老积分数量0,互助基金数量:0

当前时间：2017-06-19 14:22:29,内容:每分红权赠送:0.6会员265,赠送2017-06-19的积分，数量1.2分红积分数量0.6,养老积分数量0,互助基金数量:0

当前时间：2017-06-19 14:22:29,内容:每分红权赠送:0.6会员266,赠送2017-06-19的积分，数量1.2分红积分数量0.6,养老积分数量0,互助基金数量:0

当前时间：2017-06-19 14:22:29,内容:每分红权赠送:0.6会员267,赠送2017-06-19的积分，数量1.2分红积分数量0.6,养老积分数量0,互助基金数量:0

当前时间：2017-06-19 14:22:29,内容:每分红权赠送:0.6会员268,赠送2017-06-19的积分，数量0.6分红积分数量0.3,养老积分数量0,互助基金数量:0

当前时间：2017-06-19 14:22:29,内容:每分红权赠送:0.6会员269,赠送2017-06-19的积分，数量1.2分红积分数量0.6,养老积分数量0,互助基金数量:0

当前时间：2017-06-19 14:22:29,内容:每分红权赠送:0.6会员270,赠送2017-06-19的积分，数量1.2分红积分数量0.6,养老积分数量0,互助基金数量:0

当前时间：2017-06-19 14:22:29,内容:每分红权赠送:0.6会员271,赠送2017-06-19的积分，数量1.2分红积分数量0.6,养老积分数量0,互助基金数量:0

当前时间：2017-06-19 14:22:29,内容:每分红权赠送:0.6会员272,赠送2017-06-19的积分，数量1.2分红积分数量0.6,养老积分数量0,互助基金数量:0

当前时间：2017-06-19 14:22:29,内容:每分红权赠送:0.6会员273,赠送2017-06-19的积分，数量1.2分红积分数量0.6,养老积分数量0,互助基金数量:0

当前时间：2017-06-19 14:22:29,内容:每分红权赠送:0.6会员274,赠送2017-06-19的积分，数量58.2分红积分数量29.1,养老积分数量0,互助基金数量:0

当前时间：2017-06-19 14:22:29,内容:每分红权赠送:0.6会员275,赠送2017-06-19的积分，数量1.79分红积分数量0.895,养老积分数量0,互助基金数量:0

当前时间：2017-06-19 14:22:29,内容:每分红权赠送:0.6会员276,赠送2017-06-19的积分，数量1.2分红积分数量0.6,养老积分数量0,互助基金数量:0

当前时间：2017-06-19 14:22:29,内容:每分红权赠送:0.6会员278,赠送2017-06-19的积分，数量0.6分红积分数量0.3,养老积分数量0,互助基金数量:0

当前时间：2017-06-19 14:22:29,内容:每分红权赠送:0.6会员279,赠送2017-06-19的积分，数量50.4分红积分数量25.2,养老积分数量0,互助基金数量:0

当前时间：2017-06-19 14:22:29,内容:每分红权赠送:0.6会员280,赠送2017-06-19的积分，数量12分红积分数量6,养老积分数量0,互助基金数量:0

当前时间：2017-06-19 14:22:29,内容:每分红权赠送:0.6会员281,赠送2017-06-19的积分，数量2.4分红积分数量1.2,养老积分数量0,互助基金数量:0

当前时间：2017-06-19 14:22:29,内容:每分红权赠送:0.6会员282,赠送2017-06-19的积分，数量2.4分红积分数量1.2,养老积分数量0,互助基金数量:0

当前时间：2017-06-19 14:22:29,内容:每分红权赠送:0.6会员283,赠送2017-06-19的积分，数量50.4分红积分数量25.2,养老积分数量0,互助基金数量:0

当前时间：2017-06-19 14:22:29,内容:每分红权赠送:0.6会员284,赠送2017-06-19的积分，数量51分红积分数量25.5,养老积分数量0,互助基金数量:0

当前时间：2017-06-19 14:22:29,内容:每分红权赠送:0.6会员285,赠送2017-06-19的积分，数量56.4分红积分数量28.2,养老积分数量0,互助基金数量:0

当前时间：2017-06-19 14:22:29,内容:每分红权赠送:0.6会员286,赠送2017-06-19的积分，数量1.79分红积分数量0.895,养老积分数量0,互助基金数量:0

当前时间：2017-06-19 14:22:29,内容:每分红权赠送:0.6会员287,赠送2017-06-19的积分，数量1.2分红积分数量0.6,养老积分数量0,互助基金数量:0

当前时间：2017-06-19 14:22:29,内容:每分红权赠送:0.6会员289,赠送2017-06-19的积分，数量1.2分红积分数量0.6,养老积分数量0,互助基金数量:0

当前时间：2017-06-19 14:22:29,内容:每分红权赠送:1.6会员296,赠送2017-06-19的积分，数量220.8分红积分数量110.4,养老积分数量0,互助基金数量:0

当前时间：2017-06-19 14:22:29,内容:每分红权赠送:0.6会员297,赠送2017-06-19的积分，数量1.2分红积分数量0.6,养老积分数量0,互助基金数量:0

当前时间：2017-06-19 14:22:29,内容:每分红权赠送:0.6会员298,赠送2017-06-19的积分，数量51分红积分数量25.5,养老积分数量0,互助基金数量:0

当前时间：2017-06-19 14:22:29,内容:每分红权赠送:0.6会员301,赠送2017-06-19的积分，数量1.2分红积分数量0.6,养老积分数量0,互助基金数量:0

当前时间：2017-06-19 14:22:29,内容:每分红权赠送:0.6会员302,赠送2017-06-19的积分，数量0.6分红积分数量0.3,养老积分数量0,互助基金数量:0

当前时间：2017-06-19 14:22:29,内容:每分红权赠送:0.6会员304,赠送2017-06-19的积分，数量0.6分红积分数量0.3,养老积分数量0,互助基金数量:0

当前时间：2017-06-19 14:22:29,内容:每分红权赠送:0.6会员305,赠送2017-06-19的积分，数量1.2分红积分数量0.6,养老积分数量0,互助基金数量:0

当前时间：2017-06-19 14:22:29,内容:每分红权赠送:0.6会员307,赠送2017-06-19的积分，数量49.8分红积分数量24.9,养老积分数量0,互助基金数量:0

当前时间：2017-06-19 14:22:29,内容:每分红权赠送:0.6会员308,赠送2017-06-19的积分，数量508.79分红积分数量254.395,养老积分数量0,互助基金数量:0

当前时间：2017-06-19 14:22:29,内容:每分红权赠送:0.6会员311,赠送2017-06-19的积分，数量0.6分红积分数量0.3,养老积分数量0,互助基金数量:0

当前时间：2017-06-19 14:22:29,内容:每分红权赠送:0.6会员313,赠送2017-06-19的积分，数量3分红积分数量1.5,养老积分数量0,互助基金数量:0

当前时间：2017-06-19 14:22:29,内容:每分红权赠送:0.6会员314,赠送2017-06-19的积分，数量6分红积分数量3,养老积分数量0,互助基金数量:0

当前时间：2017-06-19 14:22:29,内容:每分红权赠送:0.6会员317,赠送2017-06-19的积分，数量1.2分红积分数量0.6,养老积分数量0,互助基金数量:0

当前时间：2017-06-19 14:22:29,内容:每分红权赠送:0.6会员319,赠送2017-06-19的积分，数量3分红积分数量1.5,养老积分数量0,互助基金数量:0

当前时间：2017-06-19 14:22:29,内容:每分红权赠送:0.6会员320,赠送2017-06-19的积分，数量3.59分红积分数量1.795,养老积分数量0,互助基金数量:0

当前时间：2017-06-19 14:22:29,内容:每分红权赠送:0.6会员321,赠送2017-06-19的积分，数量52.8分红积分数量26.4,养老积分数量0,互助基金数量:0

当前时间：2017-06-19 14:22:29,内容:每分红权赠送:1.6会员322,赠送2017-06-19的积分，数量59.2分红积分数量29.6,养老积分数量0,互助基金数量:0

当前时间：2017-06-19 14:22:29,内容:每分红权赠送:0.6会员326,赠送2017-06-19的积分，数量1.2分红积分数量0.6,养老积分数量0,互助基金数量:0

当前时间：2017-06-19 14:22:29,内容:每分红权赠送:0.6会员331,赠送2017-06-19的积分，数量32.4分红积分数量16.2,养老积分数量0,互助基金数量:0

当前时间：2017-06-19 14:22:29,内容:每分红权赠送:1.6会员332,赠送2017-06-19的积分，数量428.8分红积分数量214.4,养老积分数量0,互助基金数量:0

当前时间：2017-06-19 14:22:29,内容:每分红权赠送:0.6会员333,赠送2017-06-19的积分，数量0.6分红积分数量0.3,养老积分数量0,互助基金数量:0

当前时间：2017-06-19 14:22:29,内容:每分红权赠送:0.6会员334,赠送2017-06-19的积分，数量1.79分红积分数量0.895,养老积分数量0,互助基金数量:0

当前时间：2017-06-19 14:22:29,内容:每分红权赠送:1.6会员340,赠送2017-06-19的积分，数量793.6分红积分数量396.8,养老积分数量0,互助基金数量:0

当前时间：2017-06-19 14:22:29,内容:每分红权赠送:0.6会员343,赠送2017-06-19的积分，数量13.8分红积分数量6.9,养老积分数量0,互助基金数量:0

当前时间：2017-06-19 14:22:29,内容:每分红权赠送:1.6会员346,赠送2017-06-19的积分，数量48分红积分数量24,养老积分数量0,互助基金数量:0

当前时间：2017-06-19 14:22:29,内容:每分红权赠送:1.6会员347,赠送2017-06-19的积分，数量1.6分红积分数量0.8,养老积分数量0,互助基金数量:0

当前时间：2017-06-19 14:22:29,内容:每分红权赠送:0.6会员349,赠送2017-06-19的积分，数量7.19分红积分数量3.595,养老积分数量0,互助基金数量:0

当前时间：2017-06-19 14:22:29,内容:每分红权赠送:1.6会员350,赠送2017-06-19的积分，数量420.8分红积分数量210.4,养老积分数量0,互助基金数量:0

当前时间：2017-06-19 14:22:29,内容:每分红权赠送:0.6会员352,赠送2017-06-19的积分，数量1.2分红积分数量0.6,养老积分数量0,互助基金数量:0

当前时间：2017-06-19 14:22:29,内容:每分红权赠送:0.6会员354,赠送2017-06-19的积分，数量1.79分红积分数量0.895,养老积分数量0,互助基金数量:0

当前时间：2017-06-19 14:22:29,内容:每分红权赠送:0.6会员355,赠送2017-06-19的积分，数量0.6分红积分数量0.3,养老积分数量0,互助基金数量:0

当前时间：2017-06-19 14:22:29,内容:每分红权赠送:1.6会员356,赠送2017-06-19的积分，数量172.8分红积分数量86.4,养老积分数量0,互助基金数量:0

当前时间：2017-06-19 14:22:29,内容:每分红权赠送:0.6会员358,赠送2017-06-19的积分，数量8.4分红积分数量4.2,养老积分数量0,互助基金数量:0

当前时间：2017-06-19 14:22:29,内容:每分红权赠送:0.6会员359,赠送2017-06-19的积分，数量0.6分红积分数量0.3,养老积分数量0,互助基金数量:0

当前时间：2017-06-19 14:22:29,内容:每分红权赠送:0.6会员360,赠送2017-06-19的积分，数量0.6分红积分数量0.3,养老积分数量0,互助基金数量:0

当前时间：2017-06-19 14:22:29,内容:每分红权赠送:0.6会员362,赠送2017-06-19的积分，数量52.8分红积分数量26.4,养老积分数量0,互助基金数量:0

当前时间：2017-06-19 14:22:29,内容:每分红权赠送:0.6会员363,赠送2017-06-19的积分，数量0.6分红积分数量0.3,养老积分数量0,互助基金数量:0

当前时间：2017-06-19 14:22:29,内容:每分红权赠送:0.6会员364,赠送2017-06-19的积分，数量0.6分红积分数量0.3,养老积分数量0,互助基金数量:0

当前时间：2017-06-19 14:22:29,内容:每分红权赠送:0.6会员365,赠送2017-06-19的积分，数量1.2分红积分数量0.6,养老积分数量0,互助基金数量:0

当前时间：2017-06-19 14:22:29,内容:每分红权赠送:0.6会员367,赠送2017-06-19的积分，数量0.6分红积分数量0.3,养老积分数量0,互助基金数量:0

当前时间：2017-06-19 14:22:29,内容:每分红权赠送:0.6会员369,赠送2017-06-19的积分，数量49.2分红积分数量24.6,养老积分数量0,互助基金数量:0

当前时间：2017-06-19 14:22:29,内容:每分红权赠送:0.6会员370,赠送2017-06-19的积分，数量1.2分红积分数量0.6,养老积分数量0,互助基金数量:0

当前时间：2017-06-19 14:22:29,内容:每分红权赠送:0.6会员372,赠送2017-06-19的积分，数量56.4分红积分数量28.2,养老积分数量0,互助基金数量:0

当前时间：2017-06-19 14:22:29,内容:每分红权赠送:0.6会员373,赠送2017-06-19的积分，数量0.6分红积分数量0.3,养老积分数量0,互助基金数量:0

当前时间：2017-06-19 14:22:29,内容:每分红权赠送:0.6会员375,赠送2017-06-19的积分，数量51分红积分数量25.5,养老积分数量0,互助基金数量:0

当前时间：2017-06-19 14:22:29,内容:每分红权赠送:0.6会员376,赠送2017-06-19的积分，数量52.2分红积分数量26.1,养老积分数量0,互助基金数量:0

当前时间：2017-06-19 14:22:29,内容:每分红权赠送:0.6会员377,赠送2017-06-19的积分，数量2.4分红积分数量1.2,养老积分数量0,互助基金数量:0

当前时间：2017-06-19 14:22:29,内容:每分红权赠送:0.6会员378,赠送2017-06-19的积分，数量6.6分红积分数量3.3,养老积分数量0,互助基金数量:0

当前时间：2017-06-19 14:22:29,内容:每分红权赠送:0.6会员379,赠送2017-06-19的积分，数量0.6分红积分数量0.3,养老积分数量0,互助基金数量:0

当前时间：2017-06-19 14:22:29,内容:每分红权赠送:0.6会员382,赠送2017-06-19的积分，数量64.8分红积分数量32.4,养老积分数量0,互助基金数量:0

当前时间：2017-06-19 14:22:29,内容:每分红权赠送:0.6会员384,赠送2017-06-19的积分，数量0.6分红积分数量0.3,养老积分数量0,互助基金数量:0

当前时间：2017-06-19 14:22:29,内容:每分红权赠送:0.6会员385,赠送2017-06-19的积分，数量0.6分红积分数量0.3,养老积分数量0,互助基金数量:0

当前时间：2017-06-19 14:22:29,内容:每分红权赠送:0.6会员386,赠送2017-06-19的积分，数量57分红积分数量28.5,养老积分数量0,互助基金数量:0

当前时间：2017-06-19 14:22:29,内容:每分红权赠送:0.6会员387,赠送2017-06-19的积分，数量3分红积分数量1.5,养老积分数量0,互助基金数量:0

当前时间：2017-06-19 14:22:29,内容:每分红权赠送:0.6会员388,赠送2017-06-19的积分，数量17.39分红积分数量8.695,养老积分数量0,互助基金数量:0

当前时间：2017-06-19 14:22:29,内容:每分红权赠送:0.6会员389,赠送2017-06-19的积分，数量10.19分红积分数量5.095,养老积分数量0,互助基金数量:0

当前时间：2017-06-19 14:22:29,内容:每分红权赠送:0.6会员390,赠送2017-06-19的积分，数量34.79分红积分数量17.395,养老积分数量0,互助基金数量:0

当前时间：2017-06-19 14:22:29,内容:每分红权赠送:0.6会员392,赠送2017-06-19的积分，数量0.6分红积分数量0.3,养老积分数量0,互助基金数量:0

当前时间：2017-06-19 14:22:29,内容:每分红权赠送:0.6会员393,赠送2017-06-19的积分，数量0.6分红积分数量0.3,养老积分数量0,互助基金数量:0

当前时间：2017-06-19 14:22:29,内容:每分红权赠送:0.6会员394,赠送2017-06-19的积分，数量0.6分红积分数量0.3,养老积分数量0,互助基金数量:0

当前时间：2017-06-19 14:22:29,内容:每分红权赠送:0.6会员396,赠送2017-06-19的积分，数量4.8分红积分数量2.4,养老积分数量0,互助基金数量:0

当前时间：2017-06-19 14:22:29,内容:每分红权赠送:0.6会员397,赠送2017-06-19的积分，数量4.2分红积分数量2.1,养老积分数量0,互助基金数量:0

当前时间：2017-06-19 14:22:29,内容:每分红权赠送:0.6会员398,赠送2017-06-19的积分，数量21.6分红积分数量10.8,养老积分数量0,互助基金数量:0

当前时间：2017-06-19 14:22:29,内容:每分红权赠送:1.6会员399,赠送2017-06-19的积分，数量6.4分红积分数量3.2,养老积分数量0,互助基金数量:0

当前时间：2017-06-19 14:22:29,内容:每分红权赠送:0.6会员401,赠送2017-06-19的积分，数量53.4分红积分数量26.7,养老积分数量0,互助基金数量:0

当前时间：2017-06-19 14:22:29,内容:每分红权赠送:0.6会员402,赠送2017-06-19的积分，数量17.39分红积分数量8.695,养老积分数量0,互助基金数量:0

当前时间：2017-06-19 14:22:29,内容:每分红权赠送:0.6会员403,赠送2017-06-19的积分，数量14.39分红积分数量7.195,养老积分数量0,互助基金数量:0

当前时间：2017-06-19 14:22:29,内容:每分红权赠送:0.6会员404,赠送2017-06-19的积分，数量22.2分红积分数量11.1,养老积分数量0,互助基金数量:0

当前时间：2017-06-19 14:22:29,内容:每分红权赠送:0.6会员406,赠送2017-06-19的积分，数量0.6分红积分数量0.3,养老积分数量0,互助基金数量:0

当前时间：2017-06-19 14:22:29,内容:每分红权赠送:0.6会员407,赠送2017-06-19的积分，数量0.6分红积分数量0.3,养老积分数量0,互助基金数量:0

当前时间：2017-06-19 14:22:29,内容:每分红权赠送:0.6会员410,赠送2017-06-19的积分，数量0.6分红积分数量0.3,养老积分数量0,互助基金数量:0

当前时间：2017-06-19 14:22:29,内容:每分红权赠送:0.6会员412,赠送2017-06-19的积分，数量0.6分红积分数量0.3,养老积分数量0,互助基金数量:0

当前时间：2017-06-19 14:22:29,内容:每分红权赠送:0.6会员413,赠送2017-06-19的积分，数量0.6分红积分数量0.3,养老积分数量0,互助基金数量:0

当前时间：2017-06-19 14:22:29,内容:每分红权赠送:0.6会员415,赠送2017-06-19的积分，数量0.6分红积分数量0.3,养老积分数量0,互助基金数量:0

当前时间：2017-06-19 14:22:29,内容:每分红权赠送:0.6会员416,赠送2017-06-19的积分，数量0.6分红积分数量0.3,养老积分数量0,互助基金数量:0

当前时间：2017-06-19 14:22:29,内容:每分红权赠送:0.6会员417,赠送2017-06-19的积分，数量0.6分红积分数量0.3,养老积分数量0,互助基金数量:0

当前时间：2017-06-19 14:22:29,内容:每分红权赠送:0.6会员418,赠送2017-06-19的积分，数量0.6分红积分数量0.3,养老积分数量0,互助基金数量:0

当前时间：2017-06-19 14:22:29,内容:每分红权赠送:0.6会员419,赠送2017-06-19的积分，数量0.6分红积分数量0.3,养老积分数量0,互助基金数量:0

当前时间：2017-06-19 14:22:29,内容:每分红权赠送:0.6会员420,赠送2017-06-19的积分，数量0.6分红积分数量0.3,养老积分数量0,互助基金数量:0

当前时间：2017-06-19 14:22:29,内容:每分红权赠送:0.6会员421,赠送2017-06-19的积分，数量0.6分红积分数量0.3,养老积分数量0,互助基金数量:0

当前时间：2017-06-19 14:22:29,内容:每分红权赠送:0.6会员423,赠送2017-06-19的积分，数量0.6分红积分数量0.3,养老积分数量0,互助基金数量:0

当前时间：2017-06-19 14:22:29,内容:每分红权赠送:0.6会员424,赠送2017-06-19的积分，数量0.6分红积分数量0.3,养老积分数量0,互助基金数量:0

当前时间：2017-06-19 14:22:29,内容:每分红权赠送:0.6会员425,赠送2017-06-19的积分，数量0.6分红积分数量0.3,养老积分数量0,互助基金数量:0

当前时间：2017-06-19 14:22:29,内容:每分红权赠送:0.6会员426,赠送2017-06-19的积分，数量0.6分红积分数量0.3,养老积分数量0,互助基金数量:0

当前时间：2017-06-19 14:22:29,内容:每分红权赠送:0.6会员428,赠送2017-06-19的积分，数量0.6分红积分数量0.3,养老积分数量0,互助基金数量:0

当前时间：2017-06-19 14:22:29,内容:每分红权赠送:0.6会员429,赠送2017-06-19的积分，数量0.6分红积分数量0.3,养老积分数量0,互助基金数量:0

当前时间：2017-06-19 14:22:29,内容:每分红权赠送:1.6会员430,赠送2017-06-19的积分，数量579.2分红积分数量289.6,养老积分数量0,互助基金数量:0

当前时间：2017-06-19 14:22:29,内容:每分红权赠送:0.6会员431,赠送2017-06-19的积分，数量0.6分红积分数量0.3,养老积分数量0,互助基金数量:0

当前时间：2017-06-19 14:22:29,内容:每分红权赠送:0.6会员432,赠送2017-06-19的积分，数量0.6分红积分数量0.3,养老积分数量0,互助基金数量:0

当前时间：2017-06-19 14:22:29,内容:每分红权赠送:0.6会员433,赠送2017-06-19的积分，数量0.6分红积分数量0.3,养老积分数量0,互助基金数量:0

当前时间：2017-06-19 14:22:29,内容:每分红权赠送:0.6会员437,赠送2017-06-19的积分，数量55.8分红积分数量27.9,养老积分数量0,互助基金数量:0

当前时间：2017-06-19 14:22:29,内容:每分红权赠送:0.6会员439,赠送2017-06-19的积分，数量2.4分红积分数量1.2,养老积分数量0,互助基金数量:0

当前时间：2017-06-19 14:22:29,内容:每分红权赠送:0.6会员448,赠送2017-06-19的积分，数量0.6分红积分数量0.3,养老积分数量0,互助基金数量:0

当前时间：2017-06-19 14:22:29,内容:每分红权赠送:0.6会员449,赠送2017-06-19的积分，数量4.2分红积分数量2.1,养老积分数量0,互助基金数量:0

当前时间：2017-06-19 14:22:29,内容:每分红权赠送:0.6会员451,赠送2017-06-19的积分，数量0.6分红积分数量0.3,养老积分数量0,互助基金数量:0

当前时间：2017-06-19 14:22:29,内容:每分红权赠送:0.6会员452,赠送2017-06-19的积分，数量1.2分红积分数量0.6,养老积分数量0,互助基金数量:0

当前时间：2017-06-19 14:22:29,内容:每分红权赠送:0.6会员453,赠送2017-06-19的积分，数量0.6分红积分数量0.3,养老积分数量0,互助基金数量:0

当前时间：2017-06-19 14:22:29,内容:每分红权赠送:0.6会员454,赠送2017-06-19的积分，数量6分红积分数量3,养老积分数量0,互助基金数量:0

当前时间：2017-06-19 14:22:29,内容:每分红权赠送:0.6会员455,赠送2017-06-19的积分，数量0.6分红积分数量0.3,养老积分数量0,互助基金数量:0

当前时间：2017-06-19 14:22:29,内容:每分红权赠送:1.6会员458,赠送2017-06-19的积分，数量153.6分红积分数量76.8,养老积分数量0,互助基金数量:0

当前时间：2017-06-19 14:22:29,内容:每分红权赠送:0.6会员459,赠送2017-06-19的积分，数量21.6分红积分数量10.8,养老积分数量0,互助基金数量:0

当前时间：2017-06-19 14:22:29,内容:每分红权赠送:1.6会员462,赠送2017-06-19的积分，数量1.6分红积分数量0.8,养老积分数量0,互助基金数量:0

当前时间：2017-06-19 14:22:29,内容:每分红权赠送:0.6会员463,赠送2017-06-19的积分，数量39.6分红积分数量19.8,养老积分数量0,互助基金数量:0

当前时间：2017-06-19 14:22:29,内容:每分红权赠送:0.6会员466,赠送2017-06-19的积分，数量0.6分红积分数量0.3,养老积分数量0,互助基金数量:0

当前时间：2017-06-19 14:22:29,内容:每分红权赠送:1.6会员467,赠送2017-06-19的积分，数量9.6分红积分数量4.8,养老积分数量0,互助基金数量:0

当前时间：2017-06-19 14:22:29,内容:每分红权赠送:0.6会员468,赠送2017-06-19的积分，数量19.2分红积分数量9.6,养老积分数量0,互助基金数量:0

当前时间：2017-06-19 14:22:29,内容:每分红权赠送:0.6会员470,赠送2017-06-19的积分，数量6分红积分数量3,养老积分数量0,互助基金数量:0

当前时间：2017-06-19 14:22:29,内容:每分红权赠送:0.6会员472,赠送2017-06-19的积分，数量4.8分红积分数量2.4,养老积分数量0,互助基金数量:0

当前时间：2017-06-19 14:22:29,内容:每分红权赠送:1.6会员473,赠送2017-06-19的积分，数量4.8分红积分数量2.4,养老积分数量0,互助基金数量:0

当前时间：2017-06-19 14:22:29,内容:每分红权赠送:0.6会员476,赠送2017-06-19的积分，数量0.6分红积分数量0.3,养老积分数量0,互助基金数量:0

当前时间：2017-06-19 14:22:29,内容:每分红权赠送:0.6会员479,赠送2017-06-19的积分，数量0.6分红积分数量0.3,养老积分数量0,互助基金数量:0

当前时间：2017-06-19 14:22:29,内容:每分红权赠送:0.6会员480,赠送2017-06-19的积分，数量3分红积分数量1.5,养老积分数量0,互助基金数量:0

当前时间：2017-06-19 14:22:29,内容:每分红权赠送:0.6会员481,赠送2017-06-19的积分，数量0.6分红积分数量0.3,养老积分数量0,互助基金数量:0

当前时间：2017-06-19 14:22:29,内容:每分红权赠送:0.6会员484,赠送2017-06-19的积分，数量1.79分红积分数量0.895,养老积分数量0,互助基金数量:0

当前时间：2017-06-19 14:22:29,内容:每分红权赠送:0.6会员485,赠送2017-06-19的积分，数量0.6分红积分数量0.3,养老积分数量0,互助基金数量:0

当前时间：2017-06-19 14:22:29,内容:每分红权赠送:0.6会员487,赠送2017-06-19的积分，数量0.6分红积分数量0.3,养老积分数量0,互助基金数量:0

当前时间：2017-06-19 14:22:29,内容:每分红权赠送:0.6会员497,赠送2017-06-19的积分，数量27分红积分数量13.5,养老积分数量0,互助基金数量:0

当前时间：2017-06-19 14:22:29,内容:每分红权赠送:0.6会员504,赠送2017-06-19的积分，数量27.6分红积分数量13.8,养老积分数量0,互助基金数量:0

当前时间：2017-06-19 14:22:29,内容:每分红权赠送:0.6会员505,赠送2017-06-19的积分，数量0.6分红积分数量0.3,养老积分数量0,互助基金数量:0

当前时间：2017-06-19 14:22:29,内容:每分红权赠送:0.6会员508,赠送2017-06-19的积分，数量0.6分红积分数量0.3,养老积分数量0,互助基金数量:0

当前时间：2017-06-19 14:22:29,内容:每分红权赠送:0.6会员512,赠送2017-06-19的积分，数量6.6分红积分数量3.3,养老积分数量0,互助基金数量:0

当前时间：2017-06-19 14:22:29,内容:每分红权赠送:1.6会员513,赠送2017-06-19的积分，数量116.8分红积分数量58.4,养老积分数量0,互助基金数量:0

当前时间：2017-06-19 14:22:29,内容:每分红权赠送:0.6会员514,赠送2017-06-19的积分，数量2.4分红积分数量1.2,养老积分数量0,互助基金数量:0

当前时间：2017-06-19 14:22:29,内容:每分红权赠送:0.6会员517,赠送2017-06-19的积分，数量11.4分红积分数量5.7,养老积分数量0,互助基金数量:0

当前时间：2017-06-19 14:22:29,内容:日期2017-06-19任务执行完毕

当前时间：2017-06-19 15:45:58,内容:当前任务执行时间：2017-06-19 15:45:58,任务计划开始执行时间：2017-06-19 03:00:00
当前时间：2017-06-19 15:45:58,内容:执行这个,任务执行时间：2017-06-19 03:00:00
当前时间：2017-06-19 15:45:58,内容:任务开始执行
当前时间：2017-06-19 15:45:58,内容:当前赠送积分数值:0.6

当前时间：2017-06-19 15:45:58,内容:每分红权赠送:1.6会员195,赠送2017-06-19的积分，数量4.8分红积分数量2.4,养老积分数量0,互助基金数量:0

当前时间：2017-06-19 15:45:58,内容:每分红权赠送:1.6会员199,赠送2017-06-19的积分，数量6.4分红积分数量3.2,养老积分数量0,互助基金数量:0

当前时间：2017-06-19 15:45:58,内容:每分红权赠送:0.6会员200,赠送2017-06-19的积分，数量5.4分红积分数量2.7,养老积分数量0,互助基金数量:0

当前时间：2017-06-19 15:45:58,内容:每分红权赠送:1.6会员206,赠送2017-06-19的积分，数量281.6分红积分数量140.8,养老积分数量0,互助基金数量:0

当前时间：2017-06-19 15:45:58,内容:每分红权赠送:1.6会员207,赠送2017-06-19的积分，数量811.2分红积分数量405.6,养老积分数量0,互助基金数量:0

当前时间：2017-06-19 15:45:58,内容:每分红权赠送:0.6会员208,赠送2017-06-19的积分，数量2.4分红积分数量1.2,养老积分数量0,互助基金数量:0

当前时间：2017-06-19 15:45:58,内容:每分红权赠送:0.6会员209,赠送2017-06-19的积分，数量17.39分红积分数量8.695,养老积分数量0,互助基金数量:0

当前时间：2017-06-19 15:45:58,内容:每分红权赠送:0.6会员211,赠送2017-06-19的积分，数量6分红积分数量3,养老积分数量0,互助基金数量:0

当前时间：2017-06-19 15:45:58,内容:每分红权赠送:1.6会员212,赠送2017-06-19的积分，数量208分红积分数量104,养老积分数量0,互助基金数量:0

当前时间：2017-06-19 15:45:58,内容:每分红权赠送:0.6会员214,赠送2017-06-19的积分，数量3分红积分数量1.5,养老积分数量0,互助基金数量:0

当前时间：2017-06-19 15:45:58,内容:每分红权赠送:0.6会员216,赠送2017-06-19的积分，数量12.6分红积分数量6.3,养老积分数量0,互助基金数量:0

当前时间：2017-06-19 15:45:58,内容:每分红权赠送:0.6会员217,赠送2017-06-19的积分，数量1.2分红积分数量0.6,养老积分数量0,互助基金数量:0

当前时间：2017-06-19 15:45:58,内容:每分红权赠送:0.6会员218,赠送2017-06-19的积分，数量3.59分红积分数量1.795,养老积分数量0,互助基金数量:0

当前时间：2017-06-19 15:45:58,内容:每分红权赠送:0.6会员219,赠送2017-06-19的积分，数量51分红积分数量25.5,养老积分数量0,互助基金数量:0

当前时间：2017-06-19 15:45:58,内容:每分红权赠送:0.6会员220,赠送2017-06-19的积分，数量4.2分红积分数量2.1,养老积分数量0,互助基金数量:0

当前时间：2017-06-19 15:45:58,内容:每分红权赠送:0.6会员221,赠送2017-06-19的积分，数量105.6分红积分数量52.8,养老积分数量0,互助基金数量:0

当前时间：2017-06-19 15:45:58,内容:每分红权赠送:0.6会员222,赠送2017-06-19的积分，数量1.79分红积分数量0.895,养老积分数量0,互助基金数量:0

当前时间：2017-06-19 15:45:58,内容:每分红权赠送:1.6会员223,赠送2017-06-19的积分，数量136分红积分数量68,养老积分数量0,互助基金数量:0

当前时间：2017-06-19 15:45:58,内容:每分红权赠送:0.6会员224,赠送2017-06-19的积分，数量51.6分红积分数量25.8,养老积分数量0,互助基金数量:0

当前时间：2017-06-19 15:45:58,内容:每分红权赠送:0.6会员225,赠送2017-06-19的积分，数量1.79分红积分数量0.895,养老积分数量0,互助基金数量:0

当前时间：2017-06-19 15:45:58,内容:每分红权赠送:0.6会员226,赠送2017-06-19的积分，数量2.4分红积分数量1.2,养老积分数量0,互助基金数量:0

当前时间：2017-06-19 15:45:58,内容:每分红权赠送:0.6会员227,赠送2017-06-19的积分，数量1.79分红积分数量0.895,养老积分数量0,互助基金数量:0

当前时间：2017-06-19 15:45:58,内容:每分红权赠送:1.6会员228,赠送2017-06-19的积分，数量140.8分红积分数量70.4,养老积分数量0,互助基金数量:0

当前时间：2017-06-19 15:45:58,内容:每分红权赠送:0.6会员229,赠送2017-06-19的积分，数量37.79分红积分数量18.895,养老积分数量0,互助基金数量:0

当前时间：2017-06-19 15:45:58,内容:每分红权赠送:0.6会员230,赠送2017-06-19的积分，数量24分红积分数量12,养老积分数量0,互助基金数量:0

当前时间：2017-06-19 15:45:58,内容:每分红权赠送:0.6会员231,赠送2017-06-19的积分，数量5.4分红积分数量2.7,养老积分数量0,互助基金数量:0

当前时间：2017-06-19 15:45:58,内容:每分红权赠送:0.6会员233,赠送2017-06-19的积分，数量3分红积分数量1.5,养老积分数量0,互助基金数量:0

当前时间：2017-06-19 15:45:58,内容:每分红权赠送:0.6会员234,赠送2017-06-19的积分，数量1.2分红积分数量0.6,养老积分数量0,互助基金数量:0

当前时间：2017-06-19 15:45:58,内容:每分红权赠送:0.6会员235,赠送2017-06-19的积分，数量0.6分红积分数量0.3,养老积分数量0,互助基金数量:0

当前时间：2017-06-19 15:45:58,内容:每分红权赠送:0.6会员236,赠送2017-06-19的积分，数量1.2分红积分数量0.6,养老积分数量0,互助基金数量:0

当前时间：2017-06-19 15:45:58,内容:每分红权赠送:0.6会员237,赠送2017-06-19的积分，数量25.2分红积分数量12.6,养老积分数量0,互助基金数量:0

当前时间：2017-06-19 15:45:58,内容:每分红权赠送:1.6会员239,赠送2017-06-19的积分，数量78.4分红积分数量39.2,养老积分数量0,互助基金数量:0

当前时间：2017-06-19 15:45:58,内容:每分红权赠送:0.6会员243,赠送2017-06-19的积分，数量1.2分红积分数量0.6,养老积分数量0,互助基金数量:0

当前时间：2017-06-19 15:45:58,内容:每分红权赠送:0.6会员244,赠送2017-06-19的积分，数量1.2分红积分数量0.6,养老积分数量0,互助基金数量:0

当前时间：2017-06-19 15:45:58,内容:每分红权赠送:0.6会员245,赠送2017-06-19的积分，数量1.2分红积分数量0.6,养老积分数量0,互助基金数量:0

当前时间：2017-06-19 15:45:58,内容:每分红权赠送:1.6会员246,赠送2017-06-19的积分，数量78.4分红积分数量39.2,养老积分数量0,互助基金数量:0

当前时间：2017-06-19 15:45:58,内容:每分红权赠送:0.6会员247,赠送2017-06-19的积分，数量1.2分红积分数量0.6,养老积分数量0,互助基金数量:0

当前时间：2017-06-19 15:45:58,内容:每分红权赠送:0.6会员248,赠送2017-06-19的积分，数量1.2分红积分数量0.6,养老积分数量0,互助基金数量:0

当前时间：2017-06-19 15:45:58,内容:每分红权赠送:0.6会员249,赠送2017-06-19的积分，数量0.6分红积分数量0.3,养老积分数量0,互助基金数量:0

当前时间：2017-06-19 15:45:58,内容:每分红权赠送:1.6会员250,赠送2017-06-19的积分，数量3.2分红积分数量1.6,养老积分数量0,互助基金数量:0

当前时间：2017-06-19 15:45:58,内容:每分红权赠送:1.6会员251,赠送2017-06-19的积分，数量3.2分红积分数量1.6,养老积分数量0,互助基金数量:0

当前时间：2017-06-19 15:45:58,内容:每分红权赠送:0.6会员252,赠送2017-06-19的积分，数量1.2分红积分数量0.6,养老积分数量0,互助基金数量:0

当前时间：2017-06-19 15:45:58,内容:每分红权赠送:1.6会员253,赠送2017-06-19的积分，数量3.2分红积分数量1.6,养老积分数量0,互助基金数量:0

当前时间：2017-06-19 15:45:58,内容:每分红权赠送:0.6会员254,赠送2017-06-19的积分，数量1.2分红积分数量0.6,养老积分数量0,互助基金数量:0

当前时间：2017-06-19 15:45:58,内容:每分红权赠送:0.6会员255,赠送2017-06-19的积分，数量1.2分红积分数量0.6,养老积分数量0,互助基金数量:0

当前时间：2017-06-19 15:45:58,内容:每分红权赠送:0.6会员256,赠送2017-06-19的积分，数量1.2分红积分数量0.6,养老积分数量0,互助基金数量:0

当前时间：2017-06-19 15:45:58,内容:每分红权赠送:1.6会员257,赠送2017-06-19的积分，数量3.2分红积分数量1.6,养老积分数量0,互助基金数量:0

当前时间：2017-06-19 15:45:58,内容:每分红权赠送:0.6会员258,赠送2017-06-19的积分，数量1.2分红积分数量0.6,养老积分数量0,互助基金数量:0

当前时间：2017-06-19 15:45:58,内容:每分红权赠送:1.6会员259,赠送2017-06-19的积分，数量1.6分红积分数量0.8,养老积分数量0,互助基金数量:0

当前时间：2017-06-19 15:45:58,内容:每分红权赠送:0.6会员260,赠送2017-06-19的积分，数量1.2分红积分数量0.6,养老积分数量0,互助基金数量:0

当前时间：2017-06-19 15:45:58,内容:每分红权赠送:0.6会员261,赠送2017-06-19的积分，数量1.2分红积分数量0.6,养老积分数量0,互助基金数量:0

当前时间：2017-06-19 15:45:58,内容:每分红权赠送:0.6会员262,赠送2017-06-19的积分，数量1.2分红积分数量0.6,养老积分数量0,互助基金数量:0

当前时间：2017-06-19 15:45:58,内容:每分红权赠送:0.6会员263,赠送2017-06-19的积分，数量1.2分红积分数量0.6,养老积分数量0,互助基金数量:0

当前时间：2017-06-19 15:45:58,内容:每分红权赠送:0.6会员264,赠送2017-06-19的积分，数量1.2分红积分数量0.6,养老积分数量0,互助基金数量:0

当前时间：2017-06-19 15:45:58,内容:每分红权赠送:0.6会员265,赠送2017-06-19的积分，数量1.2分红积分数量0.6,养老积分数量0,互助基金数量:0

当前时间：2017-06-19 15:45:58,内容:每分红权赠送:0.6会员266,赠送2017-06-19的积分，数量1.2分红积分数量0.6,养老积分数量0,互助基金数量:0

当前时间：2017-06-19 15:45:58,内容:每分红权赠送:0.6会员267,赠送2017-06-19的积分，数量1.2分红积分数量0.6,养老积分数量0,互助基金数量:0

当前时间：2017-06-19 15:45:58,内容:每分红权赠送:0.6会员268,赠送2017-06-19的积分，数量0.6分红积分数量0.3,养老积分数量0,互助基金数量:0

当前时间：2017-06-19 15:45:58,内容:每分红权赠送:0.6会员269,赠送2017-06-19的积分，数量1.2分红积分数量0.6,养老积分数量0,互助基金数量:0

当前时间：2017-06-19 15:45:58,内容:每分红权赠送:0.6会员270,赠送2017-06-19的积分，数量1.2分红积分数量0.6,养老积分数量0,互助基金数量:0

当前时间：2017-06-19 15:45:58,内容:每分红权赠送:0.6会员271,赠送2017-06-19的积分，数量1.2分红积分数量0.6,养老积分数量0,互助基金数量:0

当前时间：2017-06-19 15:45:58,内容:每分红权赠送:0.6会员272,赠送2017-06-19的积分，数量1.2分红积分数量0.6,养老积分数量0,互助基金数量:0

当前时间：2017-06-19 15:45:58,内容:每分红权赠送:0.6会员273,赠送2017-06-19的积分，数量1.2分红积分数量0.6,养老积分数量0,互助基金数量:0

当前时间：2017-06-19 15:45:58,内容:每分红权赠送:0.6会员274,赠送2017-06-19的积分，数量58.2分红积分数量29.1,养老积分数量0,互助基金数量:0

当前时间：2017-06-19 15:45:58,内容:每分红权赠送:0.6会员275,赠送2017-06-19的积分，数量1.79分红积分数量0.895,养老积分数量0,互助基金数量:0

当前时间：2017-06-19 15:45:58,内容:每分红权赠送:0.6会员276,赠送2017-06-19的积分，数量1.2分红积分数量0.6,养老积分数量0,互助基金数量:0

当前时间：2017-06-19 15:45:58,内容:每分红权赠送:0.6会员278,赠送2017-06-19的积分，数量0.6分红积分数量0.3,养老积分数量0,互助基金数量:0

当前时间：2017-06-19 15:45:59,内容:每分红权赠送:0.6会员279,赠送2017-06-19的积分，数量50.4分红积分数量25.2,养老积分数量0,互助基金数量:0

当前时间：2017-06-19 15:45:59,内容:每分红权赠送:0.6会员280,赠送2017-06-19的积分，数量12分红积分数量6,养老积分数量0,互助基金数量:0

当前时间：2017-06-19 15:45:59,内容:每分红权赠送:0.6会员281,赠送2017-06-19的积分，数量2.4分红积分数量1.2,养老积分数量0,互助基金数量:0

当前时间：2017-06-19 15:45:59,内容:每分红权赠送:0.6会员282,赠送2017-06-19的积分，数量2.4分红积分数量1.2,养老积分数量0,互助基金数量:0

当前时间：2017-06-19 15:45:59,内容:每分红权赠送:0.6会员283,赠送2017-06-19的积分，数量50.4分红积分数量25.2,养老积分数量0,互助基金数量:0

当前时间：2017-06-19 15:45:59,内容:每分红权赠送:0.6会员284,赠送2017-06-19的积分，数量51分红积分数量25.5,养老积分数量0,互助基金数量:0

当前时间：2017-06-19 15:45:59,内容:每分红权赠送:0.6会员285,赠送2017-06-19的积分，数量56.4分红积分数量28.2,养老积分数量0,互助基金数量:0

当前时间：2017-06-19 15:45:59,内容:每分红权赠送:0.6会员286,赠送2017-06-19的积分，数量1.79分红积分数量0.895,养老积分数量0,互助基金数量:0

当前时间：2017-06-19 15:45:59,内容:每分红权赠送:0.6会员287,赠送2017-06-19的积分，数量1.2分红积分数量0.6,养老积分数量0,互助基金数量:0

当前时间：2017-06-19 15:45:59,内容:每分红权赠送:0.6会员289,赠送2017-06-19的积分，数量1.2分红积分数量0.6,养老积分数量0,互助基金数量:0

当前时间：2017-06-19 15:45:59,内容:每分红权赠送:1.6会员296,赠送2017-06-19的积分，数量220.8分红积分数量110.4,养老积分数量0,互助基金数量:0

当前时间：2017-06-19 15:45:59,内容:每分红权赠送:0.6会员297,赠送2017-06-19的积分，数量1.2分红积分数量0.6,养老积分数量0,互助基金数量:0

当前时间：2017-06-19 15:45:59,内容:每分红权赠送:0.6会员298,赠送2017-06-19的积分，数量51分红积分数量25.5,养老积分数量0,互助基金数量:0

当前时间：2017-06-19 15:45:59,内容:每分红权赠送:0.6会员301,赠送2017-06-19的积分，数量1.2分红积分数量0.6,养老积分数量0,互助基金数量:0

当前时间：2017-06-19 15:45:59,内容:每分红权赠送:0.6会员302,赠送2017-06-19的积分，数量0.6分红积分数量0.3,养老积分数量0,互助基金数量:0

当前时间：2017-06-19 15:45:59,内容:每分红权赠送:0.6会员304,赠送2017-06-19的积分，数量0.6分红积分数量0.3,养老积分数量0,互助基金数量:0

当前时间：2017-06-19 15:45:59,内容:每分红权赠送:0.6会员305,赠送2017-06-19的积分，数量1.2分红积分数量0.6,养老积分数量0,互助基金数量:0

当前时间：2017-06-19 15:45:59,内容:每分红权赠送:0.6会员307,赠送2017-06-19的积分，数量49.8分红积分数量24.9,养老积分数量0,互助基金数量:0

当前时间：2017-06-19 15:45:59,内容:每分红权赠送:0.6会员308,赠送2017-06-19的积分，数量508.2分红积分数量254.1,养老积分数量0,互助基金数量:0

当前时间：2017-06-19 15:45:59,内容:每分红权赠送:0.6会员311,赠送2017-06-19的积分，数量0.6分红积分数量0.3,养老积分数量0,互助基金数量:0

当前时间：2017-06-19 15:45:59,内容:每分红权赠送:0.6会员313,赠送2017-06-19的积分，数量3分红积分数量1.5,养老积分数量0,互助基金数量:0

当前时间：2017-06-19 15:45:59,内容:每分红权赠送:0.6会员314,赠送2017-06-19的积分，数量6分红积分数量3,养老积分数量0,互助基金数量:0

当前时间：2017-06-19 15:45:59,内容:每分红权赠送:0.6会员317,赠送2017-06-19的积分，数量1.2分红积分数量0.6,养老积分数量0,互助基金数量:0

当前时间：2017-06-19 15:45:59,内容:每分红权赠送:0.6会员319,赠送2017-06-19的积分，数量3分红积分数量1.5,养老积分数量0,互助基金数量:0

当前时间：2017-06-19 15:45:59,内容:每分红权赠送:0.6会员320,赠送2017-06-19的积分，数量3.59分红积分数量1.795,养老积分数量0,互助基金数量:0

当前时间：2017-06-19 15:45:59,内容:每分红权赠送:0.6会员321,赠送2017-06-19的积分，数量52.2分红积分数量26.1,养老积分数量0,互助基金数量:0

当前时间：2017-06-19 15:45:59,内容:每分红权赠送:1.6会员322,赠送2017-06-19的积分，数量59.2分红积分数量29.6,养老积分数量0,互助基金数量:0

当前时间：2017-06-19 15:45:59,内容:每分红权赠送:0.6会员326,赠送2017-06-19的积分，数量1.2分红积分数量0.6,养老积分数量0,互助基金数量:0

当前时间：2017-06-19 15:45:59,内容:每分红权赠送:0.6会员331,赠送2017-06-19的积分，数量32.4分红积分数量16.2,养老积分数量0,互助基金数量:0

当前时间：2017-06-19 15:45:59,内容:每分红权赠送:1.6会员332,赠送2017-06-19的积分，数量428.8分红积分数量214.4,养老积分数量0,互助基金数量:0

当前时间：2017-06-19 15:45:59,内容:每分红权赠送:0.6会员333,赠送2017-06-19的积分，数量0.6分红积分数量0.3,养老积分数量0,互助基金数量:0

当前时间：2017-06-19 15:45:59,内容:每分红权赠送:0.6会员334,赠送2017-06-19的积分，数量1.79分红积分数量0.895,养老积分数量0,互助基金数量:0

当前时间：2017-06-19 15:45:59,内容:每分红权赠送:1.6会员340,赠送2017-06-19的积分，数量790.4分红积分数量395.2,养老积分数量0,互助基金数量:0

当前时间：2017-06-19 15:45:59,内容:每分红权赠送:0.6会员343,赠送2017-06-19的积分，数量13.8分红积分数量6.9,养老积分数量0,互助基金数量:0

当前时间：2017-06-19 15:45:59,内容:每分红权赠送:1.6会员346,赠送2017-06-19的积分，数量48分红积分数量24,养老积分数量0,互助基金数量:0

当前时间：2017-06-19 15:45:59,内容:每分红权赠送:1.6会员347,赠送2017-06-19的积分，数量1.6分红积分数量0.8,养老积分数量0,互助基金数量:0

当前时间：2017-06-19 15:45:59,内容:每分红权赠送:0.6会员349,赠送2017-06-19的积分，数量7.19分红积分数量3.595,养老积分数量0,互助基金数量:0

当前时间：2017-06-19 15:45:59,内容:每分红权赠送:1.6会员350,赠送2017-06-19的积分，数量419.2分红积分数量209.6,养老积分数量0,互助基金数量:0

当前时间：2017-06-19 15:45:59,内容:每分红权赠送:0.6会员352,赠送2017-06-19的积分，数量1.2分红积分数量0.6,养老积分数量0,互助基金数量:0

当前时间：2017-06-19 15:45:59,内容:每分红权赠送:0.6会员354,赠送2017-06-19的积分，数量1.79分红积分数量0.895,养老积分数量0,互助基金数量:0

当前时间：2017-06-19 15:45:59,内容:每分红权赠送:0.6会员355,赠送2017-06-19的积分，数量0.6分红积分数量0.3,养老积分数量0,互助基金数量:0

当前时间：2017-06-19 15:45:59,内容:每分红权赠送:1.6会员356,赠送2017-06-19的积分，数量172.8分红积分数量86.4,养老积分数量0,互助基金数量:0

当前时间：2017-06-19 15:45:59,内容:每分红权赠送:0.6会员358,赠送2017-06-19的积分，数量8.4分红积分数量4.2,养老积分数量0,互助基金数量:0

当前时间：2017-06-19 15:45:59,内容:每分红权赠送:0.6会员359,赠送2017-06-19的积分，数量0.6分红积分数量0.3,养老积分数量0,互助基金数量:0

当前时间：2017-06-19 15:45:59,内容:每分红权赠送:0.6会员360,赠送2017-06-19的积分，数量0.6分红积分数量0.3,养老积分数量0,互助基金数量:0

当前时间：2017-06-19 15:45:59,内容:每分红权赠送:0.6会员362,赠送2017-06-19的积分，数量52.8分红积分数量26.4,养老积分数量0,互助基金数量:0

当前时间：2017-06-19 15:45:59,内容:每分红权赠送:0.6会员363,赠送2017-06-19的积分，数量0.6分红积分数量0.3,养老积分数量0,互助基金数量:0

当前时间：2017-06-19 15:45:59,内容:每分红权赠送:0.6会员364,赠送2017-06-19的积分，数量0.6分红积分数量0.3,养老积分数量0,互助基金数量:0

当前时间：2017-06-19 15:45:59,内容:每分红权赠送:0.6会员365,赠送2017-06-19的积分，数量1.2分红积分数量0.6,养老积分数量0,互助基金数量:0

当前时间：2017-06-19 15:45:59,内容:每分红权赠送:0.6会员367,赠送2017-06-19的积分，数量0.6分红积分数量0.3,养老积分数量0,互助基金数量:0

当前时间：2017-06-19 15:45:59,内容:每分红权赠送:0.6会员369,赠送2017-06-19的积分，数量49.2分红积分数量24.6,养老积分数量0,互助基金数量:0

当前时间：2017-06-19 15:45:59,内容:每分红权赠送:0.6会员370,赠送2017-06-19的积分，数量1.2分红积分数量0.6,养老积分数量0,互助基金数量:0

当前时间：2017-06-19 15:45:59,内容:每分红权赠送:0.6会员372,赠送2017-06-19的积分，数量56.4分红积分数量28.2,养老积分数量0,互助基金数量:0

当前时间：2017-06-19 15:45:59,内容:每分红权赠送:0.6会员373,赠送2017-06-19的积分，数量0.6分红积分数量0.3,养老积分数量0,互助基金数量:0

当前时间：2017-06-19 15:45:59,内容:每分红权赠送:0.6会员375,赠送2017-06-19的积分，数量51分红积分数量25.5,养老积分数量0,互助基金数量:0

当前时间：2017-06-19 15:45:59,内容:每分红权赠送:0.6会员376,赠送2017-06-19的积分，数量52.2分红积分数量26.1,养老积分数量0,互助基金数量:0

当前时间：2017-06-19 15:45:59,内容:每分红权赠送:0.6会员377,赠送2017-06-19的积分，数量2.4分红积分数量1.2,养老积分数量0,互助基金数量:0

当前时间：2017-06-19 15:45:59,内容:每分红权赠送:0.6会员378,赠送2017-06-19的积分，数量6.6分红积分数量3.3,养老积分数量0,互助基金数量:0

当前时间：2017-06-19 15:45:59,内容:每分红权赠送:0.6会员379,赠送2017-06-19的积分，数量0.6分红积分数量0.3,养老积分数量0,互助基金数量:0

当前时间：2017-06-19 15:45:59,内容:每分红权赠送:0.6会员382,赠送2017-06-19的积分，数量64.2分红积分数量32.1,养老积分数量0,互助基金数量:0

当前时间：2017-06-19 15:45:59,内容:每分红权赠送:0.6会员384,赠送2017-06-19的积分，数量0.6分红积分数量0.3,养老积分数量0,互助基金数量:0

当前时间：2017-06-19 15:45:59,内容:每分红权赠送:0.6会员385,赠送2017-06-19的积分，数量0.6分红积分数量0.3,养老积分数量0,互助基金数量:0

当前时间：2017-06-19 15:45:59,内容:每分红权赠送:0.6会员386,赠送2017-06-19的积分，数量57分红积分数量28.5,养老积分数量0,互助基金数量:0

当前时间：2017-06-19 15:45:59,内容:每分红权赠送:0.6会员387,赠送2017-06-19的积分，数量3分红积分数量1.5,养老积分数量0,互助基金数量:0

当前时间：2017-06-19 15:45:59,内容:每分红权赠送:0.6会员388,赠送2017-06-19的积分，数量17.39分红积分数量8.695,养老积分数量0,互助基金数量:0

当前时间：2017-06-19 15:45:59,内容:每分红权赠送:0.6会员389,赠送2017-06-19的积分，数量10.19分红积分数量5.095,养老积分数量0,互助基金数量:0

当前时间：2017-06-19 15:45:59,内容:每分红权赠送:0.6会员390,赠送2017-06-19的积分，数量34.79分红积分数量17.395,养老积分数量0,互助基金数量:0

当前时间：2017-06-19 15:45:59,内容:每分红权赠送:0.6会员392,赠送2017-06-19的积分，数量0.6分红积分数量0.3,养老积分数量0,互助基金数量:0

当前时间：2017-06-19 15:45:59,内容:每分红权赠送:0.6会员393,赠送2017-06-19的积分，数量0.6分红积分数量0.3,养老积分数量0,互助基金数量:0

当前时间：2017-06-19 15:45:59,内容:每分红权赠送:0.6会员394,赠送2017-06-19的积分，数量0.6分红积分数量0.3,养老积分数量0,互助基金数量:0

当前时间：2017-06-19 15:45:59,内容:每分红权赠送:0.6会员396,赠送2017-06-19的积分，数量4.8分红积分数量2.4,养老积分数量0,互助基金数量:0

当前时间：2017-06-19 15:45:59,内容:每分红权赠送:0.6会员397,赠送2017-06-19的积分，数量4.2分红积分数量2.1,养老积分数量0,互助基金数量:0

当前时间：2017-06-19 15:45:59,内容:每分红权赠送:0.6会员398,赠送2017-06-19的积分，数量21.6分红积分数量10.8,养老积分数量0,互助基金数量:0

当前时间：2017-06-19 15:45:59,内容:每分红权赠送:1.6会员399,赠送2017-06-19的积分，数量6.4分红积分数量3.2,养老积分数量0,互助基金数量:0

当前时间：2017-06-19 15:45:59,内容:每分红权赠送:0.6会员401,赠送2017-06-19的积分，数量52.8分红积分数量26.4,养老积分数量0,互助基金数量:0

当前时间：2017-06-19 15:45:59,内容:每分红权赠送:0.6会员402,赠送2017-06-19的积分，数量17.39分红积分数量8.695,养老积分数量0,互助基金数量:0

当前时间：2017-06-19 15:45:59,内容:每分红权赠送:0.6会员403,赠送2017-06-19的积分，数量14.39分红积分数量7.195,养老积分数量0,互助基金数量:0

当前时间：2017-06-19 15:45:59,内容:每分红权赠送:0.6会员404,赠送2017-06-19的积分，数量22.2分红积分数量11.1,养老积分数量0,互助基金数量:0

当前时间：2017-06-19 15:45:59,内容:每分红权赠送:0.6会员406,赠送2017-06-19的积分，数量0.6分红积分数量0.3,养老积分数量0,互助基金数量:0

当前时间：2017-06-19 15:45:59,内容:每分红权赠送:0.6会员407,赠送2017-06-19的积分，数量0.6分红积分数量0.3,养老积分数量0,互助基金数量:0

当前时间：2017-06-19 15:45:59,内容:每分红权赠送:0.6会员410,赠送2017-06-19的积分，数量0.6分红积分数量0.3,养老积分数量0,互助基金数量:0

当前时间：2017-06-19 15:45:59,内容:每分红权赠送:0.6会员412,赠送2017-06-19的积分，数量0.6分红积分数量0.3,养老积分数量0,互助基金数量:0

当前时间：2017-06-19 15:45:59,内容:每分红权赠送:0.6会员413,赠送2017-06-19的积分，数量0.6分红积分数量0.3,养老积分数量0,互助基金数量:0

当前时间：2017-06-19 15:45:59,内容:每分红权赠送:0.6会员415,赠送2017-06-19的积分，数量0.6分红积分数量0.3,养老积分数量0,互助基金数量:0

当前时间：2017-06-19 15:45:59,内容:每分红权赠送:0.6会员416,赠送2017-06-19的积分，数量0.6分红积分数量0.3,养老积分数量0,互助基金数量:0

当前时间：2017-06-19 15:45:59,内容:每分红权赠送:0.6会员417,赠送2017-06-19的积分，数量0.6分红积分数量0.3,养老积分数量0,互助基金数量:0

当前时间：2017-06-19 15:45:59,内容:每分红权赠送:0.6会员418,赠送2017-06-19的积分，数量0.6分红积分数量0.3,养老积分数量0,互助基金数量:0

当前时间：2017-06-19 15:45:59,内容:每分红权赠送:0.6会员419,赠送2017-06-19的积分，数量0.6分红积分数量0.3,养老积分数量0,互助基金数量:0

当前时间：2017-06-19 15:45:59,内容:每分红权赠送:0.6会员420,赠送2017-06-19的积分，数量0.6分红积分数量0.3,养老积分数量0,互助基金数量:0

当前时间：2017-06-19 15:45:59,内容:每分红权赠送:0.6会员421,赠送2017-06-19的积分，数量0.6分红积分数量0.3,养老积分数量0,互助基金数量:0

当前时间：2017-06-19 15:45:59,内容:每分红权赠送:0.6会员423,赠送2017-06-19的积分，数量0.6分红积分数量0.3,养老积分数量0,互助基金数量:0

当前时间：2017-06-19 15:45:59,内容:每分红权赠送:0.6会员424,赠送2017-06-19的积分，数量0.6分红积分数量0.3,养老积分数量0,互助基金数量:0

当前时间：2017-06-19 15:45:59,内容:每分红权赠送:0.6会员425,赠送2017-06-19的积分，数量0.6分红积分数量0.3,养老积分数量0,互助基金数量:0

当前时间：2017-06-19 15:45:59,内容:每分红权赠送:0.6会员426,赠送2017-06-19的积分，数量0.6分红积分数量0.3,养老积分数量0,互助基金数量:0

当前时间：2017-06-19 15:45:59,内容:每分红权赠送:0.6会员428,赠送2017-06-19的积分，数量0.6分红积分数量0.3,养老积分数量0,互助基金数量:0

当前时间：2017-06-19 15:45:59,内容:每分红权赠送:0.6会员429,赠送2017-06-19的积分，数量0.6分红积分数量0.3,养老积分数量0,互助基金数量:0

当前时间：2017-06-19 15:45:59,内容:每分红权赠送:1.6会员430,赠送2017-06-19的积分，数量577.6分红积分数量288.8,养老积分数量0,互助基金数量:0

当前时间：2017-06-19 15:45:59,内容:每分红权赠送:0.6会员431,赠送2017-06-19的积分，数量0.6分红积分数量0.3,养老积分数量0,互助基金数量:0

当前时间：2017-06-19 15:45:59,内容:每分红权赠送:0.6会员432,赠送2017-06-19的积分，数量0.6分红积分数量0.3,养老积分数量0,互助基金数量:0

当前时间：2017-06-19 15:45:59,内容:每分红权赠送:0.6会员433,赠送2017-06-19的积分，数量0.6分红积分数量0.3,养老积分数量0,互助基金数量:0

当前时间：2017-06-19 15:45:59,内容:每分红权赠送:0.6会员437,赠送2017-06-19的积分，数量55.8分红积分数量27.9,养老积分数量0,互助基金数量:0

当前时间：2017-06-19 15:45:59,内容:每分红权赠送:0.6会员439,赠送2017-06-19的积分，数量2.4分红积分数量1.2,养老积分数量0,互助基金数量:0

当前时间：2017-06-19 15:45:59,内容:每分红权赠送:0.6会员448,赠送2017-06-19的积分，数量0.6分红积分数量0.3,养老积分数量0,互助基金数量:0

当前时间：2017-06-19 15:45:59,内容:每分红权赠送:0.6会员449,赠送2017-06-19的积分，数量4.2分红积分数量2.1,养老积分数量0,互助基金数量:0

当前时间：2017-06-19 15:45:59,内容:每分红权赠送:0.6会员451,赠送2017-06-19的积分，数量0.6分红积分数量0.3,养老积分数量0,互助基金数量:0

当前时间：2017-06-19 15:45:59,内容:每分红权赠送:0.6会员452,赠送2017-06-19的积分，数量1.2分红积分数量0.6,养老积分数量0,互助基金数量:0

当前时间：2017-06-19 15:45:59,内容:每分红权赠送:0.6会员453,赠送2017-06-19的积分，数量0.6分红积分数量0.3,养老积分数量0,互助基金数量:0

当前时间：2017-06-19 15:45:59,内容:每分红权赠送:0.6会员454,赠送2017-06-19的积分，数量6分红积分数量3,养老积分数量0,互助基金数量:0

当前时间：2017-06-19 15:45:59,内容:每分红权赠送:0.6会员455,赠送2017-06-19的积分，数量0.6分红积分数量0.3,养老积分数量0,互助基金数量:0

当前时间：2017-06-19 15:45:59,内容:每分红权赠送:1.6会员458,赠送2017-06-19的积分，数量153.6分红积分数量76.8,养老积分数量0,互助基金数量:0

当前时间：2017-06-19 15:45:59,内容:每分红权赠送:0.6会员459,赠送2017-06-19的积分，数量21.6分红积分数量10.8,养老积分数量0,互助基金数量:0

当前时间：2017-06-19 15:45:59,内容:每分红权赠送:1.6会员462,赠送2017-06-19的积分，数量1.6分红积分数量0.8,养老积分数量0,互助基金数量:0

当前时间：2017-06-19 15:45:59,内容:每分红权赠送:0.6会员463,赠送2017-06-19的积分，数量39.6分红积分数量19.8,养老积分数量0,互助基金数量:0

当前时间：2017-06-19 15:45:59,内容:每分红权赠送:0.6会员466,赠送2017-06-19的积分，数量0.6分红积分数量0.3,养老积分数量0,互助基金数量:0

当前时间：2017-06-19 15:45:59,内容:每分红权赠送:1.6会员467,赠送2017-06-19的积分，数量9.6分红积分数量4.8,养老积分数量0,互助基金数量:0

当前时间：2017-06-19 15:45:59,内容:每分红权赠送:0.6会员468,赠送2017-06-19的积分，数量19.2分红积分数量9.6,养老积分数量0,互助基金数量:0

当前时间：2017-06-19 15:45:59,内容:每分红权赠送:0.6会员470,赠送2017-06-19的积分，数量6分红积分数量3,养老积分数量0,互助基金数量:0

当前时间：2017-06-19 15:45:59,内容:每分红权赠送:0.6会员472,赠送2017-06-19的积分，数量4.8分红积分数量2.4,养老积分数量0,互助基金数量:0

当前时间：2017-06-19 15:45:59,内容:每分红权赠送:1.6会员473,赠送2017-06-19的积分，数量4.8分红积分数量2.4,养老积分数量0,互助基金数量:0

当前时间：2017-06-19 15:45:59,内容:每分红权赠送:0.6会员476,赠送2017-06-19的积分，数量0.6分红积分数量0.3,养老积分数量0,互助基金数量:0

当前时间：2017-06-19 15:45:59,内容:每分红权赠送:0.6会员479,赠送2017-06-19的积分，数量0.6分红积分数量0.3,养老积分数量0,互助基金数量:0

当前时间：2017-06-19 15:45:59,内容:每分红权赠送:0.6会员480,赠送2017-06-19的积分，数量3分红积分数量1.5,养老积分数量0,互助基金数量:0

当前时间：2017-06-19 15:45:59,内容:每分红权赠送:0.6会员481,赠送2017-06-19的积分，数量0.6分红积分数量0.3,养老积分数量0,互助基金数量:0

当前时间：2017-06-19 15:45:59,内容:每分红权赠送:0.6会员484,赠送2017-06-19的积分，数量1.79分红积分数量0.895,养老积分数量0,互助基金数量:0

当前时间：2017-06-19 15:45:59,内容:每分红权赠送:0.6会员485,赠送2017-06-19的积分，数量0.6分红积分数量0.3,养老积分数量0,互助基金数量:0

当前时间：2017-06-19 15:45:59,内容:每分红权赠送:0.6会员487,赠送2017-06-19的积分，数量0.6分红积分数量0.3,养老积分数量0,互助基金数量:0

当前时间：2017-06-19 15:45:59,内容:每分红权赠送:0.6会员497,赠送2017-06-19的积分，数量27分红积分数量13.5,养老积分数量0,互助基金数量:0

当前时间：2017-06-19 15:45:59,内容:每分红权赠送:0.6会员504,赠送2017-06-19的积分，数量27.6分红积分数量13.8,养老积分数量0,互助基金数量:0

当前时间：2017-06-19 15:45:59,内容:每分红权赠送:0.6会员505,赠送2017-06-19的积分，数量0.6分红积分数量0.3,养老积分数量0,互助基金数量:0

当前时间：2017-06-19 15:45:59,内容:每分红权赠送:0.6会员508,赠送2017-06-19的积分，数量0.6分红积分数量0.3,养老积分数量0,互助基金数量:0

当前时间：2017-06-19 15:45:59,内容:每分红权赠送:0.6会员512,赠送2017-06-19的积分，数量6.6分红积分数量3.3,养老积分数量0,互助基金数量:0

当前时间：2017-06-19 15:45:59,内容:每分红权赠送:1.6会员513,赠送2017-06-19的积分，数量116.8分红积分数量58.4,养老积分数量0,互助基金数量:0

当前时间：2017-06-19 15:45:59,内容:每分红权赠送:0.6会员514,赠送2017-06-19的积分，数量2.4分红积分数量1.2,养老积分数量0,互助基金数量:0

当前时间：2017-06-19 15:45:59,内容:每分红权赠送:0.6会员517,赠送2017-06-19的积分，数量11.4分红积分数量5.7,养老积分数量0,互助基金数量:0

当前时间：2017-06-19 15:45:59,内容:日期2017-06-19任务执行完毕

