当前时间：2017-07-07 16:50:18,内容:当前任务执行时间：2017-07-07 16:50:18,任务计划开始执行时间：2017-07-06 17:00:00
当前时间：2017-07-07 16:50:18,内容:执行这个,任务执行时间：2017-07-06 17:00:00
当前时间：2017-07-07 16:50:18,内容:任务开始执行
当前时间：2017-07-07 16:50:18,内容:当前赠送积分数值:0.1

当前时间：2017-07-07 16:50:18,内容:每分红权赠送:2会员195,赠送2017-07-07的积分，数量10分红积分数量5,养老积分数量0,互助基金数量:0

当前时间：2017-07-07 16:50:18,内容:每分红权赠送:2会员199,赠送2017-07-07的积分，数量42分红积分数量21,养老积分数量0,互助基金数量:0

当前时间：2017-07-07 16:50:18,内容:每分红权赠送:0.1会员200,赠送2017-07-07的积分，数量0.9分红积分数量0.45,养老积分数量0,互助基金数量:0

当前时间：2017-07-07 16:50:18,内容:每分红权赠送:2会员206,赠送2017-07-07的积分，数量332分红积分数量166,养老积分数量0,互助基金数量:0

当前时间：2017-07-07 16:50:18,内容:每分红权赠送:2会员207,赠送2017-07-07的积分，数量40分红积分数量20,养老积分数量0,互助基金数量:0

当前时间：2017-07-07 16:50:18,内容:每分红权赠送:0.1会员208,赠送2017-07-07的积分，数量0.4分红积分数量0.2,养老积分数量0,互助基金数量:0

当前时间：2017-07-07 16:50:18,内容:每分红权赠送:0.1会员209,赠送2017-07-07的积分，数量2.9分红积分数量1.45,养老积分数量0,互助基金数量:0

当前时间：2017-07-07 16:50:18,内容:每分红权赠送:0.1会员211,赠送2017-07-07的积分，数量1分红积分数量0.5,养老积分数量0,互助基金数量:0

当前时间：2017-07-07 16:50:18,内容:每分红权赠送:2会员212,赠送2017-07-07的积分，数量248分红积分数量124,养老积分数量0,互助基金数量:0

当前时间：2017-07-07 16:50:18,内容:每分红权赠送:0.1会员214,赠送2017-07-07的积分，数量0.5分红积分数量0.25,养老积分数量0,互助基金数量:0

当前时间：2017-07-07 16:50:18,内容:每分红权赠送:0.1会员216,赠送2017-07-07的积分，数量2.1分红积分数量1.05,养老积分数量0,互助基金数量:0

当前时间：2017-07-07 16:50:18,内容:每分红权赠送:0.1会员217,赠送2017-07-07的积分，数量0.2分红积分数量0.1,养老积分数量0,互助基金数量:0

当前时间：2017-07-07 16:50:18,内容:每分红权赠送:0.1会员218,赠送2017-07-07的积分，数量0.6分红积分数量0.3,养老积分数量0,互助基金数量:0

当前时间：2017-07-07 16:50:18,内容:每分红权赠送:2会员219,赠送2017-07-07的积分，数量170分红积分数量85,养老积分数量0,互助基金数量:0

当前时间：2017-07-07 16:50:18,内容:每分红权赠送:0.1会员220,赠送2017-07-07的积分，数量0.7分红积分数量0.35,养老积分数量0,互助基金数量:0

当前时间：2017-07-07 16:50:18,内容:每分红权赠送:0.1会员221,赠送2017-07-07的积分，数量17.5分红积分数量8.75,养老积分数量0,互助基金数量:0

当前时间：2017-07-07 16:50:18,内容:每分红权赠送:0.1会员222,赠送2017-07-07的积分，数量0.3分红积分数量0.15,养老积分数量0,互助基金数量:0

当前时间：2017-07-07 16:50:19,内容:每分红权赠送:2会员223,赠送2017-07-07的积分，数量160分红积分数量80,养老积分数量0,互助基金数量:0

当前时间：2017-07-07 16:50:19,内容:每分红权赠送:0.1会员224,赠送2017-07-07的积分，数量8.6分红积分数量4.3,养老积分数量0,互助基金数量:0

当前时间：2017-07-07 16:50:19,内容:每分红权赠送:0.1会员225,赠送2017-07-07的积分，数量0.3分红积分数量0.15,养老积分数量0,互助基金数量:0

当前时间：2017-07-07 16:50:19,内容:每分红权赠送:0.1会员226,赠送2017-07-07的积分，数量0.4分红积分数量0.2,养老积分数量0,互助基金数量:0

当前时间：2017-07-07 16:50:19,内容:每分红权赠送:0.1会员227,赠送2017-07-07的积分，数量0.3分红积分数量0.15,养老积分数量0,互助基金数量:0

当前时间：2017-07-07 16:50:19,内容:每分红权赠送:2会员228,赠送2017-07-07的积分，数量168分红积分数量84,养老积分数量0,互助基金数量:0

当前时间：2017-07-07 16:50:19,内容:每分红权赠送:2会员229,赠送2017-07-07的积分，数量140分红积分数量70,养老积分数量0,互助基金数量:0

当前时间：2017-07-07 16:50:19,内容:每分红权赠送:2会员230,赠送2017-07-07的积分，数量86分红积分数量43,养老积分数量0,互助基金数量:0

当前时间：2017-07-07 16:50:19,内容:每分红权赠送:0.1会员231,赠送2017-07-07的积分，数量0.9分红积分数量0.45,养老积分数量0,互助基金数量:0

当前时间：2017-07-07 16:50:19,内容:每分红权赠送:0.1会员232,赠送2017-07-07的积分，数量0.4分红积分数量0.2,养老积分数量0,互助基金数量:0

当前时间：2017-07-07 16:50:19,内容:每分红权赠送:0.1会员233,赠送2017-07-07的积分，数量0.5分红积分数量0.25,养老积分数量0,互助基金数量:0

当前时间：2017-07-07 16:50:19,内容:每分红权赠送:0.1会员234,赠送2017-07-07的积分，数量0.2分红积分数量0.1,养老积分数量0,互助基金数量:0

当前时间：2017-07-07 16:50:19,内容:每分红权赠送:0.1会员235,赠送2017-07-07的积分，数量0.1分红积分数量0.05,养老积分数量0,互助基金数量:0

当前时间：2017-07-07 16:50:19,内容:每分红权赠送:0.1会员236,赠送2017-07-07的积分，数量0.2分红积分数量0.1,养老积分数量0,互助基金数量:0

当前时间：2017-07-07 16:50:19,内容:每分红权赠送:0.1会员237,赠送2017-07-07的积分，数量4.1分红积分数量2.05,养老积分数量0,互助基金数量:0

当前时间：2017-07-07 16:50:19,内容:每分红权赠送:2会员239,赠送2017-07-07的积分，数量94分红积分数量47,养老积分数量0,互助基金数量:0

当前时间：2017-07-07 16:50:19,内容:每分红权赠送:2会员243,赠送2017-07-07的积分，数量4分红积分数量2,养老积分数量0,互助基金数量:0

当前时间：2017-07-07 16:50:19,内容:每分红权赠送:2会员244,赠送2017-07-07的积分，数量4分红积分数量2,养老积分数量0,互助基金数量:0

当前时间：2017-07-07 16:50:19,内容:每分红权赠送:2会员245,赠送2017-07-07的积分，数量4分红积分数量2,养老积分数量0,互助基金数量:0

当前时间：2017-07-07 16:50:19,内容:每分红权赠送:2会员246,赠送2017-07-07的积分，数量102分红积分数量51,养老积分数量0,互助基金数量:0

当前时间：2017-07-07 16:50:19,内容:每分红权赠送:2会员247,赠送2017-07-07的积分，数量4分红积分数量2,养老积分数量0,互助基金数量:0

当前时间：2017-07-07 16:50:19,内容:每分红权赠送:2会员248,赠送2017-07-07的积分，数量4分红积分数量2,养老积分数量0,互助基金数量:0

当前时间：2017-07-07 16:50:19,内容:每分红权赠送:2会员249,赠送2017-07-07的积分，数量2分红积分数量1,养老积分数量0,互助基金数量:0

当前时间：2017-07-07 16:50:19,内容:每分红权赠送:2会员250,赠送2017-07-07的积分，数量4分红积分数量2,养老积分数量0,互助基金数量:0

当前时间：2017-07-07 16:50:19,内容:每分红权赠送:2会员251,赠送2017-07-07的积分，数量4分红积分数量2,养老积分数量0,互助基金数量:0

当前时间：2017-07-07 16:50:19,内容:每分红权赠送:2会员252,赠送2017-07-07的积分，数量4分红积分数量2,养老积分数量0,互助基金数量:0

当前时间：2017-07-07 16:50:19,内容:每分红权赠送:2会员253,赠送2017-07-07的积分，数量4分红积分数量2,养老积分数量0,互助基金数量:0

当前时间：2017-07-07 16:50:19,内容:每分红权赠送:2会员254,赠送2017-07-07的积分，数量4分红积分数量2,养老积分数量0,互助基金数量:0

当前时间：2017-07-07 16:50:19,内容:每分红权赠送:2会员255,赠送2017-07-07的积分，数量4分红积分数量2,养老积分数量0,互助基金数量:0

当前时间：2017-07-07 16:50:19,内容:每分红权赠送:2会员256,赠送2017-07-07的积分，数量4分红积分数量2,养老积分数量0,互助基金数量:0

当前时间：2017-07-07 16:50:19,内容:每分红权赠送:2会员257,赠送2017-07-07的积分，数量4分红积分数量2,养老积分数量0,互助基金数量:0

当前时间：2017-07-07 16:50:19,内容:每分红权赠送:2会员258,赠送2017-07-07的积分，数量4分红积分数量2,养老积分数量0,互助基金数量:0

当前时间：2017-07-07 16:50:19,内容:每分红权赠送:2会员259,赠送2017-07-07的积分，数量2分红积分数量1,养老积分数量0,互助基金数量:0

当前时间：2017-07-07 16:50:19,内容:每分红权赠送:2会员260,赠送2017-07-07的积分，数量4分红积分数量2,养老积分数量0,互助基金数量:0

当前时间：2017-07-07 16:50:19,内容:每分红权赠送:2会员261,赠送2017-07-07的积分，数量4分红积分数量2,养老积分数量0,互助基金数量:0

当前时间：2017-07-07 16:50:19,内容:每分红权赠送:2会员262,赠送2017-07-07的积分，数量4分红积分数量2,养老积分数量0,互助基金数量:0

当前时间：2017-07-07 16:50:19,内容:每分红权赠送:2会员263,赠送2017-07-07的积分，数量4分红积分数量2,养老积分数量0,互助基金数量:0

当前时间：2017-07-07 16:50:19,内容:每分红权赠送:2会员264,赠送2017-07-07的积分，数量4分红积分数量2,养老积分数量0,互助基金数量:0

当前时间：2017-07-07 16:50:19,内容:每分红权赠送:2会员265,赠送2017-07-07的积分，数量4分红积分数量2,养老积分数量0,互助基金数量:0

当前时间：2017-07-07 16:50:19,内容:每分红权赠送:2会员266,赠送2017-07-07的积分，数量4分红积分数量2,养老积分数量0,互助基金数量:0

当前时间：2017-07-07 16:50:19,内容:每分红权赠送:2会员267,赠送2017-07-07的积分，数量4分红积分数量2,养老积分数量0,互助基金数量:0

当前时间：2017-07-07 16:50:19,内容:每分红权赠送:2会员268,赠送2017-07-07的积分，数量2分红积分数量1,养老积分数量0,互助基金数量:0

当前时间：2017-07-07 16:50:19,内容:每分红权赠送:2会员269,赠送2017-07-07的积分，数量4分红积分数量2,养老积分数量0,互助基金数量:0

当前时间：2017-07-07 16:50:19,内容:每分红权赠送:2会员270,赠送2017-07-07的积分，数量4分红积分数量2,养老积分数量0,互助基金数量:0

当前时间：2017-07-07 16:50:19,内容:每分红权赠送:2会员271,赠送2017-07-07的积分，数量4分红积分数量2,养老积分数量0,互助基金数量:0

当前时间：2017-07-07 16:50:19,内容:每分红权赠送:2会员272,赠送2017-07-07的积分，数量4分红积分数量2,养老积分数量0,互助基金数量:0

当前时间：2017-07-07 16:50:19,内容:每分红权赠送:2会员273,赠送2017-07-07的积分，数量4分红积分数量2,养老积分数量0,互助基金数量:0

当前时间：2017-07-07 16:50:19,内容:每分红权赠送:0.1会员274,赠送2017-07-07的积分，数量9.6分红积分数量4.8,养老积分数量0,互助基金数量:0

当前时间：2017-07-07 16:50:19,内容:每分红权赠送:0.1会员275,赠送2017-07-07的积分，数量0.3分红积分数量0.15,养老积分数量0,互助基金数量:0

当前时间：2017-07-07 16:50:19,内容:每分红权赠送:2会员276,赠送2017-07-07的积分，数量4分红积分数量2,养老积分数量0,互助基金数量:0

当前时间：2017-07-07 16:50:19,内容:每分红权赠送:0.1会员278,赠送2017-07-07的积分，数量0.1分红积分数量0.05,养老积分数量0,互助基金数量:0

当前时间：2017-07-07 16:50:19,内容:每分红权赠送:2会员279,赠送2017-07-07的积分，数量166分红积分数量83,养老积分数量0,互助基金数量:0

当前时间：2017-07-07 16:50:19,内容:每分红权赠送:0.1会员280,赠送2017-07-07的积分，数量1.9分红积分数量0.95,养老积分数量0,互助基金数量:0

当前时间：2017-07-07 16:50:19,内容:每分红权赠送:0.1会员281,赠送2017-07-07的积分，数量0.4分红积分数量0.2,养老积分数量0,互助基金数量:0

当前时间：2017-07-07 16:50:19,内容:每分红权赠送:0.1会员282,赠送2017-07-07的积分，数量0.4分红积分数量0.2,养老积分数量0,互助基金数量:0

当前时间：2017-07-07 16:50:19,内容:每分红权赠送:0.1会员283,赠送2017-07-07的积分，数量8.3分红积分数量4.15,养老积分数量0,互助基金数量:0

当前时间：2017-07-07 16:50:19,内容:每分红权赠送:2会员284,赠送2017-07-07的积分，数量174分红积分数量87,养老积分数量0,互助基金数量:0

当前时间：2017-07-07 16:50:19,内容:每分红权赠送:2会员285,赠送2017-07-07的积分，数量182分红积分数量91,养老积分数量0,互助基金数量:0

当前时间：2017-07-07 16:50:19,内容:每分红权赠送:0.1会员286,赠送2017-07-07的积分，数量0.3分红积分数量0.15,养老积分数量0,互助基金数量:0

当前时间：2017-07-07 16:50:19,内容:每分红权赠送:0.1会员287,赠送2017-07-07的积分，数量0.2分红积分数量0.1,养老积分数量0,互助基金数量:0

当前时间：2017-07-07 16:50:19,内容:每分红权赠送:0.1会员289,赠送2017-07-07的积分，数量0.2分红积分数量0.1,养老积分数量0,互助基金数量:0

当前时间：2017-07-07 16:50:19,内容:每分红权赠送:2会员296,赠送2017-07-07的积分，数量262分红积分数量131,养老积分数量0,互助基金数量:0

当前时间：2017-07-07 16:50:19,内容:每分红权赠送:0.1会员297,赠送2017-07-07的积分，数量0.2分红积分数量0.1,养老积分数量0,互助基金数量:0

当前时间：2017-07-07 16:50:19,内容:每分红权赠送:0.1会员298,赠送2017-07-07的积分，数量8.5分红积分数量4.25,养老积分数量0,互助基金数量:0

当前时间：2017-07-07 16:50:19,内容:每分红权赠送:0.1会员300,赠送2017-07-07的积分，数量5.8分红积分数量2.9,养老积分数量0,互助基金数量:0

当前时间：2017-07-07 16:50:19,内容:每分红权赠送:0.1会员301,赠送2017-07-07的积分，数量0.2分红积分数量0.1,养老积分数量0,互助基金数量:0

当前时间：2017-07-07 16:50:19,内容:每分红权赠送:0.1会员302,赠送2017-07-07的积分，数量0.1分红积分数量0.05,养老积分数量0,互助基金数量:0

当前时间：2017-07-07 16:50:19,内容:每分红权赠送:2会员304,赠送2017-07-07的积分，数量2分红积分数量1,养老积分数量0,互助基金数量:0

当前时间：2017-07-07 16:50:19,内容:每分红权赠送:0.1会员305,赠送2017-07-07的积分，数量0.2分红积分数量0.1,养老积分数量0,互助基金数量:0

当前时间：2017-07-07 16:50:19,内容:每分红权赠送:0.1会员307,赠送2017-07-07的积分，数量8.2分红积分数量4.1,养老积分数量0,互助基金数量:0

当前时间：2017-07-07 16:50:19,内容:每分红权赠送:0.1会员311,赠送2017-07-07的积分，数量0.1分红积分数量0.05,养老积分数量0,互助基金数量:0

当前时间：2017-07-07 16:50:19,内容:每分红权赠送:0.1会员312,赠送2017-07-07的积分，数量1.6分红积分数量0.8,养老积分数量0,互助基金数量:0

当前时间：2017-07-07 16:50:19,内容:每分红权赠送:0.1会员313,赠送2017-07-07的积分，数量0.5分红积分数量0.25,养老积分数量0,互助基金数量:0

当前时间：2017-07-07 16:50:19,内容:每分红权赠送:0.1会员314,赠送2017-07-07的积分，数量1分红积分数量0.5,养老积分数量0,互助基金数量:0

当前时间：2017-07-07 16:50:19,内容:每分红权赠送:0.1会员317,赠送2017-07-07的积分，数量0.2分红积分数量0.1,养老积分数量0,互助基金数量:0

当前时间：2017-07-07 16:50:19,内容:每分红权赠送:0.1会员319,赠送2017-07-07的积分，数量0.5分红积分数量0.25,养老积分数量0,互助基金数量:0

当前时间：2017-07-07 16:50:19,内容:每分红权赠送:0.1会员320,赠送2017-07-07的积分，数量0.6分红积分数量0.3,养老积分数量0,互助基金数量:0

当前时间：2017-07-07 16:50:19,内容:每分红权赠送:0.1会员321,赠送2017-07-07的积分，数量8.7分红积分数量4.35,养老积分数量0,互助基金数量:0

当前时间：2017-07-07 16:50:19,内容:每分红权赠送:2会员322,赠送2017-07-07的积分，数量70分红积分数量35,养老积分数量0,互助基金数量:0

当前时间：2017-07-07 16:50:19,内容:每分红权赠送:0.1会员326,赠送2017-07-07的积分，数量0.2分红积分数量0.1,养老积分数量0,互助基金数量:0

当前时间：2017-07-07 16:50:19,内容:每分红权赠送:0.1会员331,赠送2017-07-07的积分，数量5.4分红积分数量2.7,养老积分数量0,互助基金数量:0

当前时间：2017-07-07 16:50:19,内容:每分红权赠送:2会员332,赠送2017-07-07的积分，数量514分红积分数量257,养老积分数量0,互助基金数量:0

当前时间：2017-07-07 16:50:19,内容:每分红权赠送:0.1会员333,赠送2017-07-07的积分，数量0.1分红积分数量0.05,养老积分数量0,互助基金数量:0

当前时间：2017-07-07 16:50:19,内容:每分红权赠送:0.1会员334,赠送2017-07-07的积分，数量0.3分红积分数量0.15,养老积分数量0,互助基金数量:0

当前时间：2017-07-07 16:50:19,内容:每分红权赠送:2会员340,赠送2017-07-07的积分，数量6分红积分数量3,养老积分数量0,互助基金数量:0

当前时间：2017-07-07 16:50:19,内容:每分红权赠送:0.1会员343,赠送2017-07-07的积分，数量2.3分红积分数量1.15,养老积分数量0,互助基金数量:0

当前时间：2017-07-07 16:50:19,内容:每分红权赠送:2会员346,赠送2017-07-07的积分，数量58分红积分数量29,养老积分数量0,互助基金数量:0

当前时间：2017-07-07 16:50:19,内容:每分红权赠送:2会员347,赠送2017-07-07的积分，数量2分红积分数量1,养老积分数量0,互助基金数量:0

当前时间：2017-07-07 16:50:19,内容:每分红权赠送:0.1会员349,赠送2017-07-07的积分，数量1.2分红积分数量0.6,养老积分数量0,互助基金数量:0

当前时间：2017-07-07 16:50:19,内容:每分红权赠送:2会员350,赠送2017-07-07的积分，数量496分红积分数量248,养老积分数量0,互助基金数量:0

当前时间：2017-07-07 16:50:19,内容:每分红权赠送:0.1会员352,赠送2017-07-07的积分，数量0.2分红积分数量0.1,养老积分数量0,互助基金数量:0

当前时间：2017-07-07 16:50:19,内容:每分红权赠送:0.1会员354,赠送2017-07-07的积分，数量0.3分红积分数量0.15,养老积分数量0,互助基金数量:0

当前时间：2017-07-07 16:50:19,内容:每分红权赠送:0.1会员355,赠送2017-07-07的积分，数量0.1分红积分数量0.05,养老积分数量0,互助基金数量:0

当前时间：2017-07-07 16:50:19,内容:每分红权赠送:2会员356,赠送2017-07-07的积分，数量204分红积分数量102,养老积分数量0,互助基金数量:0

当前时间：2017-07-07 16:50:19,内容:每分红权赠送:0.1会员358,赠送2017-07-07的积分，数量1.4分红积分数量0.7,养老积分数量0,互助基金数量:0

当前时间：2017-07-07 16:50:19,内容:每分红权赠送:0.1会员359,赠送2017-07-07的积分，数量0.1分红积分数量0.05,养老积分数量0,互助基金数量:0

当前时间：2017-07-07 16:50:19,内容:每分红权赠送:0.1会员360,赠送2017-07-07的积分，数量0.1分红积分数量0.05,养老积分数量0,互助基金数量:0

当前时间：2017-07-07 16:50:19,内容:每分红权赠送:0.1会员362,赠送2017-07-07的积分，数量8.7分红积分数量4.35,养老积分数量0,互助基金数量:0

当前时间：2017-07-07 16:50:19,内容:每分红权赠送:0.1会员363,赠送2017-07-07的积分，数量0.1分红积分数量0.05,养老积分数量0,互助基金数量:0

当前时间：2017-07-07 16:50:19,内容:每分红权赠送:0.1会员364,赠送2017-07-07的积分，数量0.1分红积分数量0.05,养老积分数量0,互助基金数量:0

当前时间：2017-07-07 16:50:19,内容:每分红权赠送:0.1会员365,赠送2017-07-07的积分，数量0.2分红积分数量0.1,养老积分数量0,互助基金数量:0

当前时间：2017-07-07 16:50:19,内容:每分红权赠送:0.1会员367,赠送2017-07-07的积分，数量0.1分红积分数量0.05,养老积分数量0,互助基金数量:0

当前时间：2017-07-07 16:50:19,内容:每分红权赠送:0.1会员369,赠送2017-07-07的积分，数量8.1分红积分数量4.05,养老积分数量0,互助基金数量:0

当前时间：2017-07-07 16:50:19,内容:每分红权赠送:0.1会员370,赠送2017-07-07的积分，数量0.2分红积分数量0.1,养老积分数量0,互助基金数量:0

当前时间：2017-07-07 16:50:19,内容:每分红权赠送:2会员372,赠送2017-07-07的积分，数量182分红积分数量91,养老积分数量0,互助基金数量:0

当前时间：2017-07-07 16:50:19,内容:每分红权赠送:0.1会员373,赠送2017-07-07的积分，数量0.1分红积分数量0.05,养老积分数量0,互助基金数量:0

当前时间：2017-07-07 16:50:19,内容:每分红权赠送:0.1会员375,赠送2017-07-07的积分，数量8.5分红积分数量4.25,养老积分数量0,互助基金数量:0

当前时间：2017-07-07 16:50:19,内容:每分红权赠送:0.1会员376,赠送2017-07-07的积分，数量8.7分红积分数量4.35,养老积分数量0,互助基金数量:0

当前时间：2017-07-07 16:50:19,内容:每分红权赠送:0.1会员377,赠送2017-07-07的积分，数量0.4分红积分数量0.2,养老积分数量0,互助基金数量:0

当前时间：2017-07-07 16:50:19,内容:每分红权赠送:0.1会员378,赠送2017-07-07的积分，数量1.1分红积分数量0.55,养老积分数量0,互助基金数量:0

当前时间：2017-07-07 16:50:19,内容:每分红权赠送:0.1会员379,赠送2017-07-07的积分，数量0.1分红积分数量0.05,养老积分数量0,互助基金数量:0

当前时间：2017-07-07 16:50:19,内容:每分红权赠送:0.1会员381,赠送2017-07-07的积分，数量0.2分红积分数量0.1,养老积分数量0,互助基金数量:0

当前时间：2017-07-07 16:50:19,内容:每分红权赠送:2会员382,赠送2017-07-07的积分，数量204分红积分数量102,养老积分数量0,互助基金数量:0

当前时间：2017-07-07 16:50:19,内容:每分红权赠送:0.1会员384,赠送2017-07-07的积分，数量0.1分红积分数量0.05,养老积分数量0,互助基金数量:0

当前时间：2017-07-07 16:50:19,内容:每分红权赠送:0.1会员385,赠送2017-07-07的积分，数量0.1分红积分数量0.05,养老积分数量0,互助基金数量:0

当前时间：2017-07-07 16:50:19,内容:每分红权赠送:0.1会员386,赠送2017-07-07的积分，数量9.5分红积分数量4.75,养老积分数量0,互助基金数量:0

当前时间：2017-07-07 16:50:19,内容:每分红权赠送:0.1会员387,赠送2017-07-07的积分，数量0.5分红积分数量0.25,养老积分数量0,互助基金数量:0

当前时间：2017-07-07 16:50:19,内容:每分红权赠送:0.1会员388,赠送2017-07-07的积分，数量2.9分红积分数量1.45,养老积分数量0,互助基金数量:0

当前时间：2017-07-07 16:50:19,内容:每分红权赠送:0.1会员389,赠送2017-07-07的积分，数量1.7分红积分数量0.85,养老积分数量0,互助基金数量:0

当前时间：2017-07-07 16:50:19,内容:每分红权赠送:2会员390,赠送2017-07-07的积分，数量110分红积分数量55,养老积分数量0,互助基金数量:0

当前时间：2017-07-07 16:50:19,内容:每分红权赠送:0.1会员392,赠送2017-07-07的积分，数量0.1分红积分数量0.05,养老积分数量0,互助基金数量:0

当前时间：2017-07-07 16:50:19,内容:每分红权赠送:0.1会员393,赠送2017-07-07的积分，数量0.1分红积分数量0.05,养老积分数量0,互助基金数量:0

当前时间：2017-07-07 16:50:19,内容:每分红权赠送:0.1会员394,赠送2017-07-07的积分，数量0.1分红积分数量0.05,养老积分数量0,互助基金数量:0

当前时间：2017-07-07 16:50:19,内容:每分红权赠送:0.1会员396,赠送2017-07-07的积分，数量0.8分红积分数量0.4,养老积分数量0,互助基金数量:0

当前时间：2017-07-07 16:50:19,内容:每分红权赠送:0.1会员397,赠送2017-07-07的积分，数量0.7分红积分数量0.35,养老积分数量0,互助基金数量:0

当前时间：2017-07-07 16:50:19,内容:每分红权赠送:0.1会员398,赠送2017-07-07的积分，数量3.6分红积分数量1.8,养老积分数量0,互助基金数量:0

当前时间：2017-07-07 16:50:19,内容:每分红权赠送:2会员399,赠送2017-07-07的积分，数量8分红积分数量4,养老积分数量0,互助基金数量:0

当前时间：2017-07-07 16:50:19,内容:每分红权赠送:0.1会员401,赠送2017-07-07的积分，数量8.8分红积分数量4.4,养老积分数量0,互助基金数量:0

当前时间：2017-07-07 16:50:19,内容:每分红权赠送:0.1会员402,赠送2017-07-07的积分，数量2.8分红积分数量1.4,养老积分数量0,互助基金数量:0

当前时间：2017-07-07 16:50:19,内容:每分红权赠送:2会员403,赠送2017-07-07的积分，数量54分红积分数量27,养老积分数量0,互助基金数量:0

当前时间：2017-07-07 16:50:19,内容:每分红权赠送:0.1会员404,赠送2017-07-07的积分，数量3.7分红积分数量1.85,养老积分数量0,互助基金数量:0

当前时间：2017-07-07 16:50:19,内容:每分红权赠送:0.1会员406,赠送2017-07-07的积分，数量0.1分红积分数量0.05,养老积分数量0,互助基金数量:0

当前时间：2017-07-07 16:50:19,内容:每分红权赠送:0.1会员407,赠送2017-07-07的积分，数量0.1分红积分数量0.05,养老积分数量0,互助基金数量:0

当前时间：2017-07-07 16:50:19,内容:每分红权赠送:0.1会员410,赠送2017-07-07的积分，数量0.1分红积分数量0.05,养老积分数量0,互助基金数量:0

当前时间：2017-07-07 16:50:19,内容:每分红权赠送:0.1会员412,赠送2017-07-07的积分，数量0.1分红积分数量0.05,养老积分数量0,互助基金数量:0

当前时间：2017-07-07 16:50:19,内容:每分红权赠送:0.1会员413,赠送2017-07-07的积分，数量0.1分红积分数量0.05,养老积分数量0,互助基金数量:0

当前时间：2017-07-07 16:50:19,内容:每分红权赠送:0.1会员414,赠送2017-07-07的积分，数量0.1分红积分数量0.05,养老积分数量0,互助基金数量:0

当前时间：2017-07-07 16:50:19,内容:每分红权赠送:0.1会员415,赠送2017-07-07的积分，数量0.1分红积分数量0.05,养老积分数量0,互助基金数量:0

当前时间：2017-07-07 16:50:19,内容:每分红权赠送:0.1会员416,赠送2017-07-07的积分，数量0.1分红积分数量0.05,养老积分数量0,互助基金数量:0

当前时间：2017-07-07 16:50:19,内容:每分红权赠送:0.1会员417,赠送2017-07-07的积分，数量0.1分红积分数量0.05,养老积分数量0,互助基金数量:0

当前时间：2017-07-07 16:50:19,内容:每分红权赠送:0.1会员418,赠送2017-07-07的积分，数量0.1分红积分数量0.05,养老积分数量0,互助基金数量:0

当前时间：2017-07-07 16:50:19,内容:每分红权赠送:0.1会员419,赠送2017-07-07的积分，数量0.1分红积分数量0.05,养老积分数量0,互助基金数量:0

当前时间：2017-07-07 16:50:19,内容:每分红权赠送:2会员420,赠送2017-07-07的积分，数量2分红积分数量1,养老积分数量0,互助基金数量:0

当前时间：2017-07-07 16:50:19,内容:每分红权赠送:0.1会员421,赠送2017-07-07的积分，数量0.1分红积分数量0.05,养老积分数量0,互助基金数量:0

当前时间：2017-07-07 16:50:19,内容:每分红权赠送:0.1会员423,赠送2017-07-07的积分，数量0.1分红积分数量0.05,养老积分数量0,互助基金数量:0

当前时间：2017-07-07 16:50:19,内容:每分红权赠送:0.1会员424,赠送2017-07-07的积分，数量0.1分红积分数量0.05,养老积分数量0,互助基金数量:0

当前时间：2017-07-07 16:50:19,内容:每分红权赠送:0.1会员425,赠送2017-07-07的积分，数量0.1分红积分数量0.05,养老积分数量0,互助基金数量:0

当前时间：2017-07-07 16:50:19,内容:每分红权赠送:0.1会员426,赠送2017-07-07的积分，数量0.1分红积分数量0.05,养老积分数量0,互助基金数量:0

当前时间：2017-07-07 16:50:19,内容:每分红权赠送:0.1会员428,赠送2017-07-07的积分，数量0.1分红积分数量0.05,养老积分数量0,互助基金数量:0

当前时间：2017-07-07 16:50:19,内容:每分红权赠送:0.1会员429,赠送2017-07-07的积分，数量0.1分红积分数量0.05,养老积分数量0,互助基金数量:0

当前时间：2017-07-07 16:50:19,内容:每分红权赠送:2会员430,赠送2017-07-07的积分，数量836分红积分数量418,养老积分数量0,互助基金数量:0

当前时间：2017-07-07 16:50:20,内容:每分红权赠送:0.1会员431,赠送2017-07-07的积分，数量0.1分红积分数量0.05,养老积分数量0,互助基金数量:0

当前时间：2017-07-07 16:50:20,内容:每分红权赠送:0.1会员432,赠送2017-07-07的积分，数量0.1分红积分数量0.05,养老积分数量0,互助基金数量:0

当前时间：2017-07-07 16:50:20,内容:每分红权赠送:0.1会员433,赠送2017-07-07的积分，数量0.1分红积分数量0.05,养老积分数量0,互助基金数量:0

当前时间：2017-07-07 16:50:20,内容:每分红权赠送:2会员436,赠送2017-07-07的积分，数量8分红积分数量4,养老积分数量0,互助基金数量:0

当前时间：2017-07-07 16:50:20,内容:每分红权赠送:2会员437,赠送2017-07-07的积分，数量176分红积分数量88,养老积分数量0,互助基金数量:0

当前时间：2017-07-07 16:50:20,内容:每分红权赠送:2会员439,赠送2017-07-07的积分，数量10分红积分数量5,养老积分数量0,互助基金数量:0

当前时间：2017-07-07 16:50:20,内容:每分红权赠送:0.1会员446,赠送2017-07-07的积分，数量0.1分红积分数量0.05,养老积分数量0,互助基金数量:0

当前时间：2017-07-07 16:50:20,内容:每分红权赠送:0.1会员448,赠送2017-07-07的积分，数量0.1分红积分数量0.05,养老积分数量0,互助基金数量:0

当前时间：2017-07-07 16:50:20,内容:每分红权赠送:0.1会员449,赠送2017-07-07的积分，数量0.7分红积分数量0.35,养老积分数量0,互助基金数量:0

当前时间：2017-07-07 16:50:20,内容:每分红权赠送:0.1会员451,赠送2017-07-07的积分，数量0.1分红积分数量0.05,养老积分数量0,互助基金数量:0

当前时间：2017-07-07 16:50:20,内容:每分红权赠送:0.1会员452,赠送2017-07-07的积分，数量0.2分红积分数量0.1,养老积分数量0,互助基金数量:0

当前时间：2017-07-07 16:50:20,内容:每分红权赠送:0.1会员453,赠送2017-07-07的积分，数量0.1分红积分数量0.05,养老积分数量0,互助基金数量:0

当前时间：2017-07-07 16:50:20,内容:每分红权赠送:2会员454,赠送2017-07-07的积分，数量20分红积分数量10,养老积分数量0,互助基金数量:0

当前时间：2017-07-07 16:50:20,内容:每分红权赠送:0.1会员455,赠送2017-07-07的积分，数量0.1分红积分数量0.05,养老积分数量0,互助基金数量:0

当前时间：2017-07-07 16:50:20,内容:每分红权赠送:2会员458,赠送2017-07-07的积分，数量182分红积分数量91,养老积分数量0,互助基金数量:0

当前时间：2017-07-07 16:50:20,内容:每分红权赠送:2会员459,赠送2017-07-07的积分，数量74分红积分数量37,养老积分数量0,互助基金数量:0

当前时间：2017-07-07 16:50:20,内容:每分红权赠送:0.1会员461,赠送2017-07-07的积分，数量7.2分红积分数量3.6,养老积分数量0,互助基金数量:0

当前时间：2017-07-07 16:50:20,内容:每分红权赠送:2会员462,赠送2017-07-07的积分，数量2分红积分数量1,养老积分数量0,互助基金数量:0

当前时间：2017-07-07 16:50:20,内容:每分红权赠送:0.1会员463,赠送2017-07-07的积分，数量6.5分红积分数量3.25,养老积分数量0,互助基金数量:0

当前时间：2017-07-07 16:50:20,内容:每分红权赠送:0.1会员465,赠送2017-07-07的积分，数量0.1分红积分数量0.05,养老积分数量0,互助基金数量:0

当前时间：2017-07-07 16:50:20,内容:每分红权赠送:0.1会员466,赠送2017-07-07的积分，数量0.1分红积分数量0.05,养老积分数量0,互助基金数量:0

当前时间：2017-07-07 16:50:20,内容:每分红权赠送:2会员467,赠送2017-07-07的积分，数量12分红积分数量6,养老积分数量0,互助基金数量:0

当前时间：2017-07-07 16:50:20,内容:每分红权赠送:0.1会员468,赠送2017-07-07的积分，数量3.2分红积分数量1.6,养老积分数量0,互助基金数量:0

当前时间：2017-07-07 16:50:20,内容:每分红权赠送:2会员470,赠送2017-07-07的积分，数量20分红积分数量10,养老积分数量0,互助基金数量:0

当前时间：2017-07-07 16:50:20,内容:每分红权赠送:2会员472,赠送2017-07-07的积分，数量16分红积分数量8,养老积分数量0,互助基金数量:0

当前时间：2017-07-07 16:50:20,内容:每分红权赠送:2会员473,赠送2017-07-07的积分，数量6分红积分数量3,养老积分数量0,互助基金数量:0

当前时间：2017-07-07 16:50:20,内容:每分红权赠送:2会员476,赠送2017-07-07的积分，数量2分红积分数量1,养老积分数量0,互助基金数量:0

当前时间：2017-07-07 16:50:20,内容:每分红权赠送:0.1会员479,赠送2017-07-07的积分，数量0.1分红积分数量0.05,养老积分数量0,互助基金数量:0

当前时间：2017-07-07 16:50:20,内容:每分红权赠送:0.1会员480,赠送2017-07-07的积分，数量0.5分红积分数量0.25,养老积分数量0,互助基金数量:0

当前时间：2017-07-07 16:50:20,内容:每分红权赠送:0.1会员481,赠送2017-07-07的积分，数量0.1分红积分数量0.05,养老积分数量0,互助基金数量:0

当前时间：2017-07-07 16:50:20,内容:每分红权赠送:2会员482,赠送2017-07-07的积分，数量16分红积分数量8,养老积分数量0,互助基金数量:0

当前时间：2017-07-07 16:50:20,内容:每分红权赠送:0.1会员484,赠送2017-07-07的积分，数量0.3分红积分数量0.15,养老积分数量0,互助基金数量:0

当前时间：2017-07-07 16:50:20,内容:每分红权赠送:0.1会员485,赠送2017-07-07的积分，数量0.1分红积分数量0.05,养老积分数量0,互助基金数量:0

当前时间：2017-07-07 16:50:20,内容:每分红权赠送:2会员487,赠送2017-07-07的积分，数量2分红积分数量1,养老积分数量0,互助基金数量:0

当前时间：2017-07-07 16:50:20,内容:每分红权赠送:0.1会员493,赠送2017-07-07的积分，数量0.1分红积分数量0.05,养老积分数量0,互助基金数量:0

当前时间：2017-07-07 16:50:20,内容:每分红权赠送:0.1会员497,赠送2017-07-07的积分，数量4.4分红积分数量2.2,养老积分数量0,互助基金数量:0

当前时间：2017-07-07 16:50:20,内容:每分红权赠送:0.1会员503,赠送2017-07-07的积分，数量0.4分红积分数量0.2,养老积分数量0,互助基金数量:0

当前时间：2017-07-07 16:50:20,内容:每分红权赠送:0.1会员504,赠送2017-07-07的积分，数量4.6分红积分数量2.3,养老积分数量0,互助基金数量:0

当前时间：2017-07-07 16:50:20,内容:每分红权赠送:0.1会员505,赠送2017-07-07的积分，数量0.1分红积分数量0.05,养老积分数量0,互助基金数量:0

当前时间：2017-07-07 16:50:20,内容:每分红权赠送:2会员508,赠送2017-07-07的积分，数量2分红积分数量1,养老积分数量0,互助基金数量:0

当前时间：2017-07-07 16:50:20,内容:每分红权赠送:0.1会员512,赠送2017-07-07的积分，数量1.1分红积分数量0.55,养老积分数量0,互助基金数量:0

当前时间：2017-07-07 16:50:20,内容:每分红权赠送:2会员513,赠送2017-07-07的积分，数量292分红积分数量146,养老积分数量0,互助基金数量:0

当前时间：2017-07-07 16:50:20,内容:每分红权赠送:0.1会员514,赠送2017-07-07的积分，数量0.4分红积分数量0.2,养老积分数量0,互助基金数量:0

当前时间：2017-07-07 16:50:20,内容:每分红权赠送:0.1会员515,赠送2017-07-07的积分，数量0.1分红积分数量0.05,养老积分数量0,互助基金数量:0

当前时间：2017-07-07 16:50:20,内容:每分红权赠送:2会员517,赠送2017-07-07的积分，数量38分红积分数量19,养老积分数量0,互助基金数量:0

当前时间：2017-07-07 16:50:20,内容:每分红权赠送:0.1会员521,赠送2017-07-07的积分，数量3.8分红积分数量1.9,养老积分数量0,互助基金数量:0

当前时间：2017-07-07 16:50:20,内容:每分红权赠送:0.1会员523,赠送2017-07-07的积分，数量0.1分红积分数量0.05,养老积分数量0,互助基金数量:0

当前时间：2017-07-07 16:50:20,内容:每分红权赠送:0.1会员525,赠送2017-07-07的积分，数量0.1分红积分数量0.05,养老积分数量0,互助基金数量:0

当前时间：2017-07-07 16:50:20,内容:每分红权赠送:0.1会员527,赠送2017-07-07的积分，数量0.1分红积分数量0.05,养老积分数量0,互助基金数量:0

当前时间：2017-07-07 16:50:20,内容:每分红权赠送:0.1会员529,赠送2017-07-07的积分，数量0.1分红积分数量0.05,养老积分数量0,互助基金数量:0

当前时间：2017-07-07 16:50:20,内容:每分红权赠送:0.1会员531,赠送2017-07-07的积分，数量0.2分红积分数量0.1,养老积分数量0,互助基金数量:0

当前时间：2017-07-07 16:50:20,内容:每分红权赠送:2会员534,赠送2017-07-07的积分，数量10分红积分数量5,养老积分数量0,互助基金数量:0

当前时间：2017-07-07 16:50:20,内容:每分红权赠送:0.1会员536,赠送2017-07-07的积分，数量9.6分红积分数量4.8,养老积分数量0,互助基金数量:0

当前时间：2017-07-07 16:50:20,内容:每分红权赠送:0.1会员537,赠送2017-07-07的积分，数量0.4分红积分数量0.2,养老积分数量0,互助基金数量:0

当前时间：2017-07-07 16:50:20,内容:每分红权赠送:0.1会员538,赠送2017-07-07的积分，数量0.1分红积分数量0.05,养老积分数量0,互助基金数量:0

当前时间：2017-07-07 16:50:20,内容:每分红权赠送:2会员539,赠送2017-07-07的积分，数量238分红积分数量119,养老积分数量0,互助基金数量:0

当前时间：2017-07-07 16:50:20,内容:每分红权赠送:0.1会员540,赠送2017-07-07的积分，数量1分红积分数量0.5,养老积分数量0,互助基金数量:0

当前时间：2017-07-07 16:50:20,内容:每分红权赠送:2会员550,赠送2017-07-07的积分，数量4分红积分数量2,养老积分数量0,互助基金数量:0

当前时间：2017-07-07 16:50:20,内容:每分红权赠送:2会员553,赠送2017-07-07的积分，数量12分红积分数量6,养老积分数量0,互助基金数量:0

当前时间：2017-07-07 16:50:20,内容:每分红权赠送:0.1会员555,赠送2017-07-07的积分，数量8.9分红积分数量4.45,养老积分数量0,互助基金数量:0

当前时间：2017-07-07 16:50:20,内容:每分红权赠送:0.1会员558,赠送2017-07-07的积分，数量19.7分红积分数量9.85,养老积分数量0,互助基金数量:0

当前时间：2017-07-07 16:50:20,内容:每分红权赠送:2会员559,赠送2017-07-07的积分，数量18分红积分数量9,养老积分数量0,互助基金数量:0

当前时间：2017-07-07 16:50:20,内容:每分红权赠送:0.1会员573,赠送2017-07-07的积分，数量0.1分红积分数量0.05,养老积分数量0,互助基金数量:0

当前时间：2017-07-07 16:50:20,内容:每分红权赠送:0.1会员574,赠送2017-07-07的积分，数量2.6分红积分数量1.3,养老积分数量0,互助基金数量:0

当前时间：2017-07-07 16:50:20,内容:每分红权赠送:2会员575,赠送2017-07-07的积分，数量2分红积分数量1,养老积分数量0,互助基金数量:0

当前时间：2017-07-07 16:50:20,内容:每分红权赠送:2会员576,赠送2017-07-07的积分，数量2分红积分数量1,养老积分数量0,互助基金数量:0

当前时间：2017-07-07 16:50:20,内容:每分红权赠送:2会员578,赠送2017-07-07的积分，数量4分红积分数量2,养老积分数量0,互助基金数量:0

当前时间：2017-07-07 16:50:20,内容:每分红权赠送:0.1会员579,赠送2017-07-07的积分，数量0.2分红积分数量0.1,养老积分数量0,互助基金数量:0

当前时间：2017-07-07 16:50:20,内容:日期2017-07-07任务执行完毕

