当前时间：2017-07-09 08:53:04,内容:当前任务执行时间：2017-07-09 08:53:04,任务计划开始执行时间：2017-07-07 17:00:00
当前时间：2017-07-09 08:53:04,内容:执行这个,任务执行时间：2017-07-07 17:00:00
当前时间：2017-07-09 08:53:04,内容:任务开始执行
当前时间：2017-07-09 08:53:04,内容:当前赠送积分数值:0.1

当前时间：2017-07-09 08:53:04,内容:每分红权赠送:2会员308,赠送2017-07-09的积分，数量1696分红积分数量848,养老积分数量0,互助基金数量:0

当前时间：2017-07-09 08:53:40,内容:当前任务执行时间：2017-07-09 08:53:40,任务计划开始执行时间：2017-07-07 17:00:00
当前时间：2017-07-09 08:53:40,内容:执行这个,任务执行时间：2017-07-07 17:00:00
当前时间：2017-07-09 08:53:40,内容:任务开始执行
当前时间：2017-07-09 08:53:40,内容:当前赠送积分数值:0.1

当前时间：2017-07-09 08:53:40,内容:每分红权赠送:2会员308,赠送2017-07-09的积分，数量836分红积分数量418,养老积分数量0,互助基金数量:0

当前时间：2017-07-09 08:54:37,内容:当前任务执行时间：2017-07-09 08:54:37,任务计划开始执行时间：2017-07-07 17:00:00
当前时间：2017-07-09 08:54:37,内容:执行这个,任务执行时间：2017-07-07 17:00:00
当前时间：2017-07-09 08:54:37,内容:任务开始执行
当前时间：2017-07-09 08:54:37,内容:当前赠送积分数值:0.1

当前时间：2017-07-09 08:54:37,内容:每分红权赠送:2会员308,赠送2017-07-09的积分，数量834分红积分数量417,养老积分数量0,互助基金数量:0

当前时间：2017-07-09 08:54:55,内容:当前任务执行时间：2017-07-09 08:54:55,任务计划开始执行时间：2017-07-07 17:00:00
当前时间：2017-07-09 08:54:55,内容:执行这个,任务执行时间：2017-07-07 17:00:00
当前时间：2017-07-09 08:54:55,内容:任务开始执行
当前时间：2017-07-09 08:54:55,内容:当前赠送积分数值:0.1

当前时间：2017-07-09 08:54:55,内容:每分红权赠送:2会员308,赠送2017-07-09的积分，数量834分红积分数量417,养老积分数量0,互助基金数量:0

当前时间：2017-07-09 08:55:14,内容:当前任务执行时间：2017-07-09 08:55:14,任务计划开始执行时间：2017-07-07 17:00:00
当前时间：2017-07-09 08:55:14,内容:执行这个,任务执行时间：2017-07-07 17:00:00
当前时间：2017-07-09 08:55:14,内容:任务开始执行
当前时间：2017-07-09 08:55:14,内容:当前赠送积分数值:0.1

当前时间：2017-07-09 08:55:14,内容:每分红权赠送:2会员308,赠送2017-07-09的积分，数量834分红积分数量417,养老积分数量0,互助基金数量:0

当前时间：2017-07-09 08:55:17,内容:当前任务执行时间：2017-07-09 08:55:17,任务计划开始执行时间：2017-07-07 17:00:00
当前时间：2017-07-09 08:55:17,内容:执行这个,任务执行时间：2017-07-07 17:00:00
当前时间：2017-07-09 08:55:17,内容:任务开始执行
当前时间：2017-07-09 08:55:17,内容:当前赠送积分数值:0.1

当前时间：2017-07-09 08:55:17,内容:每分红权赠送:2会员308,赠送2017-07-09的积分，数量830分红积分数量415,养老积分数量0,互助基金数量:0

当前时间：2017-07-09 08:55:19,内容:当前任务执行时间：2017-07-09 08:55:19,任务计划开始执行时间：2017-07-07 17:00:00
当前时间：2017-07-09 08:55:19,内容:执行这个,任务执行时间：2017-07-07 17:00:00
当前时间：2017-07-09 08:55:19,内容:任务开始执行
当前时间：2017-07-09 08:55:19,内容:当前赠送积分数值:0.1

当前时间：2017-07-09 08:55:19,内容:每分红权赠送:2会员308,赠送2017-07-09的积分，数量828分红积分数量414,养老积分数量0,互助基金数量:0

当前时间：2017-07-09 08:55:21,内容:当前任务执行时间：2017-07-09 08:55:21,任务计划开始执行时间：2017-07-07 17:00:00
当前时间：2017-07-09 08:55:21,内容:执行这个,任务执行时间：2017-07-07 17:00:00
当前时间：2017-07-09 08:55:21,内容:任务开始执行
当前时间：2017-07-09 08:55:21,内容:当前赠送积分数值:0.1

当前时间：2017-07-09 08:55:21,内容:每分红权赠送:2会员308,赠送2017-07-09的积分，数量828分红积分数量414,养老积分数量0,互助基金数量:0

当前时间：2017-07-09 08:55:26,内容:当前任务执行时间：2017-07-09 08:55:26,任务计划开始执行时间：2017-07-07 17:00:00
当前时间：2017-07-09 08:55:26,内容:执行这个,任务执行时间：2017-07-07 17:00:00
当前时间：2017-07-09 08:55:26,内容:任务开始执行
当前时间：2017-07-09 08:55:26,内容:当前赠送积分数值:0.1

当前时间：2017-07-09 08:55:26,内容:每分红权赠送:2会员308,赠送2017-07-09的积分，数量826分红积分数量413,养老积分数量0,互助基金数量:0

当前时间：2017-07-09 08:55:55,内容:当前任务执行时间：2017-07-09 08:55:55,任务计划开始执行时间：2017-07-07 17:00:00
当前时间：2017-07-09 08:55:55,内容:执行这个,任务执行时间：2017-07-07 17:00:00
当前时间：2017-07-09 08:55:55,内容:任务开始执行
当前时间：2017-07-09 08:55:55,内容:当前赠送积分数值:0.1

当前时间：2017-07-09 08:55:55,内容:每分红权赠送:2会员308,赠送2017-07-09的积分，数量822分红积分数量411,养老积分数量0,互助基金数量:0

当前时间：2017-07-09 08:56:06,内容:当前任务执行时间：2017-07-09 08:56:06,任务计划开始执行时间：2017-07-07 17:00:00
当前时间：2017-07-09 08:56:06,内容:执行这个,任务执行时间：2017-07-07 17:00:00
当前时间：2017-07-09 08:56:06,内容:任务开始执行
当前时间：2017-07-09 08:56:06,内容:当前赠送积分数值:0.1

当前时间：2017-07-09 08:56:06,内容:每分红权赠送:2会员308,赠送2017-07-09的积分，数量820分红积分数量410,养老积分数量0,互助基金数量:0

当前时间：2017-07-09 09:05:20,内容:当前任务执行时间：2017-07-09 09:05:20,任务计划开始执行时间：2017-07-07 17:00:00
当前时间：2017-07-09 09:05:20,内容:执行这个,任务执行时间：2017-07-07 17:00:00
当前时间：2017-07-09 09:05:20,内容:任务开始执行
当前时间：2017-07-09 09:05:20,内容:当前赠送积分数值:0.1

当前时间：2017-07-09 09:05:20,内容:每分红权赠送:2会员308,赠送2017-07-09的积分，数量816分红积分数量408,养老积分数量0,互助基金数量:0

当前时间：2017-07-09 09:05:37,内容:当前任务执行时间：2017-07-09 09:05:37,任务计划开始执行时间：2017-07-07 17:00:00
当前时间：2017-07-09 09:05:37,内容:执行这个,任务执行时间：2017-07-07 17:00:00
当前时间：2017-07-09 09:05:37,内容:任务开始执行
当前时间：2017-07-09 09:05:37,内容:当前赠送积分数值:0.1

当前时间：2017-07-09 09:05:37,内容:每分红权赠送:2会员308,赠送2017-07-09的积分，数量814分红积分数量407,养老积分数量0,互助基金数量:0

当前时间：2017-07-09 09:05:40,内容:当前任务执行时间：2017-07-09 09:05:40,任务计划开始执行时间：2017-07-07 17:00:00
当前时间：2017-07-09 09:05:40,内容:执行这个,任务执行时间：2017-07-07 17:00:00
当前时间：2017-07-09 09:05:40,内容:任务开始执行
当前时间：2017-07-09 09:05:41,内容:当前赠送积分数值:0.1

当前时间：2017-07-09 09:05:41,内容:每分红权赠送:2会员308,赠送2017-07-09的积分，数量814分红积分数量407,养老积分数量0,互助基金数量:0

当前时间：2017-07-09 09:05:46,内容:当前任务执行时间：2017-07-09 09:05:46,任务计划开始执行时间：2017-07-07 17:00:00
当前时间：2017-07-09 09:05:46,内容:执行这个,任务执行时间：2017-07-07 17:00:00
当前时间：2017-07-09 09:05:46,内容:任务开始执行
当前时间：2017-07-09 09:05:46,内容:当前赠送积分数值:0.1

当前时间：2017-07-09 09:05:46,内容:每分红权赠送:2会员308,赠送2017-07-09的积分，数量814分红积分数量407,养老积分数量0,互助基金数量:0

当前时间：2017-07-09 09:05:48,内容:当前任务执行时间：2017-07-09 09:05:48,任务计划开始执行时间：2017-07-07 17:00:00
当前时间：2017-07-09 09:05:48,内容:执行这个,任务执行时间：2017-07-07 17:00:00
当前时间：2017-07-09 09:05:48,内容:任务开始执行
当前时间：2017-07-09 09:05:48,内容:当前赠送积分数值:0.1

当前时间：2017-07-09 09:05:48,内容:每分红权赠送:2会员308,赠送2017-07-09的积分，数量812分红积分数量406,养老积分数量0,互助基金数量:0

当前时间：2017-07-09 09:06:06,内容:当前任务执行时间：2017-07-09 09:06:06,任务计划开始执行时间：2017-07-07 17:00:00
当前时间：2017-07-09 09:06:06,内容:执行这个,任务执行时间：2017-07-07 17:00:00
当前时间：2017-07-09 09:06:06,内容:任务开始执行
当前时间：2017-07-09 09:06:06,内容:当前赠送积分数值:0.1

当前时间：2017-07-09 09:06:06,内容:每分红权赠送:2会员308,赠送2017-07-09的积分，数量808分红积分数量404,养老积分数量0,互助基金数量:0

当前时间：2017-07-09 09:16:23,内容:当前任务执行时间：2017-07-09 09:16:23,任务计划开始执行时间：2017-07-07 17:00:00
当前时间：2017-07-09 09:16:23,内容:执行这个,任务执行时间：2017-07-07 17:00:00
当前时间：2017-07-09 09:16:23,内容:任务开始执行
当前时间：2017-07-09 09:16:23,内容:当前赠送积分数值:0.1

当前时间：2017-07-09 09:16:23,内容:每分红权赠送:2会员308,赠送2017-07-09的积分，数量806分红积分数量403,养老积分数量0,互助基金数量:0

当前时间：2017-07-09 09:18:09,内容:当前任务执行时间：2017-07-09 09:18:09,任务计划开始执行时间：2017-07-07 17:00:00
当前时间：2017-07-09 09:18:09,内容:执行这个,任务执行时间：2017-07-07 17:00:00
当前时间：2017-07-09 09:18:09,内容:任务开始执行
当前时间：2017-07-09 09:18:09,内容:当前赠送积分数值:0.1

当前时间：2017-07-09 09:18:09,内容:每分红权赠送:2会员308,赠送2017-07-09的积分，数量804分红积分数量402,养老积分数量0,互助基金数量:0

当前时间：2017-07-09 09:18:29,内容:当前任务执行时间：2017-07-09 09:18:29,任务计划开始执行时间：2017-07-07 17:00:00
当前时间：2017-07-09 09:18:29,内容:执行这个,任务执行时间：2017-07-07 17:00:00
当前时间：2017-07-09 09:18:29,内容:任务开始执行
当前时间：2017-07-09 09:18:29,内容:当前赠送积分数值:0.1

当前时间：2017-07-09 09:18:29,内容:每分红权赠送:2会员308,赠送2017-07-09的积分，数量804分红积分数量402,养老积分数量0,互助基金数量:0

当前时间：2017-07-09 09:18:31,内容:当前任务执行时间：2017-07-09 09:18:31,任务计划开始执行时间：2017-07-07 17:00:00
当前时间：2017-07-09 09:18:31,内容:执行这个,任务执行时间：2017-07-07 17:00:00
当前时间：2017-07-09 09:18:31,内容:任务开始执行
当前时间：2017-07-09 09:18:31,内容:当前赠送积分数值:0.1

当前时间：2017-07-09 09:18:31,内容:每分红权赠送:2会员308,赠送2017-07-09的积分，数量800分红积分数量400,养老积分数量0,互助基金数量:0

当前时间：2017-07-09 09:18:44,内容:当前任务执行时间：2017-07-09 09:18:44,任务计划开始执行时间：2017-07-07 17:00:00
当前时间：2017-07-09 09:18:44,内容:执行这个,任务执行时间：2017-07-07 17:00:00
当前时间：2017-07-09 09:18:44,内容:任务开始执行
当前时间：2017-07-09 09:18:44,内容:当前赠送积分数值:0.1

当前时间：2017-07-09 09:18:44,内容:每分红权赠送:2会员308,赠送2017-07-09的积分，数量800分红积分数量400,养老积分数量0,互助基金数量:0

当前时间：2017-07-09 09:18:47,内容:当前任务执行时间：2017-07-09 09:18:47,任务计划开始执行时间：2017-07-07 17:00:00
当前时间：2017-07-09 09:18:47,内容:执行这个,任务执行时间：2017-07-07 17:00:00
当前时间：2017-07-09 09:18:47,内容:任务开始执行
当前时间：2017-07-09 09:18:47,内容:当前赠送积分数值:0.1

当前时间：2017-07-09 09:18:47,内容:每分红权赠送:2会员308,赠送2017-07-09的积分，数量798分红积分数量399,养老积分数量0,互助基金数量:0

当前时间：2017-07-09 09:18:56,内容:当前任务执行时间：2017-07-09 09:18:56,任务计划开始执行时间：2017-07-07 17:00:00
当前时间：2017-07-09 09:18:56,内容:执行这个,任务执行时间：2017-07-07 17:00:00
当前时间：2017-07-09 09:18:56,内容:任务开始执行
当前时间：2017-07-09 09:18:56,内容:当前赠送积分数值:0.1

当前时间：2017-07-09 09:18:56,内容:每分红权赠送:2会员308,赠送2017-07-09的积分，数量798分红积分数量399,养老积分数量0,互助基金数量:0

当前时间：2017-07-09 09:18:58,内容:当前任务执行时间：2017-07-09 09:18:58,任务计划开始执行时间：2017-07-07 17:00:00
当前时间：2017-07-09 09:18:58,内容:执行这个,任务执行时间：2017-07-07 17:00:00
当前时间：2017-07-09 09:18:58,内容:任务开始执行
当前时间：2017-07-09 09:18:58,内容:当前赠送积分数值:0.1

当前时间：2017-07-09 09:18:58,内容:每分红权赠送:2会员308,赠送2017-07-09的积分，数量796分红积分数量398,养老积分数量0,互助基金数量:0

当前时间：2017-07-09 09:19:07,内容:当前任务执行时间：2017-07-09 09:19:07,任务计划开始执行时间：2017-07-07 17:00:00
当前时间：2017-07-09 09:19:07,内容:执行这个,任务执行时间：2017-07-07 17:00:00
当前时间：2017-07-09 09:19:07,内容:任务开始执行
当前时间：2017-07-09 09:19:07,内容:当前赠送积分数值:0.1

当前时间：2017-07-09 09:19:07,内容:每分红权赠送:2会员308,赠送2017-07-09的积分，数量792分红积分数量396,养老积分数量0,互助基金数量:0

当前时间：2017-07-09 09:19:10,内容:当前任务执行时间：2017-07-09 09:19:10,任务计划开始执行时间：2017-07-07 17:00:00
当前时间：2017-07-09 09:19:10,内容:执行这个,任务执行时间：2017-07-07 17:00:00
当前时间：2017-07-09 09:19:10,内容:任务开始执行
当前时间：2017-07-09 09:19:10,内容:当前赠送积分数值:0.1

当前时间：2017-07-09 09:19:10,内容:每分红权赠送:2会员308,赠送2017-07-09的积分，数量792分红积分数量396,养老积分数量0,互助基金数量:0

当前时间：2017-07-09 09:19:12,内容:当前任务执行时间：2017-07-09 09:19:12,任务计划开始执行时间：2017-07-07 17:00:00
当前时间：2017-07-09 09:19:12,内容:执行这个,任务执行时间：2017-07-07 17:00:00
当前时间：2017-07-09 09:19:12,内容:任务开始执行
当前时间：2017-07-09 09:19:12,内容:当前赠送积分数值:0.1

当前时间：2017-07-09 09:19:12,内容:每分红权赠送:2会员308,赠送2017-07-09的积分，数量790分红积分数量395,养老积分数量0,互助基金数量:0

当前时间：2017-07-09 09:29:20,内容:当前任务执行时间：2017-07-09 09:29:20,任务计划开始执行时间：2017-07-07 17:00:00
当前时间：2017-07-09 09:29:20,内容:执行这个,任务执行时间：2017-07-07 17:00:00
当前时间：2017-07-09 09:29:20,内容:任务开始执行
当前时间：2017-07-09 09:29:20,内容:当前赠送积分数值:0.1

当前时间：2017-07-09 09:29:39,内容:当前任务执行时间：2017-07-09 09:29:39,任务计划开始执行时间：2017-07-07 17:00:00
当前时间：2017-07-09 09:29:39,内容:执行这个,任务执行时间：2017-07-07 17:00:00
当前时间：2017-07-09 09:29:39,内容:任务开始执行
当前时间：2017-07-09 09:29:39,内容:当前赠送积分数值:0.1

当前时间：2017-07-09 09:30:21,内容:当前任务执行时间：2017-07-09 09:30:21,任务计划开始执行时间：2017-07-07 17:00:00
当前时间：2017-07-09 09:30:21,内容:执行这个,任务执行时间：2017-07-07 17:00:00
当前时间：2017-07-09 09:30:21,内容:任务开始执行
当前时间：2017-07-09 09:30:21,内容:当前赠送积分数值:0.1

当前时间：2017-07-09 09:54:44,内容:当前任务执行时间：2017-07-09 09:54:44,任务计划开始执行时间：2017-07-07 17:00:00
当前时间：2017-07-09 09:54:44,内容:执行这个,任务执行时间：2017-07-07 17:00:00
当前时间：2017-07-09 09:54:44,内容:任务开始执行
当前时间：2017-07-09 09:54:44,内容:当前赠送积分数值:0.1

当前时间：2017-07-09 10:04:38,内容:当前任务执行时间：2017-07-09 10:04:38,任务计划开始执行时间：2017-07-07 17:00:00
当前时间：2017-07-09 10:04:38,内容:执行这个,任务执行时间：2017-07-07 17:00:00
当前时间：2017-07-09 10:04:38,内容:任务开始执行
当前时间：2017-07-09 10:04:38,内容:当前赠送积分数值:0.1

当前时间：2017-07-09 10:07:09,内容:当前任务执行时间：2017-07-09 10:07:09,任务计划开始执行时间：2017-07-07 17:00:00
当前时间：2017-07-09 10:07:09,内容:执行这个,任务执行时间：2017-07-07 17:00:00
当前时间：2017-07-09 10:07:09,内容:任务开始执行
当前时间：2017-07-09 10:07:09,内容:当前赠送积分数值:0.1

当前时间：2017-07-09 10:19:26,内容:当前任务执行时间：2017-07-09 10:19:26,任务计划开始执行时间：2017-07-07 17:00:00
当前时间：2017-07-09 10:19:26,内容:执行这个,任务执行时间：2017-07-07 17:00:00
当前时间：2017-07-09 10:19:26,内容:任务开始执行
当前时间：2017-07-09 10:19:26,内容:当前赠送积分数值:0.1

当前时间：2017-07-09 10:19:26,内容:每分红权赠送:2会员308,赠送2017-07-09的积分，数量8分红积分数量4,养老积分数量0,互助基金数量:0

当前时间：2017-07-09 10:29:03,内容:当前任务执行时间：2017-07-09 10:29:03,任务计划开始执行时间：2017-07-07 17:00:00
当前时间：2017-07-09 10:29:03,内容:执行这个,任务执行时间：2017-07-07 17:00:00
当前时间：2017-07-09 10:29:03,内容:任务开始执行
当前时间：2017-07-09 10:29:03,内容:当前赠送积分数值:0.1

当前时间：2017-07-09 10:29:03,内容:每分红权赠送:2会员308,赠送2017-07-09的积分，数量8分红积分数量4,养老积分数量0,互助基金数量:0

当前时间：2017-07-09 10:29:16,内容:当前任务执行时间：2017-07-09 10:29:16,任务计划开始执行时间：2017-07-07 17:00:00
当前时间：2017-07-09 10:29:16,内容:执行这个,任务执行时间：2017-07-07 17:00:00
当前时间：2017-07-09 10:29:16,内容:任务开始执行
当前时间：2017-07-09 10:29:16,内容:当前赠送积分数值:0.1

当前时间：2017-07-09 10:29:16,内容:每分红权赠送:2会员308,赠送2017-07-09的积分，数量8分红积分数量4,养老积分数量0,互助基金数量:0

当前时间：2017-07-09 10:34:01,内容:当前任务执行时间：2017-07-09 10:34:01,任务计划开始执行时间：2017-07-07 17:00:00
当前时间：2017-07-09 10:34:01,内容:执行这个,任务执行时间：2017-07-07 17:00:00
当前时间：2017-07-09 10:34:01,内容:任务开始执行
当前时间：2017-07-09 10:34:01,内容:当前赠送积分数值:0.1

当前时间：2017-07-09 10:34:01,内容:每分红权赠送:2会员308,赠送2017-07-09的积分，数量1696分红积分数量848,养老积分数量0,互助基金数量:0

当前时间：2017-07-09 10:34:15,内容:当前任务执行时间：2017-07-09 10:34:15,任务计划开始执行时间：2017-07-07 17:00:00
当前时间：2017-07-09 10:34:15,内容:执行这个,任务执行时间：2017-07-07 17:00:00
当前时间：2017-07-09 10:34:15,内容:任务开始执行
当前时间：2017-07-09 10:34:15,内容:当前赠送积分数值:0.1

当前时间：2017-07-09 10:34:15,内容:每分红权赠送:2会员308,赠送2017-07-09的积分，数量1696分红积分数量848,养老积分数量0,互助基金数量:0

当前时间：2017-07-09 10:36:42,内容:当前任务执行时间：2017-07-09 10:36:42,任务计划开始执行时间：2017-07-07 17:00:00
当前时间：2017-07-09 10:36:42,内容:执行这个,任务执行时间：2017-07-07 17:00:00
当前时间：2017-07-09 10:36:42,内容:任务开始执行
当前时间：2017-07-09 10:36:42,内容:当前赠送积分数值:0.1

当前时间：2017-07-09 10:36:42,内容:每分红权赠送:2会员308,赠送2017-07-09的积分，数量1696分红积分数量848,养老积分数量0,互助基金数量:0

当前时间：2017-07-09 10:36:54,内容:当前任务执行时间：2017-07-09 10:36:54,任务计划开始执行时间：2017-07-07 17:00:00
当前时间：2017-07-09 10:36:54,内容:执行这个,任务执行时间：2017-07-07 17:00:00
当前时间：2017-07-09 10:36:54,内容:任务开始执行
当前时间：2017-07-09 10:36:54,内容:当前赠送积分数值:0.1

当前时间：2017-07-09 10:36:54,内容:每分红权赠送:2会员308,赠送2017-07-09的积分，数量1692分红积分数量846,养老积分数量0,互助基金数量:0

当前时间：2017-07-09 11:03:01,内容:当前任务执行时间：2017-07-09 11:03:01,任务计划开始执行时间：2017-07-07 17:00:00
当前时间：2017-07-09 11:03:01,内容:执行这个,任务执行时间：2017-07-07 17:00:00
当前时间：2017-07-09 11:03:01,内容:任务开始执行
当前时间：2017-07-09 11:03:01,内容:当前赠送积分数值:0.1

当前时间：2017-07-09 11:03:01,内容:每分红权赠送:2会员340,赠送2017-07-09的积分，数量972分红积分数量486,养老积分数量0,互助基金数量:0

当前时间：2017-07-09 11:18:40,内容:当前任务执行时间：2017-07-09 11:18:40,任务计划开始执行时间：2017-07-07 17:00:00
当前时间：2017-07-09 11:18:40,内容:执行这个,任务执行时间：2017-07-07 17:00:00
当前时间：2017-07-09 11:18:40,内容:任务开始执行
当前时间：2017-07-09 11:18:40,内容:当前赠送积分数值:0.1

当前时间：2017-07-09 11:18:40,内容:每分红权赠送:2会员340,赠送2017-07-09的积分，数量970分红积分数量485,养老积分数量0,互助基金数量:0

当前时间：2017-07-09 11:20:27,内容:当前任务执行时间：2017-07-09 11:20:27,任务计划开始执行时间：2017-07-07 17:00:00
当前时间：2017-07-09 11:20:27,内容:执行这个,任务执行时间：2017-07-07 17:00:00
当前时间：2017-07-09 11:20:27,内容:任务开始执行
当前时间：2017-07-09 11:20:27,内容:当前赠送积分数值:0.1

当前时间：2017-07-09 11:20:27,内容:每分红权赠送:2会员340,赠送2017-07-09的积分，数量966分红积分数量483,养老积分数量0,互助基金数量:0

当前时间：2017-07-09 11:20:33,内容:当前任务执行时间：2017-07-09 11:20:33,任务计划开始执行时间：2017-07-07 17:00:00
当前时间：2017-07-09 11:20:33,内容:执行这个,任务执行时间：2017-07-07 17:00:00
当前时间：2017-07-09 11:20:33,内容:任务开始执行
当前时间：2017-07-09 11:20:34,内容:当前赠送积分数值:0.1

当前时间：2017-07-09 11:20:34,内容:每分红权赠送:2会员340,赠送2017-07-09的积分，数量966分红积分数量483,养老积分数量0,互助基金数量:0

当前时间：2017-07-09 11:20:45,内容:当前任务执行时间：2017-07-09 11:20:45,任务计划开始执行时间：2017-07-07 17:00:00
当前时间：2017-07-09 11:20:45,内容:执行这个,任务执行时间：2017-07-07 17:00:00
当前时间：2017-07-09 11:20:45,内容:任务开始执行
当前时间：2017-07-09 11:20:45,内容:当前赠送积分数值:0.1

当前时间：2017-07-09 11:20:45,内容:每分红权赠送:2会员340,赠送2017-07-09的积分，数量964分红积分数量482,养老积分数量0,互助基金数量:0

