当前时间：2017-07-14 15:30:34,内容:当前任务执行时间：2017-07-14 15:30:34,任务计划开始执行时间：2017-07-12 17:00:00
当前时间：2017-07-14 15:30:34,内容:执行这个,任务执行时间：2017-07-12 17:00:00
当前时间：2017-07-14 15:30:34,内容:任务开始执行
当前时间：2017-07-14 15:30:34,内容:当前赠送积分数值:0.1

当前时间：2017-07-14 15:32:45,内容:当前任务执行时间：2017-07-14 15:32:45,任务计划开始执行时间：2017-07-12 17:00:00
当前时间：2017-07-14 15:32:45,内容:执行这个,任务执行时间：2017-07-12 17:00:00
当前时间：2017-07-14 15:32:45,内容:任务开始执行
当前时间：2017-07-14 15:32:45,内容:当前赠送积分数值:0.1

当前时间：2017-07-14 16:37:46,内容:当前任务执行时间：2017-07-14 16:37:46,任务计划开始执行时间：2017-07-12 17:00:00
当前时间：2017-07-14 16:37:46,内容:执行这个,任务执行时间：2017-07-12 17:00:00
当前时间：2017-07-14 16:37:46,内容:任务开始执行
当前时间：2017-07-14 16:37:46,内容:当前赠送积分数值:0.1

当前时间：2017-07-14 16:42:37,内容:当前任务执行时间：2017-07-14 16:42:37,任务计划开始执行时间：2017-07-12 17:00:00
当前时间：2017-07-14 16:42:37,内容:执行这个,任务执行时间：2017-07-12 17:00:00
当前时间：2017-07-14 16:42:37,内容:任务开始执行
当前时间：2017-07-14 16:42:37,内容:当前赠送积分数值:0.1

当前时间：2017-07-14 16:42:37,内容:会员195,赠送2017-07-14的积分，消费积分数量10消费分红积分数量5

当前时间：2017-07-14 16:42:37,内容:会员199,赠送2017-07-14的积分，消费积分数量42消费分红积分数量21

当前时间：2017-07-14 16:42:37,内容:会员200,赠送2017-07-14的积分，消费积分数量2消费分红积分数量1.45

当前时间：2017-07-14 16:42:37,内容:会员207,赠送2017-07-14的积分，消费积分数量312消费分红积分数量156

当前时间：2017-07-14 16:42:37,内容:会员208,赠送2017-07-14的积分，消费积分数量2消费分红积分数量1.2

当前时间：2017-07-14 16:42:37,内容:会员214,赠送2017-07-14的积分，消费积分数量2消费分红积分数量1.25

当前时间：2017-07-14 16:42:37,内容:会员218,赠送2017-07-14的积分，消费积分数量2消费分红积分数量1.3

当前时间：2017-07-14 16:42:37,内容:会员220,赠送2017-07-14的积分，消费积分数量2消费分红积分数量1.35

当前时间：2017-07-14 16:42:37,内容:会员222,赠送2017-07-14的积分，消费积分数量2消费分红积分数量1.15

当前时间：2017-07-14 16:42:37,内容:会员225,赠送2017-07-14的积分，消费积分数量2消费分红积分数量1.15

当前时间：2017-07-14 16:42:37,内容:会员226,赠送2017-07-14的积分，消费积分数量2消费分红积分数量1.2

当前时间：2017-07-14 16:42:37,内容:会员227,赠送2017-07-14的积分，消费积分数量2消费分红积分数量1.15

当前时间：2017-07-14 16:42:37,内容:会员230,赠送2017-07-14的积分，消费积分数量2消费分红积分数量3.1

当前时间：2017-07-14 16:42:37,内容:会员231,赠送2017-07-14的积分，消费积分数量2消费分红积分数量1.45

当前时间：2017-07-14 16:42:37,内容:会员233,赠送2017-07-14的积分，消费积分数量2消费分红积分数量1.25

当前时间：2017-07-14 16:42:37,内容:会员234,赠送2017-07-14的积分，消费积分数量2消费分红积分数量1.1

当前时间：2017-07-14 16:42:37,内容:会员236,赠送2017-07-14的积分，消费积分数量2消费分红积分数量1.1

当前时间：2017-07-14 16:42:37,内容:会员243,赠送2017-07-14的积分，消费积分数量2消费分红积分数量1.1

当前时间：2017-07-14 16:42:37,内容:会员244,赠送2017-07-14的积分，消费积分数量2消费分红积分数量1.1

当前时间：2017-07-14 16:42:37,内容:会员245,赠送2017-07-14的积分，消费积分数量2消费分红积分数量1.1

当前时间：2017-07-14 16:42:37,内容:会员246,赠送2017-07-14的积分，消费积分数量60消费分红积分数量34

当前时间：2017-07-14 16:42:37,内容:会员247,赠送2017-07-14的积分，消费积分数量2消费分红积分数量1.1

当前时间：2017-07-14 16:42:37,内容:会员248,赠送2017-07-14的积分，消费积分数量2消费分红积分数量1.1

当前时间：2017-07-14 16:42:37,内容:会员250,赠送2017-07-14的积分，消费积分数量2消费分红积分数量1.1

当前时间：2017-07-14 16:42:37,内容:会员251,赠送2017-07-14的积分，消费积分数量2消费分红积分数量1.1

当前时间：2017-07-14 16:42:37,内容:会员252,赠送2017-07-14的积分，消费积分数量2消费分红积分数量1.1

当前时间：2017-07-14 16:42:37,内容:会员253,赠送2017-07-14的积分，消费积分数量2消费分红积分数量1.1

当前时间：2017-07-14 16:42:37,内容:会员254,赠送2017-07-14的积分，消费积分数量2消费分红积分数量1.1

当前时间：2017-07-14 16:42:37,内容:会员255,赠送2017-07-14的积分，消费积分数量2消费分红积分数量1.1

当前时间：2017-07-14 16:42:37,内容:会员256,赠送2017-07-14的积分，消费积分数量2消费分红积分数量1.1

当前时间：2017-07-14 16:42:37,内容:会员257,赠送2017-07-14的积分，消费积分数量2消费分红积分数量1.1

当前时间：2017-07-14 16:42:37,内容:会员258,赠送2017-07-14的积分，消费积分数量2消费分红积分数量1.1

当前时间：2017-07-14 16:42:37,内容:会员260,赠送2017-07-14的积分，消费积分数量2消费分红积分数量1.1

当前时间：2017-07-14 16:42:37,内容:会员261,赠送2017-07-14的积分，消费积分数量2消费分红积分数量1.1

当前时间：2017-07-14 16:42:37,内容:会员262,赠送2017-07-14的积分，消费积分数量2消费分红积分数量1.1

当前时间：2017-07-14 16:42:37,内容:会员263,赠送2017-07-14的积分，消费积分数量2消费分红积分数量1.1

当前时间：2017-07-14 16:42:37,内容:会员264,赠送2017-07-14的积分，消费积分数量2消费分红积分数量1.1

当前时间：2017-07-14 16:42:37,内容:会员265,赠送2017-07-14的积分，消费积分数量2消费分红积分数量1.1

当前时间：2017-07-14 16:42:37,内容:会员266,赠送2017-07-14的积分，消费积分数量2消费分红积分数量1.1

当前时间：2017-07-14 16:42:37,内容:会员267,赠送2017-07-14的积分，消费积分数量2消费分红积分数量1.1

当前时间：2017-07-14 16:42:37,内容:会员269,赠送2017-07-14的积分，消费积分数量2消费分红积分数量1.1

当前时间：2017-07-14 16:42:37,内容:会员270,赠送2017-07-14的积分，消费积分数量2消费分红积分数量1.1

当前时间：2017-07-14 16:42:37,内容:会员271,赠送2017-07-14的积分，消费积分数量2消费分红积分数量1.1

当前时间：2017-07-14 16:42:37,内容:会员272,赠送2017-07-14的积分，消费积分数量2消费分红积分数量1.1

当前时间：2017-07-14 16:42:37,内容:会员273,赠送2017-07-14的积分，消费积分数量2消费分红积分数量1.1

当前时间：2017-07-14 16:42:37,内容:会员275,赠送2017-07-14的积分，消费积分数量2消费分红积分数量1.15

当前时间：2017-07-14 16:42:37,内容:会员276,赠送2017-07-14的积分，消费积分数量2消费分红积分数量1.1

当前时间：2017-07-14 16:42:37,内容:会员281,赠送2017-07-14的积分，消费积分数量2消费分红积分数量1.2

当前时间：2017-07-14 16:42:37,内容:会员282,赠送2017-07-14的积分，消费积分数量2消费分红积分数量1.2

当前时间：2017-07-14 16:42:37,内容:会员286,赠送2017-07-14的积分，消费积分数量2消费分红积分数量1.15

当前时间：2017-07-14 16:42:37,内容:会员287,赠送2017-07-14的积分，消费积分数量2消费分红积分数量1.1

当前时间：2017-07-14 16:42:37,内容:会员297,赠送2017-07-14的积分，消费积分数量2消费分红积分数量1.1

当前时间：2017-07-14 16:42:37,内容:会员301,赠送2017-07-14的积分，消费积分数量2消费分红积分数量1.1

当前时间：2017-07-14 16:42:37,内容:会员305,赠送2017-07-14的积分，消费积分数量2消费分红积分数量1.1

当前时间：2017-07-14 16:42:37,内容:会员320,赠送2017-07-14的积分，消费积分数量4消费分红积分数量2.3

当前时间：2017-07-14 16:42:37,内容:会员322,赠送2017-07-14的积分，消费积分数量68消费分红积分数量34

当前时间：2017-07-14 16:42:37,内容:会员346,赠送2017-07-14的积分，消费积分数量56消费分红积分数量28

当前时间：2017-07-14 16:42:37,内容:会员347,赠送2017-07-14的积分，消费积分数量2消费分红积分数量1

当前时间：2017-07-14 16:42:37,内容:会员389,赠送2017-07-14的积分，消费积分数量14消费分红积分数量7.85

当前时间：2017-07-14 16:42:37,内容:会员399,赠送2017-07-14的积分，消费积分数量8消费分红积分数量4

当前时间：2017-07-14 16:42:37,内容:会员403,赠送2017-07-14的积分，消费积分数量4消费分红积分数量3.3

当前时间：2017-07-14 16:42:37,内容:会员430,赠送2017-07-14的积分，消费积分数量68消费分红积分数量54.5

当前时间：2017-07-14 16:42:37,内容:会员436,赠送2017-07-14的积分，消费积分数量8消费分红积分数量4

当前时间：2017-07-14 16:42:37,内容:会员439,赠送2017-07-14的积分，消费积分数量2消费分红积分数量1.25

当前时间：2017-07-14 16:42:37,内容:会员462,赠送2017-07-14的积分，消费积分数量2消费分红积分数量1

当前时间：2017-07-14 16:42:37,内容:会员467,赠送2017-07-14的积分，消费积分数量12消费分红积分数量6

当前时间：2017-07-14 16:42:37,内容:会员473,赠送2017-07-14的积分，消费积分数量6消费分红积分数量3

当前时间：2017-07-14 16:42:37,内容:会员513,赠送2017-07-14的积分，消费积分数量286消费分红积分数量143

当前时间：2017-07-14 16:42:37,内容:会员536,赠送2017-07-14的积分，消费积分数量12消费分红积分数量11.1

当前时间：2017-07-14 16:42:37,内容:会员571,赠送2017-07-14的积分，消费积分数量26消费分红积分数量13

当前时间：2017-07-14 16:42:37,内容:会员576,赠送2017-07-14的积分，消费积分数量2消费分红积分数量1

当前时间：2017-07-14 16:42:37,内容:会员578,赠送2017-07-14的积分，消费积分数量4消费分红积分数量2

当前时间：2017-07-14 16:42:37,内容:会员579,赠送2017-07-14的积分，消费积分数量4消费分红积分数量2

当前时间：2017-07-14 16:42:37,内容:会员717,赠送2017-07-14的积分，消费积分数量12消费分红积分数量6

当前时间：2017-07-14 16:54:47,内容:当前任务执行时间：2017-07-14 16:54:47,任务计划开始执行时间：2017-07-12 17:00:00
当前时间：2017-07-14 16:54:47,内容:执行这个,任务执行时间：2017-07-12 17:00:00
当前时间：2017-07-14 16:54:47,内容:任务开始执行
当前时间：2017-07-14 16:54:47,内容:当前赠送积分数值:0.1

当前时间：2017-07-14 16:54:47,内容:会员195,赠送2017-07-14的积分，消费积分数量10消费分红积分数量5

当前时间：2017-07-14 16:54:47,内容:会员199,赠送2017-07-14的积分，消费积分数量42消费分红积分数量21

当前时间：2017-07-14 16:54:47,内容:会员200,赠送2017-07-14的积分，消费积分数量2消费分红积分数量1.45

当前时间：2017-07-14 16:54:47,内容:会员207,赠送2017-07-14的积分，消费积分数量312消费分红积分数量156

当前时间：2017-07-14 16:54:47,内容:会员208,赠送2017-07-14的积分，消费积分数量2消费分红积分数量1.2

当前时间：2017-07-14 16:54:47,内容:会员214,赠送2017-07-14的积分，消费积分数量2消费分红积分数量1.25

当前时间：2017-07-14 16:54:47,内容:会员218,赠送2017-07-14的积分，消费积分数量2消费分红积分数量1.3

当前时间：2017-07-14 16:54:47,内容:会员220,赠送2017-07-14的积分，消费积分数量2消费分红积分数量1.35

当前时间：2017-07-14 16:54:47,内容:会员222,赠送2017-07-14的积分，消费积分数量2消费分红积分数量1.15

当前时间：2017-07-14 16:54:47,内容:会员225,赠送2017-07-14的积分，消费积分数量2消费分红积分数量1.15

当前时间：2017-07-14 16:54:47,内容:会员226,赠送2017-07-14的积分，消费积分数量2消费分红积分数量1.2

当前时间：2017-07-14 16:54:47,内容:会员227,赠送2017-07-14的积分，消费积分数量2消费分红积分数量1.15

当前时间：2017-07-14 16:54:47,内容:会员230,赠送2017-07-14的积分，消费积分数量2消费分红积分数量3.1

当前时间：2017-07-14 16:54:47,内容:会员231,赠送2017-07-14的积分，消费积分数量2消费分红积分数量1.45

当前时间：2017-07-14 16:54:47,内容:会员233,赠送2017-07-14的积分，消费积分数量2消费分红积分数量1.25

当前时间：2017-07-14 16:54:47,内容:会员234,赠送2017-07-14的积分，消费积分数量2消费分红积分数量1.1

当前时间：2017-07-14 16:54:47,内容:会员236,赠送2017-07-14的积分，消费积分数量2消费分红积分数量1.1

当前时间：2017-07-14 16:54:47,内容:会员243,赠送2017-07-14的积分，消费积分数量2消费分红积分数量1.1

当前时间：2017-07-14 16:54:47,内容:会员244,赠送2017-07-14的积分，消费积分数量2消费分红积分数量1.1

当前时间：2017-07-14 16:54:47,内容:会员245,赠送2017-07-14的积分，消费积分数量2消费分红积分数量1.1

当前时间：2017-07-14 16:54:47,内容:会员246,赠送2017-07-14的积分，消费积分数量60消费分红积分数量34

当前时间：2017-07-14 16:54:47,内容:会员247,赠送2017-07-14的积分，消费积分数量2消费分红积分数量1.1

当前时间：2017-07-14 16:54:47,内容:会员248,赠送2017-07-14的积分，消费积分数量2消费分红积分数量1.1

当前时间：2017-07-14 16:54:47,内容:会员250,赠送2017-07-14的积分，消费积分数量2消费分红积分数量1.1

当前时间：2017-07-14 16:54:47,内容:会员251,赠送2017-07-14的积分，消费积分数量2消费分红积分数量1.1

当前时间：2017-07-14 16:54:47,内容:会员252,赠送2017-07-14的积分，消费积分数量2消费分红积分数量1.1

当前时间：2017-07-14 16:54:47,内容:会员253,赠送2017-07-14的积分，消费积分数量2消费分红积分数量1.1

当前时间：2017-07-14 16:54:47,内容:会员254,赠送2017-07-14的积分，消费积分数量2消费分红积分数量1.1

当前时间：2017-07-14 16:54:47,内容:会员255,赠送2017-07-14的积分，消费积分数量2消费分红积分数量1.1

当前时间：2017-07-14 16:54:47,内容:会员256,赠送2017-07-14的积分，消费积分数量2消费分红积分数量1.1

当前时间：2017-07-14 16:54:47,内容:会员257,赠送2017-07-14的积分，消费积分数量2消费分红积分数量1.1

当前时间：2017-07-14 16:54:47,内容:会员258,赠送2017-07-14的积分，消费积分数量2消费分红积分数量1.1

当前时间：2017-07-14 16:54:47,内容:会员260,赠送2017-07-14的积分，消费积分数量2消费分红积分数量1.1

当前时间：2017-07-14 16:54:47,内容:会员261,赠送2017-07-14的积分，消费积分数量2消费分红积分数量1.1

当前时间：2017-07-14 16:54:47,内容:会员262,赠送2017-07-14的积分，消费积分数量2消费分红积分数量1.1

当前时间：2017-07-14 16:54:47,内容:会员263,赠送2017-07-14的积分，消费积分数量2消费分红积分数量1.1

当前时间：2017-07-14 16:54:47,内容:会员264,赠送2017-07-14的积分，消费积分数量2消费分红积分数量1.1

当前时间：2017-07-14 16:54:47,内容:会员265,赠送2017-07-14的积分，消费积分数量2消费分红积分数量1.1

当前时间：2017-07-14 16:54:47,内容:会员266,赠送2017-07-14的积分，消费积分数量2消费分红积分数量1.1

当前时间：2017-07-14 16:54:47,内容:会员267,赠送2017-07-14的积分，消费积分数量2消费分红积分数量1.1

当前时间：2017-07-14 16:54:47,内容:会员269,赠送2017-07-14的积分，消费积分数量2消费分红积分数量1.1

当前时间：2017-07-14 16:54:47,内容:会员270,赠送2017-07-14的积分，消费积分数量2消费分红积分数量1.1

当前时间：2017-07-14 16:54:47,内容:会员271,赠送2017-07-14的积分，消费积分数量2消费分红积分数量1.1

当前时间：2017-07-14 16:54:47,内容:会员272,赠送2017-07-14的积分，消费积分数量2消费分红积分数量1.1

当前时间：2017-07-14 16:54:47,内容:会员273,赠送2017-07-14的积分，消费积分数量2消费分红积分数量1.1

当前时间：2017-07-14 16:54:47,内容:会员275,赠送2017-07-14的积分，消费积分数量2消费分红积分数量1.15

当前时间：2017-07-14 16:54:47,内容:会员276,赠送2017-07-14的积分，消费积分数量2消费分红积分数量1.1

当前时间：2017-07-14 16:54:47,内容:会员281,赠送2017-07-14的积分，消费积分数量2消费分红积分数量1.2

当前时间：2017-07-14 16:54:47,内容:会员282,赠送2017-07-14的积分，消费积分数量2消费分红积分数量1.2

当前时间：2017-07-14 16:54:47,内容:会员286,赠送2017-07-14的积分，消费积分数量2消费分红积分数量1.15

当前时间：2017-07-14 16:54:47,内容:会员287,赠送2017-07-14的积分，消费积分数量2消费分红积分数量1.1

当前时间：2017-07-14 16:54:47,内容:会员297,赠送2017-07-14的积分，消费积分数量2消费分红积分数量1.1

当前时间：2017-07-14 16:54:47,内容:会员301,赠送2017-07-14的积分，消费积分数量2消费分红积分数量1.1

当前时间：2017-07-14 16:54:47,内容:会员305,赠送2017-07-14的积分，消费积分数量2消费分红积分数量1.1

当前时间：2017-07-14 16:54:47,内容:会员320,赠送2017-07-14的积分，消费积分数量4消费分红积分数量2.3

当前时间：2017-07-14 16:54:47,内容:会员322,赠送2017-07-14的积分，消费积分数量68消费分红积分数量34

当前时间：2017-07-14 16:54:47,内容:会员346,赠送2017-07-14的积分，消费积分数量56消费分红积分数量28

当前时间：2017-07-14 16:54:47,内容:会员347,赠送2017-07-14的积分，消费积分数量2消费分红积分数量1

当前时间：2017-07-14 16:54:47,内容:会员389,赠送2017-07-14的积分，消费积分数量14消费分红积分数量7.85

当前时间：2017-07-14 16:54:47,内容:会员399,赠送2017-07-14的积分，消费积分数量8消费分红积分数量4

当前时间：2017-07-14 16:54:47,内容:会员403,赠送2017-07-14的积分，消费积分数量4消费分红积分数量3.3

当前时间：2017-07-14 16:54:47,内容:会员430,赠送2017-07-14的积分，消费积分数量68消费分红积分数量54.5

当前时间：2017-07-14 16:54:47,内容:会员436,赠送2017-07-14的积分，消费积分数量8消费分红积分数量4

当前时间：2017-07-14 16:54:47,内容:会员439,赠送2017-07-14的积分，消费积分数量2消费分红积分数量1.25

当前时间：2017-07-14 16:54:47,内容:会员462,赠送2017-07-14的积分，消费积分数量2消费分红积分数量1

当前时间：2017-07-14 16:54:47,内容:会员467,赠送2017-07-14的积分，消费积分数量12消费分红积分数量6

当前时间：2017-07-14 16:54:47,内容:会员473,赠送2017-07-14的积分，消费积分数量6消费分红积分数量3

当前时间：2017-07-14 16:54:47,内容:会员513,赠送2017-07-14的积分，消费积分数量286消费分红积分数量143

当前时间：2017-07-14 16:54:47,内容:会员536,赠送2017-07-14的积分，消费积分数量12消费分红积分数量11.1

当前时间：2017-07-14 16:54:47,内容:会员571,赠送2017-07-14的积分，消费积分数量26消费分红积分数量13

当前时间：2017-07-14 16:54:47,内容:会员576,赠送2017-07-14的积分，消费积分数量2消费分红积分数量1

当前时间：2017-07-14 16:54:47,内容:会员578,赠送2017-07-14的积分，消费积分数量4消费分红积分数量2

当前时间：2017-07-14 16:54:47,内容:会员579,赠送2017-07-14的积分，消费积分数量4消费分红积分数量2

当前时间：2017-07-14 16:54:47,内容:会员717,赠送2017-07-14的积分，消费积分数量12消费分红积分数量6

当前时间：2017-07-14 16:54:47,内容:日期2017-07-14任务执行完毕

当前时间：2017-07-14 16:57:12,内容:当前任务执行时间：2017-07-14 16:57:12,任务计划开始执行时间：2017-07-12 17:00:00
当前时间：2017-07-14 16:57:12,内容:执行这个,任务执行时间：2017-07-12 17:00:00
当前时间：2017-07-14 16:57:12,内容:任务开始执行
当前时间：2017-07-14 16:57:12,内容:当前赠送积分数值:0.1

当前时间：2017-07-14 16:57:12,内容:会员195,赠送2017-07-14的积分，消费积分数量10消费分红积分数量5

当前时间：2017-07-14 16:57:12,内容:会员199,赠送2017-07-14的积分，消费积分数量42消费分红积分数量21

当前时间：2017-07-14 16:57:12,内容:会员200,赠送2017-07-14的积分，消费积分数量2消费分红积分数量1.45

当前时间：2017-07-14 16:57:12,内容:会员207,赠送2017-07-14的积分，消费积分数量312消费分红积分数量156

当前时间：2017-07-14 16:57:12,内容:会员208,赠送2017-07-14的积分，消费积分数量2消费分红积分数量1.2

当前时间：2017-07-14 16:57:12,内容:会员214,赠送2017-07-14的积分，消费积分数量2消费分红积分数量1.25

当前时间：2017-07-14 16:57:12,内容:会员218,赠送2017-07-14的积分，消费积分数量2消费分红积分数量1.3

当前时间：2017-07-14 16:57:12,内容:会员220,赠送2017-07-14的积分，消费积分数量2消费分红积分数量1.35

当前时间：2017-07-14 16:57:12,内容:会员222,赠送2017-07-14的积分，消费积分数量2消费分红积分数量1.15

当前时间：2017-07-14 16:57:12,内容:会员225,赠送2017-07-14的积分，消费积分数量2消费分红积分数量1.15

当前时间：2017-07-14 16:57:12,内容:会员226,赠送2017-07-14的积分，消费积分数量2消费分红积分数量1.2

当前时间：2017-07-14 16:57:12,内容:会员227,赠送2017-07-14的积分，消费积分数量2消费分红积分数量1.15

当前时间：2017-07-14 16:57:12,内容:会员230,赠送2017-07-14的积分，消费积分数量2消费分红积分数量3.1

当前时间：2017-07-14 16:57:12,内容:会员231,赠送2017-07-14的积分，消费积分数量2消费分红积分数量1.45

当前时间：2017-07-14 16:57:12,内容:会员233,赠送2017-07-14的积分，消费积分数量2消费分红积分数量1.25

当前时间：2017-07-14 16:57:12,内容:会员234,赠送2017-07-14的积分，消费积分数量2消费分红积分数量1.1

当前时间：2017-07-14 16:57:12,内容:会员236,赠送2017-07-14的积分，消费积分数量2消费分红积分数量1.1

当前时间：2017-07-14 16:57:12,内容:会员243,赠送2017-07-14的积分，消费积分数量2消费分红积分数量1.1

当前时间：2017-07-14 16:57:12,内容:会员244,赠送2017-07-14的积分，消费积分数量2消费分红积分数量1.1

当前时间：2017-07-14 16:57:12,内容:会员245,赠送2017-07-14的积分，消费积分数量2消费分红积分数量1.1

当前时间：2017-07-14 16:57:12,内容:会员246,赠送2017-07-14的积分，消费积分数量60消费分红积分数量34

当前时间：2017-07-14 16:57:12,内容:会员247,赠送2017-07-14的积分，消费积分数量2消费分红积分数量1.1

当前时间：2017-07-14 16:57:12,内容:会员248,赠送2017-07-14的积分，消费积分数量2消费分红积分数量1.1

当前时间：2017-07-14 16:57:12,内容:会员250,赠送2017-07-14的积分，消费积分数量2消费分红积分数量1.1

当前时间：2017-07-14 16:57:12,内容:会员251,赠送2017-07-14的积分，消费积分数量2消费分红积分数量1.1

当前时间：2017-07-14 16:57:12,内容:会员252,赠送2017-07-14的积分，消费积分数量2消费分红积分数量1.1

当前时间：2017-07-14 16:57:12,内容:会员253,赠送2017-07-14的积分，消费积分数量2消费分红积分数量1.1

当前时间：2017-07-14 16:57:12,内容:会员254,赠送2017-07-14的积分，消费积分数量2消费分红积分数量1.1

当前时间：2017-07-14 16:57:12,内容:会员255,赠送2017-07-14的积分，消费积分数量2消费分红积分数量1.1

当前时间：2017-07-14 16:57:12,内容:会员256,赠送2017-07-14的积分，消费积分数量2消费分红积分数量1.1

当前时间：2017-07-14 16:57:12,内容:会员257,赠送2017-07-14的积分，消费积分数量2消费分红积分数量1.1

当前时间：2017-07-14 16:57:12,内容:会员258,赠送2017-07-14的积分，消费积分数量2消费分红积分数量1.1

当前时间：2017-07-14 16:57:12,内容:会员260,赠送2017-07-14的积分，消费积分数量2消费分红积分数量1.1

当前时间：2017-07-14 16:57:12,内容:会员261,赠送2017-07-14的积分，消费积分数量2消费分红积分数量1.1

当前时间：2017-07-14 16:57:12,内容:会员262,赠送2017-07-14的积分，消费积分数量2消费分红积分数量1.1

当前时间：2017-07-14 16:57:12,内容:会员263,赠送2017-07-14的积分，消费积分数量2消费分红积分数量1.1

当前时间：2017-07-14 16:57:12,内容:会员264,赠送2017-07-14的积分，消费积分数量2消费分红积分数量1.1

当前时间：2017-07-14 16:57:12,内容:会员265,赠送2017-07-14的积分，消费积分数量2消费分红积分数量1.1

当前时间：2017-07-14 16:57:12,内容:会员266,赠送2017-07-14的积分，消费积分数量2消费分红积分数量1.1

当前时间：2017-07-14 16:57:12,内容:会员267,赠送2017-07-14的积分，消费积分数量2消费分红积分数量1.1

当前时间：2017-07-14 16:57:12,内容:会员269,赠送2017-07-14的积分，消费积分数量2消费分红积分数量1.1

当前时间：2017-07-14 16:57:12,内容:会员270,赠送2017-07-14的积分，消费积分数量2消费分红积分数量1.1

当前时间：2017-07-14 16:57:12,内容:会员271,赠送2017-07-14的积分，消费积分数量2消费分红积分数量1.1

当前时间：2017-07-14 16:57:12,内容:会员272,赠送2017-07-14的积分，消费积分数量2消费分红积分数量1.1

当前时间：2017-07-14 16:57:12,内容:会员273,赠送2017-07-14的积分，消费积分数量2消费分红积分数量1.1

当前时间：2017-07-14 16:57:12,内容:会员275,赠送2017-07-14的积分，消费积分数量2消费分红积分数量1.15

当前时间：2017-07-14 16:57:12,内容:会员276,赠送2017-07-14的积分，消费积分数量2消费分红积分数量1.1

当前时间：2017-07-14 16:57:12,内容:会员281,赠送2017-07-14的积分，消费积分数量2消费分红积分数量1.2

当前时间：2017-07-14 16:57:12,内容:会员282,赠送2017-07-14的积分，消费积分数量2消费分红积分数量1.2

当前时间：2017-07-14 16:57:12,内容:会员286,赠送2017-07-14的积分，消费积分数量2消费分红积分数量1.15

当前时间：2017-07-14 16:57:12,内容:会员287,赠送2017-07-14的积分，消费积分数量2消费分红积分数量1.1

当前时间：2017-07-14 16:57:13,内容:会员297,赠送2017-07-14的积分，消费积分数量2消费分红积分数量1.1

当前时间：2017-07-14 16:57:13,内容:会员301,赠送2017-07-14的积分，消费积分数量2消费分红积分数量1.1

当前时间：2017-07-14 16:57:13,内容:会员305,赠送2017-07-14的积分，消费积分数量2消费分红积分数量1.1

当前时间：2017-07-14 16:57:13,内容:会员320,赠送2017-07-14的积分，消费积分数量4消费分红积分数量2.3

当前时间：2017-07-14 16:57:13,内容:会员322,赠送2017-07-14的积分，消费积分数量68消费分红积分数量34

当前时间：2017-07-14 16:57:13,内容:会员346,赠送2017-07-14的积分，消费积分数量56消费分红积分数量28

当前时间：2017-07-14 16:57:13,内容:会员347,赠送2017-07-14的积分，消费积分数量2消费分红积分数量1

当前时间：2017-07-14 16:57:13,内容:会员389,赠送2017-07-14的积分，消费积分数量14消费分红积分数量7.85

当前时间：2017-07-14 16:57:13,内容:会员399,赠送2017-07-14的积分，消费积分数量8消费分红积分数量4

当前时间：2017-07-14 16:57:13,内容:会员403,赠送2017-07-14的积分，消费积分数量4消费分红积分数量3.3

当前时间：2017-07-14 16:57:13,内容:会员430,赠送2017-07-14的积分，消费积分数量68消费分红积分数量54.5

当前时间：2017-07-14 16:57:13,内容:会员436,赠送2017-07-14的积分，消费积分数量8消费分红积分数量4

当前时间：2017-07-14 16:57:13,内容:会员439,赠送2017-07-14的积分，消费积分数量2消费分红积分数量1.25

当前时间：2017-07-14 16:57:13,内容:会员462,赠送2017-07-14的积分，消费积分数量2消费分红积分数量1

当前时间：2017-07-14 16:57:13,内容:会员467,赠送2017-07-14的积分，消费积分数量12消费分红积分数量6

当前时间：2017-07-14 16:57:13,内容:会员473,赠送2017-07-14的积分，消费积分数量6消费分红积分数量3

当前时间：2017-07-14 16:57:13,内容:会员513,赠送2017-07-14的积分，消费积分数量284消费分红积分数量142

当前时间：2017-07-14 16:57:13,内容:会员536,赠送2017-07-14的积分，消费积分数量12消费分红积分数量11.1

当前时间：2017-07-14 16:57:13,内容:会员571,赠送2017-07-14的积分，消费积分数量26消费分红积分数量13

当前时间：2017-07-14 16:57:13,内容:会员576,赠送2017-07-14的积分，消费积分数量2消费分红积分数量1

当前时间：2017-07-14 16:57:13,内容:会员578,赠送2017-07-14的积分，消费积分数量4消费分红积分数量2

当前时间：2017-07-14 16:57:13,内容:会员579,赠送2017-07-14的积分，消费积分数量4消费分红积分数量2

当前时间：2017-07-14 16:57:13,内容:会员717,赠送2017-07-14的积分，消费积分数量12消费分红积分数量6

当前时间：2017-07-14 16:57:13,内容:日期2017-07-14任务执行完毕

当前时间：2017-07-14 17:17:11,内容:当前任务执行时间：2017-07-14 17:17:11,任务计划开始执行时间：2017-07-12 17:00:00
当前时间：2017-07-14 17:17:11,内容:执行这个,任务执行时间：2017-07-12 17:00:00
当前时间：2017-07-14 17:17:11,内容:任务开始执行
当前时间：2017-07-14 17:17:11,内容:当前赠送积分数值:0.1

当前时间：2017-07-14 17:17:11,内容:会员195,赠送2017-07-14的积分，消费积分数量10消费分红积分数量5

当前时间：2017-07-14 17:17:11,内容:会员199,赠送2017-07-14的积分，消费积分数量42消费分红积分数量21

当前时间：2017-07-14 17:17:11,内容:会员200,赠送2017-07-14的积分，消费积分数量2消费分红积分数量1.45

当前时间：2017-07-14 17:17:11,内容:会员207,赠送2017-07-14的积分，消费积分数量310消费分红积分数量155

当前时间：2017-07-14 17:17:11,内容:会员208,赠送2017-07-14的积分，消费积分数量2消费分红积分数量1.2

当前时间：2017-07-14 17:17:11,内容:会员214,赠送2017-07-14的积分，消费积分数量2消费分红积分数量1.25

当前时间：2017-07-14 17:17:11,内容:会员218,赠送2017-07-14的积分，消费积分数量2消费分红积分数量1.3

当前时间：2017-07-14 17:17:11,内容:会员220,赠送2017-07-14的积分，消费积分数量2消费分红积分数量1.35

当前时间：2017-07-14 17:17:11,内容:会员222,赠送2017-07-14的积分，消费积分数量2消费分红积分数量1.15

当前时间：2017-07-14 17:17:11,内容:会员225,赠送2017-07-14的积分，消费积分数量2消费分红积分数量1.15

当前时间：2017-07-14 17:17:11,内容:会员226,赠送2017-07-14的积分，消费积分数量2消费分红积分数量1.2

当前时间：2017-07-14 17:17:11,内容:会员227,赠送2017-07-14的积分，消费积分数量2消费分红积分数量1.15

当前时间：2017-07-14 17:17:11,内容:会员230,赠送2017-07-14的积分，消费积分数量2消费分红积分数量3.1

当前时间：2017-07-14 17:17:11,内容:会员231,赠送2017-07-14的积分，消费积分数量2消费分红积分数量1.45

当前时间：2017-07-14 17:17:11,内容:会员233,赠送2017-07-14的积分，消费积分数量2消费分红积分数量1.25

当前时间：2017-07-14 17:17:11,内容:会员234,赠送2017-07-14的积分，消费积分数量2消费分红积分数量1.1

当前时间：2017-07-14 17:17:11,内容:会员236,赠送2017-07-14的积分，消费积分数量2消费分红积分数量1.1

当前时间：2017-07-14 17:17:11,内容:会员243,赠送2017-07-14的积分，消费积分数量2消费分红积分数量1.1

当前时间：2017-07-14 17:17:11,内容:会员244,赠送2017-07-14的积分，消费积分数量2消费分红积分数量1.1

当前时间：2017-07-14 17:17:11,内容:会员245,赠送2017-07-14的积分，消费积分数量2消费分红积分数量1.1

当前时间：2017-07-14 17:17:11,内容:会员246,赠送2017-07-14的积分，消费积分数量60消费分红积分数量34

当前时间：2017-07-14 17:17:11,内容:会员247,赠送2017-07-14的积分，消费积分数量2消费分红积分数量1.1

当前时间：2017-07-14 17:17:11,内容:会员248,赠送2017-07-14的积分，消费积分数量2消费分红积分数量1.1

当前时间：2017-07-14 17:17:11,内容:会员250,赠送2017-07-14的积分，消费积分数量2消费分红积分数量1.1

当前时间：2017-07-14 17:17:11,内容:会员251,赠送2017-07-14的积分，消费积分数量2消费分红积分数量1.1

当前时间：2017-07-14 17:17:11,内容:会员252,赠送2017-07-14的积分，消费积分数量2消费分红积分数量1.1

当前时间：2017-07-14 17:17:11,内容:会员253,赠送2017-07-14的积分，消费积分数量2消费分红积分数量1.1

当前时间：2017-07-14 17:17:11,内容:会员254,赠送2017-07-14的积分，消费积分数量2消费分红积分数量1.1

当前时间：2017-07-14 17:17:11,内容:会员255,赠送2017-07-14的积分，消费积分数量2消费分红积分数量1.1

当前时间：2017-07-14 17:17:11,内容:会员256,赠送2017-07-14的积分，消费积分数量2消费分红积分数量1.1

当前时间：2017-07-14 17:17:11,内容:会员257,赠送2017-07-14的积分，消费积分数量2消费分红积分数量1.1

当前时间：2017-07-14 17:17:11,内容:会员258,赠送2017-07-14的积分，消费积分数量2消费分红积分数量1.1

当前时间：2017-07-14 17:17:11,内容:会员260,赠送2017-07-14的积分，消费积分数量2消费分红积分数量1.1

当前时间：2017-07-14 17:17:11,内容:会员261,赠送2017-07-14的积分，消费积分数量2消费分红积分数量1.1

当前时间：2017-07-14 17:17:11,内容:会员262,赠送2017-07-14的积分，消费积分数量2消费分红积分数量1.1

当前时间：2017-07-14 17:17:11,内容:会员263,赠送2017-07-14的积分，消费积分数量2消费分红积分数量1.1

当前时间：2017-07-14 17:17:11,内容:会员264,赠送2017-07-14的积分，消费积分数量2消费分红积分数量1.1

当前时间：2017-07-14 17:17:11,内容:会员265,赠送2017-07-14的积分，消费积分数量2消费分红积分数量1.1

当前时间：2017-07-14 17:17:11,内容:会员266,赠送2017-07-14的积分，消费积分数量2消费分红积分数量1.1

当前时间：2017-07-14 17:17:11,内容:会员267,赠送2017-07-14的积分，消费积分数量2消费分红积分数量1.1

当前时间：2017-07-14 17:17:11,内容:会员269,赠送2017-07-14的积分，消费积分数量2消费分红积分数量1.1

当前时间：2017-07-14 17:17:11,内容:会员270,赠送2017-07-14的积分，消费积分数量2消费分红积分数量1.1

当前时间：2017-07-14 17:17:11,内容:会员271,赠送2017-07-14的积分，消费积分数量2消费分红积分数量1.1

当前时间：2017-07-14 17:17:11,内容:会员272,赠送2017-07-14的积分，消费积分数量2消费分红积分数量1.1

当前时间：2017-07-14 17:17:11,内容:会员273,赠送2017-07-14的积分，消费积分数量2消费分红积分数量1.1

当前时间：2017-07-14 17:17:11,内容:会员275,赠送2017-07-14的积分，消费积分数量2消费分红积分数量1.15

当前时间：2017-07-14 17:17:11,内容:会员276,赠送2017-07-14的积分，消费积分数量2消费分红积分数量1.1

当前时间：2017-07-14 17:17:11,内容:会员281,赠送2017-07-14的积分，消费积分数量2消费分红积分数量1.2

当前时间：2017-07-14 17:17:11,内容:会员282,赠送2017-07-14的积分，消费积分数量2消费分红积分数量1.2

当前时间：2017-07-14 17:17:11,内容:会员286,赠送2017-07-14的积分，消费积分数量2消费分红积分数量1.15

当前时间：2017-07-14 17:17:11,内容:会员287,赠送2017-07-14的积分，消费积分数量2消费分红积分数量1.1

当前时间：2017-07-14 17:17:11,内容:会员297,赠送2017-07-14的积分，消费积分数量2消费分红积分数量1.1

当前时间：2017-07-14 17:17:11,内容:会员301,赠送2017-07-14的积分，消费积分数量2消费分红积分数量1.1

当前时间：2017-07-14 17:17:11,内容:会员305,赠送2017-07-14的积分，消费积分数量2消费分红积分数量1.1

当前时间：2017-07-14 17:17:11,内容:会员320,赠送2017-07-14的积分，消费积分数量4消费分红积分数量2.3

当前时间：2017-07-14 17:17:11,内容:会员322,赠送2017-07-14的积分，消费积分数量68消费分红积分数量34

当前时间：2017-07-14 17:17:11,内容:会员346,赠送2017-07-14的积分，消费积分数量56消费分红积分数量28

当前时间：2017-07-14 17:17:11,内容:会员347,赠送2017-07-14的积分，消费积分数量2消费分红积分数量1

当前时间：2017-07-14 17:17:11,内容:会员389,赠送2017-07-14的积分，消费积分数量14消费分红积分数量7.85

当前时间：2017-07-14 17:17:11,内容:会员399,赠送2017-07-14的积分，消费积分数量8消费分红积分数量4

当前时间：2017-07-14 17:17:11,内容:会员403,赠送2017-07-14的积分，消费积分数量4消费分红积分数量3.3

当前时间：2017-07-14 17:17:11,内容:会员430,赠送2017-07-14的积分，消费积分数量68消费分红积分数量54.5

当前时间：2017-07-14 17:17:11,内容:会员436,赠送2017-07-14的积分，消费积分数量8消费分红积分数量4

当前时间：2017-07-14 17:17:11,内容:会员439,赠送2017-07-14的积分，消费积分数量2消费分红积分数量1.25

当前时间：2017-07-14 17:17:11,内容:会员462,赠送2017-07-14的积分，消费积分数量2消费分红积分数量1

当前时间：2017-07-14 17:17:11,内容:会员467,赠送2017-07-14的积分，消费积分数量12消费分红积分数量6

当前时间：2017-07-14 17:17:11,内容:会员473,赠送2017-07-14的积分，消费积分数量6消费分红积分数量3

当前时间：2017-07-14 17:17:11,内容:会员513,赠送2017-07-14的积分，消费积分数量284消费分红积分数量142

当前时间：2017-07-14 17:17:11,内容:会员536,赠送2017-07-14的积分，消费积分数量12消费分红积分数量11.1

当前时间：2017-07-14 17:17:11,内容:会员571,赠送2017-07-14的积分，消费积分数量26消费分红积分数量13

当前时间：2017-07-14 17:17:11,内容:会员576,赠送2017-07-14的积分，消费积分数量2消费分红积分数量1

当前时间：2017-07-14 17:17:11,内容:会员578,赠送2017-07-14的积分，消费积分数量4消费分红积分数量2

当前时间：2017-07-14 17:17:11,内容:会员579,赠送2017-07-14的积分，消费积分数量4消费分红积分数量2

当前时间：2017-07-14 17:17:11,内容:会员717,赠送2017-07-14的积分，消费积分数量12消费分红积分数量6

当前时间：2017-07-14 17:17:11,内容:日期2017-07-14任务执行完毕

