当前时间：2017-04-22 00:00:01,内容:当前任务执行时间：2017-04-22 00:00:01,任务计划开始执行时间：2017-04-22 09:00:00
当前时间：2017-04-22 00:00:01,内容:未到任务开始时间,任务执行时间：2017-04-22 09:00:00
当前时间：2017-04-22 01:00:01,内容:当前任务执行时间：2017-04-22 01:00:01,任务计划开始执行时间：2017-04-22 09:00:00
当前时间：2017-04-22 01:00:01,内容:未到任务开始时间,任务执行时间：2017-04-22 09:00:00
当前时间：2017-04-22 02:00:02,内容:当前任务执行时间：2017-04-22 02:00:02,任务计划开始执行时间：2017-04-22 09:00:00
当前时间：2017-04-22 02:00:02,内容:未到任务开始时间,任务执行时间：2017-04-22 09:00:00
当前时间：2017-04-22 03:00:01,内容:当前任务执行时间：2017-04-22 03:00:01,任务计划开始执行时间：2017-04-22 09:00:00
当前时间：2017-04-22 03:00:01,内容:未到任务开始时间,任务执行时间：2017-04-22 09:00:00
当前时间：2017-04-22 04:00:01,内容:当前任务执行时间：2017-04-22 04:00:01,任务计划开始执行时间：2017-04-22 09:00:00
当前时间：2017-04-22 04:00:01,内容:未到任务开始时间,任务执行时间：2017-04-22 09:00:00
当前时间：2017-04-22 05:00:01,内容:当前任务执行时间：2017-04-22 05:00:01,任务计划开始执行时间：2017-04-22 09:00:00
当前时间：2017-04-22 05:00:01,内容:未到任务开始时间,任务执行时间：2017-04-22 09:00:00
当前时间：2017-04-22 06:00:01,内容:当前任务执行时间：2017-04-22 06:00:01,任务计划开始执行时间：2017-04-22 09:00:00
当前时间：2017-04-22 06:00:01,内容:未到任务开始时间,任务执行时间：2017-04-22 09:00:00
当前时间：2017-04-22 07:00:01,内容:当前任务执行时间：2017-04-22 07:00:01,任务计划开始执行时间：2017-04-22 09:00:00
当前时间：2017-04-22 07:00:01,内容:未到任务开始时间,任务执行时间：2017-04-22 09:00:00
当前时间：2017-04-22 08:00:01,内容:当前任务执行时间：2017-04-22 08:00:01,任务计划开始执行时间：2017-04-22 09:00:00
当前时间：2017-04-22 08:00:01,内容:未到任务开始时间,任务执行时间：2017-04-22 09:00:00
当前时间：2017-04-22 09:00:02,内容:当前任务执行时间：2017-04-22 09:00:02,任务计划开始执行时间：2017-04-22 09:00:00
当前时间：2017-04-22 09:00:02,内容:任务开始执行
当前时间：2017-04-22 09:00:02,内容:当前赠送积分数值:1.50

当前时间：2017-04-22 09:00:02,内容:平均分红权:1.50会员2,赠送2017-04-22的积分，数量3分红积分数量1.5,养老积分数量1.2,互助基金数量:0.3

当前时间：2017-04-22 09:00:02,内容:平均分红权:1.50会员5,赠送2017-04-22的积分，数量13.5分红积分数量6.75,养老积分数量5.4,互助基金数量:1.35

当前时间：2017-04-22 09:00:02,内容:平均分红权:1.50会员7,赠送2017-04-22的积分，数量12分红积分数量6,养老积分数量4.8,互助基金数量:1.2

当前时间：2017-04-22 09:00:02,内容:平均分红权:1.50会员9,赠送2017-04-22的积分，数量15分红积分数量7.5,养老积分数量6,互助基金数量:1.5

当前时间：2017-04-22 09:00:02,内容:平均分红权:1.50会员12,赠送2017-04-22的积分，数量37.5分红积分数量18.75,养老积分数量15,互助基金数量:3.75

当前时间：2017-04-22 09:00:02,内容:平均分红权:1.50会员16,赠送2017-04-22的积分，数量1.5分红积分数量0.75,养老积分数量0.6,互助基金数量:0.15

当前时间：2017-04-22 09:00:02,内容:平均分红权:1.50会员17,赠送2017-04-22的积分，数量1.5分红积分数量0.75,养老积分数量0.6,互助基金数量:0.15

当前时间：2017-04-22 09:00:02,内容:平均分红权:1.50会员119,赠送2017-04-22的积分，数量1500分红积分数量750,养老积分数量600,互助基金数量:150

当前时间：2017-04-22 09:00:02,内容:平均分红权:1.50会员120,赠送2017-04-22的积分，数量16.5分红积分数量8.25,养老积分数量6.6,互助基金数量:1.65

当前时间：2017-04-22 09:00:02,内容:日期2017-04-22任务执行完毕

当前时间：2017-04-22 10:00:01,内容:当前任务执行时间：2017-04-22 10:00:01,任务计划开始执行时间：2017-04-23 09:00:00
当前时间：2017-04-22 10:00:01,内容:未到任务开始时间,任务执行时间：2017-04-23 09:00:00
当前时间：2017-04-22 11:00:01,内容:当前任务执行时间：2017-04-22 11:00:01,任务计划开始执行时间：2017-04-23 09:00:00
当前时间：2017-04-22 11:00:01,内容:未到任务开始时间,任务执行时间：2017-04-23 09:00:00
当前时间：2017-04-22 12:00:01,内容:当前任务执行时间：2017-04-22 12:00:01,任务计划开始执行时间：2017-04-23 09:00:00
当前时间：2017-04-22 12:00:01,内容:未到任务开始时间,任务执行时间：2017-04-23 09:00:00
当前时间：2017-04-22 13:00:01,内容:当前任务执行时间：2017-04-22 13:00:01,任务计划开始执行时间：2017-04-23 09:00:00
当前时间：2017-04-22 13:00:01,内容:未到任务开始时间,任务执行时间：2017-04-23 09:00:00
当前时间：2017-04-22 14:00:01,内容:当前任务执行时间：2017-04-22 14:00:01,任务计划开始执行时间：2017-04-23 09:00:00
当前时间：2017-04-22 14:00:01,内容:未到任务开始时间,任务执行时间：2017-04-23 09:00:00
当前时间：2017-04-22 15:00:01,内容:当前任务执行时间：2017-04-22 15:00:01,任务计划开始执行时间：2017-04-23 09:00:00
当前时间：2017-04-22 15:00:01,内容:未到任务开始时间,任务执行时间：2017-04-23 09:00:00
当前时间：2017-04-22 16:00:02,内容:当前任务执行时间：2017-04-22 16:00:02,任务计划开始执行时间：2017-04-23 09:00:00
当前时间：2017-04-22 16:00:02,内容:未到任务开始时间,任务执行时间：2017-04-23 09:00:00
当前时间：2017-04-22 17:00:01,内容:当前任务执行时间：2017-04-22 17:00:01,任务计划开始执行时间：2017-04-23 09:00:00
当前时间：2017-04-22 17:00:01,内容:未到任务开始时间,任务执行时间：2017-04-23 09:00:00
当前时间：2017-04-22 18:00:01,内容:当前任务执行时间：2017-04-22 18:00:01,任务计划开始执行时间：2017-04-23 09:00:00
当前时间：2017-04-22 18:00:01,内容:未到任务开始时间,任务执行时间：2017-04-23 09:00:00
当前时间：2017-04-22 19:00:01,内容:当前任务执行时间：2017-04-22 19:00:01,任务计划开始执行时间：2017-04-23 09:00:00
当前时间：2017-04-22 19:00:01,内容:未到任务开始时间,任务执行时间：2017-04-23 09:00:00
当前时间：2017-04-22 20:00:01,内容:当前任务执行时间：2017-04-22 20:00:01,任务计划开始执行时间：2017-04-23 09:00:00
当前时间：2017-04-22 20:00:01,内容:未到任务开始时间,任务执行时间：2017-04-23 09:00:00
当前时间：2017-04-22 21:00:02,内容:当前任务执行时间：2017-04-22 21:00:02,任务计划开始执行时间：2017-04-23 09:00:00
当前时间：2017-04-22 21:00:02,内容:未到任务开始时间,任务执行时间：2017-04-23 09:00:00
当前时间：2017-04-22 22:00:01,内容:当前任务执行时间：2017-04-22 22:00:01,任务计划开始执行时间：2017-04-23 09:00:00
当前时间：2017-04-22 22:00:01,内容:未到任务开始时间,任务执行时间：2017-04-23 09:00:00
当前时间：2017-04-22 23:00:01,内容:当前任务执行时间：2017-04-22 23:00:01,任务计划开始执行时间：2017-04-23 09:00:00
当前时间：2017-04-22 23:00:01,内容:未到任务开始时间,任务执行时间：2017-04-23 09:00:00
