当前时间：2017-08-28 09:15:56,内容:当前任务执行时间：2017-08-28 09:15:56,任务计划开始执行时间：2017-08-23 17:00:00
当前时间：2017-08-28 09:15:56,内容:执行这个,任务执行时间：2017-08-23 17:00:00
当前时间：2017-08-28 09:15:56,内容:任务开始执行
当前时间：2017-08-28 09:15:56,内容:当前赠送积分数值:0.01

当前时间：2017-08-28 09:15:56,内容:会员445,赠送2017-08-28的积分，消费积分数量2消费分红积分数量1

当前时间：2017-08-28 09:15:56,内容:日期2017-08-28任务执行完毕

当前时间：2017-08-28 09:18:23,内容:当前任务执行时间：2017-08-28 09:18:23,任务计划开始执行时间：2017-08-24 17:00:00
当前时间：2017-08-28 09:18:23,内容:执行这个,任务执行时间：2017-08-24 17:00:00
当前时间：2017-08-28 09:18:23,内容:任务开始执行
当前时间：2017-08-28 09:18:23,内容:当前赠送积分数值:0.01

当前时间：2017-08-28 09:18:23,内容:会员445,赠送2017-08-28的积分，消费积分数量2消费分红积分数量1

当前时间：2017-08-28 09:18:23,内容:日期2017-08-28任务执行完毕

当前时间：2017-08-28 09:18:43,内容:当前任务执行时间：2017-08-28 09:18:43,任务计划开始执行时间：2017-08-25 17:00:00
当前时间：2017-08-28 09:18:43,内容:执行这个,任务执行时间：2017-08-25 17:00:00
当前时间：2017-08-28 09:18:43,内容:任务开始执行
当前时间：2017-08-28 09:18:43,内容:当前赠送积分数值:0.01

当前时间：2017-08-28 09:18:43,内容:会员445,赠送2017-08-28的积分，消费积分数量2消费分红积分数量1

当前时间：2017-08-28 09:18:43,内容:日期2017-08-28任务执行完毕

当前时间：2017-08-28 09:19:41,内容:当前任务执行时间：2017-08-28 09:19:41,任务计划开始执行时间：2017-08-26 17:00:00
当前时间：2017-08-28 09:19:41,内容:执行这个,任务执行时间：2017-08-26 17:00:00
当前时间：2017-08-28 09:19:41,内容:任务开始执行
当前时间：2017-08-28 09:19:41,内容:当前赠送积分数值:0.01

当前时间：2017-08-28 09:19:41,内容:会员445,赠送2017-08-28的积分，消费积分数量2消费分红积分数量1

当前时间：2017-08-28 09:22:10,内容:当前任务执行时间：2017-08-28 09:22:10,任务计划开始执行时间：2017-08-26 17:00:00
当前时间：2017-08-28 09:22:10,内容:执行这个,任务执行时间：2017-08-26 17:00:00
当前时间：2017-08-28 09:22:10,内容:任务开始执行
当前时间：2017-08-28 09:22:10,内容:当前赠送积分数值:0.01

当前时间：2017-08-28 09:22:10,内容:会员445,赠送2017-08-28的积分，消费积分数量2消费分红积分数量1

当前时间：2017-08-28 09:22:10,内容:日期2017-08-28任务执行完毕

当前时间：2017-08-28 09:23:03,内容:当前任务执行时间：2017-08-28 09:23:03,任务计划开始执行时间：2017-08-27 17:00:00
当前时间：2017-08-28 09:23:03,内容:执行这个,任务执行时间：2017-08-27 17:00:00
当前时间：2017-08-28 09:23:03,内容:任务开始执行
当前时间：2017-08-28 09:23:03,内容:当前赠送积分数值:0.01

当前时间：2017-08-28 09:23:03,内容:会员445,赠送2017-08-28的积分，消费积分数量1.8消费分红积分数量0.9

当前时间：2017-08-28 09:23:03,内容:日期2017-08-28任务执行完毕

当前时间：2017-08-28 09:23:08,内容:当前任务执行时间：2017-08-28 09:23:08,任务计划开始执行时间：2017-08-28 17:00:00
当前时间：2017-08-28 09:23:08,内容:执行这个,任务执行时间：2017-08-28 17:00:00
当前时间：2017-08-28 09:23:08,内容:任务开始执行
当前时间：2017-08-28 09:23:08,内容:当前赠送积分数值:0.01

当前时间：2017-08-28 09:23:08,内容:会员445,赠送2017-08-28的积分，消费积分数量1.8消费分红积分数量0.9

当前时间：2017-08-28 09:23:08,内容:日期2017-08-28任务执行完毕

当前时间：2017-08-28 09:23:10,内容:当前任务执行时间：2017-08-28 09:23:10,任务计划开始执行时间：2017-08-28 17:00:00
当前时间：2017-08-28 09:23:10,内容:执行这个,任务执行时间：2017-08-28 17:00:00
当前时间：2017-08-28 09:23:10,内容:任务开始执行
当前时间：2017-08-28 09:23:10,内容:当前赠送积分数值:0.01

当前时间：2017-08-28 09:23:10,内容:会员445,赠送2017-08-28的积分，消费积分数量1.8消费分红积分数量0.9

当前时间：2017-08-28 09:23:10,内容:日期2017-08-28任务执行完毕

当前时间：2017-08-28 09:23:11,内容:当前任务执行时间：2017-08-28 09:23:11,任务计划开始执行时间：2017-08-28 17:00:00
当前时间：2017-08-28 09:23:11,内容:执行这个,任务执行时间：2017-08-28 17:00:00
当前时间：2017-08-28 09:23:11,内容:任务开始执行
当前时间：2017-08-28 09:23:11,内容:当前赠送积分数值:0.01

当前时间：2017-08-28 09:23:11,内容:会员445,赠送2017-08-28的积分，消费积分数量1.8消费分红积分数量0.9

当前时间：2017-08-28 09:23:11,内容:日期2017-08-28任务执行完毕

当前时间：2017-08-28 09:23:13,内容:当前任务执行时间：2017-08-28 09:23:13,任务计划开始执行时间：2017-08-28 17:00:00
当前时间：2017-08-28 09:23:13,内容:执行这个,任务执行时间：2017-08-28 17:00:00
当前时间：2017-08-28 09:23:13,内容:任务开始执行
当前时间：2017-08-28 09:23:13,内容:当前赠送积分数值:0.01

当前时间：2017-08-28 09:23:13,内容:会员445,赠送2017-08-28的积分，消费积分数量1.8消费分红积分数量0.9

当前时间：2017-08-28 09:23:13,内容:日期2017-08-28任务执行完毕

当前时间：2017-08-28 09:23:14,内容:当前任务执行时间：2017-08-28 09:23:14,任务计划开始执行时间：2017-08-28 17:00:00
当前时间：2017-08-28 09:23:14,内容:执行这个,任务执行时间：2017-08-28 17:00:00
当前时间：2017-08-28 09:23:14,内容:任务开始执行
当前时间：2017-08-28 09:23:15,内容:当前赠送积分数值:0.01

当前时间：2017-08-28 09:23:15,内容:会员445,赠送2017-08-28的积分，消费积分数量1.8消费分红积分数量0.9

当前时间：2017-08-28 09:23:15,内容:日期2017-08-28任务执行完毕

当前时间：2017-08-28 09:23:16,内容:当前任务执行时间：2017-08-28 09:23:16,任务计划开始执行时间：2017-08-28 17:00:00
当前时间：2017-08-28 09:23:16,内容:执行这个,任务执行时间：2017-08-28 17:00:00
当前时间：2017-08-28 09:23:16,内容:任务开始执行
当前时间：2017-08-28 09:23:16,内容:当前赠送积分数值:0.01

当前时间：2017-08-28 09:23:16,内容:会员445,赠送2017-08-28的积分，消费积分数量1.8消费分红积分数量0.9

当前时间：2017-08-28 09:23:16,内容:日期2017-08-28任务执行完毕

当前时间：2017-08-28 09:23:17,内容:当前任务执行时间：2017-08-28 09:23:17,任务计划开始执行时间：2017-08-28 17:00:00
当前时间：2017-08-28 09:23:17,内容:执行这个,任务执行时间：2017-08-28 17:00:00
当前时间：2017-08-28 09:23:17,内容:任务开始执行
当前时间：2017-08-28 09:23:17,内容:当前赠送积分数值:0.01

当前时间：2017-08-28 09:23:17,内容:会员445,赠送2017-08-28的积分，消费积分数量1.8消费分红积分数量0.9

当前时间：2017-08-28 09:23:17,内容:日期2017-08-28任务执行完毕

当前时间：2017-08-28 09:23:18,内容:当前任务执行时间：2017-08-28 09:23:18,任务计划开始执行时间：2017-08-28 17:00:00
当前时间：2017-08-28 09:23:18,内容:执行这个,任务执行时间：2017-08-28 17:00:00
当前时间：2017-08-28 09:23:18,内容:任务开始执行
当前时间：2017-08-28 09:23:18,内容:当前赠送积分数值:0.01

当前时间：2017-08-28 09:23:18,内容:会员445,赠送2017-08-28的积分，消费积分数量1.8消费分红积分数量0.9

当前时间：2017-08-28 09:23:18,内容:日期2017-08-28任务执行完毕

当前时间：2017-08-28 09:23:20,内容:当前任务执行时间：2017-08-28 09:23:20,任务计划开始执行时间：2017-08-28 17:00:00
当前时间：2017-08-28 09:23:20,内容:执行这个,任务执行时间：2017-08-28 17:00:00
当前时间：2017-08-28 09:23:20,内容:任务开始执行
当前时间：2017-08-28 09:23:20,内容:当前赠送积分数值:0.01

当前时间：2017-08-28 09:23:20,内容:会员445,赠送2017-08-28的积分，消费积分数量1.8消费分红积分数量0.9

当前时间：2017-08-28 09:23:20,内容:日期2017-08-28任务执行完毕

当前时间：2017-08-28 09:23:21,内容:当前任务执行时间：2017-08-28 09:23:21,任务计划开始执行时间：2017-08-28 17:00:00
当前时间：2017-08-28 09:23:21,内容:执行这个,任务执行时间：2017-08-28 17:00:00
当前时间：2017-08-28 09:23:21,内容:任务开始执行
当前时间：2017-08-28 09:23:21,内容:当前赠送积分数值:0.01

当前时间：2017-08-28 09:23:21,内容:会员445,赠送2017-08-28的积分，消费积分数量1.8消费分红积分数量0.9

当前时间：2017-08-28 09:23:21,内容:日期2017-08-28任务执行完毕

当前时间：2017-08-28 09:23:22,内容:当前任务执行时间：2017-08-28 09:23:22,任务计划开始执行时间：2017-08-28 17:00:00
当前时间：2017-08-28 09:23:22,内容:执行这个,任务执行时间：2017-08-28 17:00:00
当前时间：2017-08-28 09:23:22,内容:任务开始执行
当前时间：2017-08-28 09:23:22,内容:当前赠送积分数值:0.01

当前时间：2017-08-28 09:23:22,内容:会员445,赠送2017-08-28的积分，消费积分数量1.8消费分红积分数量0.9

当前时间：2017-08-28 09:23:22,内容:日期2017-08-28任务执行完毕

当前时间：2017-08-28 09:23:24,内容:当前任务执行时间：2017-08-28 09:23:24,任务计划开始执行时间：2017-08-28 17:00:00
当前时间：2017-08-28 09:23:24,内容:执行这个,任务执行时间：2017-08-28 17:00:00
当前时间：2017-08-28 09:23:24,内容:任务开始执行
当前时间：2017-08-28 09:23:24,内容:当前赠送积分数值:0.01

当前时间：2017-08-28 09:23:24,内容:会员445,赠送2017-08-28的积分，消费积分数量1.8消费分红积分数量0.9

当前时间：2017-08-28 09:23:24,内容:日期2017-08-28任务执行完毕

当前时间：2017-08-28 09:23:25,内容:当前任务执行时间：2017-08-28 09:23:25,任务计划开始执行时间：2017-08-28 17:00:00
当前时间：2017-08-28 09:23:25,内容:执行这个,任务执行时间：2017-08-28 17:00:00
当前时间：2017-08-28 09:23:25,内容:任务开始执行
当前时间：2017-08-28 09:23:25,内容:当前赠送积分数值:0.01

当前时间：2017-08-28 09:23:25,内容:会员445,赠送2017-08-28的积分，消费积分数量1.8消费分红积分数量0.9

当前时间：2017-08-28 09:23:25,内容:日期2017-08-28任务执行完毕

当前时间：2017-08-28 09:24:05,内容:当前任务执行时间：2017-08-28 09:24:05,任务计划开始执行时间：2017-08-28 17:00:00
当前时间：2017-08-28 09:24:05,内容:执行这个,任务执行时间：2017-08-28 17:00:00
当前时间：2017-08-28 09:24:05,内容:任务开始执行
当前时间：2017-08-28 09:24:05,内容:当前赠送积分数值:0.01

当前时间：2017-08-28 09:24:05,内容:会员445,赠送2017-08-28的积分，消费积分数量1.8消费分红积分数量0.9

当前时间：2017-08-28 09:24:05,内容:日期2017-08-28任务执行完毕

当前时间：2017-08-28 09:24:07,内容:当前任务执行时间：2017-08-28 09:24:07,任务计划开始执行时间：2017-08-28 17:00:00
当前时间：2017-08-28 09:24:07,内容:执行这个,任务执行时间：2017-08-28 17:00:00
当前时间：2017-08-28 09:24:07,内容:任务开始执行
当前时间：2017-08-28 09:24:07,内容:当前赠送积分数值:0.01

当前时间：2017-08-28 09:24:07,内容:会员445,赠送2017-08-28的积分，消费积分数量1.8消费分红积分数量0.9

当前时间：2017-08-28 09:24:07,内容:日期2017-08-28任务执行完毕

当前时间：2017-08-28 09:24:08,内容:当前任务执行时间：2017-08-28 09:24:08,任务计划开始执行时间：2017-08-28 17:00:00
当前时间：2017-08-28 09:24:08,内容:执行这个,任务执行时间：2017-08-28 17:00:00
当前时间：2017-08-28 09:24:08,内容:任务开始执行
当前时间：2017-08-28 09:24:08,内容:当前赠送积分数值:0.01

当前时间：2017-08-28 09:24:08,内容:会员445,赠送2017-08-28的积分，消费积分数量1.8消费分红积分数量0.9

当前时间：2017-08-28 09:24:08,内容:日期2017-08-28任务执行完毕

当前时间：2017-08-28 09:24:10,内容:当前任务执行时间：2017-08-28 09:24:10,任务计划开始执行时间：2017-08-28 17:00:00
当前时间：2017-08-28 09:24:10,内容:执行这个,任务执行时间：2017-08-28 17:00:00
当前时间：2017-08-28 09:24:10,内容:任务开始执行
当前时间：2017-08-28 09:24:10,内容:当前赠送积分数值:0.01

当前时间：2017-08-28 09:24:10,内容:会员445,赠送2017-08-28的积分，消费积分数量1.8消费分红积分数量0.9

当前时间：2017-08-28 09:24:10,内容:日期2017-08-28任务执行完毕

当前时间：2017-08-28 09:24:11,内容:当前任务执行时间：2017-08-28 09:24:11,任务计划开始执行时间：2017-08-28 17:00:00
当前时间：2017-08-28 09:24:11,内容:执行这个,任务执行时间：2017-08-28 17:00:00
当前时间：2017-08-28 09:24:11,内容:任务开始执行
当前时间：2017-08-28 09:24:11,内容:当前赠送积分数值:0.01

当前时间：2017-08-28 09:24:11,内容:会员445,赠送2017-08-28的积分，消费积分数量1.8消费分红积分数量0.9

当前时间：2017-08-28 09:24:11,内容:日期2017-08-28任务执行完毕

当前时间：2017-08-28 09:24:12,内容:当前任务执行时间：2017-08-28 09:24:12,任务计划开始执行时间：2017-08-28 17:00:00
当前时间：2017-08-28 09:24:12,内容:执行这个,任务执行时间：2017-08-28 17:00:00
当前时间：2017-08-28 09:24:12,内容:任务开始执行
当前时间：2017-08-28 09:24:12,内容:当前赠送积分数值:0.01

当前时间：2017-08-28 09:24:12,内容:会员445,赠送2017-08-28的积分，消费积分数量1.8消费分红积分数量0.9

当前时间：2017-08-28 09:24:12,内容:日期2017-08-28任务执行完毕

当前时间：2017-08-28 09:24:14,内容:当前任务执行时间：2017-08-28 09:24:14,任务计划开始执行时间：2017-08-28 17:00:00
当前时间：2017-08-28 09:24:14,内容:执行这个,任务执行时间：2017-08-28 17:00:00
当前时间：2017-08-28 09:24:14,内容:任务开始执行
当前时间：2017-08-28 09:24:14,内容:当前赠送积分数值:0.01

当前时间：2017-08-28 09:24:14,内容:会员445,赠送2017-08-28的积分，消费积分数量1.8消费分红积分数量0.9

当前时间：2017-08-28 09:24:14,内容:日期2017-08-28任务执行完毕

当前时间：2017-08-28 09:24:15,内容:当前任务执行时间：2017-08-28 09:24:15,任务计划开始执行时间：2017-08-28 17:00:00
当前时间：2017-08-28 09:24:15,内容:执行这个,任务执行时间：2017-08-28 17:00:00
当前时间：2017-08-28 09:24:15,内容:任务开始执行
当前时间：2017-08-28 09:24:15,内容:当前赠送积分数值:0.01

当前时间：2017-08-28 09:24:15,内容:会员445,赠送2017-08-28的积分，消费积分数量1.8消费分红积分数量0.9

当前时间：2017-08-28 09:24:15,内容:日期2017-08-28任务执行完毕

当前时间：2017-08-28 09:24:17,内容:当前任务执行时间：2017-08-28 09:24:17,任务计划开始执行时间：2017-08-28 17:00:00
当前时间：2017-08-28 09:24:17,内容:执行这个,任务执行时间：2017-08-28 17:00:00
当前时间：2017-08-28 09:24:17,内容:任务开始执行
当前时间：2017-08-28 09:24:17,内容:当前赠送积分数值:0.01

当前时间：2017-08-28 09:24:17,内容:会员445,赠送2017-08-28的积分，消费积分数量1.8消费分红积分数量0.9

当前时间：2017-08-28 09:24:17,内容:日期2017-08-28任务执行完毕

当前时间：2017-08-28 09:24:18,内容:当前任务执行时间：2017-08-28 09:24:18,任务计划开始执行时间：2017-08-28 17:00:00
当前时间：2017-08-28 09:24:18,内容:执行这个,任务执行时间：2017-08-28 17:00:00
当前时间：2017-08-28 09:24:18,内容:任务开始执行
当前时间：2017-08-28 09:24:18,内容:当前赠送积分数值:0.01

当前时间：2017-08-28 09:24:18,内容:会员445,赠送2017-08-28的积分，消费积分数量1.8消费分红积分数量0.9

当前时间：2017-08-28 09:24:18,内容:日期2017-08-28任务执行完毕

当前时间：2017-08-28 09:24:19,内容:当前任务执行时间：2017-08-28 09:24:19,任务计划开始执行时间：2017-08-28 17:00:00
当前时间：2017-08-28 09:24:19,内容:执行这个,任务执行时间：2017-08-28 17:00:00
当前时间：2017-08-28 09:24:19,内容:任务开始执行
当前时间：2017-08-28 09:24:19,内容:当前赠送积分数值:0.01

当前时间：2017-08-28 09:24:19,内容:会员445,赠送2017-08-28的积分，消费积分数量1.8消费分红积分数量0.9

当前时间：2017-08-28 09:24:19,内容:日期2017-08-28任务执行完毕

当前时间：2017-08-28 09:24:20,内容:当前任务执行时间：2017-08-28 09:24:20,任务计划开始执行时间：2017-08-28 17:00:00
当前时间：2017-08-28 09:24:20,内容:执行这个,任务执行时间：2017-08-28 17:00:00
当前时间：2017-08-28 09:24:20,内容:任务开始执行
当前时间：2017-08-28 09:24:20,内容:当前赠送积分数值:0.01

当前时间：2017-08-28 09:24:20,内容:会员445,赠送2017-08-28的积分，消费积分数量1.8消费分红积分数量0.9

当前时间：2017-08-28 09:24:20,内容:日期2017-08-28任务执行完毕

当前时间：2017-08-28 09:24:22,内容:当前任务执行时间：2017-08-28 09:24:22,任务计划开始执行时间：2017-08-28 17:00:00
当前时间：2017-08-28 09:24:22,内容:执行这个,任务执行时间：2017-08-28 17:00:00
当前时间：2017-08-28 09:24:22,内容:任务开始执行
当前时间：2017-08-28 09:24:22,内容:当前赠送积分数值:0.01

当前时间：2017-08-28 09:24:22,内容:会员445,赠送2017-08-28的积分，消费积分数量1.8消费分红积分数量0.9

当前时间：2017-08-28 09:24:22,内容:日期2017-08-28任务执行完毕

当前时间：2017-08-28 09:24:23,内容:当前任务执行时间：2017-08-28 09:24:23,任务计划开始执行时间：2017-08-28 17:00:00
当前时间：2017-08-28 09:24:23,内容:执行这个,任务执行时间：2017-08-28 17:00:00
当前时间：2017-08-28 09:24:23,内容:任务开始执行
当前时间：2017-08-28 09:24:23,内容:当前赠送积分数值:0.01

当前时间：2017-08-28 09:24:23,内容:会员445,赠送2017-08-28的积分，消费积分数量1.8消费分红积分数量0.9

当前时间：2017-08-28 09:24:23,内容:日期2017-08-28任务执行完毕

当前时间：2017-08-28 09:24:24,内容:当前任务执行时间：2017-08-28 09:24:24,任务计划开始执行时间：2017-08-28 17:00:00
当前时间：2017-08-28 09:24:24,内容:执行这个,任务执行时间：2017-08-28 17:00:00
当前时间：2017-08-28 09:24:24,内容:任务开始执行
当前时间：2017-08-28 09:24:24,内容:当前赠送积分数值:0.01

当前时间：2017-08-28 09:24:24,内容:会员445,赠送2017-08-28的积分，消费积分数量1.8消费分红积分数量0.9

当前时间：2017-08-28 09:24:24,内容:日期2017-08-28任务执行完毕

当前时间：2017-08-28 09:24:25,内容:当前任务执行时间：2017-08-28 09:24:25,任务计划开始执行时间：2017-08-28 17:00:00
当前时间：2017-08-28 09:24:25,内容:执行这个,任务执行时间：2017-08-28 17:00:00
当前时间：2017-08-28 09:24:25,内容:任务开始执行
当前时间：2017-08-28 09:24:25,内容:当前赠送积分数值:0.01

当前时间：2017-08-28 09:24:25,内容:会员445,赠送2017-08-28的积分，消费积分数量1.8消费分红积分数量0.9

当前时间：2017-08-28 09:24:25,内容:日期2017-08-28任务执行完毕

当前时间：2017-08-28 09:24:27,内容:当前任务执行时间：2017-08-28 09:24:27,任务计划开始执行时间：2017-08-28 17:00:00
当前时间：2017-08-28 09:24:27,内容:执行这个,任务执行时间：2017-08-28 17:00:00
当前时间：2017-08-28 09:24:27,内容:任务开始执行
当前时间：2017-08-28 09:24:27,内容:当前赠送积分数值:0.01

当前时间：2017-08-28 09:24:27,内容:会员445,赠送2017-08-28的积分，消费积分数量1.8消费分红积分数量0.9

当前时间：2017-08-28 09:24:27,内容:日期2017-08-28任务执行完毕

当前时间：2017-08-28 09:24:27,内容:当前任务执行时间：2017-08-28 09:24:27,任务计划开始执行时间：2017-08-28 17:00:00
当前时间：2017-08-28 09:24:27,内容:执行这个,任务执行时间：2017-08-28 17:00:00
当前时间：2017-08-28 09:24:27,内容:任务开始执行
当前时间：2017-08-28 09:24:27,内容:当前赠送积分数值:0.01

当前时间：2017-08-28 09:24:28,内容:会员445,赠送2017-08-28的积分，消费积分数量1.8消费分红积分数量0.9

当前时间：2017-08-28 09:24:28,内容:日期2017-08-28任务执行完毕

当前时间：2017-08-28 09:24:39,内容:当前任务执行时间：2017-08-28 09:24:39,任务计划开始执行时间：2017-08-28 17:00:00
当前时间：2017-08-28 09:24:39,内容:执行这个,任务执行时间：2017-08-28 17:00:00
当前时间：2017-08-28 09:24:39,内容:任务开始执行
当前时间：2017-08-28 09:24:39,内容:当前赠送积分数值:0.01

当前时间：2017-08-28 09:24:39,内容:会员445,赠送2017-08-28的积分，消费积分数量1.8消费分红积分数量0.9

当前时间：2017-08-28 09:24:39,内容:日期2017-08-28任务执行完毕

当前时间：2017-08-28 09:24:41,内容:当前任务执行时间：2017-08-28 09:24:41,任务计划开始执行时间：2017-08-28 17:00:00
当前时间：2017-08-28 09:24:41,内容:执行这个,任务执行时间：2017-08-28 17:00:00
当前时间：2017-08-28 09:24:41,内容:任务开始执行
当前时间：2017-08-28 09:24:41,内容:当前赠送积分数值:0.01

当前时间：2017-08-28 09:24:41,内容:会员445,赠送2017-08-28的积分，消费积分数量1.8消费分红积分数量0.9

当前时间：2017-08-28 09:24:41,内容:日期2017-08-28任务执行完毕

