当前时间：2017-06-29 11:07:58,内容:当前任务执行时间：2017-06-29 11:07:58,任务计划开始执行时间：2017-06-28 17:00:00
当前时间：2017-06-29 11:07:58,内容:执行这个,任务执行时间：2017-06-28 17:00:00
当前时间：2017-06-29 11:07:58,内容:任务开始执行
当前时间：2017-06-29 11:07:58,内容:当前赠送积分数值:0.5

当前时间：2017-06-29 11:09:08,内容:当前任务执行时间：2017-06-29 11:09:08,任务计划开始执行时间：2017-06-28 17:00:00
当前时间：2017-06-29 11:09:08,内容:执行这个,任务执行时间：2017-06-28 17:00:00
当前时间：2017-06-29 11:09:08,内容:任务开始执行
当前时间：2017-06-29 11:09:08,内容:当前赠送积分数值:0.5

当前时间：2017-06-29 11:10:16,内容:当前任务执行时间：2017-06-29 11:10:16,任务计划开始执行时间：2017-06-28 17:00:00
当前时间：2017-06-29 11:10:16,内容:执行这个,任务执行时间：2017-06-28 17:00:00
当前时间：2017-06-29 11:10:16,内容:任务开始执行
当前时间：2017-06-29 11:10:16,内容:当前赠送积分数值:0.5

当前时间：2017-06-29 11:12:59,内容:当前任务执行时间：2017-06-29 11:12:59,任务计划开始执行时间：2017-06-28 17:00:00
当前时间：2017-06-29 11:12:59,内容:执行这个,任务执行时间：2017-06-28 17:00:00
当前时间：2017-06-29 11:12:59,内容:任务开始执行
当前时间：2017-06-29 11:12:59,内容:当前赠送积分数值:0.5

当前时间：2017-06-29 11:13:14,内容:当前任务执行时间：2017-06-29 11:13:14,任务计划开始执行时间：2017-06-28 17:00:00
当前时间：2017-06-29 11:13:14,内容:执行这个,任务执行时间：2017-06-28 17:00:00
当前时间：2017-06-29 11:13:14,内容:任务开始执行
当前时间：2017-06-29 11:13:14,内容:当前赠送积分数值:0.5

当前时间：2017-06-29 11:13:14,内容:每分红权赠送:2会员207,赠送2017-06-29的积分，数量26分红积分数量13,养老积分数量0,互助基金数量:0

当前时间：2017-06-29 11:41:57,内容:当前任务执行时间：2017-06-29 11:41:57,任务计划开始执行时间：2017-06-28 17:00:00
当前时间：2017-06-29 11:41:57,内容:执行这个,任务执行时间：2017-06-28 17:00:00
当前时间：2017-06-29 11:41:57,内容:任务开始执行
当前时间：2017-06-29 11:41:57,内容:当前赠送积分数值:0.5

当前时间：2017-06-29 11:41:57,内容:每分红权赠送:2会员207,赠送2017-06-29的积分，数量26分红积分数量13,养老积分数量0,互助基金数量:0

当前时间：2017-06-29 11:43:28,内容:当前任务执行时间：2017-06-29 11:43:28,任务计划开始执行时间：2017-06-28 17:00:00
当前时间：2017-06-29 11:43:28,内容:执行这个,任务执行时间：2017-06-28 17:00:00
当前时间：2017-06-29 11:43:28,内容:任务开始执行
当前时间：2017-06-29 11:43:28,内容:当前赠送积分数值:0.5

当前时间：2017-06-29 11:43:28,内容:每分红权赠送:0.5会员232,赠送2017-06-29的积分，数量2分红积分数量1,养老积分数量0,互助基金数量:0

当前时间：2017-06-29 11:44:11,内容:当前任务执行时间：2017-06-29 11:44:11,任务计划开始执行时间：2017-06-28 17:00:00
当前时间：2017-06-29 11:44:11,内容:执行这个,任务执行时间：2017-06-28 17:00:00
当前时间：2017-06-29 11:44:11,内容:任务开始执行
当前时间：2017-06-29 11:44:11,内容:当前赠送积分数值:0.5

当前时间：2017-06-29 11:44:11,内容:每分红权赠送:0.5会员232,赠送2017-06-29的积分，数量2分红积分数量1,养老积分数量0,互助基金数量:0

当前时间：2017-06-29 11:44:19,内容:当前任务执行时间：2017-06-29 11:44:19,任务计划开始执行时间：2017-06-28 17:00:00
当前时间：2017-06-29 11:44:19,内容:执行这个,任务执行时间：2017-06-28 17:00:00
当前时间：2017-06-29 11:44:19,内容:任务开始执行
当前时间：2017-06-29 11:44:19,内容:当前赠送积分数值:0.5

当前时间：2017-06-29 11:44:19,内容:每分红权赠送:0.5会员232,赠送2017-06-29的积分，数量2分红积分数量1,养老积分数量0,互助基金数量:0

当前时间：2017-06-29 11:45:08,内容:当前任务执行时间：2017-06-29 11:45:08,任务计划开始执行时间：2017-06-28 17:00:00
当前时间：2017-06-29 11:45:08,内容:执行这个,任务执行时间：2017-06-28 17:00:00
当前时间：2017-06-29 11:45:08,内容:任务开始执行
当前时间：2017-06-29 11:45:08,内容:当前赠送积分数值:0.5

当前时间：2017-06-29 11:45:08,内容:每分红权赠送:0.5会员232,赠送2017-06-29的积分，数量2分红积分数量1,养老积分数量0,互助基金数量:0

当前时间：2017-06-29 11:45:20,内容:当前任务执行时间：2017-06-29 11:45:20,任务计划开始执行时间：2017-06-28 17:00:00
当前时间：2017-06-29 11:45:20,内容:执行这个,任务执行时间：2017-06-28 17:00:00
当前时间：2017-06-29 11:45:20,内容:任务开始执行
当前时间：2017-06-29 11:45:20,内容:当前赠送积分数值:0.5

当前时间：2017-06-29 11:45:20,内容:每分红权赠送:0.5会员232,赠送2017-06-29的积分，数量2分红积分数量1,养老积分数量0,互助基金数量:0

当前时间：2017-06-29 11:45:29,内容:当前任务执行时间：2017-06-29 11:45:29,任务计划开始执行时间：2017-06-28 17:00:00
当前时间：2017-06-29 11:45:29,内容:执行这个,任务执行时间：2017-06-28 17:00:00
当前时间：2017-06-29 11:45:29,内容:任务开始执行
当前时间：2017-06-29 11:45:29,内容:当前赠送积分数值:0.5

当前时间：2017-06-29 11:45:29,内容:每分红权赠送:0.5会员232,赠送2017-06-29的积分，数量2分红积分数量1,养老积分数量0,互助基金数量:0

当前时间：2017-06-29 11:56:12,内容:当前任务执行时间：2017-06-29 11:56:12,任务计划开始执行时间：2017-06-28 17:00:00
当前时间：2017-06-29 11:56:12,内容:执行这个,任务执行时间：2017-06-28 17:00:00
当前时间：2017-06-29 11:56:12,内容:任务开始执行
当前时间：2017-06-29 11:56:12,内容:当前赠送积分数值:0.5

当前时间：2017-06-29 11:56:12,内容:每分红权赠送:2会员195,赠送2017-06-29的积分，数量6分红积分数量3,养老积分数量0,互助基金数量:0

当前时间：2017-06-29 11:56:12,内容:每分红权赠送:2会员199,赠送2017-06-29的积分，数量44分红积分数量22,养老积分数量0,互助基金数量:0

当前时间：2017-06-29 11:56:12,内容:每分红权赠送:0.5会员200,赠送2017-06-29的积分，数量4.5分红积分数量2.25,养老积分数量0,互助基金数量:0

当前时间：2017-06-29 11:56:12,内容:每分红权赠送:2会员206,赠送2017-06-29的积分，数量344分红积分数量172,养老积分数量0,互助基金数量:0

当前时间：2017-06-29 11:56:12,内容:每分红权赠送:2会员207,赠送2017-06-29的积分，数量26分红积分数量13,养老积分数量0,互助基金数量:0

当前时间：2017-06-29 11:56:12,内容:每分红权赠送:0.5会员208,赠送2017-06-29的积分，数量2分红积分数量1,养老积分数量0,互助基金数量:0

当前时间：2017-06-29 11:56:12,内容:每分红权赠送:0.5会员209,赠送2017-06-29的积分，数量14.5分红积分数量7.25,养老积分数量0,互助基金数量:0

当前时间：2017-06-29 11:56:12,内容:每分红权赠送:0.5会员211,赠送2017-06-29的积分，数量5分红积分数量2.5,养老积分数量0,互助基金数量:0

当前时间：2017-06-29 11:56:12,内容:每分红权赠送:2会员212,赠送2017-06-29的积分，数量256分红积分数量128,养老积分数量0,互助基金数量:0

当前时间：2017-06-29 11:56:12,内容:每分红权赠送:0.5会员214,赠送2017-06-29的积分，数量2.5分红积分数量1.25,养老积分数量0,互助基金数量:0

当前时间：2017-06-29 11:56:12,内容:每分红权赠送:0.5会员216,赠送2017-06-29的积分，数量10.5分红积分数量5.25,养老积分数量0,互助基金数量:0

当前时间：2017-06-29 11:56:12,内容:每分红权赠送:0.5会员217,赠送2017-06-29的积分，数量1分红积分数量0.5,养老积分数量0,互助基金数量:0

当前时间：2017-06-29 11:56:12,内容:每分红权赠送:0.5会员218,赠送2017-06-29的积分，数量3分红积分数量1.5,养老积分数量0,互助基金数量:0

当前时间：2017-06-29 11:56:12,内容:每分红权赠送:0.5会员219,赠送2017-06-29的积分，数量43.5分红积分数量21.75,养老积分数量0,互助基金数量:0

当前时间：2017-06-29 11:56:12,内容:每分红权赠送:0.5会员220,赠送2017-06-29的积分，数量3.5分红积分数量1.75,养老积分数量0,互助基金数量:0

当前时间：2017-06-29 11:56:12,内容:每分红权赠送:0.5会员221,赠送2017-06-29的积分，数量87.5分红积分数量43.75,养老积分数量0,互助基金数量:0

当前时间：2017-06-29 11:56:12,内容:每分红权赠送:0.5会员222,赠送2017-06-29的积分，数量1.5分红积分数量0.75,养老积分数量0,互助基金数量:0

当前时间：2017-06-29 11:56:12,内容:每分红权赠送:2会员223,赠送2017-06-29的积分，数量166分红积分数量83,养老积分数量0,互助基金数量:0

当前时间：2017-06-29 11:56:12,内容:每分红权赠送:0.5会员224,赠送2017-06-29的积分，数量43分红积分数量21.5,养老积分数量0,互助基金数量:0

当前时间：2017-06-29 11:56:12,内容:每分红权赠送:0.5会员225,赠送2017-06-29的积分，数量1.5分红积分数量0.75,养老积分数量0,互助基金数量:0

当前时间：2017-06-29 11:56:12,内容:每分红权赠送:0.5会员226,赠送2017-06-29的积分，数量2分红积分数量1,养老积分数量0,互助基金数量:0

当前时间：2017-06-29 11:56:12,内容:每分红权赠送:0.5会员227,赠送2017-06-29的积分，数量1.5分红积分数量0.75,养老积分数量0,互助基金数量:0

当前时间：2017-06-29 11:56:12,内容:每分红权赠送:2会员228,赠送2017-06-29的积分，数量172分红积分数量86,养老积分数量0,互助基金数量:0

当前时间：2017-06-29 11:56:12,内容:每分红权赠送:2会员229,赠送2017-06-29的积分，数量132分红积分数量66,养老积分数量0,互助基金数量:0

当前时间：2017-06-29 11:56:12,内容:每分红权赠送:0.5会员230,赠送2017-06-29的积分，数量20分红积分数量10,养老积分数量0,互助基金数量:0

当前时间：2017-06-29 11:56:12,内容:每分红权赠送:0.5会员231,赠送2017-06-29的积分，数量4.5分红积分数量2.25,养老积分数量0,互助基金数量:0

当前时间：2017-06-29 11:56:12,内容:每分红权赠送:0.5会员232,赠送2017-06-29的积分，数量2分红积分数量1,养老积分数量0,互助基金数量:0

当前时间：2017-06-29 11:56:12,内容:每分红权赠送:0.5会员233,赠送2017-06-29的积分，数量2.5分红积分数量1.25,养老积分数量0,互助基金数量:0

当前时间：2017-06-29 11:56:12,内容:每分红权赠送:0.5会员234,赠送2017-06-29的积分，数量1分红积分数量0.5,养老积分数量0,互助基金数量:0

当前时间：2017-06-29 11:56:12,内容:每分红权赠送:0.5会员235,赠送2017-06-29的积分，数量0.5分红积分数量0.25,养老积分数量0,互助基金数量:0

当前时间：2017-06-29 11:56:12,内容:每分红权赠送:0.5会员236,赠送2017-06-29的积分，数量1分红积分数量0.5,养老积分数量0,互助基金数量:0

当前时间：2017-06-29 11:56:12,内容:每分红权赠送:0.5会员237,赠送2017-06-29的积分，数量20.5分红积分数量10.25,养老积分数量0,互助基金数量:0

当前时间：2017-06-29 11:56:12,内容:每分红权赠送:2会员239,赠送2017-06-29的积分，数量96分红积分数量48,养老积分数量0,互助基金数量:0

当前时间：2017-06-29 11:56:12,内容:每分红权赠送:0.5会员243,赠送2017-06-29的积分，数量1分红积分数量0.5,养老积分数量0,互助基金数量:0

当前时间：2017-06-29 11:56:12,内容:每分红权赠送:0.5会员244,赠送2017-06-29的积分，数量1分红积分数量0.5,养老积分数量0,互助基金数量:0

当前时间：2017-06-29 11:56:12,内容:每分红权赠送:2会员245,赠送2017-06-29的积分，数量4分红积分数量2,养老积分数量0,互助基金数量:0

当前时间：2017-06-29 11:56:12,内容:每分红权赠送:2会员246,赠送2017-06-29的积分，数量96分红积分数量48,养老积分数量0,互助基金数量:0

当前时间：2017-06-29 11:56:12,内容:每分红权赠送:0.5会员247,赠送2017-06-29的积分，数量1分红积分数量0.5,养老积分数量0,互助基金数量:0

当前时间：2017-06-29 11:56:12,内容:每分红权赠送:0.5会员248,赠送2017-06-29的积分，数量1分红积分数量0.5,养老积分数量0,互助基金数量:0

当前时间：2017-06-29 11:56:12,内容:每分红权赠送:0.5会员249,赠送2017-06-29的积分，数量0.5分红积分数量0.25,养老积分数量0,互助基金数量:0

当前时间：2017-06-29 11:56:12,内容:每分红权赠送:2会员250,赠送2017-06-29的积分，数量4分红积分数量2,养老积分数量0,互助基金数量:0

当前时间：2017-06-29 11:56:12,内容:每分红权赠送:2会员251,赠送2017-06-29的积分，数量4分红积分数量2,养老积分数量0,互助基金数量:0

当前时间：2017-06-29 11:56:12,内容:每分红权赠送:2会员252,赠送2017-06-29的积分，数量4分红积分数量2,养老积分数量0,互助基金数量:0

当前时间：2017-06-29 11:56:12,内容:每分红权赠送:2会员253,赠送2017-06-29的积分，数量4分红积分数量2,养老积分数量0,互助基金数量:0

当前时间：2017-06-29 11:56:12,内容:每分红权赠送:2会员254,赠送2017-06-29的积分，数量4分红积分数量2,养老积分数量0,互助基金数量:0

当前时间：2017-06-29 11:56:12,内容:每分红权赠送:2会员255,赠送2017-06-29的积分，数量4分红积分数量2,养老积分数量0,互助基金数量:0

当前时间：2017-06-29 11:56:12,内容:每分红权赠送:0.5会员256,赠送2017-06-29的积分，数量1分红积分数量0.5,养老积分数量0,互助基金数量:0

当前时间：2017-06-29 11:56:12,内容:每分红权赠送:2会员257,赠送2017-06-29的积分，数量4分红积分数量2,养老积分数量0,互助基金数量:0

当前时间：2017-06-29 11:56:12,内容:每分红权赠送:0.5会员258,赠送2017-06-29的积分，数量1分红积分数量0.5,养老积分数量0,互助基金数量:0

当前时间：2017-06-29 11:56:12,内容:每分红权赠送:2会员259,赠送2017-06-29的积分，数量2分红积分数量1,养老积分数量0,互助基金数量:0

当前时间：2017-06-29 11:56:12,内容:每分红权赠送:0.5会员260,赠送2017-06-29的积分，数量1分红积分数量0.5,养老积分数量0,互助基金数量:0

当前时间：2017-06-29 11:56:12,内容:每分红权赠送:0.5会员261,赠送2017-06-29的积分，数量1分红积分数量0.5,养老积分数量0,互助基金数量:0

当前时间：2017-06-29 11:56:12,内容:每分红权赠送:0.5会员262,赠送2017-06-29的积分，数量1分红积分数量0.5,养老积分数量0,互助基金数量:0

当前时间：2017-06-29 11:56:12,内容:每分红权赠送:0.5会员263,赠送2017-06-29的积分，数量1分红积分数量0.5,养老积分数量0,互助基金数量:0

当前时间：2017-06-29 11:56:12,内容:每分红权赠送:0.5会员264,赠送2017-06-29的积分，数量1分红积分数量0.5,养老积分数量0,互助基金数量:0

当前时间：2017-06-29 11:56:12,内容:每分红权赠送:0.5会员265,赠送2017-06-29的积分，数量1分红积分数量0.5,养老积分数量0,互助基金数量:0

当前时间：2017-06-29 11:56:12,内容:每分红权赠送:0.5会员266,赠送2017-06-29的积分，数量1分红积分数量0.5,养老积分数量0,互助基金数量:0

当前时间：2017-06-29 11:56:12,内容:每分红权赠送:2会员267,赠送2017-06-29的积分，数量4分红积分数量2,养老积分数量0,互助基金数量:0

当前时间：2017-06-29 11:56:12,内容:每分红权赠送:0.5会员268,赠送2017-06-29的积分，数量0.5分红积分数量0.25,养老积分数量0,互助基金数量:0

当前时间：2017-06-29 11:56:12,内容:每分红权赠送:0.5会员269,赠送2017-06-29的积分，数量1分红积分数量0.5,养老积分数量0,互助基金数量:0

当前时间：2017-06-29 11:56:12,内容:每分红权赠送:0.5会员270,赠送2017-06-29的积分，数量1分红积分数量0.5,养老积分数量0,互助基金数量:0

当前时间：2017-06-29 11:56:13,内容:每分红权赠送:0.5会员271,赠送2017-06-29的积分，数量1分红积分数量0.5,养老积分数量0,互助基金数量:0

当前时间：2017-06-29 11:56:13,内容:每分红权赠送:2会员272,赠送2017-06-29的积分，数量4分红积分数量2,养老积分数量0,互助基金数量:0

当前时间：2017-06-29 11:56:13,内容:每分红权赠送:0.5会员273,赠送2017-06-29的积分，数量1分红积分数量0.5,养老积分数量0,互助基金数量:0

当前时间：2017-06-29 11:56:13,内容:每分红权赠送:0.5会员274,赠送2017-06-29的积分，数量48.5分红积分数量24.25,养老积分数量0,互助基金数量:0

当前时间：2017-06-29 11:56:13,内容:每分红权赠送:0.5会员275,赠送2017-06-29的积分，数量1.5分红积分数量0.75,养老积分数量0,互助基金数量:0

当前时间：2017-06-29 11:56:13,内容:每分红权赠送:0.5会员276,赠送2017-06-29的积分，数量1分红积分数量0.5,养老积分数量0,互助基金数量:0

当前时间：2017-06-29 11:56:13,内容:每分红权赠送:0.5会员278,赠送2017-06-29的积分，数量0.5分红积分数量0.25,养老积分数量0,互助基金数量:0

当前时间：2017-06-29 11:56:13,内容:每分红权赠送:2会员279,赠送2017-06-29的积分，数量172分红积分数量86,养老积分数量0,互助基金数量:0

当前时间：2017-06-29 11:56:13,内容:每分红权赠送:0.5会员280,赠送2017-06-29的积分，数量10分红积分数量5,养老积分数量0,互助基金数量:0

当前时间：2017-06-29 11:56:13,内容:每分红权赠送:0.5会员281,赠送2017-06-29的积分，数量2分红积分数量1,养老积分数量0,互助基金数量:0

当前时间：2017-06-29 11:56:13,内容:每分红权赠送:0.5会员282,赠送2017-06-29的积分，数量2分红积分数量1,养老积分数量0,互助基金数量:0

当前时间：2017-06-29 11:56:13,内容:每分红权赠送:0.5会员283,赠送2017-06-29的积分，数量41.5分红积分数量20.75,养老积分数量0,互助基金数量:0

当前时间：2017-06-29 11:56:13,内容:每分红权赠送:0.5会员284,赠送2017-06-29的积分，数量42.5分红积分数量21.25,养老积分数量0,互助基金数量:0

当前时间：2017-06-29 11:56:13,内容:每分红权赠送:2会员285,赠送2017-06-29的积分，数量188分红积分数量94,养老积分数量0,互助基金数量:0

当前时间：2017-06-29 11:56:13,内容:每分红权赠送:0.5会员286,赠送2017-06-29的积分，数量1.5分红积分数量0.75,养老积分数量0,互助基金数量:0

当前时间：2017-06-29 11:56:13,内容:每分红权赠送:0.5会员287,赠送2017-06-29的积分，数量1分红积分数量0.5,养老积分数量0,互助基金数量:0

当前时间：2017-06-29 11:56:13,内容:每分红权赠送:0.5会员288,赠送2017-06-29的积分，数量0.5分红积分数量0.25,养老积分数量0,互助基金数量:0

当前时间：2017-06-29 11:56:13,内容:每分红权赠送:0.5会员289,赠送2017-06-29的积分，数量1分红积分数量0.5,养老积分数量0,互助基金数量:0

当前时间：2017-06-29 11:56:13,内容:每分红权赠送:2会员296,赠送2017-06-29的积分，数量270分红积分数量135,养老积分数量0,互助基金数量:0

当前时间：2017-06-29 11:56:13,内容:每分红权赠送:0.5会员297,赠送2017-06-29的积分，数量1分红积分数量0.5,养老积分数量0,互助基金数量:0

当前时间：2017-06-29 11:56:13,内容:每分红权赠送:0.5会员298,赠送2017-06-29的积分，数量42.5分红积分数量21.25,养老积分数量0,互助基金数量:0

当前时间：2017-06-29 11:56:13,内容:每分红权赠送:0.5会员301,赠送2017-06-29的积分，数量1分红积分数量0.5,养老积分数量0,互助基金数量:0

当前时间：2017-06-29 11:56:13,内容:每分红权赠送:0.5会员302,赠送2017-06-29的积分，数量0.5分红积分数量0.25,养老积分数量0,互助基金数量:0

当前时间：2017-06-29 11:56:13,内容:每分红权赠送:0.5会员304,赠送2017-06-29的积分，数量0.5分红积分数量0.25,养老积分数量0,互助基金数量:0

当前时间：2017-06-29 11:56:13,内容:每分红权赠送:0.5会员305,赠送2017-06-29的积分，数量1分红积分数量0.5,养老积分数量0,互助基金数量:0

当前时间：2017-06-29 11:56:13,内容:每分红权赠送:0.5会员307,赠送2017-06-29的积分，数量41分红积分数量20.5,养老积分数量0,互助基金数量:0

当前时间：2017-06-29 11:56:13,内容:每分红权赠送:0.5会员311,赠送2017-06-29的积分，数量0.5分红积分数量0.25,养老积分数量0,互助基金数量:0

当前时间：2017-06-29 11:56:13,内容:每分红权赠送:0.5会员312,赠送2017-06-29的积分，数量8分红积分数量4,养老积分数量0,互助基金数量:0

当前时间：2017-06-29 11:56:13,内容:每分红权赠送:0.5会员313,赠送2017-06-29的积分，数量2.5分红积分数量1.25,养老积分数量0,互助基金数量:0

当前时间：2017-06-29 11:56:13,内容:每分红权赠送:0.5会员314,赠送2017-06-29的积分，数量5分红积分数量2.5,养老积分数量0,互助基金数量:0

当前时间：2017-06-29 11:56:13,内容:每分红权赠送:0.5会员317,赠送2017-06-29的积分，数量1分红积分数量0.5,养老积分数量0,互助基金数量:0

当前时间：2017-06-29 11:56:13,内容:每分红权赠送:0.5会员319,赠送2017-06-29的积分，数量2.5分红积分数量1.25,养老积分数量0,互助基金数量:0

当前时间：2017-06-29 11:56:13,内容:每分红权赠送:0.5会员320,赠送2017-06-29的积分，数量3分红积分数量1.5,养老积分数量0,互助基金数量:0

当前时间：2017-06-29 11:56:13,内容:每分红权赠送:0.5会员321,赠送2017-06-29的积分，数量43.5分红积分数量21.75,养老积分数量0,互助基金数量:0

当前时间：2017-06-29 11:56:13,内容:每分红权赠送:2会员322,赠送2017-06-29的积分，数量72分红积分数量36,养老积分数量0,互助基金数量:0

当前时间：2017-06-29 11:56:13,内容:每分红权赠送:0.5会员326,赠送2017-06-29的积分，数量1分红积分数量0.5,养老积分数量0,互助基金数量:0

当前时间：2017-06-29 11:56:13,内容:每分红权赠送:0.5会员330,赠送2017-06-29的积分，数量2分红积分数量1,养老积分数量0,互助基金数量:0

当前时间：2017-06-29 11:56:13,内容:每分红权赠送:0.5会员331,赠送2017-06-29的积分，数量27分红积分数量13.5,养老积分数量0,互助基金数量:0

当前时间：2017-06-29 11:56:13,内容:每分红权赠送:2会员332,赠送2017-06-29的积分，数量524分红积分数量262,养老积分数量0,互助基金数量:0

当前时间：2017-06-29 11:56:13,内容:每分红权赠送:0.5会员333,赠送2017-06-29的积分，数量0.5分红积分数量0.25,养老积分数量0,互助基金数量:0

当前时间：2017-06-29 11:56:13,内容:每分红权赠送:0.5会员334,赠送2017-06-29的积分，数量1.5分红积分数量0.75,养老积分数量0,互助基金数量:0

当前时间：2017-06-29 11:56:13,内容:每分红权赠送:0.5会员343,赠送2017-06-29的积分，数量11.5分红积分数量5.75,养老积分数量0,互助基金数量:0

当前时间：2017-06-29 11:56:13,内容:每分红权赠送:2会员346,赠送2017-06-29的积分，数量60分红积分数量30,养老积分数量0,互助基金数量:0

当前时间：2017-06-29 11:56:13,内容:每分红权赠送:2会员347,赠送2017-06-29的积分，数量2分红积分数量1,养老积分数量0,互助基金数量:0

当前时间：2017-06-29 11:56:13,内容:每分红权赠送:0.5会员349,赠送2017-06-29的积分，数量6分红积分数量3,养老积分数量0,互助基金数量:0

当前时间：2017-06-29 11:56:13,内容:每分红权赠送:2会员350,赠送2017-06-29的积分，数量514分红积分数量257,养老积分数量0,互助基金数量:0

当前时间：2017-06-29 11:56:13,内容:每分红权赠送:0.5会员352,赠送2017-06-29的积分，数量1分红积分数量0.5,养老积分数量0,互助基金数量:0

当前时间：2017-06-29 11:56:13,内容:每分红权赠送:0.5会员354,赠送2017-06-29的积分，数量1.5分红积分数量0.75,养老积分数量0,互助基金数量:0

当前时间：2017-06-29 11:56:13,内容:每分红权赠送:0.5会员355,赠送2017-06-29的积分，数量0.5分红积分数量0.25,养老积分数量0,互助基金数量:0

当前时间：2017-06-29 11:56:13,内容:每分红权赠送:2会员356,赠送2017-06-29的积分，数量212分红积分数量106,养老积分数量0,互助基金数量:0

当前时间：2017-06-29 11:56:13,内容:每分红权赠送:0.5会员358,赠送2017-06-29的积分，数量7分红积分数量3.5,养老积分数量0,互助基金数量:0

当前时间：2017-06-29 11:56:13,内容:每分红权赠送:0.5会员359,赠送2017-06-29的积分，数量0.5分红积分数量0.25,养老积分数量0,互助基金数量:0

当前时间：2017-06-29 11:56:13,内容:每分红权赠送:0.5会员360,赠送2017-06-29的积分，数量0.5分红积分数量0.25,养老积分数量0,互助基金数量:0

当前时间：2017-06-29 11:56:13,内容:每分红权赠送:0.5会员362,赠送2017-06-29的积分，数量43.5分红积分数量21.75,养老积分数量0,互助基金数量:0

当前时间：2017-06-29 11:56:13,内容:每分红权赠送:0.5会员363,赠送2017-06-29的积分，数量0.5分红积分数量0.25,养老积分数量0,互助基金数量:0

当前时间：2017-06-29 11:56:13,内容:每分红权赠送:0.5会员364,赠送2017-06-29的积分，数量0.5分红积分数量0.25,养老积分数量0,互助基金数量:0

当前时间：2017-06-29 11:56:13,内容:每分红权赠送:0.5会员365,赠送2017-06-29的积分，数量1分红积分数量0.5,养老积分数量0,互助基金数量:0

当前时间：2017-06-29 11:56:13,内容:每分红权赠送:0.5会员367,赠送2017-06-29的积分，数量0.5分红积分数量0.25,养老积分数量0,互助基金数量:0

当前时间：2017-06-29 11:56:13,内容:每分红权赠送:0.5会员369,赠送2017-06-29的积分，数量40.5分红积分数量20.25,养老积分数量0,互助基金数量:0

当前时间：2017-06-29 11:56:13,内容:每分红权赠送:0.5会员370,赠送2017-06-29的积分，数量1分红积分数量0.5,养老积分数量0,互助基金数量:0

当前时间：2017-06-29 11:56:13,内容:每分红权赠送:2会员372,赠送2017-06-29的积分，数量188分红积分数量94,养老积分数量0,互助基金数量:0

当前时间：2017-06-29 11:56:13,内容:每分红权赠送:0.5会员373,赠送2017-06-29的积分，数量0.5分红积分数量0.25,养老积分数量0,互助基金数量:0

当前时间：2017-06-29 11:56:13,内容:每分红权赠送:0.5会员375,赠送2017-06-29的积分，数量42.5分红积分数量21.25,养老积分数量0,互助基金数量:0

当前时间：2017-06-29 11:56:13,内容:每分红权赠送:0.5会员376,赠送2017-06-29的积分，数量43.5分红积分数量21.75,养老积分数量0,互助基金数量:0

当前时间：2017-06-29 11:56:13,内容:每分红权赠送:0.5会员377,赠送2017-06-29的积分，数量2分红积分数量1,养老积分数量0,互助基金数量:0

当前时间：2017-06-29 11:56:13,内容:每分红权赠送:0.5会员378,赠送2017-06-29的积分，数量5.5分红积分数量2.75,养老积分数量0,互助基金数量:0

当前时间：2017-06-29 11:56:13,内容:每分红权赠送:0.5会员379,赠送2017-06-29的积分，数量0.5分红积分数量0.25,养老积分数量0,互助基金数量:0

当前时间：2017-06-29 11:56:13,内容:每分红权赠送:0.5会员381,赠送2017-06-29的积分，数量1分红积分数量0.5,养老积分数量0,互助基金数量:0

当前时间：2017-06-29 11:56:13,内容:每分红权赠送:2会员382,赠送2017-06-29的积分，数量210分红积分数量105,养老积分数量0,互助基金数量:0

当前时间：2017-06-29 11:56:13,内容:每分红权赠送:0.5会员384,赠送2017-06-29的积分，数量0.5分红积分数量0.25,养老积分数量0,互助基金数量:0

当前时间：2017-06-29 11:56:13,内容:每分红权赠送:0.5会员385,赠送2017-06-29的积分，数量0.5分红积分数量0.25,养老积分数量0,互助基金数量:0

当前时间：2017-06-29 11:56:13,内容:每分红权赠送:0.5会员386,赠送2017-06-29的积分，数量47.5分红积分数量23.75,养老积分数量0,互助基金数量:0

当前时间：2017-06-29 11:56:13,内容:每分红权赠送:0.5会员387,赠送2017-06-29的积分，数量2.5分红积分数量1.25,养老积分数量0,互助基金数量:0

当前时间：2017-06-29 11:56:13,内容:每分红权赠送:0.5会员388,赠送2017-06-29的积分，数量14.5分红积分数量7.25,养老积分数量0,互助基金数量:0

当前时间：2017-06-29 11:56:13,内容:每分红权赠送:0.5会员389,赠送2017-06-29的积分，数量8.5分红积分数量4.25,养老积分数量0,互助基金数量:0

当前时间：2017-06-29 11:56:13,内容:每分红权赠送:2会员390,赠送2017-06-29的积分，数量114分红积分数量57,养老积分数量0,互助基金数量:0

当前时间：2017-06-29 11:56:13,内容:每分红权赠送:0.5会员392,赠送2017-06-29的积分，数量0.5分红积分数量0.25,养老积分数量0,互助基金数量:0

当前时间：2017-06-29 11:56:13,内容:每分红权赠送:0.5会员393,赠送2017-06-29的积分，数量0.5分红积分数量0.25,养老积分数量0,互助基金数量:0

当前时间：2017-06-29 11:56:13,内容:每分红权赠送:0.5会员394,赠送2017-06-29的积分，数量0.5分红积分数量0.25,养老积分数量0,互助基金数量:0

当前时间：2017-06-29 11:56:13,内容:每分红权赠送:0.5会员396,赠送2017-06-29的积分，数量4分红积分数量2,养老积分数量0,互助基金数量:0

当前时间：2017-06-29 11:56:13,内容:每分红权赠送:0.5会员397,赠送2017-06-29的积分，数量3.5分红积分数量1.75,养老积分数量0,互助基金数量:0

当前时间：2017-06-29 11:56:13,内容:每分红权赠送:0.5会员398,赠送2017-06-29的积分，数量18分红积分数量9,养老积分数量0,互助基金数量:0

当前时间：2017-06-29 11:56:13,内容:每分红权赠送:2会员399,赠送2017-06-29的积分，数量8分红积分数量4,养老积分数量0,互助基金数量:0

当前时间：2017-06-29 11:56:13,内容:每分红权赠送:0.5会员401,赠送2017-06-29的积分，数量44分红积分数量22,养老积分数量0,互助基金数量:0

当前时间：2017-06-29 11:56:13,内容:每分红权赠送:0.5会员402,赠送2017-06-29的积分，数量14分红积分数量7,养老积分数量0,互助基金数量:0

当前时间：2017-06-29 11:56:13,内容:每分红权赠送:2会员403,赠送2017-06-29的积分，数量48分红积分数量24,养老积分数量0,互助基金数量:0

当前时间：2017-06-29 11:56:13,内容:每分红权赠送:0.5会员404,赠送2017-06-29的积分，数量18.5分红积分数量9.25,养老积分数量0,互助基金数量:0

当前时间：2017-06-29 11:56:13,内容:每分红权赠送:0.5会员406,赠送2017-06-29的积分，数量0.5分红积分数量0.25,养老积分数量0,互助基金数量:0

当前时间：2017-06-29 11:56:13,内容:每分红权赠送:0.5会员407,赠送2017-06-29的积分，数量0.5分红积分数量0.25,养老积分数量0,互助基金数量:0

当前时间：2017-06-29 11:56:13,内容:每分红权赠送:0.5会员410,赠送2017-06-29的积分，数量0.5分红积分数量0.25,养老积分数量0,互助基金数量:0

当前时间：2017-06-29 11:56:13,内容:每分红权赠送:0.5会员412,赠送2017-06-29的积分，数量0.5分红积分数量0.25,养老积分数量0,互助基金数量:0

当前时间：2017-06-29 11:56:13,内容:每分红权赠送:0.5会员413,赠送2017-06-29的积分，数量0.5分红积分数量0.25,养老积分数量0,互助基金数量:0

当前时间：2017-06-29 11:56:13,内容:每分红权赠送:0.5会员415,赠送2017-06-29的积分，数量0.5分红积分数量0.25,养老积分数量0,互助基金数量:0

当前时间：2017-06-29 11:56:13,内容:每分红权赠送:0.5会员416,赠送2017-06-29的积分，数量0.5分红积分数量0.25,养老积分数量0,互助基金数量:0

当前时间：2017-06-29 11:56:13,内容:每分红权赠送:0.5会员417,赠送2017-06-29的积分，数量0.5分红积分数量0.25,养老积分数量0,互助基金数量:0

当前时间：2017-06-29 11:56:13,内容:每分红权赠送:0.5会员418,赠送2017-06-29的积分，数量0.5分红积分数量0.25,养老积分数量0,互助基金数量:0

当前时间：2017-06-29 11:56:13,内容:每分红权赠送:0.5会员419,赠送2017-06-29的积分，数量0.5分红积分数量0.25,养老积分数量0,互助基金数量:0

当前时间：2017-06-29 11:56:13,内容:每分红权赠送:2会员420,赠送2017-06-29的积分，数量2分红积分数量1,养老积分数量0,互助基金数量:0

当前时间：2017-06-29 11:56:13,内容:每分红权赠送:0.5会员421,赠送2017-06-29的积分，数量0.5分红积分数量0.25,养老积分数量0,互助基金数量:0

当前时间：2017-06-29 11:56:13,内容:每分红权赠送:0.5会员423,赠送2017-06-29的积分，数量0.5分红积分数量0.25,养老积分数量0,互助基金数量:0

当前时间：2017-06-29 11:56:13,内容:每分红权赠送:0.5会员424,赠送2017-06-29的积分，数量0.5分红积分数量0.25,养老积分数量0,互助基金数量:0

当前时间：2017-06-29 11:56:13,内容:每分红权赠送:0.5会员425,赠送2017-06-29的积分，数量0.5分红积分数量0.25,养老积分数量0,互助基金数量:0

当前时间：2017-06-29 11:56:13,内容:每分红权赠送:0.5会员426,赠送2017-06-29的积分，数量0.5分红积分数量0.25,养老积分数量0,互助基金数量:0

当前时间：2017-06-29 11:56:13,内容:每分红权赠送:0.5会员428,赠送2017-06-29的积分，数量0.5分红积分数量0.25,养老积分数量0,互助基金数量:0

当前时间：2017-06-29 11:56:13,内容:每分红权赠送:0.5会员429,赠送2017-06-29的积分，数量0.5分红积分数量0.25,养老积分数量0,互助基金数量:0

当前时间：2017-06-29 11:56:13,内容:每分红权赠送:2会员430,赠送2017-06-29的积分，数量724分红积分数量362,养老积分数量0,互助基金数量:0

当前时间：2017-06-29 11:56:13,内容:每分红权赠送:0.5会员431,赠送2017-06-29的积分，数量0.5分红积分数量0.25,养老积分数量0,互助基金数量:0

当前时间：2017-06-29 11:56:13,内容:每分红权赠送:0.5会员432,赠送2017-06-29的积分，数量0.5分红积分数量0.25,养老积分数量0,互助基金数量:0

当前时间：2017-06-29 11:56:13,内容:每分红权赠送:0.5会员433,赠送2017-06-29的积分，数量0.5分红积分数量0.25,养老积分数量0,互助基金数量:0

当前时间：2017-06-29 11:56:13,内容:每分红权赠送:2会员437,赠送2017-06-29的积分，数量182分红积分数量91,养老积分数量0,互助基金数量:0

当前时间：2017-06-29 11:56:13,内容:每分红权赠送:0.5会员439,赠送2017-06-29的积分，数量2分红积分数量1,养老积分数量0,互助基金数量:0

当前时间：2017-06-29 11:56:13,内容:每分红权赠送:0.5会员448,赠送2017-06-29的积分，数量0.5分红积分数量0.25,养老积分数量0,互助基金数量:0

当前时间：2017-06-29 11:56:13,内容:每分红权赠送:0.5会员449,赠送2017-06-29的积分，数量3.5分红积分数量1.75,养老积分数量0,互助基金数量:0

当前时间：2017-06-29 11:56:13,内容:每分红权赠送:0.5会员451,赠送2017-06-29的积分，数量0.5分红积分数量0.25,养老积分数量0,互助基金数量:0

当前时间：2017-06-29 11:56:13,内容:每分红权赠送:0.5会员452,赠送2017-06-29的积分，数量1分红积分数量0.5,养老积分数量0,互助基金数量:0

当前时间：2017-06-29 11:56:13,内容:每分红权赠送:0.5会员453,赠送2017-06-29的积分，数量0.5分红积分数量0.25,养老积分数量0,互助基金数量:0

当前时间：2017-06-29 11:56:13,内容:每分红权赠送:0.5会员454,赠送2017-06-29的积分，数量5分红积分数量2.5,养老积分数量0,互助基金数量:0

当前时间：2017-06-29 11:56:13,内容:每分红权赠送:0.5会员455,赠送2017-06-29的积分，数量0.5分红积分数量0.25,养老积分数量0,互助基金数量:0

当前时间：2017-06-29 11:56:13,内容:每分红权赠送:2会员458,赠送2017-06-29的积分，数量188分红积分数量94,养老积分数量0,互助基金数量:0

当前时间：2017-06-29 11:56:13,内容:每分红权赠送:0.5会员459,赠送2017-06-29的积分，数量18分红积分数量9,养老积分数量0,互助基金数量:0

当前时间：2017-06-29 11:56:13,内容:每分红权赠送:2会员462,赠送2017-06-29的积分，数量2分红积分数量1,养老积分数量0,互助基金数量:0

当前时间：2017-06-29 11:56:13,内容:每分红权赠送:0.5会员463,赠送2017-06-29的积分，数量32.5分红积分数量16.25,养老积分数量0,互助基金数量:0

当前时间：2017-06-29 11:56:13,内容:每分红权赠送:0.5会员466,赠送2017-06-29的积分，数量0.5分红积分数量0.25,养老积分数量0,互助基金数量:0

当前时间：2017-06-29 11:56:13,内容:每分红权赠送:2会员467,赠送2017-06-29的积分，数量12分红积分数量6,养老积分数量0,互助基金数量:0

当前时间：2017-06-29 11:56:13,内容:每分红权赠送:0.5会员468,赠送2017-06-29的积分，数量16分红积分数量8,养老积分数量0,互助基金数量:0

当前时间：2017-06-29 11:56:13,内容:每分红权赠送:0.5会员470,赠送2017-06-29的积分，数量5分红积分数量2.5,养老积分数量0,互助基金数量:0

当前时间：2017-06-29 11:56:13,内容:每分红权赠送:0.5会员472,赠送2017-06-29的积分，数量4分红积分数量2,养老积分数量0,互助基金数量:0

当前时间：2017-06-29 11:56:13,内容:每分红权赠送:2会员473,赠送2017-06-29的积分，数量6分红积分数量3,养老积分数量0,互助基金数量:0

当前时间：2017-06-29 11:56:13,内容:每分红权赠送:2会员476,赠送2017-06-29的积分，数量2分红积分数量1,养老积分数量0,互助基金数量:0

当前时间：2017-06-29 11:56:13,内容:每分红权赠送:0.5会员479,赠送2017-06-29的积分，数量0.5分红积分数量0.25,养老积分数量0,互助基金数量:0

当前时间：2017-06-29 11:56:13,内容:每分红权赠送:0.5会员480,赠送2017-06-29的积分，数量2.5分红积分数量1.25,养老积分数量0,互助基金数量:0

当前时间：2017-06-29 11:56:13,内容:每分红权赠送:0.5会员481,赠送2017-06-29的积分，数量0.5分红积分数量0.25,养老积分数量0,互助基金数量:0

当前时间：2017-06-29 11:56:13,内容:每分红权赠送:0.5会员484,赠送2017-06-29的积分，数量1.5分红积分数量0.75,养老积分数量0,互助基金数量:0

当前时间：2017-06-29 11:56:13,内容:每分红权赠送:0.5会员485,赠送2017-06-29的积分，数量0.5分红积分数量0.25,养老积分数量0,互助基金数量:0

当前时间：2017-06-29 11:56:13,内容:每分红权赠送:0.5会员487,赠送2017-06-29的积分，数量0.5分红积分数量0.25,养老积分数量0,互助基金数量:0

当前时间：2017-06-29 11:56:13,内容:每分红权赠送:0.5会员497,赠送2017-06-29的积分，数量22分红积分数量11,养老积分数量0,互助基金数量:0

当前时间：2017-06-29 11:56:13,内容:每分红权赠送:0.5会员502,赠送2017-06-29的积分，数量0.5分红积分数量0.25,养老积分数量0,互助基金数量:0

当前时间：2017-06-29 11:56:13,内容:每分红权赠送:0.5会员504,赠送2017-06-29的积分，数量23分红积分数量11.5,养老积分数量0,互助基金数量:0

当前时间：2017-06-29 11:56:13,内容:每分红权赠送:0.5会员505,赠送2017-06-29的积分，数量0.5分红积分数量0.25,养老积分数量0,互助基金数量:0

当前时间：2017-06-29 11:56:13,内容:每分红权赠送:2会员508,赠送2017-06-29的积分，数量2分红积分数量1,养老积分数量0,互助基金数量:0

当前时间：2017-06-29 11:56:13,内容:每分红权赠送:0.5会员512,赠送2017-06-29的积分，数量5.5分红积分数量2.75,养老积分数量0,互助基金数量:0

当前时间：2017-06-29 11:56:13,内容:每分红权赠送:2会员513,赠送2017-06-29的积分，数量300分红积分数量150,养老积分数量0,互助基金数量:0

当前时间：2017-06-29 11:56:13,内容:每分红权赠送:0.5会员514,赠送2017-06-29的积分，数量2分红积分数量1,养老积分数量0,互助基金数量:0

当前时间：2017-06-29 11:56:13,内容:每分红权赠送:0.5会员517,赠送2017-06-29的积分，数量9.5分红积分数量4.75,养老积分数量0,互助基金数量:0

当前时间：2017-06-29 11:56:13,内容:每分红权赠送:2会员539,赠送2017-06-29的积分，数量2分红积分数量1,养老积分数量0,互助基金数量:0

当前时间：2017-06-29 11:56:13,内容:每分红权赠送:0.5会员541,赠送2017-06-29的积分，数量47.5分红积分数量23.75,养老积分数量0,互助基金数量:0

当前时间：2017-06-29 11:56:13,内容:每分红权赠送:0.5会员543,赠送2017-06-29的积分，数量0.5分红积分数量0.25,养老积分数量0,互助基金数量:0

当前时间：2017-06-29 11:56:13,内容:每分红权赠送:0.5会员549,赠送2017-06-29的积分，数量0.5分红积分数量0.25,养老积分数量0,互助基金数量:0

当前时间：2017-06-29 11:56:13,内容:日期2017-06-29任务执行完毕

