当前时间：2017-08-22 10:00:55,内容:当前任务执行时间：2017-08-22 10:00:55,任务计划开始执行时间：2017-08-22 17:00:00
当前时间：2017-08-22 10:00:55,内容:执行这个,任务执行时间：2017-08-22 17:00:00
当前时间：2017-08-22 10:00:55,内容:任务开始执行
当前时间：2017-08-22 10:00:55,内容:当前赠送积分数值:0.01

当前时间：2017-08-22 10:00:55,内容:日期2017-08-22任务执行完毕

当前时间：2017-08-22 10:01:31,内容:当前任务执行时间：2017-08-22 10:01:31,任务计划开始执行时间：2017-08-22 17:00:00
当前时间：2017-08-22 10:01:31,内容:执行这个,任务执行时间：2017-08-22 17:00:00
当前时间：2017-08-22 10:01:31,内容:任务开始执行
当前时间：2017-08-22 10:01:31,内容:当前赠送积分数值:0.01

当前时间：2017-08-22 10:01:31,内容:日期2017-08-22任务执行完毕

当前时间：2017-08-22 10:02:04,内容:当前任务执行时间：2017-08-22 10:02:04,任务计划开始执行时间：2017-08-22 17:00:00
当前时间：2017-08-22 10:02:04,内容:执行这个,任务执行时间：2017-08-22 17:00:00
当前时间：2017-08-22 10:02:04,内容:任务开始执行
当前时间：2017-08-22 10:02:04,内容:当前赠送积分数值:0.01

当前时间：2017-08-22 10:02:04,内容:日期2017-08-22任务执行完毕

当前时间：2017-08-22 10:02:29,内容:当前任务执行时间：2017-08-22 10:02:29,任务计划开始执行时间：2017-08-22 17:00:00
当前时间：2017-08-22 10:02:29,内容:执行这个,任务执行时间：2017-08-22 17:00:00
当前时间：2017-08-22 10:02:29,内容:任务开始执行
当前时间：2017-08-22 10:02:35,内容:当前任务执行时间：2017-08-22 10:02:35,任务计划开始执行时间：2017-08-22 17:00:00
当前时间：2017-08-22 10:02:35,内容:执行这个,任务执行时间：2017-08-22 17:00:00
当前时间：2017-08-22 10:02:35,内容:任务开始执行
当前时间：2017-08-22 10:03:05,内容:当前任务执行时间：2017-08-22 10:03:05,任务计划开始执行时间：2017-08-22 17:00:00
当前时间：2017-08-22 10:03:05,内容:执行这个,任务执行时间：2017-08-22 17:00:00
当前时间：2017-08-22 10:03:05,内容:任务开始执行
当前时间：2017-08-22 10:03:05,内容:当前赠送积分数值:0.01

当前时间：2017-08-22 10:03:18,内容:当前任务执行时间：2017-08-22 10:03:18,任务计划开始执行时间：2017-08-22 17:00:00
当前时间：2017-08-22 10:03:18,内容:执行这个,任务执行时间：2017-08-22 17:00:00
当前时间：2017-08-22 10:03:18,内容:任务开始执行
当前时间：2017-08-22 10:03:18,内容:当前赠送积分数值:0.01

当前时间：2017-08-22 10:03:18,内容:会员606,赠送2017-08-22的积分，消费积分数量0.4消费分红积分数量0.2

当前时间：2017-08-22 10:03:18,内容:日期2017-08-22任务执行完毕

当前时间：2017-08-22 17:20:18,内容:当前任务执行时间：2017-08-22 17:20:18,任务计划开始执行时间：2017-08-23 17:00:00
当前时间：2017-08-22 17:20:18,内容:执行这个,任务执行时间：2017-08-23 17:00:00
当前时间：2017-08-22 17:20:18,内容:任务开始执行
当前时间：2017-08-22 17:20:18,内容:当前赠送积分数值:0.01

当前时间：2017-08-22 17:20:18,内容:会员366,赠送2017-08-22的积分，消费积分数量9.8消费分红积分数量4.9

当前时间：2017-08-22 17:20:18,内容:日期2017-08-22任务执行完毕

当前时间：2017-08-22 17:20:41,内容:当前任务执行时间：2017-08-22 17:20:41,任务计划开始执行时间：2017-08-23 17:00:00
当前时间：2017-08-22 17:20:41,内容:执行这个,任务执行时间：2017-08-23 17:00:00
当前时间：2017-08-22 17:20:41,内容:任务开始执行
当前时间：2017-08-22 17:20:41,内容:当前赠送积分数值:0.01

当前时间：2017-08-22 17:20:41,内容:会员366,赠送2017-08-22的积分，消费积分数量9.8消费分红积分数量4.9

当前时间：2017-08-22 17:20:41,内容:日期2017-08-22任务执行完毕

