当前时间：2017-08-12 15:02:35,内容:当前任务执行时间：2017-08-12 15:02:35,任务计划开始执行时间：2017-08-11 17:00:00
当前时间：2017-08-12 15:02:35,内容:执行这个,任务执行时间：2017-08-11 17:00:00
当前时间：2017-08-12 15:02:35,内容:任务开始执行
当前时间：2017-08-12 15:02:35,内容:当前赠送积分数值:0.01

当前时间：2017-08-12 15:02:35,内容:会员195,赠送2017-08-12的积分，消费积分数量28.8消费分红积分数量14.4

当前时间：2017-08-12 15:02:35,内容:会员199,赠送2017-08-12的积分，消费积分数量42.84消费分红积分数量21.465

当前时间：2017-08-12 15:02:35,内容:会员200,赠送2017-08-12的积分，消费积分数量0消费分红积分数量0.045

当前时间：2017-08-12 15:02:35,内容:会员206,赠送2017-08-12的积分，消费积分数量160.56消费分红积分数量81.093

当前时间：2017-08-12 15:02:35,内容:会员207,赠送2017-08-12的积分，消费积分数量995.76消费分红积分数量500.1345

当前时间：2017-08-12 15:02:35,内容:会员208,赠送2017-08-12的积分，消费积分数量0消费分红积分数量0.02

当前时间：2017-08-12 15:02:35,内容:会员209,赠送2017-08-12的积分，消费积分数量0消费分红积分数量0.14

当前时间：2017-08-12 15:02:35,内容:会员211,赠送2017-08-12的积分，消费积分数量0消费分红积分数量0.05

当前时间：2017-08-12 15:02:35,内容:会员212,赠送2017-08-12的积分，消费积分数量27.36消费分红积分数量14.2805

当前时间：2017-08-12 15:02:35,内容:会员214,赠送2017-08-12的积分，消费积分数量0消费分红积分数量0.025

当前时间：2017-08-12 15:02:35,内容:会员216,赠送2017-08-12的积分，消费积分数量0消费分红积分数量0.1

当前时间：2017-08-12 15:02:35,内容:会员217,赠送2017-08-12的积分，消费积分数量0消费分红积分数量0.01

当前时间：2017-08-12 15:02:35,内容:会员218,赠送2017-08-12的积分，消费积分数量0消费分红积分数量0.03

当前时间：2017-08-12 15:02:36,内容:会员219,赠送2017-08-12的积分，消费积分数量5.04消费分红积分数量2.927

当前时间：2017-08-12 15:02:36,内容:会员220,赠送2017-08-12的积分，消费积分数量0消费分红积分数量0.035

当前时间：2017-08-12 15:02:36,内容:会员221,赠送2017-08-12的积分，消费积分数量262.8消费分红积分数量131.9695

当前时间：2017-08-12 15:02:36,内容:会员222,赠送2017-08-12的积分，消费积分数量0消费分红积分数量0.015

当前时间：2017-08-12 15:02:36,内容:会员223,赠送2017-08-12的积分，消费积分数量355.32消费分红积分数量177.66

当前时间：2017-08-12 15:02:36,内容:会员224,赠送2017-08-12的积分，消费积分数量0消费分红积分数量0.395

当前时间：2017-08-12 15:02:36,内容:会员225,赠送2017-08-12的积分，消费积分数量0消费分红积分数量0.015

当前时间：2017-08-12 15:02:36,内容:会员226,赠送2017-08-12的积分，消费积分数量0消费分红积分数量0.02

当前时间：2017-08-12 15:02:36,内容:会员227,赠送2017-08-12的积分，消费积分数量0消费分红积分数量0.015

当前时间：2017-08-12 15:02:36,内容:会员228,赠送2017-08-12的积分，消费积分数量55.98消费分红积分数量28.4275

当前时间：2017-08-12 15:02:36,内容:会员229,赠送2017-08-12的积分，消费积分数量18.9消费分红积分数量9.7835

当前时间：2017-08-12 15:02:36,内容:会员230,赠送2017-08-12的积分，消费积分数量8.46消费分红积分数量4.43

当前时间：2017-08-12 15:02:36,内容:会员231,赠送2017-08-12的积分，消费积分数量0消费分红积分数量0.045

当前时间：2017-08-12 15:02:36,内容:会员232,赠送2017-08-12的积分，消费积分数量0消费分红积分数量0.02

当前时间：2017-08-12 15:02:36,内容:会员233,赠送2017-08-12的积分，消费积分数量0消费分红积分数量0.025

当前时间：2017-08-12 15:02:36,内容:会员234,赠送2017-08-12的积分，消费积分数量0消费分红积分数量0.01

当前时间：2017-08-12 15:02:36,内容:会员235,赠送2017-08-12的积分，消费积分数量1.62消费分红积分数量0.8145

当前时间：2017-08-12 15:02:36,内容:会员236,赠送2017-08-12的积分，消费积分数量0消费分红积分数量0.01

当前时间：2017-08-12 15:02:36,内容:会员237,赠送2017-08-12的积分，消费积分数量3.42消费分红积分数量1.9135

当前时间：2017-08-12 15:02:36,内容:会员239,赠送2017-08-12的积分，消费积分数量11.88消费分红积分数量6.1605

当前时间：2017-08-12 15:02:36,内容:会员241,赠送2017-08-12的积分，消费积分数量5.22消费分红积分数量2.61

当前时间：2017-08-12 15:02:36,内容:会员242,赠送2017-08-12的积分，消费积分数量5.22消费分红积分数量2.61

当前时间：2017-08-12 15:02:36,内容:会员243,赠送2017-08-12的积分，消费积分数量0消费分红积分数量0.01

当前时间：2017-08-12 15:02:36,内容:会员244,赠送2017-08-12的积分，消费积分数量0消费分红积分数量0.01

当前时间：2017-08-12 15:02:36,内容:会员245,赠送2017-08-12的积分，消费积分数量1.62消费分红积分数量0.815

当前时间：2017-08-12 15:02:36,内容:会员246,赠送2017-08-12的积分，消费积分数量89.46消费分红积分数量44.955

当前时间：2017-08-12 15:02:36,内容:会员247,赠送2017-08-12的积分，消费积分数量1.62消费分红积分数量0.815

当前时间：2017-08-12 15:02:36,内容:会员248,赠送2017-08-12的积分，消费积分数量0消费分红积分数量0.01

当前时间：2017-08-12 15:02:36,内容:会员249,赠送2017-08-12的积分，消费积分数量0消费分红积分数量0.005

当前时间：2017-08-12 15:02:36,内容:会员250,赠送2017-08-12的积分，消费积分数量1.62消费分红积分数量0.815

当前时间：2017-08-12 15:02:36,内容:会员251,赠送2017-08-12的积分，消费积分数量1.62消费分红积分数量0.815

当前时间：2017-08-12 15:02:36,内容:会员252,赠送2017-08-12的积分，消费积分数量0消费分红积分数量0.01

当前时间：2017-08-12 15:02:36,内容:会员253,赠送2017-08-12的积分，消费积分数量1.62消费分红积分数量0.815

当前时间：2017-08-12 15:02:36,内容:会员254,赠送2017-08-12的积分，消费积分数量1.62消费分红积分数量0.815

当前时间：2017-08-12 15:02:36,内容:会员255,赠送2017-08-12的积分，消费积分数量1.62消费分红积分数量0.815

当前时间：2017-08-12 15:02:36,内容:会员256,赠送2017-08-12的积分，消费积分数量0消费分红积分数量0.01

当前时间：2017-08-12 15:02:36,内容:会员257,赠送2017-08-12的积分，消费积分数量1.62消费分红积分数量0.815

当前时间：2017-08-12 15:02:36,内容:会员258,赠送2017-08-12的积分，消费积分数量0消费分红积分数量0.01

当前时间：2017-08-12 15:02:36,内容:会员259,赠送2017-08-12的积分，消费积分数量1.62消费分红积分数量0.814

当前时间：2017-08-12 15:02:36,内容:会员260,赠送2017-08-12的积分，消费积分数量0消费分红积分数量0.01

当前时间：2017-08-12 15:02:36,内容:会员261,赠送2017-08-12的积分，消费积分数量0消费分红积分数量0.01

当前时间：2017-08-12 15:02:36,内容:会员262,赠送2017-08-12的积分，消费积分数量1.62消费分红积分数量0.815

当前时间：2017-08-12 15:02:36,内容:会员263,赠送2017-08-12的积分，消费积分数量0消费分红积分数量0.01

当前时间：2017-08-12 15:02:36,内容:会员264,赠送2017-08-12的积分，消费积分数量1.62消费分红积分数量0.815

当前时间：2017-08-12 15:02:36,内容:会员265,赠送2017-08-12的积分，消费积分数量0消费分红积分数量0.01

当前时间：2017-08-12 15:02:36,内容:会员266,赠送2017-08-12的积分，消费积分数量0消费分红积分数量0.01

当前时间：2017-08-12 15:02:36,内容:会员267,赠送2017-08-12的积分，消费积分数量1.62消费分红积分数量0.815

当前时间：2017-08-12 15:02:36,内容:会员268,赠送2017-08-12的积分，消费积分数量0消费分红积分数量0.005

当前时间：2017-08-12 15:02:36,内容:会员269,赠送2017-08-12的积分，消费积分数量1.62消费分红积分数量0.815

当前时间：2017-08-12 15:02:36,内容:会员270,赠送2017-08-12的积分，消费积分数量0消费分红积分数量0.01

当前时间：2017-08-12 15:02:36,内容:会员271,赠送2017-08-12的积分，消费积分数量0消费分红积分数量0.01

当前时间：2017-08-12 15:02:36,内容:会员272,赠送2017-08-12的积分，消费积分数量1.62消费分红积分数量0.815

当前时间：2017-08-12 15:02:36,内容:会员273,赠送2017-08-12的积分，消费积分数量0消费分红积分数量0.01

当前时间：2017-08-12 15:02:36,内容:会员274,赠送2017-08-12的积分，消费积分数量0消费分红积分数量0.445

当前时间：2017-08-12 15:02:36,内容:会员275,赠送2017-08-12的积分，消费积分数量0消费分红积分数量0.015

当前时间：2017-08-12 15:02:36,内容:会员276,赠送2017-08-12的积分，消费积分数量1.62消费分红积分数量0.815

当前时间：2017-08-12 15:02:36,内容:会员278,赠送2017-08-12的积分，消费积分数量0消费分红积分数量0.005

当前时间：2017-08-12 15:02:36,内容:会员279,赠送2017-08-12的积分，消费积分数量13.5消费分红积分数量7.153

当前时间：2017-08-12 15:02:36,内容:会员280,赠送2017-08-12的积分，消费积分数量0消费分红积分数量0.09

当前时间：2017-08-12 15:02:36,内容:会员281,赠送2017-08-12的积分，消费积分数量0消费分红积分数量0.02

当前时间：2017-08-12 15:02:36,内容:会员282,赠送2017-08-12的积分，消费积分数量0消费分红积分数量0.02

当前时间：2017-08-12 15:02:36,内容:会员283,赠送2017-08-12的积分，消费积分数量5.04消费分红积分数量2.9325

当前时间：2017-08-12 15:02:36,内容:会员284,赠送2017-08-12的积分，消费积分数量6.84消费分红积分数量3.8315

当前时间：2017-08-12 15:02:36,内容:会员285,赠送2017-08-12的积分，消费积分数量477.18消费分红积分数量238.5895

当前时间：2017-08-12 15:02:36,内容:会员286,赠送2017-08-12的积分，消费积分数量0消费分红积分数量0.015

当前时间：2017-08-12 15:02:36,内容:会员287,赠送2017-08-12的积分，消费积分数量0消费分红积分数量0.01

当前时间：2017-08-12 15:02:36,内容:会员289,赠送2017-08-12的积分，消费积分数量0消费分红积分数量0.01

当前时间：2017-08-12 15:02:36,内容:会员292,赠送2017-08-12的积分，消费积分数量5.22消费分红积分数量2.61

当前时间：2017-08-12 15:02:36,内容:会员296,赠送2017-08-12的积分，消费积分数量99.54消费分红积分数量50.49

当前时间：2017-08-12 15:02:36,内容:会员297,赠送2017-08-12的积分，消费积分数量0消费分红积分数量0.01

当前时间：2017-08-12 15:02:37,内容:会员298,赠送2017-08-12的积分，消费积分数量0消费分红积分数量0.39

当前时间：2017-08-12 15:02:37,内容:会员300,赠送2017-08-12的积分，消费积分数量0消费分红积分数量0.29

当前时间：2017-08-12 15:02:37,内容:会员301,赠送2017-08-12的积分，消费积分数量0消费分红积分数量0.01

当前时间：2017-08-12 15:02:37,内容:会员302,赠送2017-08-12的积分，消费积分数量0消费分红积分数量0.005

当前时间：2017-08-12 15:02:37,内容:会员303,赠送2017-08-12的积分，消费积分数量0消费分红积分数量0.005

当前时间：2017-08-12 15:02:37,内容:会员304,赠送2017-08-12的积分，消费积分数量1.62消费分红积分数量0.8145

当前时间：2017-08-12 15:02:37,内容:会员305,赠送2017-08-12的积分，消费积分数量0消费分红积分数量0.01

当前时间：2017-08-12 15:02:37,内容:会员306,赠送2017-08-12的积分，消费积分数量0消费分红积分数量0.03

当前时间：2017-08-12 15:02:37,内容:会员307,赠送2017-08-12的积分，消费积分数量0消费分红积分数量0.375

当前时间：2017-08-12 15:02:37,内容:会员308,赠送2017-08-12的积分，消费积分数量520.56消费分红积分数量264.904

当前时间：2017-08-12 15:02:37,内容:会员311,赠送2017-08-12的积分，消费积分数量0消费分红积分数量0.005

当前时间：2017-08-12 15:02:37,内容:会员312,赠送2017-08-12的积分，消费积分数量0消费分红积分数量0.08

当前时间：2017-08-12 15:02:37,内容:会员313,赠送2017-08-12的积分，消费积分数量0消费分红积分数量0.025

当前时间：2017-08-12 15:02:37,内容:会员314,赠送2017-08-12的积分，消费积分数量0消费分红积分数量0.05

当前时间：2017-08-12 15:02:37,内容:会员317,赠送2017-08-12的积分，消费积分数量0消费分红积分数量0.01

当前时间：2017-08-12 15:02:37,内容:会员319,赠送2017-08-12的积分，消费积分数量0消费分红积分数量0.025

当前时间：2017-08-12 15:02:37,内容:会员320,赠送2017-08-12的积分，消费积分数量0消费分红积分数量0.03

当前时间：2017-08-12 15:02:37,内容:会员321,赠送2017-08-12的积分，消费积分数量0消费分红积分数量0.395

当前时间：2017-08-12 15:02:37,内容:会员322,赠送2017-08-12的积分，消费积分数量67.86消费分红积分数量33.93

当前时间：2017-08-12 15:02:37,内容:会员326,赠送2017-08-12的积分，消费积分数量0消费分红积分数量0.01

当前时间：2017-08-12 15:02:37,内容:会员327,赠送2017-08-12的积分，消费积分数量1.62消费分红积分数量0.81

当前时间：2017-08-12 15:02:37,内容:会员331,赠送2017-08-12的积分，消费积分数量0消费分红积分数量0.255

当前时间：2017-08-12 15:02:37,内容:会员332,赠送2017-08-12的积分，消费积分数量292.14消费分红积分数量147.164

当前时间：2017-08-12 15:02:37,内容:会员333,赠送2017-08-12的积分，消费积分数量0消费分红积分数量0.005

当前时间：2017-08-12 15:02:37,内容:会员334,赠送2017-08-12的积分，消费积分数量0消费分红积分数量0.015

当前时间：2017-08-12 15:02:37,内容:会员340,赠送2017-08-12的积分，消费积分数量34.02消费分红积分数量19.3985

当前时间：2017-08-12 15:02:37,内容:会员341,赠送2017-08-12的积分，消费积分数量5.22消费分红积分数量2.61

当前时间：2017-08-12 15:02:37,内容:会员343,赠送2017-08-12的积分，消费积分数量1.62消费分红积分数量0.9225

当前时间：2017-08-12 15:02:37,内容:会员346,赠送2017-08-12的积分，消费积分数量54.18消费分红积分数量27.09

当前时间：2017-08-12 15:02:37,内容:会员347,赠送2017-08-12的积分，消费积分数量3.42消费分红积分数量1.71

当前时间：2017-08-12 15:02:37,内容:会员349,赠送2017-08-12的积分，消费积分数量1.62消费分红积分数量0.868

当前时间：2017-08-12 15:02:37,内容:会员350,赠送2017-08-12的积分，消费积分数量296.64消费分红积分数量149.7345

当前时间：2017-08-12 15:02:37,内容:会员352,赠送2017-08-12的积分，消费积分数量0消费分红积分数量0.01

当前时间：2017-08-12 15:02:37,内容:会员354,赠送2017-08-12的积分，消费积分数量0消费分红积分数量0.015

当前时间：2017-08-12 15:02:37,内容:会员355,赠送2017-08-12的积分，消费积分数量0消费分红积分数量0.005

当前时间：2017-08-12 15:02:37,内容:会员356,赠送2017-08-12的积分，消费积分数量12.42消费分红积分数量6.717

当前时间：2017-08-12 15:02:37,内容:会员358,赠送2017-08-12的积分，消费积分数量0消费分红积分数量0.06

当前时间：2017-08-12 15:02:37,内容:会员359,赠送2017-08-12的积分，消费积分数量0消费分红积分数量0.005

当前时间：2017-08-12 15:02:37,内容:会员360,赠送2017-08-12的积分，消费积分数量0消费分红积分数量0.005

当前时间：2017-08-12 15:02:37,内容:会员362,赠送2017-08-12的积分，消费积分数量0消费分红积分数量0.415

当前时间：2017-08-12 15:02:37,内容:会员363,赠送2017-08-12的积分，消费积分数量0消费分红积分数量0.005

当前时间：2017-08-12 15:02:37,内容:会员364,赠送2017-08-12的积分，消费积分数量0消费分红积分数量0.005

当前时间：2017-08-12 15:02:37,内容:会员365,赠送2017-08-12的积分，消费积分数量0消费分红积分数量0.01

当前时间：2017-08-12 15:02:37,内容:会员367,赠送2017-08-12的积分，消费积分数量0消费分红积分数量0.005

当前时间：2017-08-12 15:02:37,内容:会员369,赠送2017-08-12的积分，消费积分数量0消费分红积分数量0.37

当前时间：2017-08-12 15:02:37,内容:会员370,赠送2017-08-12的积分，消费积分数量0消费分红积分数量0.01

当前时间：2017-08-12 15:02:37,内容:会员372,赠送2017-08-12的积分，消费积分数量3.42消费分红积分数量2.153

当前时间：2017-08-12 15:02:37,内容:会员373,赠送2017-08-12的积分，消费积分数量0消费分红积分数量0.005

当前时间：2017-08-12 15:02:37,内容:会员375,赠送2017-08-12的积分，消费积分数量0消费分红积分数量0.39

当前时间：2017-08-12 15:02:37,内容:会员376,赠送2017-08-12的积分，消费积分数量1.62消费分红积分数量1.2375

当前时间：2017-08-12 15:02:37,内容:会员377,赠送2017-08-12的积分，消费积分数量0消费分红积分数量0.02

当前时间：2017-08-12 15:02:37,内容:会员378,赠送2017-08-12的积分，消费积分数量0消费分红积分数量0.055

当前时间：2017-08-12 15:02:37,内容:会员379,赠送2017-08-12的积分，消费积分数量0消费分红积分数量0.005

当前时间：2017-08-12 15:02:37,内容:会员381,赠送2017-08-12的积分，消费积分数量0消费分红积分数量0.01

当前时间：2017-08-12 15:02:37,内容:会员382,赠送2017-08-12的积分，消费积分数量0消费分红积分数量0.43

当前时间：2017-08-12 15:02:37,内容:会员384,赠送2017-08-12的积分，消费积分数量0消费分红积分数量0.005

当前时间：2017-08-12 15:02:37,内容:会员385,赠送2017-08-12的积分，消费积分数量0消费分红积分数量0.005

当前时间：2017-08-12 15:02:37,内容:会员386,赠送2017-08-12的积分，消费积分数量0消费分红积分数量0.435

当前时间：2017-08-12 15:02:37,内容:会员387,赠送2017-08-12的积分，消费积分数量0消费分红积分数量0.025

当前时间：2017-08-12 15:02:37,内容:会员388,赠送2017-08-12的积分，消费积分数量0消费分红积分数量0.14

当前时间：2017-08-12 15:02:37,内容:会员389,赠送2017-08-12的积分，消费积分数量0消费分红积分数量0.085

当前时间：2017-08-12 15:02:37,内容:会员390,赠送2017-08-12的积分，消费积分数量1.62消费分红积分数量1.0755

当前时间：2017-08-12 15:02:37,内容:会员392,赠送2017-08-12的积分，消费积分数量0消费分红积分数量0.005

当前时间：2017-08-12 15:02:37,内容:会员393,赠送2017-08-12的积分，消费积分数量1.62消费分红积分数量0.8145

当前时间：2017-08-12 15:02:37,内容:会员394,赠送2017-08-12的积分，消费积分数量0消费分红积分数量0.005

当前时间：2017-08-12 15:02:37,内容:会员396,赠送2017-08-12的积分，消费积分数量0消费分红积分数量0.04

当前时间：2017-08-12 15:02:37,内容:会员397,赠送2017-08-12的积分，消费积分数量0消费分红积分数量0.035

当前时间：2017-08-12 15:02:37,内容:会员398,赠送2017-08-12的积分，消费积分数量354.24消费分红积分数量177.1165

当前时间：2017-08-12 15:02:37,内容:会员399,赠送2017-08-12的积分，消费积分数量5.58消费分红积分数量2.79

当前时间：2017-08-12 15:02:37,内容:会员401,赠送2017-08-12的积分，消费积分数量0消费分红积分数量0.435

当前时间：2017-08-12 15:02:37,内容:会员402,赠送2017-08-12的积分，消费积分数量0消费分红积分数量0.13

当前时间：2017-08-12 15:02:37,内容:会员403,赠送2017-08-12的积分，消费积分数量8.82消费分红积分数量4.53

当前时间：2017-08-12 15:02:37,内容:会员404,赠送2017-08-12的积分，消费积分数量0消费分红积分数量0.175

当前时间：2017-08-12 15:02:37,内容:会员406,赠送2017-08-12的积分，消费积分数量0消费分红积分数量0.005

当前时间：2017-08-12 15:02:38,内容:会员407,赠送2017-08-12的积分，消费积分数量0消费分红积分数量0.005

当前时间：2017-08-12 15:02:38,内容:会员410,赠送2017-08-12的积分，消费积分数量0消费分红积分数量0.005

当前时间：2017-08-12 15:02:38,内容:会员412,赠送2017-08-12的积分，消费积分数量0消费分红积分数量0.005

当前时间：2017-08-12 15:02:38,内容:会员413,赠送2017-08-12的积分，消费积分数量0消费分红积分数量0.005

当前时间：2017-08-12 15:02:38,内容:会员414,赠送2017-08-12的积分，消费积分数量0消费分红积分数量0.005

当前时间：2017-08-12 15:02:38,内容:会员415,赠送2017-08-12的积分，消费积分数量0消费分红积分数量0.005

当前时间：2017-08-12 15:02:38,内容:会员416,赠送2017-08-12的积分，消费积分数量0消费分红积分数量0.005

当前时间：2017-08-12 15:02:38,内容:会员417,赠送2017-08-12的积分，消费积分数量0消费分红积分数量0.005

当前时间：2017-08-12 15:02:38,内容:会员418,赠送2017-08-12的积分，消费积分数量0消费分红积分数量0.005

当前时间：2017-08-12 15:02:38,内容:会员419,赠送2017-08-12的积分，消费积分数量0消费分红积分数量0.005

当前时间：2017-08-12 15:02:38,内容:会员420,赠送2017-08-12的积分，消费积分数量1.62消费分红积分数量0.8145

当前时间：2017-08-12 15:02:38,内容:会员421,赠送2017-08-12的积分，消费积分数量0消费分红积分数量0.005

当前时间：2017-08-12 15:02:38,内容:会员423,赠送2017-08-12的积分，消费积分数量0消费分红积分数量0.005

当前时间：2017-08-12 15:02:38,内容:会员424,赠送2017-08-12的积分，消费积分数量5.22消费分红积分数量2.61

当前时间：2017-08-12 15:02:38,内容:会员425,赠送2017-08-12的积分，消费积分数量0消费分红积分数量0.005

当前时间：2017-08-12 15:02:38,内容:会员426,赠送2017-08-12的积分，消费积分数量0消费分红积分数量0.005

当前时间：2017-08-12 15:02:38,内容:会员427,赠送2017-08-12的积分，消费积分数量1.8消费分红积分数量0.9

当前时间：2017-08-12 15:02:38,内容:会员428,赠送2017-08-12的积分，消费积分数量0消费分红积分数量0.005

当前时间：2017-08-12 15:02:38,内容:会员429,赠送2017-08-12的积分，消费积分数量0消费分红积分数量0.005

当前时间：2017-08-12 15:02:38,内容:会员430,赠送2017-08-12的积分，消费积分数量147.6消费分红积分数量75.6795

当前时间：2017-08-12 15:02:38,内容:会员431,赠送2017-08-12的积分，消费积分数量0消费分红积分数量0.005

当前时间：2017-08-12 15:02:38,内容:会员432,赠送2017-08-12的积分，消费积分数量0消费分红积分数量0.005

当前时间：2017-08-12 15:02:38,内容:会员433,赠送2017-08-12的积分，消费积分数量0消费分红积分数量0.005

当前时间：2017-08-12 15:02:38,内容:会员436,赠送2017-08-12的积分，消费积分数量6.84消费分红积分数量3.42

当前时间：2017-08-12 15:02:38,内容:会员437,赠送2017-08-12的积分，消费积分数量161.28消费分红积分数量81.107

当前时间：2017-08-12 15:02:38,内容:会员439,赠送2017-08-12的积分，消费积分数量3.42消费分红积分数量1.73

当前时间：2017-08-12 15:02:38,内容:会员445,赠送2017-08-12的积分，消费积分数量1.62消费分红积分数量0.81

当前时间：2017-08-12 15:02:38,内容:会员446,赠送2017-08-12的积分，消费积分数量0消费分红积分数量0.005

当前时间：2017-08-12 15:02:38,内容:会员448,赠送2017-08-12的积分，消费积分数量0消费分红积分数量0.005

当前时间：2017-08-12 15:02:38,内容:会员449,赠送2017-08-12的积分，消费积分数量0消费分红积分数量0.035

当前时间：2017-08-12 15:02:38,内容:会员451,赠送2017-08-12的积分，消费积分数量0消费分红积分数量0.005

当前时间：2017-08-12 15:02:38,内容:会员452,赠送2017-08-12的积分，消费积分数量1.62消费分红积分数量0.8195

当前时间：2017-08-12 15:02:38,内容:会员453,赠送2017-08-12的积分，消费积分数量0消费分红积分数量0.005

当前时间：2017-08-12 15:02:38,内容:会员454,赠送2017-08-12的积分，消费积分数量1.62消费分红积分数量0.857

当前时间：2017-08-12 15:02:38,内容:会员455,赠送2017-08-12的积分，消费积分数量0消费分红积分数量0.005

当前时间：2017-08-12 15:02:38,内容:会员458,赠送2017-08-12的积分，消费积分数量18.72消费分红积分数量9.8005

当前时间：2017-08-12 15:02:38,内容:会员459,赠送2017-08-12的积分，消费积分数量190.26消费分红积分数量95.13

当前时间：2017-08-12 15:02:38,内容:会员461,赠送2017-08-12的积分，消费积分数量0消费分红积分数量0.36

当前时间：2017-08-12 15:02:38,内容:会员462,赠送2017-08-12的积分，消费积分数量1.62消费分红积分数量0.81

当前时间：2017-08-12 15:02:38,内容:会员463,赠送2017-08-12的积分，消费积分数量0消费分红积分数量0.32

当前时间：2017-08-12 15:02:38,内容:会员465,赠送2017-08-12的积分，消费积分数量0消费分红积分数量0.005

当前时间：2017-08-12 15:02:38,内容:会员466,赠送2017-08-12的积分，消费积分数量0消费分红积分数量0.005

当前时间：2017-08-12 15:02:38,内容:会员467,赠送2017-08-12的积分，消费积分数量8.64消费分红积分数量4.32

当前时间：2017-08-12 15:02:38,内容:会员468,赠送2017-08-12的积分，消费积分数量0消费分红积分数量0.16

当前时间：2017-08-12 15:02:38,内容:会员469,赠送2017-08-12的积分，消费积分数量5.22消费分红积分数量2.61

当前时间：2017-08-12 15:02:38,内容:会员470,赠送2017-08-12的积分，消费积分数量2.34消费分红积分数量1.216

当前时间：2017-08-12 15:02:38,内容:会员472,赠送2017-08-12的积分，消费积分数量9.72消费分红积分数量4.8915

当前时间：2017-08-12 15:02:38,内容:会员473,赠送2017-08-12的积分，消费积分数量5.94消费分红积分数量2.97

当前时间：2017-08-12 15:02:38,内容:会员476,赠送2017-08-12的积分，消费积分数量1.62消费分红积分数量0.8145

当前时间：2017-08-12 15:02:38,内容:会员479,赠送2017-08-12的积分，消费积分数量0消费分红积分数量0.005

当前时间：2017-08-12 15:02:38,内容:会员480,赠送2017-08-12的积分，消费积分数量0消费分红积分数量0.025

当前时间：2017-08-12 15:02:38,内容:会员481,赠送2017-08-12的积分，消费积分数量0消费分红积分数量0.005

当前时间：2017-08-12 15:02:38,内容:会员482,赠送2017-08-12的积分，消费积分数量1.62消费分红积分数量0.848

当前时间：2017-08-12 15:02:38,内容:会员484,赠送2017-08-12的积分，消费积分数量0消费分红积分数量0.015

当前时间：2017-08-12 15:02:38,内容:会员485,赠送2017-08-12的积分，消费积分数量0消费分红积分数量0.005

当前时间：2017-08-12 15:02:38,内容:会员487,赠送2017-08-12的积分，消费积分数量1.62消费分红积分数量0.8145

当前时间：2017-08-12 15:02:38,内容:会员491,赠送2017-08-12的积分，消费积分数量5.22消费分红积分数量2.61

当前时间：2017-08-12 15:02:38,内容:会员493,赠送2017-08-12的积分，消费积分数量0消费分红积分数量0.005

当前时间：2017-08-12 15:02:38,内容:会员495,赠送2017-08-12的积分，消费积分数量5.22消费分红积分数量2.61

当前时间：2017-08-12 15:02:38,内容:会员497,赠送2017-08-12的积分，消费积分数量0消费分红积分数量0.215

当前时间：2017-08-12 15:02:38,内容:会员503,赠送2017-08-12的积分，消费积分数量0消费分红积分数量0.02

当前时间：2017-08-12 15:02:38,内容:会员504,赠送2017-08-12的积分，消费积分数量0消费分红积分数量0.23

当前时间：2017-08-12 15:02:38,内容:会员505,赠送2017-08-12的积分，消费积分数量0消费分红积分数量0.005

当前时间：2017-08-12 15:02:38,内容:会员506,赠送2017-08-12的积分，消费积分数量1.62消费分红积分数量0.81

当前时间：2017-08-12 15:02:38,内容:会员508,赠送2017-08-12的积分，消费积分数量1.62消费分红积分数量0.8145

当前时间：2017-08-12 15:02:38,内容:会员512,赠送2017-08-12的积分，消费积分数量0消费分红积分数量0.055

当前时间：2017-08-12 15:02:38,内容:会员513,赠送2017-08-12的积分，消费积分数量232.02消费分红积分数量116.015

当前时间：2017-08-12 15:02:38,内容:会员514,赠送2017-08-12的积分，消费积分数量0消费分红积分数量0.02

当前时间：2017-08-12 15:02:39,内容:会员515,赠送2017-08-12的积分，消费积分数量0消费分红积分数量0.005

当前时间：2017-08-12 15:02:39,内容:会员517,赠送2017-08-12的积分，消费积分数量1.62消费分红积分数量0.9

当前时间：2017-08-12 15:02:39,内容:会员521,赠送2017-08-12的积分，消费积分数量0消费分红积分数量0.19

当前时间：2017-08-12 15:02:39,内容:会员523,赠送2017-08-12的积分，消费积分数量0消费分红积分数量0.005

当前时间：2017-08-12 15:02:39,内容:会员525,赠送2017-08-12的积分，消费积分数量0消费分红积分数量0.005

当前时间：2017-08-12 15:02:39,内容:会员527,赠送2017-08-12的积分，消费积分数量0消费分红积分数量0.005

当前时间：2017-08-12 15:02:39,内容:会员529,赠送2017-08-12的积分，消费积分数量0消费分红积分数量0.005

当前时间：2017-08-12 15:02:39,内容:会员531,赠送2017-08-12的积分，消费积分数量0消费分红积分数量0.01

当前时间：2017-08-12 15:02:39,内容:会员534,赠送2017-08-12的积分，消费积分数量2.88消费分红积分数量1.4635

当前时间：2017-08-12 15:02:39,内容:会员536,赠送2017-08-12的积分，消费积分数量13.5消费分红积分数量7.23

当前时间：2017-08-12 15:02:39,内容:会员537,赠送2017-08-12的积分，消费积分数量0消费分红积分数量0.02

当前时间：2017-08-12 15:02:39,内容:会员538,赠送2017-08-12的积分，消费积分数量0消费分红积分数量0.005

当前时间：2017-08-12 15:02:39,内容:会员539,赠送2017-08-12的积分，消费积分数量292.68消费分红积分数量146.673

当前时间：2017-08-12 15:02:39,内容:会员540,赠送2017-08-12的积分，消费积分数量0消费分红积分数量0.05

当前时间：2017-08-12 15:02:39,内容:会员541,赠送2017-08-12的积分，消费积分数量1.62消费分红积分数量1.28

当前时间：2017-08-12 15:02:39,内容:会员546,赠送2017-08-12的积分，消费积分数量1.62消费分红积分数量0.81

当前时间：2017-08-12 15:02:39,内容:会员547,赠送2017-08-12的积分，消费积分数量1.62消费分红积分数量0.81

当前时间：2017-08-12 15:02:39,内容:会员548,赠送2017-08-12的积分，消费积分数量2.88消费分红积分数量1.44

当前时间：2017-08-12 15:02:39,内容:会员549,赠送2017-08-12的积分，消费积分数量1.62消费分红积分数量0.815

当前时间：2017-08-12 15:02:39,内容:会员550,赠送2017-08-12的积分，消费积分数量1.8消费分红积分数量0.9095

当前时间：2017-08-12 15:02:39,内容:会员551,赠送2017-08-12的积分，消费积分数量1.62消费分红积分数量0.81

当前时间：2017-08-12 15:02:39,内容:会员553,赠送2017-08-12的积分，消费积分数量1.62消费分红积分数量0.8385

当前时间：2017-08-12 15:02:39,内容:会员554,赠送2017-08-12的积分，消费积分数量1.62消费分红积分数量0.81

当前时间：2017-08-12 15:02:39,内容:会员555,赠送2017-08-12的积分，消费积分数量0消费分红积分数量0.445

当前时间：2017-08-12 15:02:39,内容:会员558,赠送2017-08-12的积分，消费积分数量10.08消费分红积分数量6.022

当前时间：2017-08-12 15:02:39,内容:会员559,赠送2017-08-12的积分，消费积分数量1.8消费分红积分数量0.9425

当前时间：2017-08-12 15:02:39,内容:会员562,赠送2017-08-12的积分，消费积分数量1.62消费分红积分数量0.81

当前时间：2017-08-12 15:02:39,内容:会员568,赠送2017-08-12的积分，消费积分数量1.62消费分红积分数量0.81

当前时间：2017-08-12 15:02:39,内容:会员571,赠送2017-08-12的积分，消费积分数量23.76消费分红积分数量11.88

当前时间：2017-08-12 15:02:39,内容:会员573,赠送2017-08-12的积分，消费积分数量0消费分红积分数量0.005

当前时间：2017-08-12 15:02:39,内容:会员574,赠送2017-08-12的积分，消费积分数量0消费分红积分数量0.13

当前时间：2017-08-12 15:02:39,内容:会员575,赠送2017-08-12的积分，消费积分数量1.8消费分红积分数量0.9045

当前时间：2017-08-12 15:02:39,内容:会员576,赠送2017-08-12的积分，消费积分数量3.42消费分红积分数量1.71

当前时间：2017-08-12 15:02:39,内容:会员577,赠送2017-08-12的积分，消费积分数量1.62消费分红积分数量0.81

当前时间：2017-08-12 15:02:39,内容:会员578,赠送2017-08-12的积分，消费积分数量3.42消费分红积分数量1.71

当前时间：2017-08-12 15:02:39,内容:会员579,赠送2017-08-12的积分，消费积分数量3.42消费分红积分数量1.71

当前时间：2017-08-12 15:02:39,内容:会员580,赠送2017-08-12的积分，消费积分数量1.62消费分红积分数量0.81

当前时间：2017-08-12 15:02:39,内容:会员583,赠送2017-08-12的积分，消费积分数量1.62消费分红积分数量0.81

当前时间：2017-08-12 15:02:39,内容:会员584,赠送2017-08-12的积分，消费积分数量1.62消费分红积分数量0.81

当前时间：2017-08-12 15:02:39,内容:会员587,赠送2017-08-12的积分，消费积分数量1.62消费分红积分数量0.81

当前时间：2017-08-12 15:02:39,内容:会员588,赠送2017-08-12的积分，消费积分数量1.8消费分红积分数量0.9

当前时间：2017-08-12 15:02:39,内容:会员589,赠送2017-08-12的积分，消费积分数量1.8消费分红积分数量0.9

当前时间：2017-08-12 15:02:39,内容:会员590,赠送2017-08-12的积分，消费积分数量1.62消费分红积分数量0.81

当前时间：2017-08-12 15:02:39,内容:会员591,赠送2017-08-12的积分，消费积分数量1.62消费分红积分数量0.81

当前时间：2017-08-12 15:02:39,内容:会员592,赠送2017-08-12的积分，消费积分数量1.62消费分红积分数量0.81

当前时间：2017-08-12 15:02:39,内容:会员600,赠送2017-08-12的积分，消费积分数量1.62消费分红积分数量0.81

当前时间：2017-08-12 15:02:39,内容:会员602,赠送2017-08-12的积分，消费积分数量1.62消费分红积分数量0.81

当前时间：2017-08-12 15:02:39,内容:会员605,赠送2017-08-12的积分，消费积分数量1.62消费分红积分数量0.81

当前时间：2017-08-12 15:02:39,内容:会员608,赠送2017-08-12的积分，消费积分数量1.62消费分红积分数量0.81

当前时间：2017-08-12 15:02:39,内容:会员613,赠送2017-08-12的积分，消费积分数量1.62消费分红积分数量0.81

当前时间：2017-08-12 15:02:39,内容:会员659,赠送2017-08-12的积分，消费积分数量5.22消费分红积分数量2.61

当前时间：2017-08-12 15:02:39,内容:会员685,赠送2017-08-12的积分，消费积分数量5.22消费分红积分数量2.61

当前时间：2017-08-12 15:02:39,内容:会员688,赠送2017-08-12的积分，消费积分数量5.22消费分红积分数量2.61

当前时间：2017-08-12 15:02:39,内容:会员689,赠送2017-08-12的积分，消费积分数量5.22消费分红积分数量2.61

当前时间：2017-08-12 15:02:39,内容:会员691,赠送2017-08-12的积分，消费积分数量5.22消费分红积分数量2.61

当前时间：2017-08-12 15:02:39,内容:会员717,赠送2017-08-12的积分，消费积分数量11.88消费分红积分数量5.94

当前时间：2017-08-12 15:02:39,内容:会员720,赠送2017-08-12的积分，消费积分数量1.62消费分红积分数量0.81

当前时间：2017-08-12 15:02:39,内容:会员721,赠送2017-08-12的积分，消费积分数量1.62消费分红积分数量0.81

当前时间：2017-08-12 15:02:39,内容:会员723,赠送2017-08-12的积分，消费积分数量1.62消费分红积分数量0.81

当前时间：2017-08-12 15:02:39,内容:会员726,赠送2017-08-12的积分，消费积分数量1.62消费分红积分数量0.81

当前时间：2017-08-12 15:02:39,内容:会员727,赠送2017-08-12的积分，消费积分数量1.62消费分红积分数量0.81

当前时间：2017-08-12 15:02:39,内容:会员728,赠送2017-08-12的积分，消费积分数量1.62消费分红积分数量0.81

当前时间：2017-08-12 15:02:39,内容:会员729,赠送2017-08-12的积分，消费积分数量5.22消费分红积分数量2.61

当前时间：2017-08-12 15:02:39,内容:会员731,赠送2017-08-12的积分，消费积分数量1.8消费分红积分数量0.9

当前时间：2017-08-12 15:02:39,内容:会员733,赠送2017-08-12的积分，消费积分数量1.62消费分红积分数量0.81

当前时间：2017-08-12 15:02:39,内容:会员734,赠送2017-08-12的积分，消费积分数量1.62消费分红积分数量0.81

当前时间：2017-08-12 15:02:39,内容:会员736,赠送2017-08-12的积分，消费积分数量1.8消费分红积分数量0.9

当前时间：2017-08-12 15:02:39,内容:会员739,赠送2017-08-12的积分，消费积分数量6.84消费分红积分数量3.42

当前时间：2017-08-12 15:02:39,内容:会员740,赠送2017-08-12的积分，消费积分数量1.62消费分红积分数量0.81

当前时间：2017-08-12 15:02:39,内容:会员742,赠送2017-08-12的积分，消费积分数量1.62消费分红积分数量0.81

当前时间：2017-08-12 15:02:39,内容:会员743,赠送2017-08-12的积分，消费积分数量3.42消费分红积分数量1.71

当前时间：2017-08-12 15:02:39,内容:会员753,赠送2017-08-12的积分，消费积分数量5.22消费分红积分数量2.61

当前时间：2017-08-12 15:02:39,内容:会员754,赠送2017-08-12的积分，消费积分数量5.22消费分红积分数量2.61

当前时间：2017-08-12 15:02:39,内容:会员755,赠送2017-08-12的积分，消费积分数量5.22消费分红积分数量2.61

当前时间：2017-08-12 15:02:39,内容:会员756,赠送2017-08-12的积分，消费积分数量5.22消费分红积分数量2.61

当前时间：2017-08-12 15:02:39,内容:会员771,赠送2017-08-12的积分，消费积分数量0.18消费分红积分数量0.09

当前时间：2017-08-12 15:02:39,内容:会员772,赠送2017-08-12的积分，消费积分数量0.18消费分红积分数量0.09

当前时间：2017-08-12 15:02:39,内容:会员773,赠送2017-08-12的积分，消费积分数量0.18消费分红积分数量0.09

当前时间：2017-08-12 15:02:39,内容:日期2017-08-12任务执行完毕

