当前时间：2017-06-27 11:01:41,内容:当前任务执行时间：2017-06-27 11:01:41,任务计划开始执行时间：2017-06-26 17:00:00
当前时间：2017-06-27 11:01:41,内容:执行这个,任务执行时间：2017-06-26 17:00:00
当前时间：2017-06-27 11:01:41,内容:任务开始执行
当前时间：2017-06-27 11:01:41,内容:当前赠送积分数值:0.5

当前时间：2017-06-27 11:01:57,内容:当前任务执行时间：2017-06-27 11:01:57,任务计划开始执行时间：2017-06-26 17:00:00
当前时间：2017-06-27 11:01:57,内容:执行这个,任务执行时间：2017-06-26 17:00:00
当前时间：2017-06-27 11:01:57,内容:任务开始执行
当前时间：2017-06-27 11:01:57,内容:当前赠送积分数值:0.5

当前时间：2017-06-27 11:02:06,内容:当前任务执行时间：2017-06-27 11:02:06,任务计划开始执行时间：2017-06-26 17:00:00
当前时间：2017-06-27 11:02:06,内容:执行这个,任务执行时间：2017-06-26 17:00:00
当前时间：2017-06-27 11:02:06,内容:任务开始执行
当前时间：2017-06-27 11:02:06,内容:当前赠送积分数值:0.5

当前时间：2017-06-27 11:02:13,内容:当前任务执行时间：2017-06-27 11:02:13,任务计划开始执行时间：2017-06-26 17:00:00
当前时间：2017-06-27 11:02:13,内容:执行这个,任务执行时间：2017-06-26 17:00:00
当前时间：2017-06-27 11:02:13,内容:任务开始执行
当前时间：2017-06-27 11:02:13,内容:当前赠送积分数值:0.5

当前时间：2017-06-27 11:02:20,内容:当前任务执行时间：2017-06-27 11:02:20,任务计划开始执行时间：2017-06-26 17:00:00
当前时间：2017-06-27 11:02:20,内容:执行这个,任务执行时间：2017-06-26 17:00:00
当前时间：2017-06-27 11:02:20,内容:任务开始执行
当前时间：2017-06-27 11:02:20,内容:当前赠送积分数值:0.5

当前时间：2017-06-27 11:02:29,内容:当前任务执行时间：2017-06-27 11:02:29,任务计划开始执行时间：2017-06-26 17:00:00
当前时间：2017-06-27 11:02:29,内容:执行这个,任务执行时间：2017-06-26 17:00:00
当前时间：2017-06-27 11:02:29,内容:任务开始执行
当前时间：2017-06-27 11:02:29,内容:当前赠送积分数值:0.5

当前时间：2017-06-27 11:03:15,内容:当前任务执行时间：2017-06-27 11:03:15,任务计划开始执行时间：2017-06-26 17:00:00
当前时间：2017-06-27 11:03:15,内容:执行这个,任务执行时间：2017-06-26 17:00:00
当前时间：2017-06-27 11:03:15,内容:任务开始执行
当前时间：2017-06-27 11:03:15,内容:当前赠送积分数值:0.5

当前时间：2017-06-27 11:03:15,内容:日期2017-06-27任务执行完毕

当前时间：2017-06-27 11:03:38,内容:当前任务执行时间：2017-06-27 11:03:38,任务计划开始执行时间：2017-06-27 17:00:00
当前时间：2017-06-27 11:03:38,内容:执行这个,任务执行时间：2017-06-27 17:00:00
当前时间：2017-06-27 11:03:38,内容:未到任务开始时间,任务执行时间：2017-06-27 17:00:00
